[0.580s] Invoking command in '/home/cczh/temp-code/ground_truth_sim/build/usv_fusion_new': PYTHONPATH=/home/cczh/temp-code/ground_truth_sim/build/usv_fusion_new/prefix_override:/usr/lib/python3/dist-packages/colcon_core/task/python/colcon_distutils_commands:/home/cczh/temp-code/ground_truth_sim/install/usv_fusion_new/lib/python3.10/site-packages:${PYTHONPATH} /usr/bin/python3 -W ignore:setup.py install is deprecated -W ignore:easy_install command is deprecated setup.py develop --uninstall --editable --build-directory /home/cczh/temp-code/ground_truth_sim/build/usv_fusion_new/build
[0.701s] running develop
[0.795s] Invoked command in '/home/cczh/temp-code/ground_truth_sim/build/usv_fusion_new' returned '0': PYTHONPATH=/home/cczh/temp-code/ground_truth_sim/build/usv_fusion_new/prefix_override:/usr/lib/python3/dist-packages/colcon_core/task/python/colcon_distutils_commands:/home/cczh/temp-code/ground_truth_sim/install/usv_fusion_new/lib/python3.10/site-packages:${PYTHONPATH} /usr/bin/python3 -W ignore:setup.py install is deprecated -W ignore:easy_install command is deprecated setup.py develop --uninstall --editable --build-directory /home/cczh/temp-code/ground_truth_sim/build/usv_fusion_new/build
[0.795s] Invoking command in '/home/cczh/temp-code/ground_truth_sim/src/usv_fusion_new': PYTHONPATH=/home/cczh/temp-code/ground_truth_sim/build/usv_fusion_new/prefix_override:/usr/lib/python3/dist-packages/colcon_core/task/python/colcon_distutils_commands:/home/cczh/temp-code/ground_truth_sim/install/usv_fusion_new/lib/python3.10/site-packages:${PYTHONPATH} /usr/bin/python3 -W ignore:setup.py install is deprecated -W ignore:easy_install command is deprecated setup.py egg_info --egg-base ../../build/usv_fusion_new build --build-base /home/cczh/temp-code/ground_truth_sim/build/usv_fusion_new/build install --record /home/cczh/temp-code/ground_truth_sim/build/usv_fusion_new/install.log --single-version-externally-managed install_data --force
[0.912s] running egg_info
[0.913s] writing manifest file '../../build/usv_fusion_new/usv_fusion_new.egg-info/SOURCES.txt'
[0.913s] running build
[0.913s] running build_py
[0.913s] creating /home/cczh/temp-code/ground_truth_sim/build/usv_fusion_new/build
[0.913s] creating /home/cczh/temp-code/ground_truth_sim/build/usv_fusion_new/build/lib
[0.913s] creating /home/cczh/temp-code/ground_truth_sim/build/usv_fusion_new/build/lib/usv_fusion_new
[0.913s] copying usv_fusion_new/local_fusion_node.py -> /home/cczh/temp-code/ground_truth_sim/build/usv_fusion_new/build/lib/usv_fusion_new
[0.913s] copying usv_fusion_new/tracker.py -> /home/cczh/temp-code/ground_truth_sim/build/usv_fusion_new/build/lib/usv_fusion_new
[0.913s] copying usv_fusion_new/global_fusion_node.py -> /home/cczh/temp-code/ground_truth_sim/build/usv_fusion_new/build/lib/usv_fusion_new
[0.913s] copying usv_fusion_new/global_tracker.py -> /home/cczh/temp-code/ground_truth_sim/build/usv_fusion_new/build/lib/usv_fusion_new
[0.913s] copying usv_fusion_new/__init__.py -> /home/cczh/temp-code/ground_truth_sim/build/usv_fusion_new/build/lib/usv_fusion_new
[0.914s] copying usv_fusion_new/global_viz_node.py -> /home/cczh/temp-code/ground_truth_sim/build/usv_fusion_new/build/lib/usv_fusion_new
[0.914s] running install
[0.915s] running install_lib
[0.915s] creating /home/cczh/temp-code/ground_truth_sim/install/usv_fusion_new/lib/python3.10/site-packages/usv_fusion_new
[0.915s] copying /home/cczh/temp-code/ground_truth_sim/build/usv_fusion_new/build/lib/usv_fusion_new/local_fusion_node.py -> /home/cczh/temp-code/ground_truth_sim/install/usv_fusion_new/lib/python3.10/site-packages/usv_fusion_new
[0.915s] copying /home/cczh/temp-code/ground_truth_sim/build/usv_fusion_new/build/lib/usv_fusion_new/tracker.py -> /home/cczh/temp-code/ground_truth_sim/install/usv_fusion_new/lib/python3.10/site-packages/usv_fusion_new
[0.915s] copying /home/cczh/temp-code/ground_truth_sim/build/usv_fusion_new/build/lib/usv_fusion_new/global_fusion_node.py -> /home/cczh/temp-code/ground_truth_sim/install/usv_fusion_new/lib/python3.10/site-packages/usv_fusion_new
[0.915s] copying /home/cczh/temp-code/ground_truth_sim/build/usv_fusion_new/build/lib/usv_fusion_new/global_tracker.py -> /home/cczh/temp-code/ground_truth_sim/install/usv_fusion_new/lib/python3.10/site-packages/usv_fusion_new
[0.915s] copying /home/cczh/temp-code/ground_truth_sim/build/usv_fusion_new/build/lib/usv_fusion_new/__init__.py -> /home/cczh/temp-code/ground_truth_sim/install/usv_fusion_new/lib/python3.10/site-packages/usv_fusion_new
[0.915s] copying /home/cczh/temp-code/ground_truth_sim/build/usv_fusion_new/build/lib/usv_fusion_new/global_viz_node.py -> /home/cczh/temp-code/ground_truth_sim/install/usv_fusion_new/lib/python3.10/site-packages/usv_fusion_new
[0.915s] byte-compiling /home/cczh/temp-code/ground_truth_sim/install/usv_fusion_new/lib/python3.10/site-packages/usv_fusion_new/local_fusion_node.py to local_fusion_node.cpython-310.pyc
[0.916s] byte-compiling /home/cczh/temp-code/ground_truth_sim/install/usv_fusion_new/lib/python3.10/site-packages/usv_fusion_new/tracker.py to tracker.cpython-310.pyc
[0.917s] byte-compiling /home/cczh/temp-code/ground_truth_sim/install/usv_fusion_new/lib/python3.10/site-packages/usv_fusion_new/global_fusion_node.py to global_fusion_node.cpython-310.pyc
[0.917s] byte-compiling /home/cczh/temp-code/ground_truth_sim/install/usv_fusion_new/lib/python3.10/site-packages/usv_fusion_new/global_tracker.py to global_tracker.cpython-310.pyc
[0.918s] byte-compiling /home/cczh/temp-code/ground_truth_sim/install/usv_fusion_new/lib/python3.10/site-packages/usv_fusion_new/__init__.py to __init__.cpython-310.pyc
[0.918s] byte-compiling /home/cczh/temp-code/ground_truth_sim/install/usv_fusion_new/lib/python3.10/site-packages/usv_fusion_new/global_viz_node.py to global_viz_node.cpython-310.pyc
[0.918s] running install_data
[0.918s] copying resource/usv_fusion_new -> /home/cczh/temp-code/ground_truth_sim/install/usv_fusion_new/share/ament_index/resource_index/packages
[0.918s] copying package.xml -> /home/cczh/temp-code/ground_truth_sim/install/usv_fusion_new/share/usv_fusion_new
[0.918s] copying launch/fusion_system.launch.py -> /home/cczh/temp-code/ground_truth_sim/install/usv_fusion_new/share/usv_fusion_new/launch
[0.918s] copying rviz/fusion_view.rviz -> /home/cczh/temp-code/ground_truth_sim/install/usv_fusion_new/share/usv_fusion_new/rviz
[0.918s] running install_egg_info
[0.919s] Copying ../../build/usv_fusion_new/usv_fusion_new.egg-info to /home/cczh/temp-code/ground_truth_sim/install/usv_fusion_new/lib/python3.10/site-packages/usv_fusion_new-0.0.0-py3.10.egg-info
[0.919s] running install_scripts
[0.929s] writing list of installed files to '/home/cczh/temp-code/ground_truth_sim/build/usv_fusion_new/install.log'
[0.942s] Invoked command in '/home/cczh/temp-code/ground_truth_sim/src/usv_fusion_new' returned '0': PYTHONPATH=/home/cczh/temp-code/ground_truth_sim/build/usv_fusion_new/prefix_override:/usr/lib/python3/dist-packages/colcon_core/task/python/colcon_distutils_commands:/home/cczh/temp-code/ground_truth_sim/install/usv_fusion_new/lib/python3.10/site-packages:${PYTHONPATH} /usr/bin/python3 -W ignore:setup.py install is deprecated -W ignore:easy_install command is deprecated setup.py egg_info --egg-base ../../build/usv_fusion_new build --build-base /home/cczh/temp-code/ground_truth_sim/build/usv_fusion_new/build install --record /home/cczh/temp-code/ground_truth_sim/build/usv_fusion_new/install.log --single-version-externally-managed install_data --force
