[0.007s] Invoking command in '/home/cczh/temp-code/ground_truth_sim/build/usv_interfaces': CMAKE_PREFIX_PATH=${CMAKE_PREFIX_PATH}:/home/cczh/temp-code/ground_truth_sim/install/usv_fusion:/home/cczh/temp-code/ground_truth_sim/install/ground_truth_sim:/home/cczh/temp-code/ground_truth_sim/install/usv_event_fusion:/home/cczh/temp-code/ground_truth_sim/install/percision_sim:/opt/ros/humble /usr/bin/cmake --build /home/cczh/temp-code/ground_truth_sim/build/usv_interfaces -- -j32 -l32
[0.066s] [  0%] Built target usv_interfaces__cpp
[0.075s] [  0%] Built target ament_cmake_python_copy_usv_interfaces
[0.076s] [ 12%] Built target usv_interfaces__rosidl_generator_c
[0.092s] [ 30%] Built target usv_interfaces__rosidl_typesupport_fastrtps_cpp
[0.092s] [ 36%] Built target usv_interfaces__rosidl_typesupport_cpp
[0.095s] [ 49%] Built target usv_interfaces__rosidl_typesupport_introspection_cpp
[0.095s] [ 61%] Built target usv_interfaces__rosidl_typesupport_c
[0.096s] [ 73%] Built target usv_interfaces__rosidl_typesupport_introspection_c
[0.099s] [ 85%] Built target usv_interfaces__rosidl_typesupport_fastrtps_c
[0.112s] [ 85%] Built target usv_interfaces
[0.125s] [ 86%] Built target usv_interfaces__py
[0.144s] [ 97%] Built target usv_interfaces__rosidl_generator_py
[0.156s] [ 98%] Built target usv_interfaces__rosidl_typesupport_c__pyext
[0.158s] [ 99%] Built target usv_interfaces__rosidl_typesupport_introspection_c__pyext
[0.158s] [100%] Built target usv_interfaces__rosidl_typesupport_fastrtps_c__pyext
[0.190s] running egg_info
[0.197s] writing usv_interfaces.egg-info/PKG-INFO
[0.197s] writing dependency_links to usv_interfaces.egg-info/dependency_links.txt
[0.198s] writing top-level names to usv_interfaces.egg-info/top_level.txt
[0.218s] reading manifest file 'usv_interfaces.egg-info/SOURCES.txt'
[0.218s] writing manifest file 'usv_interfaces.egg-info/SOURCES.txt'
[0.232s] [100%] Built target ament_cmake_python_build_usv_interfaces_egg
[0.240s] Invoked command in '/home/cczh/temp-code/ground_truth_sim/build/usv_interfaces' returned '0': CMAKE_PREFIX_PATH=${CMAKE_PREFIX_PATH}:/home/cczh/temp-code/ground_truth_sim/install/usv_fusion:/home/cczh/temp-code/ground_truth_sim/install/ground_truth_sim:/home/cczh/temp-code/ground_truth_sim/install/usv_event_fusion:/home/cczh/temp-code/ground_truth_sim/install/percision_sim:/opt/ros/humble /usr/bin/cmake --build /home/cczh/temp-code/ground_truth_sim/build/usv_interfaces -- -j32 -l32
[0.247s] Invoking command in '/home/cczh/temp-code/ground_truth_sim/build/usv_interfaces': CMAKE_PREFIX_PATH=${CMAKE_PREFIX_PATH}:/home/cczh/temp-code/ground_truth_sim/install/usv_fusion:/home/cczh/temp-code/ground_truth_sim/install/ground_truth_sim:/home/cczh/temp-code/ground_truth_sim/install/usv_event_fusion:/home/cczh/temp-code/ground_truth_sim/install/percision_sim:/opt/ros/humble /usr/bin/cmake --install /home/cczh/temp-code/ground_truth_sim/build/usv_interfaces
[0.254s] -- Install configuration: ""
[0.254s] -- Up-to-date: /home/cczh/temp-code/ground_truth_sim/install/usv_interfaces/share/ament_index/resource_index/rosidl_interfaces/usv_interfaces
[0.254s] -- Up-to-date: /home/cczh/temp-code/ground_truth_sim/install/usv_interfaces/include/usv_interfaces/usv_interfaces
[0.254s] -- Up-to-date: /home/cczh/temp-code/ground_truth_sim/install/usv_interfaces/include/usv_interfaces/usv_interfaces/msg
[0.255s] -- Up-to-date: /home/cczh/temp-code/ground_truth_sim/install/usv_interfaces/include/usv_interfaces/usv_interfaces/msg/rosidl_generator_c__visibility_control.h
[0.255s] -- Up-to-date: /home/cczh/temp-code/ground_truth_sim/install/usv_interfaces/include/usv_interfaces/usv_interfaces/msg/control_deviation.h
[0.255s] -- Up-to-date: /home/cczh/temp-code/ground_truth_sim/install/usv_interfaces/include/usv_interfaces/usv_interfaces/msg/detail
[0.255s] -- Up-to-date: /home/cczh/temp-code/ground_truth_sim/install/usv_interfaces/include/usv_interfaces/usv_interfaces/msg/detail/control_deviation__functions.c
[0.255s] -- Up-to-date: /home/cczh/temp-code/ground_truth_sim/install/usv_interfaces/include/usv_interfaces/usv_interfaces/msg/detail/control_deviation__functions.h
[0.255s] -- Up-to-date: /home/cczh/temp-code/ground_truth_sim/install/usv_interfaces/include/usv_interfaces/usv_interfaces/msg/detail/control_deviation__struct.h
[0.256s] -- Up-to-date: /home/cczh/temp-code/ground_truth_sim/install/usv_interfaces/include/usv_interfaces/usv_interfaces/msg/detail/control_deviation__type_support.h
[0.256s] -- Up-to-date: /home/cczh/temp-code/ground_truth_sim/install/usv_interfaces/include/usv_interfaces/usv_interfaces/msg/detail/operation_mode__functions.c
[0.256s] -- Up-to-date: /home/cczh/temp-code/ground_truth_sim/install/usv_interfaces/include/usv_interfaces/usv_interfaces/msg/detail/operation_mode__functions.h
[0.256s] -- Up-to-date: /home/cczh/temp-code/ground_truth_sim/install/usv_interfaces/include/usv_interfaces/usv_interfaces/msg/detail/operation_mode__struct.h
[0.256s] -- Up-to-date: /home/cczh/temp-code/ground_truth_sim/install/usv_interfaces/include/usv_interfaces/usv_interfaces/msg/detail/operation_mode__type_support.h
[0.256s] -- Up-to-date: /home/cczh/temp-code/ground_truth_sim/install/usv_interfaces/include/usv_interfaces/usv_interfaces/msg/detail/vision_detection__functions.c
[0.256s] -- Up-to-date: /home/cczh/temp-code/ground_truth_sim/install/usv_interfaces/include/usv_interfaces/usv_interfaces/msg/detail/vision_detection__functions.h
[0.256s] -- Up-to-date: /home/cczh/temp-code/ground_truth_sim/install/usv_interfaces/include/usv_interfaces/usv_interfaces/msg/detail/vision_detection__struct.h
[0.256s] -- Up-to-date: /home/cczh/temp-code/ground_truth_sim/install/usv_interfaces/include/usv_interfaces/usv_interfaces/msg/detail/vision_detection__type_support.h
[0.256s] -- Up-to-date: /home/cczh/temp-code/ground_truth_sim/install/usv_interfaces/include/usv_interfaces/usv_interfaces/msg/detail/vision_detection_array__functions.c
[0.256s] -- Up-to-date: /home/cczh/temp-code/ground_truth_sim/install/usv_interfaces/include/usv_interfaces/usv_interfaces/msg/detail/vision_detection_array__functions.h
[0.257s] -- Up-to-date: /home/cczh/temp-code/ground_truth_sim/install/usv_interfaces/include/usv_interfaces/usv_interfaces/msg/detail/vision_detection_array__struct.h
[0.257s] -- Up-to-date: /home/cczh/temp-code/ground_truth_sim/install/usv_interfaces/include/usv_interfaces/usv_interfaces/msg/detail/vision_detection_array__type_support.h
[0.257s] -- Up-to-date: /home/cczh/temp-code/ground_truth_sim/install/usv_interfaces/include/usv_interfaces/usv_interfaces/msg/detail/mmwave_target__functions.c
[0.257s] -- Up-to-date: /home/cczh/temp-code/ground_truth_sim/install/usv_interfaces/include/usv_interfaces/usv_interfaces/msg/detail/mmwave_target__functions.h
[0.257s] -- Up-to-date: /home/cczh/temp-code/ground_truth_sim/install/usv_interfaces/include/usv_interfaces/usv_interfaces/msg/detail/mmwave_target__struct.h
[0.257s] -- Up-to-date: /home/cczh/temp-code/ground_truth_sim/install/usv_interfaces/include/usv_interfaces/usv_interfaces/msg/detail/mmwave_target__type_support.h
[0.257s] -- Up-to-date: /home/cczh/temp-code/ground_truth_sim/install/usv_interfaces/include/usv_interfaces/usv_interfaces/msg/detail/mmwave_target_array__functions.c
[0.257s] -- Up-to-date: /home/cczh/temp-code/ground_truth_sim/install/usv_interfaces/include/usv_interfaces/usv_interfaces/msg/detail/mmwave_target_array__functions.h
[0.257s] -- Up-to-date: /home/cczh/temp-code/ground_truth_sim/install/usv_interfaces/include/usv_interfaces/usv_interfaces/msg/detail/mmwave_target_array__struct.h
[0.257s] -- Up-to-date: /home/cczh/temp-code/ground_truth_sim/install/usv_interfaces/include/usv_interfaces/usv_interfaces/msg/detail/mmwave_target_array__type_support.h
[0.257s] -- Up-to-date: /home/cczh/temp-code/ground_truth_sim/install/usv_interfaces/include/usv_interfaces/usv_interfaces/msg/detail/nav_radar_target__functions.c
[0.258s] -- Up-to-date: /home/cczh/temp-code/ground_truth_sim/install/usv_interfaces/include/usv_interfaces/usv_interfaces/msg/detail/nav_radar_target__functions.h
[0.258s] -- Up-to-date: /home/cczh/temp-code/ground_truth_sim/install/usv_interfaces/include/usv_interfaces/usv_interfaces/msg/detail/nav_radar_target__struct.h
[0.258s] -- Up-to-date: /home/cczh/temp-code/ground_truth_sim/install/usv_interfaces/include/usv_interfaces/usv_interfaces/msg/detail/nav_radar_target__type_support.h
[0.258s] -- Up-to-date: /home/cczh/temp-code/ground_truth_sim/install/usv_interfaces/include/usv_interfaces/usv_interfaces/msg/detail/nav_radar_target_array__functions.c
[0.258s] -- Up-to-date: /home/cczh/temp-code/ground_truth_sim/install/usv_interfaces/include/usv_interfaces/usv_interfaces/msg/detail/nav_radar_target_array__functions.h
[0.258s] -- Up-to-date: /home/cczh/temp-code/ground_truth_sim/install/usv_interfaces/include/usv_interfaces/usv_interfaces/msg/detail/nav_radar_target_array__struct.h
[0.258s] -- Up-to-date: /home/cczh/temp-code/ground_truth_sim/install/usv_interfaces/include/usv_interfaces/usv_interfaces/msg/detail/nav_radar_target_array__type_support.h
[0.258s] -- Up-to-date: /home/cczh/temp-code/ground_truth_sim/install/usv_interfaces/include/usv_interfaces/usv_interfaces/msg/detail/ais_track__functions.c
[0.258s] -- Up-to-date: /home/cczh/temp-code/ground_truth_sim/install/usv_interfaces/include/usv_interfaces/usv_interfaces/msg/detail/ais_track__functions.h
[0.259s] -- Up-to-date: /home/cczh/temp-code/ground_truth_sim/install/usv_interfaces/include/usv_interfaces/usv_interfaces/msg/detail/ais_track__struct.h
[0.259s] -- Up-to-date: /home/cczh/temp-code/ground_truth_sim/install/usv_interfaces/include/usv_interfaces/usv_interfaces/msg/detail/ais_track__type_support.h
[0.259s] -- Up-to-date: /home/cczh/temp-code/ground_truth_sim/install/usv_interfaces/include/usv_interfaces/usv_interfaces/msg/detail/ais_track_array__functions.c
[0.259s] -- Up-to-date: /home/cczh/temp-code/ground_truth_sim/install/usv_interfaces/include/usv_interfaces/usv_interfaces/msg/detail/ais_track_array__functions.h
[0.259s] -- Up-to-date: /home/cczh/temp-code/ground_truth_sim/install/usv_interfaces/include/usv_interfaces/usv_interfaces/msg/detail/ais_track_array__struct.h
[0.259s] -- Up-to-date: /home/cczh/temp-code/ground_truth_sim/install/usv_interfaces/include/usv_interfaces/usv_interfaces/msg/detail/ais_track_array__type_support.h
[0.259s] -- Up-to-date: /home/cczh/temp-code/ground_truth_sim/install/usv_interfaces/include/usv_interfaces/usv_interfaces/msg/detail/global_track__functions.c
[0.259s] -- Up-to-date: /home/cczh/temp-code/ground_truth_sim/install/usv_interfaces/include/usv_interfaces/usv_interfaces/msg/detail/global_track__functions.h
[0.259s] -- Up-to-date: /home/cczh/temp-code/ground_truth_sim/install/usv_interfaces/include/usv_interfaces/usv_interfaces/msg/detail/global_track__struct.h
[0.259s] -- Up-to-date: /home/cczh/temp-code/ground_truth_sim/install/usv_interfaces/include/usv_interfaces/usv_interfaces/msg/detail/global_track__type_support.h
[0.260s] -- Up-to-date: /home/cczh/temp-code/ground_truth_sim/install/usv_interfaces/include/usv_interfaces/usv_interfaces/msg/detail/global_track_array__functions.c
[0.260s] -- Up-to-date: /home/cczh/temp-code/ground_truth_sim/install/usv_interfaces/include/usv_interfaces/usv_interfaces/msg/detail/global_track_array__functions.h
[0.260s] -- Up-to-date: /home/cczh/temp-code/ground_truth_sim/install/usv_interfaces/include/usv_interfaces/usv_interfaces/msg/detail/global_track_array__struct.h
[0.260s] -- Up-to-date: /home/cczh/temp-code/ground_truth_sim/install/usv_interfaces/include/usv_interfaces/usv_interfaces/msg/detail/global_track_array__type_support.h
[0.260s] -- Up-to-date: /home/cczh/temp-code/ground_truth_sim/install/usv_interfaces/include/usv_interfaces/usv_interfaces/msg/detail/vessel_state__functions.c
[0.260s] -- Up-to-date: /home/cczh/temp-code/ground_truth_sim/install/usv_interfaces/include/usv_interfaces/usv_interfaces/msg/detail/vessel_state__functions.h
[0.260s] -- Up-to-date: /home/cczh/temp-code/ground_truth_sim/install/usv_interfaces/include/usv_interfaces/usv_interfaces/msg/detail/vessel_state__struct.h
[0.260s] -- Up-to-date: /home/cczh/temp-code/ground_truth_sim/install/usv_interfaces/include/usv_interfaces/usv_interfaces/msg/detail/vessel_state__type_support.h
[0.260s] -- Up-to-date: /home/cczh/temp-code/ground_truth_sim/install/usv_interfaces/include/usv_interfaces/usv_interfaces/msg/detail/fused_track_sample__functions.c
[0.260s] -- Up-to-date: /home/cczh/temp-code/ground_truth_sim/install/usv_interfaces/include/usv_interfaces/usv_interfaces/msg/detail/fused_track_sample__functions.h
[0.260s] -- Up-to-date: /home/cczh/temp-code/ground_truth_sim/install/usv_interfaces/include/usv_interfaces/usv_interfaces/msg/detail/fused_track_sample__struct.h
[0.260s] -- Up-to-date: /home/cczh/temp-code/ground_truth_sim/install/usv_interfaces/include/usv_interfaces/usv_interfaces/msg/detail/fused_track_sample__type_support.h
[0.260s] -- Up-to-date: /home/cczh/temp-code/ground_truth_sim/install/usv_interfaces/include/usv_interfaces/usv_interfaces/msg/detail/fused_target_profile__functions.c
[0.261s] -- Up-to-date: /home/cczh/temp-code/ground_truth_sim/install/usv_interfaces/include/usv_interfaces/usv_interfaces/msg/detail/fused_target_profile__functions.h
[0.261s] -- Up-to-date: /home/cczh/temp-code/ground_truth_sim/install/usv_interfaces/include/usv_interfaces/usv_interfaces/msg/detail/fused_target_profile__struct.h
[0.261s] -- Up-to-date: /home/cczh/temp-code/ground_truth_sim/install/usv_interfaces/include/usv_interfaces/usv_interfaces/msg/detail/fused_target_profile__type_support.h
[0.261s] -- Up-to-date: /home/cczh/temp-code/ground_truth_sim/install/usv_interfaces/include/usv_interfaces/usv_interfaces/msg/detail/fused_target_snapshot__functions.c
[0.261s] -- Up-to-date: /home/cczh/temp-code/ground_truth_sim/install/usv_interfaces/include/usv_interfaces/usv_interfaces/msg/detail/fused_target_snapshot__functions.h
[0.261s] -- Up-to-date: /home/cczh/temp-code/ground_truth_sim/install/usv_interfaces/include/usv_interfaces/usv_interfaces/msg/detail/fused_target_snapshot__struct.h
[0.261s] -- Up-to-date: /home/cczh/temp-code/ground_truth_sim/install/usv_interfaces/include/usv_interfaces/usv_interfaces/msg/detail/fused_target_snapshot__type_support.h
[0.261s] -- Up-to-date: /home/cczh/temp-code/ground_truth_sim/install/usv_interfaces/include/usv_interfaces/usv_interfaces/msg/detail/fused_scene_snapshot__functions.c
[0.261s] -- Up-to-date: /home/cczh/temp-code/ground_truth_sim/install/usv_interfaces/include/usv_interfaces/usv_interfaces/msg/detail/fused_scene_snapshot__functions.h
[0.261s] -- Up-to-date: /home/cczh/temp-code/ground_truth_sim/install/usv_interfaces/include/usv_interfaces/usv_interfaces/msg/detail/fused_scene_snapshot__struct.h
[0.261s] -- Up-to-date: /home/cczh/temp-code/ground_truth_sim/install/usv_interfaces/include/usv_interfaces/usv_interfaces/msg/detail/fused_scene_snapshot__type_support.h
[0.261s] -- Up-to-date: /home/cczh/temp-code/ground_truth_sim/install/usv_interfaces/include/usv_interfaces/usv_interfaces/msg/detail/fused_target_catalog__functions.c
[0.261s] -- Up-to-date: /home/cczh/temp-code/ground_truth_sim/install/usv_interfaces/include/usv_interfaces/usv_interfaces/msg/detail/fused_target_catalog__functions.h
[0.261s] -- Up-to-date: /home/cczh/temp-code/ground_truth_sim/install/usv_interfaces/include/usv_interfaces/usv_interfaces/msg/detail/fused_target_catalog__struct.h
[0.261s] -- Up-to-date: /home/cczh/temp-code/ground_truth_sim/install/usv_interfaces/include/usv_interfaces/usv_interfaces/msg/detail/fused_target_catalog__type_support.h
[0.261s] -- Up-to-date: /home/cczh/temp-code/ground_truth_sim/install/usv_interfaces/include/usv_interfaces/usv_interfaces/msg/operation_mode.h
[0.261s] -- Up-to-date: /home/cczh/temp-code/ground_truth_sim/install/usv_interfaces/include/usv_interfaces/usv_interfaces/msg/vision_detection.h
[0.261s] -- Up-to-date: /home/cczh/temp-code/ground_truth_sim/install/usv_interfaces/include/usv_interfaces/usv_interfaces/msg/vision_detection_array.h
[0.262s] -- Up-to-date: /home/cczh/temp-code/ground_truth_sim/install/usv_interfaces/include/usv_interfaces/usv_interfaces/msg/mmwave_target.h
[0.262s] -- Up-to-date: /home/cczh/temp-code/ground_truth_sim/install/usv_interfaces/include/usv_interfaces/usv_interfaces/msg/mmwave_target_array.h
[0.262s] -- Up-to-date: /home/cczh/temp-code/ground_truth_sim/install/usv_interfaces/include/usv_interfaces/usv_interfaces/msg/nav_radar_target.h
[0.262s] -- Up-to-date: /home/cczh/temp-code/ground_truth_sim/install/usv_interfaces/include/usv_interfaces/usv_interfaces/msg/nav_radar_target_array.h
[0.262s] -- Up-to-date: /home/cczh/temp-code/ground_truth_sim/install/usv_interfaces/include/usv_interfaces/usv_interfaces/msg/ais_track.h
[0.262s] -- Up-to-date: /home/cczh/temp-code/ground_truth_sim/install/usv_interfaces/include/usv_interfaces/usv_interfaces/msg/ais_track_array.h
[0.262s] -- Up-to-date: /home/cczh/temp-code/ground_truth_sim/install/usv_interfaces/include/usv_interfaces/usv_interfaces/msg/global_track.h
[0.262s] -- Up-to-date: /home/cczh/temp-code/ground_truth_sim/install/usv_interfaces/include/usv_interfaces/usv_interfaces/msg/global_track_array.h
[0.262s] -- Up-to-date: /home/cczh/temp-code/ground_truth_sim/install/usv_interfaces/include/usv_interfaces/usv_interfaces/msg/vessel_state.h
[0.262s] -- Up-to-date: /home/cczh/temp-code/ground_truth_sim/install/usv_interfaces/include/usv_interfaces/usv_interfaces/msg/fused_track_sample.h
[0.262s] -- Up-to-date: /home/cczh/temp-code/ground_truth_sim/install/usv_interfaces/include/usv_interfaces/usv_interfaces/msg/fused_target_profile.h
[0.262s] -- Up-to-date: /home/cczh/temp-code/ground_truth_sim/install/usv_interfaces/include/usv_interfaces/usv_interfaces/msg/fused_target_snapshot.h
[0.262s] -- Up-to-date: /home/cczh/temp-code/ground_truth_sim/install/usv_interfaces/include/usv_interfaces/usv_interfaces/msg/fused_scene_snapshot.h
[0.262s] -- Up-to-date: /home/cczh/temp-code/ground_truth_sim/install/usv_interfaces/include/usv_interfaces/usv_interfaces/msg/fused_target_catalog.h
[0.262s] -- Up-to-date: /home/cczh/temp-code/ground_truth_sim/install/usv_interfaces/include/usv_interfaces/usv_interfaces/srv
[0.262s] -- Up-to-date: /home/cczh/temp-code/ground_truth_sim/install/usv_interfaces/include/usv_interfaces/usv_interfaces/srv/control_device.h
[0.262s] -- Up-to-date: /home/cczh/temp-code/ground_truth_sim/install/usv_interfaces/include/usv_interfaces/usv_interfaces/srv/detail
[0.262s] -- Up-to-date: /home/cczh/temp-code/ground_truth_sim/install/usv_interfaces/include/usv_interfaces/usv_interfaces/srv/detail/control_device__functions.c
[0.262s] -- Up-to-date: /home/cczh/temp-code/ground_truth_sim/install/usv_interfaces/include/usv_interfaces/usv_interfaces/srv/detail/control_device__functions.h
[0.262s] -- Up-to-date: /home/cczh/temp-code/ground_truth_sim/install/usv_interfaces/include/usv_interfaces/usv_interfaces/srv/detail/control_device__struct.h
[0.262s] -- Up-to-date: /home/cczh/temp-code/ground_truth_sim/install/usv_interfaces/include/usv_interfaces/usv_interfaces/srv/detail/control_device__type_support.h
[0.263s] -- Up-to-date: /home/cczh/temp-code/ground_truth_sim/install/usv_interfaces/include/usv_interfaces/usv_interfaces/srv/detail/get_target_history__functions.c
[0.263s] -- Up-to-date: /home/cczh/temp-code/ground_truth_sim/install/usv_interfaces/include/usv_interfaces/usv_interfaces/srv/detail/get_target_history__functions.h
[0.263s] -- Up-to-date: /home/cczh/temp-code/ground_truth_sim/install/usv_interfaces/include/usv_interfaces/usv_interfaces/srv/detail/get_target_history__struct.h
[0.263s] -- Up-to-date: /home/cczh/temp-code/ground_truth_sim/install/usv_interfaces/include/usv_interfaces/usv_interfaces/srv/detail/get_target_history__type_support.h
[0.263s] -- Up-to-date: /home/cczh/temp-code/ground_truth_sim/install/usv_interfaces/include/usv_interfaces/usv_interfaces/srv/get_target_history.h
[0.263s] -- Up-to-date: /home/cczh/temp-code/ground_truth_sim/install/usv_interfaces/include/usv_interfaces/usv_interfaces/action
[0.263s] -- Up-to-date: /home/cczh/temp-code/ground_truth_sim/install/usv_interfaces/include/usv_interfaces/usv_interfaces/action/execute_mission.h
[0.263s] -- Up-to-date: /home/cczh/temp-code/ground_truth_sim/install/usv_interfaces/include/usv_interfaces/usv_interfaces/action/detail
[0.263s] -- Up-to-date: /home/cczh/temp-code/ground_truth_sim/install/usv_interfaces/include/usv_interfaces/usv_interfaces/action/detail/execute_mission__functions.c
[0.263s] -- Up-to-date: /home/cczh/temp-code/ground_truth_sim/install/usv_interfaces/include/usv_interfaces/usv_interfaces/action/detail/execute_mission__functions.h
[0.263s] -- Up-to-date: /home/cczh/temp-code/ground_truth_sim/install/usv_interfaces/include/usv_interfaces/usv_interfaces/action/detail/execute_mission__struct.h
[0.263s] -- Up-to-date: /home/cczh/temp-code/ground_truth_sim/install/usv_interfaces/include/usv_interfaces/usv_interfaces/action/detail/execute_mission__type_support.h
[0.263s] -- Up-to-date: /home/cczh/temp-code/ground_truth_sim/install/usv_interfaces/share/usv_interfaces/environment/library_path.sh
[0.263s] -- Up-to-date: /home/cczh/temp-code/ground_truth_sim/install/usv_interfaces/share/usv_interfaces/environment/library_path.dsv
[0.263s] -- Up-to-date: /home/cczh/temp-code/ground_truth_sim/install/usv_interfaces/lib/libusv_interfaces__rosidl_generator_c.so
[0.263s] -- Up-to-date: /home/cczh/temp-code/ground_truth_sim/install/usv_interfaces/include/usv_interfaces/usv_interfaces
[0.263s] -- Up-to-date: /home/cczh/temp-code/ground_truth_sim/install/usv_interfaces/include/usv_interfaces/usv_interfaces/msg
[0.263s] -- Up-to-date: /home/cczh/temp-code/ground_truth_sim/install/usv_interfaces/include/usv_interfaces/usv_interfaces/msg/rosidl_typesupport_fastrtps_c__visibility_control.h
[0.263s] -- Up-to-date: /home/cczh/temp-code/ground_truth_sim/install/usv_interfaces/include/usv_interfaces/usv_interfaces/msg/detail
[0.263s] -- Up-to-date: /home/cczh/temp-code/ground_truth_sim/install/usv_interfaces/include/usv_interfaces/usv_interfaces/msg/detail/control_deviation__rosidl_typesupport_fastrtps_c.h
[0.264s] -- Up-to-date: /home/cczh/temp-code/ground_truth_sim/install/usv_interfaces/include/usv_interfaces/usv_interfaces/msg/detail/operation_mode__rosidl_typesupport_fastrtps_c.h
[0.264s] -- Up-to-date: /home/cczh/temp-code/ground_truth_sim/install/usv_interfaces/include/usv_interfaces/usv_interfaces/msg/detail/vision_detection__rosidl_typesupport_fastrtps_c.h
[0.264s] -- Up-to-date: /home/cczh/temp-code/ground_truth_sim/install/usv_interfaces/include/usv_interfaces/usv_interfaces/msg/detail/vision_detection_array__rosidl_typesupport_fastrtps_c.h
[0.264s] -- Up-to-date: /home/cczh/temp-code/ground_truth_sim/install/usv_interfaces/include/usv_interfaces/usv_interfaces/msg/detail/mmwave_target__rosidl_typesupport_fastrtps_c.h
[0.264s] -- Up-to-date: /home/cczh/temp-code/ground_truth_sim/install/usv_interfaces/include/usv_interfaces/usv_interfaces/msg/detail/mmwave_target_array__rosidl_typesupport_fastrtps_c.h
[0.264s] -- Up-to-date: /home/cczh/temp-code/ground_truth_sim/install/usv_interfaces/include/usv_interfaces/usv_interfaces/msg/detail/nav_radar_target__rosidl_typesupport_fastrtps_c.h
[0.264s] -- Up-to-date: /home/cczh/temp-code/ground_truth_sim/install/usv_interfaces/include/usv_interfaces/usv_interfaces/msg/detail/nav_radar_target_array__rosidl_typesupport_fastrtps_c.h
[0.264s] -- Up-to-date: /home/cczh/temp-code/ground_truth_sim/install/usv_interfaces/include/usv_interfaces/usv_interfaces/msg/detail/ais_track__rosidl_typesupport_fastrtps_c.h
[0.264s] -- Up-to-date: /home/cczh/temp-code/ground_truth_sim/install/usv_interfaces/include/usv_interfaces/usv_interfaces/msg/detail/ais_track_array__rosidl_typesupport_fastrtps_c.h
[0.264s] -- Up-to-date: /home/cczh/temp-code/ground_truth_sim/install/usv_interfaces/include/usv_interfaces/usv_interfaces/msg/detail/global_track__rosidl_typesupport_fastrtps_c.h
[0.264s] -- Up-to-date: /home/cczh/temp-code/ground_truth_sim/install/usv_interfaces/include/usv_interfaces/usv_interfaces/msg/detail/global_track_array__rosidl_typesupport_fastrtps_c.h
[0.264s] -- Up-to-date: /home/cczh/temp-code/ground_truth_sim/install/usv_interfaces/include/usv_interfaces/usv_interfaces/msg/detail/vessel_state__rosidl_typesupport_fastrtps_c.h
[0.264s] -- Up-to-date: /home/cczh/temp-code/ground_truth_sim/install/usv_interfaces/include/usv_interfaces/usv_interfaces/msg/detail/fused_track_sample__rosidl_typesupport_fastrtps_c.h
[0.264s] -- Up-to-date: /home/cczh/temp-code/ground_truth_sim/install/usv_interfaces/include/usv_interfaces/usv_interfaces/msg/detail/fused_target_profile__rosidl_typesupport_fastrtps_c.h
[0.264s] -- Up-to-date: /home/cczh/temp-code/ground_truth_sim/install/usv_interfaces/include/usv_interfaces/usv_interfaces/msg/detail/fused_target_snapshot__rosidl_typesupport_fastrtps_c.h
[0.264s] -- Up-to-date: /home/cczh/temp-code/ground_truth_sim/install/usv_interfaces/include/usv_interfaces/usv_interfaces/msg/detail/fused_scene_snapshot__rosidl_typesupport_fastrtps_c.h
[0.264s] -- Up-to-date: /home/cczh/temp-code/ground_truth_sim/install/usv_interfaces/include/usv_interfaces/usv_interfaces/msg/detail/fused_target_catalog__rosidl_typesupport_fastrtps_c.h
[0.264s] -- Up-to-date: /home/cczh/temp-code/ground_truth_sim/install/usv_interfaces/include/usv_interfaces/usv_interfaces/srv
[0.264s] -- Up-to-date: /home/cczh/temp-code/ground_truth_sim/install/usv_interfaces/include/usv_interfaces/usv_interfaces/srv/detail
[0.264s] -- Up-to-date: /home/cczh/temp-code/ground_truth_sim/install/usv_interfaces/include/usv_interfaces/usv_interfaces/srv/detail/control_device__rosidl_typesupport_fastrtps_c.h
[0.264s] -- Up-to-date: /home/cczh/temp-code/ground_truth_sim/install/usv_interfaces/include/usv_interfaces/usv_interfaces/srv/detail/get_target_history__rosidl_typesupport_fastrtps_c.h
[0.264s] -- Up-to-date: /home/cczh/temp-code/ground_truth_sim/install/usv_interfaces/include/usv_interfaces/usv_interfaces/action
[0.264s] -- Up-to-date: /home/cczh/temp-code/ground_truth_sim/install/usv_interfaces/include/usv_interfaces/usv_interfaces/action/detail
[0.264s] -- Up-to-date: /home/cczh/temp-code/ground_truth_sim/install/usv_interfaces/include/usv_interfaces/usv_interfaces/action/detail/execute_mission__rosidl_typesupport_fastrtps_c.h
[0.264s] -- Up-to-date: /home/cczh/temp-code/ground_truth_sim/install/usv_interfaces/lib/libusv_interfaces__rosidl_typesupport_fastrtps_c.so
[0.264s] -- Up-to-date: /home/cczh/temp-code/ground_truth_sim/install/usv_interfaces/include/usv_interfaces/usv_interfaces
[0.264s] -- Up-to-date: /home/cczh/temp-code/ground_truth_sim/install/usv_interfaces/include/usv_interfaces/usv_interfaces/msg
[0.264s] -- Up-to-date: /home/cczh/temp-code/ground_truth_sim/install/usv_interfaces/include/usv_interfaces/usv_interfaces/msg/rosidl_generator_cpp__visibility_control.hpp
[0.264s] -- Up-to-date: /home/cczh/temp-code/ground_truth_sim/install/usv_interfaces/include/usv_interfaces/usv_interfaces/msg/control_deviation.hpp
[0.264s] -- Up-to-date: /home/cczh/temp-code/ground_truth_sim/install/usv_interfaces/include/usv_interfaces/usv_interfaces/msg/detail
[0.264s] -- Up-to-date: /home/cczh/temp-code/ground_truth_sim/install/usv_interfaces/include/usv_interfaces/usv_interfaces/msg/detail/control_deviation__builder.hpp
[0.264s] -- Up-to-date: /home/cczh/temp-code/ground_truth_sim/install/usv_interfaces/include/usv_interfaces/usv_interfaces/msg/detail/control_deviation__struct.hpp
[0.264s] -- Up-to-date: /home/cczh/temp-code/ground_truth_sim/install/usv_interfaces/include/usv_interfaces/usv_interfaces/msg/detail/control_deviation__traits.hpp
[0.264s] -- Up-to-date: /home/cczh/temp-code/ground_truth_sim/install/usv_interfaces/include/usv_interfaces/usv_interfaces/msg/detail/control_deviation__type_support.hpp
[0.265s] -- Up-to-date: /home/cczh/temp-code/ground_truth_sim/install/usv_interfaces/include/usv_interfaces/usv_interfaces/msg/detail/operation_mode__builder.hpp
[0.265s] -- Up-to-date: /home/cczh/temp-code/ground_truth_sim/install/usv_interfaces/include/usv_interfaces/usv_interfaces/msg/detail/operation_mode__struct.hpp
[0.265s] -- Up-to-date: /home/cczh/temp-code/ground_truth_sim/install/usv_interfaces/include/usv_interfaces/usv_interfaces/msg/detail/operation_mode__traits.hpp
[0.265s] -- Up-to-date: /home/cczh/temp-code/ground_truth_sim/install/usv_interfaces/include/usv_interfaces/usv_interfaces/msg/detail/operation_mode__type_support.hpp
[0.265s] -- Up-to-date: /home/cczh/temp-code/ground_truth_sim/install/usv_interfaces/include/usv_interfaces/usv_interfaces/msg/detail/vision_detection__builder.hpp
[0.265s] -- Up-to-date: /home/cczh/temp-code/ground_truth_sim/install/usv_interfaces/include/usv_interfaces/usv_interfaces/msg/detail/vision_detection__struct.hpp
[0.265s] -- Up-to-date: /home/cczh/temp-code/ground_truth_sim/install/usv_interfaces/include/usv_interfaces/usv_interfaces/msg/detail/vision_detection__traits.hpp
[0.265s] -- Up-to-date: /home/cczh/temp-code/ground_truth_sim/install/usv_interfaces/include/usv_interfaces/usv_interfaces/msg/detail/vision_detection__type_support.hpp
[0.265s] -- Up-to-date: /home/cczh/temp-code/ground_truth_sim/install/usv_interfaces/include/usv_interfaces/usv_interfaces/msg/detail/vision_detection_array__builder.hpp
[0.265s] -- Up-to-date: /home/cczh/temp-code/ground_truth_sim/install/usv_interfaces/include/usv_interfaces/usv_interfaces/msg/detail/vision_detection_array__struct.hpp
[0.265s] -- Up-to-date: /home/cczh/temp-code/ground_truth_sim/install/usv_interfaces/include/usv_interfaces/usv_interfaces/msg/detail/vision_detection_array__traits.hpp
[0.265s] -- Up-to-date: /home/cczh/temp-code/ground_truth_sim/install/usv_interfaces/include/usv_interfaces/usv_interfaces/msg/detail/vision_detection_array__type_support.hpp
[0.265s] -- Up-to-date: /home/cczh/temp-code/ground_truth_sim/install/usv_interfaces/include/usv_interfaces/usv_interfaces/msg/detail/mmwave_target__builder.hpp
[0.265s] -- Up-to-date: /home/cczh/temp-code/ground_truth_sim/install/usv_interfaces/include/usv_interfaces/usv_interfaces/msg/detail/mmwave_target__struct.hpp
[0.265s] -- Up-to-date: /home/cczh/temp-code/ground_truth_sim/install/usv_interfaces/include/usv_interfaces/usv_interfaces/msg/detail/mmwave_target__traits.hpp
[0.265s] -- Up-to-date: /home/cczh/temp-code/ground_truth_sim/install/usv_interfaces/include/usv_interfaces/usv_interfaces/msg/detail/mmwave_target__type_support.hpp
[0.265s] -- Up-to-date: /home/cczh/temp-code/ground_truth_sim/install/usv_interfaces/include/usv_interfaces/usv_interfaces/msg/detail/mmwave_target_array__builder.hpp
[0.265s] -- Up-to-date: /home/cczh/temp-code/ground_truth_sim/install/usv_interfaces/include/usv_interfaces/usv_interfaces/msg/detail/mmwave_target_array__struct.hpp
[0.265s] -- Up-to-date: /home/cczh/temp-code/ground_truth_sim/install/usv_interfaces/include/usv_interfaces/usv_interfaces/msg/detail/mmwave_target_array__traits.hpp
[0.265s] -- Up-to-date: /home/cczh/temp-code/ground_truth_sim/install/usv_interfaces/include/usv_interfaces/usv_interfaces/msg/detail/mmwave_target_array__type_support.hpp
[0.265s] -- Up-to-date: /home/cczh/temp-code/ground_truth_sim/install/usv_interfaces/include/usv_interfaces/usv_interfaces/msg/detail/nav_radar_target__builder.hpp
[0.265s] -- Up-to-date: /home/cczh/temp-code/ground_truth_sim/install/usv_interfaces/include/usv_interfaces/usv_interfaces/msg/detail/nav_radar_target__struct.hpp
[0.265s] -- Up-to-date: /home/cczh/temp-code/ground_truth_sim/install/usv_interfaces/include/usv_interfaces/usv_interfaces/msg/detail/nav_radar_target__traits.hpp
[0.265s] -- Up-to-date: /home/cczh/temp-code/ground_truth_sim/install/usv_interfaces/include/usv_interfaces/usv_interfaces/msg/detail/nav_radar_target__type_support.hpp
[0.265s] -- Up-to-date: /home/cczh/temp-code/ground_truth_sim/install/usv_interfaces/include/usv_interfaces/usv_interfaces/msg/detail/nav_radar_target_array__builder.hpp
[0.265s] -- Up-to-date: /home/cczh/temp-code/ground_truth_sim/install/usv_interfaces/include/usv_interfaces/usv_interfaces/msg/detail/nav_radar_target_array__struct.hpp
[0.265s] -- Up-to-date: /home/cczh/temp-code/ground_truth_sim/install/usv_interfaces/include/usv_interfaces/usv_interfaces/msg/detail/nav_radar_target_array__traits.hpp
[0.265s] -- Up-to-date: /home/cczh/temp-code/ground_truth_sim/install/usv_interfaces/include/usv_interfaces/usv_interfaces/msg/detail/nav_radar_target_array__type_support.hpp
[0.265s] -- Up-to-date: /home/cczh/temp-code/ground_truth_sim/install/usv_interfaces/include/usv_interfaces/usv_interfaces/msg/detail/ais_track__builder.hpp
[0.265s] -- Up-to-date: /home/cczh/temp-code/ground_truth_sim/install/usv_interfaces/include/usv_interfaces/usv_interfaces/msg/detail/ais_track__struct.hpp
[0.265s] -- Up-to-date: /home/cczh/temp-code/ground_truth_sim/install/usv_interfaces/include/usv_interfaces/usv_interfaces/msg/detail/ais_track__traits.hpp
[0.265s] -- Up-to-date: /home/cczh/temp-code/ground_truth_sim/install/usv_interfaces/include/usv_interfaces/usv_interfaces/msg/detail/ais_track__type_support.hpp
[0.265s] -- Up-to-date: /home/cczh/temp-code/ground_truth_sim/install/usv_interfaces/include/usv_interfaces/usv_interfaces/msg/detail/ais_track_array__builder.hpp
[0.265s] -- Up-to-date: /home/cczh/temp-code/ground_truth_sim/install/usv_interfaces/include/usv_interfaces/usv_interfaces/msg/detail/ais_track_array__struct.hpp
[0.265s] -- Up-to-date: /home/cczh/temp-code/ground_truth_sim/install/usv_interfaces/include/usv_interfaces/usv_interfaces/msg/detail/ais_track_array__traits.hpp
[0.265s] -- Up-to-date: /home/cczh/temp-code/ground_truth_sim/install/usv_interfaces/include/usv_interfaces/usv_interfaces/msg/detail/ais_track_array__type_support.hpp
[0.265s] -- Up-to-date: /home/cczh/temp-code/ground_truth_sim/install/usv_interfaces/include/usv_interfaces/usv_interfaces/msg/detail/global_track__builder.hpp
[0.265s] -- Up-to-date: /home/cczh/temp-code/ground_truth_sim/install/usv_interfaces/include/usv_interfaces/usv_interfaces/msg/detail/global_track__struct.hpp
[0.265s] -- Up-to-date: /home/cczh/temp-code/ground_truth_sim/install/usv_interfaces/include/usv_interfaces/usv_interfaces/msg/detail/global_track__traits.hpp
[0.266s] -- Up-to-date: /home/cczh/temp-code/ground_truth_sim/install/usv_interfaces/include/usv_interfaces/usv_interfaces/msg/detail/global_track__type_support.hpp
[0.266s] -- Up-to-date: /home/cczh/temp-code/ground_truth_sim/install/usv_interfaces/include/usv_interfaces/usv_interfaces/msg/detail/global_track_array__builder.hpp
[0.266s] -- Up-to-date: /home/cczh/temp-code/ground_truth_sim/install/usv_interfaces/include/usv_interfaces/usv_interfaces/msg/detail/global_track_array__struct.hpp
[0.266s] -- Up-to-date: /home/cczh/temp-code/ground_truth_sim/install/usv_interfaces/include/usv_interfaces/usv_interfaces/msg/detail/global_track_array__traits.hpp
[0.266s] -- Up-to-date: /home/cczh/temp-code/ground_truth_sim/install/usv_interfaces/include/usv_interfaces/usv_interfaces/msg/detail/global_track_array__type_support.hpp
[0.266s] -- Up-to-date: /home/cczh/temp-code/ground_truth_sim/install/usv_interfaces/include/usv_interfaces/usv_interfaces/msg/detail/vessel_state__builder.hpp
[0.266s] -- Up-to-date: /home/cczh/temp-code/ground_truth_sim/install/usv_interfaces/include/usv_interfaces/usv_interfaces/msg/detail/vessel_state__struct.hpp
[0.266s] -- Up-to-date: /home/cczh/temp-code/ground_truth_sim/install/usv_interfaces/include/usv_interfaces/usv_interfaces/msg/detail/vessel_state__traits.hpp
[0.266s] -- Up-to-date: /home/cczh/temp-code/ground_truth_sim/install/usv_interfaces/include/usv_interfaces/usv_interfaces/msg/detail/vessel_state__type_support.hpp
[0.266s] -- Up-to-date: /home/cczh/temp-code/ground_truth_sim/install/usv_interfaces/include/usv_interfaces/usv_interfaces/msg/detail/fused_track_sample__builder.hpp
[0.266s] -- Up-to-date: /home/cczh/temp-code/ground_truth_sim/install/usv_interfaces/include/usv_interfaces/usv_interfaces/msg/detail/fused_track_sample__struct.hpp
[0.266s] -- Up-to-date: /home/cczh/temp-code/ground_truth_sim/install/usv_interfaces/include/usv_interfaces/usv_interfaces/msg/detail/fused_track_sample__traits.hpp
[0.266s] -- Up-to-date: /home/cczh/temp-code/ground_truth_sim/install/usv_interfaces/include/usv_interfaces/usv_interfaces/msg/detail/fused_track_sample__type_support.hpp
[0.266s] -- Up-to-date: /home/cczh/temp-code/ground_truth_sim/install/usv_interfaces/include/usv_interfaces/usv_interfaces/msg/detail/fused_target_profile__builder.hpp
[0.266s] -- Up-to-date: /home/cczh/temp-code/ground_truth_sim/install/usv_interfaces/include/usv_interfaces/usv_interfaces/msg/detail/fused_target_profile__struct.hpp
[0.266s] -- Up-to-date: /home/cczh/temp-code/ground_truth_sim/install/usv_interfaces/include/usv_interfaces/usv_interfaces/msg/detail/fused_target_profile__traits.hpp
[0.266s] -- Up-to-date: /home/cczh/temp-code/ground_truth_sim/install/usv_interfaces/include/usv_interfaces/usv_interfaces/msg/detail/fused_target_profile__type_support.hpp
[0.266s] -- Up-to-date: /home/cczh/temp-code/ground_truth_sim/install/usv_interfaces/include/usv_interfaces/usv_interfaces/msg/detail/fused_target_snapshot__builder.hpp
[0.266s] -- Up-to-date: /home/cczh/temp-code/ground_truth_sim/install/usv_interfaces/include/usv_interfaces/usv_interfaces/msg/detail/fused_target_snapshot__struct.hpp
[0.266s] -- Up-to-date: /home/cczh/temp-code/ground_truth_sim/install/usv_interfaces/include/usv_interfaces/usv_interfaces/msg/detail/fused_target_snapshot__traits.hpp
[0.266s] -- Up-to-date: /home/cczh/temp-code/ground_truth_sim/install/usv_interfaces/include/usv_interfaces/usv_interfaces/msg/detail/fused_target_snapshot__type_support.hpp
[0.266s] -- Up-to-date: /home/cczh/temp-code/ground_truth_sim/install/usv_interfaces/include/usv_interfaces/usv_interfaces/msg/detail/fused_scene_snapshot__builder.hpp
[0.266s] -- Up-to-date: /home/cczh/temp-code/ground_truth_sim/install/usv_interfaces/include/usv_interfaces/usv_interfaces/msg/detail/fused_scene_snapshot__struct.hpp
[0.266s] -- Up-to-date: /home/cczh/temp-code/ground_truth_sim/install/usv_interfaces/include/usv_interfaces/usv_interfaces/msg/detail/fused_scene_snapshot__traits.hpp
[0.266s] -- Up-to-date: /home/cczh/temp-code/ground_truth_sim/install/usv_interfaces/include/usv_interfaces/usv_interfaces/msg/detail/fused_scene_snapshot__type_support.hpp
[0.266s] -- Up-to-date: /home/cczh/temp-code/ground_truth_sim/install/usv_interfaces/include/usv_interfaces/usv_interfaces/msg/detail/fused_target_catalog__builder.hpp
[0.266s] -- Up-to-date: /home/cczh/temp-code/ground_truth_sim/install/usv_interfaces/include/usv_interfaces/usv_interfaces/msg/detail/fused_target_catalog__struct.hpp
[0.266s] -- Up-to-date: /home/cczh/temp-code/ground_truth_sim/install/usv_interfaces/include/usv_interfaces/usv_interfaces/msg/detail/fused_target_catalog__traits.hpp
[0.266s] -- Up-to-date: /home/cczh/temp-code/ground_truth_sim/install/usv_interfaces/include/usv_interfaces/usv_interfaces/msg/detail/fused_target_catalog__type_support.hpp
[0.266s] -- Up-to-date: /home/cczh/temp-code/ground_truth_sim/install/usv_interfaces/include/usv_interfaces/usv_interfaces/msg/operation_mode.hpp
[0.266s] -- Up-to-date: /home/cczh/temp-code/ground_truth_sim/install/usv_interfaces/include/usv_interfaces/usv_interfaces/msg/vision_detection.hpp
[0.266s] -- Up-to-date: /home/cczh/temp-code/ground_truth_sim/install/usv_interfaces/include/usv_interfaces/usv_interfaces/msg/vision_detection_array.hpp
[0.266s] -- Up-to-date: /home/cczh/temp-code/ground_truth_sim/install/usv_interfaces/include/usv_interfaces/usv_interfaces/msg/mmwave_target.hpp
[0.266s] -- Up-to-date: /home/cczh/temp-code/ground_truth_sim/install/usv_interfaces/include/usv_interfaces/usv_interfaces/msg/mmwave_target_array.hpp
[0.266s] -- Up-to-date: /home/cczh/temp-code/ground_truth_sim/install/usv_interfaces/include/usv_interfaces/usv_interfaces/msg/nav_radar_target.hpp
[0.266s] -- Up-to-date: /home/cczh/temp-code/ground_truth_sim/install/usv_interfaces/include/usv_interfaces/usv_interfaces/msg/nav_radar_target_array.hpp
[0.266s] -- Up-to-date: /home/cczh/temp-code/ground_truth_sim/install/usv_interfaces/include/usv_interfaces/usv_interfaces/msg/ais_track.hpp
[0.266s] -- Up-to-date: /home/cczh/temp-code/ground_truth_sim/install/usv_interfaces/include/usv_interfaces/usv_interfaces/msg/ais_track_array.hpp
[0.267s] -- Up-to-date: /home/cczh/temp-code/ground_truth_sim/install/usv_interfaces/include/usv_interfaces/usv_interfaces/msg/global_track.hpp
[0.267s] -- Up-to-date: /home/cczh/temp-code/ground_truth_sim/install/usv_interfaces/include/usv_interfaces/usv_interfaces/msg/global_track_array.hpp
[0.267s] -- Up-to-date: /home/cczh/temp-code/ground_truth_sim/install/usv_interfaces/include/usv_interfaces/usv_interfaces/msg/vessel_state.hpp
[0.267s] -- Up-to-date: /home/cczh/temp-code/ground_truth_sim/install/usv_interfaces/include/usv_interfaces/usv_interfaces/msg/fused_track_sample.hpp
[0.267s] -- Up-to-date: /home/cczh/temp-code/ground_truth_sim/install/usv_interfaces/include/usv_interfaces/usv_interfaces/msg/fused_target_profile.hpp
[0.267s] -- Up-to-date: /home/cczh/temp-code/ground_truth_sim/install/usv_interfaces/include/usv_interfaces/usv_interfaces/msg/fused_target_snapshot.hpp
[0.267s] -- Up-to-date: /home/cczh/temp-code/ground_truth_sim/install/usv_interfaces/include/usv_interfaces/usv_interfaces/msg/fused_scene_snapshot.hpp
[0.267s] -- Up-to-date: /home/cczh/temp-code/ground_truth_sim/install/usv_interfaces/include/usv_interfaces/usv_interfaces/msg/fused_target_catalog.hpp
[0.267s] -- Up-to-date: /home/cczh/temp-code/ground_truth_sim/install/usv_interfaces/include/usv_interfaces/usv_interfaces/srv
[0.267s] -- Up-to-date: /home/cczh/temp-code/ground_truth_sim/install/usv_interfaces/include/usv_interfaces/usv_interfaces/srv/control_device.hpp
[0.267s] -- Up-to-date: /home/cczh/temp-code/ground_truth_sim/install/usv_interfaces/include/usv_interfaces/usv_interfaces/srv/detail
[0.267s] -- Up-to-date: /home/cczh/temp-code/ground_truth_sim/install/usv_interfaces/include/usv_interfaces/usv_interfaces/srv/detail/control_device__builder.hpp
[0.267s] -- Up-to-date: /home/cczh/temp-code/ground_truth_sim/install/usv_interfaces/include/usv_interfaces/usv_interfaces/srv/detail/control_device__struct.hpp
[0.267s] -- Up-to-date: /home/cczh/temp-code/ground_truth_sim/install/usv_interfaces/include/usv_interfaces/usv_interfaces/srv/detail/control_device__traits.hpp
[0.267s] -- Up-to-date: /home/cczh/temp-code/ground_truth_sim/install/usv_interfaces/include/usv_interfaces/usv_interfaces/srv/detail/control_device__type_support.hpp
[0.267s] -- Up-to-date: /home/cczh/temp-code/ground_truth_sim/install/usv_interfaces/include/usv_interfaces/usv_interfaces/srv/detail/get_target_history__builder.hpp
[0.267s] -- Up-to-date: /home/cczh/temp-code/ground_truth_sim/install/usv_interfaces/include/usv_interfaces/usv_interfaces/srv/detail/get_target_history__struct.hpp
[0.267s] -- Up-to-date: /home/cczh/temp-code/ground_truth_sim/install/usv_interfaces/include/usv_interfaces/usv_interfaces/srv/detail/get_target_history__traits.hpp
[0.267s] -- Up-to-date: /home/cczh/temp-code/ground_truth_sim/install/usv_interfaces/include/usv_interfaces/usv_interfaces/srv/detail/get_target_history__type_support.hpp
[0.267s] -- Up-to-date: /home/cczh/temp-code/ground_truth_sim/install/usv_interfaces/include/usv_interfaces/usv_interfaces/srv/get_target_history.hpp
[0.267s] -- Up-to-date: /home/cczh/temp-code/ground_truth_sim/install/usv_interfaces/include/usv_interfaces/usv_interfaces/action
[0.267s] -- Up-to-date: /home/cczh/temp-code/ground_truth_sim/install/usv_interfaces/include/usv_interfaces/usv_interfaces/action/execute_mission.hpp
[0.267s] -- Up-to-date: /home/cczh/temp-code/ground_truth_sim/install/usv_interfaces/include/usv_interfaces/usv_interfaces/action/detail
[0.267s] -- Up-to-date: /home/cczh/temp-code/ground_truth_sim/install/usv_interfaces/include/usv_interfaces/usv_interfaces/action/detail/execute_mission__builder.hpp
[0.267s] -- Up-to-date: /home/cczh/temp-code/ground_truth_sim/install/usv_interfaces/include/usv_interfaces/usv_interfaces/action/detail/execute_mission__struct.hpp
[0.267s] -- Up-to-date: /home/cczh/temp-code/ground_truth_sim/install/usv_interfaces/include/usv_interfaces/usv_interfaces/action/detail/execute_mission__traits.hpp
[0.267s] -- Up-to-date: /home/cczh/temp-code/ground_truth_sim/install/usv_interfaces/include/usv_interfaces/usv_interfaces/action/detail/execute_mission__type_support.hpp
[0.267s] -- Up-to-date: /home/cczh/temp-code/ground_truth_sim/install/usv_interfaces/include/usv_interfaces/usv_interfaces
[0.267s] -- Up-to-date: /home/cczh/temp-code/ground_truth_sim/install/usv_interfaces/include/usv_interfaces/usv_interfaces/msg
[0.267s] -- Up-to-date: /home/cczh/temp-code/ground_truth_sim/install/usv_interfaces/include/usv_interfaces/usv_interfaces/msg/rosidl_typesupport_fastrtps_cpp__visibility_control.h
[0.267s] -- Up-to-date: /home/cczh/temp-code/ground_truth_sim/install/usv_interfaces/include/usv_interfaces/usv_interfaces/msg/detail
[0.267s] -- Up-to-date: /home/cczh/temp-code/ground_truth_sim/install/usv_interfaces/include/usv_interfaces/usv_interfaces/msg/detail/control_deviation__rosidl_typesupport_fastrtps_cpp.hpp
[0.267s] -- Up-to-date: /home/cczh/temp-code/ground_truth_sim/install/usv_interfaces/include/usv_interfaces/usv_interfaces/msg/detail/dds_fastrtps
[0.267s] -- Up-to-date: /home/cczh/temp-code/ground_truth_sim/install/usv_interfaces/include/usv_interfaces/usv_interfaces/msg/detail/operation_mode__rosidl_typesupport_fastrtps_cpp.hpp
[0.267s] -- Up-to-date: /home/cczh/temp-code/ground_truth_sim/install/usv_interfaces/include/usv_interfaces/usv_interfaces/msg/detail/vision_detection__rosidl_typesupport_fastrtps_cpp.hpp
[0.268s] -- Up-to-date: /home/cczh/temp-code/ground_truth_sim/install/usv_interfaces/include/usv_interfaces/usv_interfaces/msg/detail/vision_detection_array__rosidl_typesupport_fastrtps_cpp.hpp
[0.268s] -- Up-to-date: /home/cczh/temp-code/ground_truth_sim/install/usv_interfaces/include/usv_interfaces/usv_interfaces/msg/detail/mmwave_target__rosidl_typesupport_fastrtps_cpp.hpp
[0.268s] -- Up-to-date: /home/cczh/temp-code/ground_truth_sim/install/usv_interfaces/include/usv_interfaces/usv_interfaces/msg/detail/mmwave_target_array__rosidl_typesupport_fastrtps_cpp.hpp
[0.268s] -- Up-to-date: /home/cczh/temp-code/ground_truth_sim/install/usv_interfaces/include/usv_interfaces/usv_interfaces/msg/detail/nav_radar_target__rosidl_typesupport_fastrtps_cpp.hpp
[0.268s] -- Up-to-date: /home/cczh/temp-code/ground_truth_sim/install/usv_interfaces/include/usv_interfaces/usv_interfaces/msg/detail/nav_radar_target_array__rosidl_typesupport_fastrtps_cpp.hpp
[0.268s] -- Up-to-date: /home/cczh/temp-code/ground_truth_sim/install/usv_interfaces/include/usv_interfaces/usv_interfaces/msg/detail/ais_track__rosidl_typesupport_fastrtps_cpp.hpp
[0.268s] -- Up-to-date: /home/cczh/temp-code/ground_truth_sim/install/usv_interfaces/include/usv_interfaces/usv_interfaces/msg/detail/ais_track_array__rosidl_typesupport_fastrtps_cpp.hpp
[0.268s] -- Up-to-date: /home/cczh/temp-code/ground_truth_sim/install/usv_interfaces/include/usv_interfaces/usv_interfaces/msg/detail/global_track__rosidl_typesupport_fastrtps_cpp.hpp
[0.268s] -- Up-to-date: /home/cczh/temp-code/ground_truth_sim/install/usv_interfaces/include/usv_interfaces/usv_interfaces/msg/detail/global_track_array__rosidl_typesupport_fastrtps_cpp.hpp
[0.268s] -- Up-to-date: /home/cczh/temp-code/ground_truth_sim/install/usv_interfaces/include/usv_interfaces/usv_interfaces/msg/detail/vessel_state__rosidl_typesupport_fastrtps_cpp.hpp
[0.268s] -- Up-to-date: /home/cczh/temp-code/ground_truth_sim/install/usv_interfaces/include/usv_interfaces/usv_interfaces/msg/detail/fused_track_sample__rosidl_typesupport_fastrtps_cpp.hpp
[0.268s] -- Up-to-date: /home/cczh/temp-code/ground_truth_sim/install/usv_interfaces/include/usv_interfaces/usv_interfaces/msg/detail/fused_target_profile__rosidl_typesupport_fastrtps_cpp.hpp
[0.268s] -- Up-to-date: /home/cczh/temp-code/ground_truth_sim/install/usv_interfaces/include/usv_interfaces/usv_interfaces/msg/detail/fused_target_snapshot__rosidl_typesupport_fastrtps_cpp.hpp
[0.268s] -- Up-to-date: /home/cczh/temp-code/ground_truth_sim/install/usv_interfaces/include/usv_interfaces/usv_interfaces/msg/detail/fused_scene_snapshot__rosidl_typesupport_fastrtps_cpp.hpp
[0.268s] -- Up-to-date: /home/cczh/temp-code/ground_truth_sim/install/usv_interfaces/include/usv_interfaces/usv_interfaces/msg/detail/fused_target_catalog__rosidl_typesupport_fastrtps_cpp.hpp
[0.268s] -- Up-to-date: /home/cczh/temp-code/ground_truth_sim/install/usv_interfaces/include/usv_interfaces/usv_interfaces/srv
[0.268s] -- Up-to-date: /home/cczh/temp-code/ground_truth_sim/install/usv_interfaces/include/usv_interfaces/usv_interfaces/srv/detail
[0.268s] -- Up-to-date: /home/cczh/temp-code/ground_truth_sim/install/usv_interfaces/include/usv_interfaces/usv_interfaces/srv/detail/control_device__rosidl_typesupport_fastrtps_cpp.hpp
[0.268s] -- Up-to-date: /home/cczh/temp-code/ground_truth_sim/install/usv_interfaces/include/usv_interfaces/usv_interfaces/srv/detail/dds_fastrtps
[0.268s] -- Up-to-date: /home/cczh/temp-code/ground_truth_sim/install/usv_interfaces/include/usv_interfaces/usv_interfaces/srv/detail/get_target_history__rosidl_typesupport_fastrtps_cpp.hpp
[0.268s] -- Up-to-date: /home/cczh/temp-code/ground_truth_sim/install/usv_interfaces/include/usv_interfaces/usv_interfaces/action
[0.268s] -- Up-to-date: /home/cczh/temp-code/ground_truth_sim/install/usv_interfaces/include/usv_interfaces/usv_interfaces/action/detail
[0.268s] -- Up-to-date: /home/cczh/temp-code/ground_truth_sim/install/usv_interfaces/include/usv_interfaces/usv_interfaces/action/detail/execute_mission__rosidl_typesupport_fastrtps_cpp.hpp
[0.268s] -- Up-to-date: /home/cczh/temp-code/ground_truth_sim/install/usv_interfaces/include/usv_interfaces/usv_interfaces/action/detail/dds_fastrtps
[0.268s] -- Up-to-date: /home/cczh/temp-code/ground_truth_sim/install/usv_interfaces/lib/libusv_interfaces__rosidl_typesupport_fastrtps_cpp.so
[0.268s] -- Up-to-date: /home/cczh/temp-code/ground_truth_sim/install/usv_interfaces/include/usv_interfaces/usv_interfaces
[0.268s] -- Up-to-date: /home/cczh/temp-code/ground_truth_sim/install/usv_interfaces/include/usv_interfaces/usv_interfaces/msg
[0.268s] -- Up-to-date: /home/cczh/temp-code/ground_truth_sim/install/usv_interfaces/include/usv_interfaces/usv_interfaces/msg/rosidl_typesupport_introspection_c__visibility_control.h
[0.268s] -- Up-to-date: /home/cczh/temp-code/ground_truth_sim/install/usv_interfaces/include/usv_interfaces/usv_interfaces/msg/detail
[0.268s] -- Up-to-date: /home/cczh/temp-code/ground_truth_sim/install/usv_interfaces/include/usv_interfaces/usv_interfaces/msg/detail/control_deviation__rosidl_typesupport_introspection_c.h
[0.268s] -- Up-to-date: /home/cczh/temp-code/ground_truth_sim/install/usv_interfaces/include/usv_interfaces/usv_interfaces/msg/detail/control_deviation__type_support.c
[0.268s] -- Up-to-date: /home/cczh/temp-code/ground_truth_sim/install/usv_interfaces/include/usv_interfaces/usv_interfaces/msg/detail/operation_mode__rosidl_typesupport_introspection_c.h
[0.269s] -- Up-to-date: /home/cczh/temp-code/ground_truth_sim/install/usv_interfaces/include/usv_interfaces/usv_interfaces/msg/detail/operation_mode__type_support.c
[0.269s] -- Up-to-date: /home/cczh/temp-code/ground_truth_sim/install/usv_interfaces/include/usv_interfaces/usv_interfaces/msg/detail/vision_detection__rosidl_typesupport_introspection_c.h
[0.269s] -- Up-to-date: /home/cczh/temp-code/ground_truth_sim/install/usv_interfaces/include/usv_interfaces/usv_interfaces/msg/detail/vision_detection__type_support.c
[0.269s] -- Up-to-date: /home/cczh/temp-code/ground_truth_sim/install/usv_interfaces/include/usv_interfaces/usv_interfaces/msg/detail/vision_detection_array__rosidl_typesupport_introspection_c.h
[0.269s] -- Up-to-date: /home/cczh/temp-code/ground_truth_sim/install/usv_interfaces/include/usv_interfaces/usv_interfaces/msg/detail/vision_detection_array__type_support.c
[0.269s] -- Up-to-date: /home/cczh/temp-code/ground_truth_sim/install/usv_interfaces/include/usv_interfaces/usv_interfaces/msg/detail/mmwave_target__rosidl_typesupport_introspection_c.h
[0.269s] -- Up-to-date: /home/cczh/temp-code/ground_truth_sim/install/usv_interfaces/include/usv_interfaces/usv_interfaces/msg/detail/mmwave_target__type_support.c
[0.269s] -- Up-to-date: /home/cczh/temp-code/ground_truth_sim/install/usv_interfaces/include/usv_interfaces/usv_interfaces/msg/detail/mmwave_target_array__rosidl_typesupport_introspection_c.h
[0.269s] -- Up-to-date: /home/cczh/temp-code/ground_truth_sim/install/usv_interfaces/include/usv_interfaces/usv_interfaces/msg/detail/mmwave_target_array__type_support.c
[0.269s] -- Up-to-date: /home/cczh/temp-code/ground_truth_sim/install/usv_interfaces/include/usv_interfaces/usv_interfaces/msg/detail/nav_radar_target__rosidl_typesupport_introspection_c.h
[0.269s] -- Up-to-date: /home/cczh/temp-code/ground_truth_sim/install/usv_interfaces/include/usv_interfaces/usv_interfaces/msg/detail/nav_radar_target__type_support.c
[0.269s] -- Up-to-date: /home/cczh/temp-code/ground_truth_sim/install/usv_interfaces/include/usv_interfaces/usv_interfaces/msg/detail/nav_radar_target_array__rosidl_typesupport_introspection_c.h
[0.269s] -- Up-to-date: /home/cczh/temp-code/ground_truth_sim/install/usv_interfaces/include/usv_interfaces/usv_interfaces/msg/detail/nav_radar_target_array__type_support.c
[0.269s] -- Up-to-date: /home/cczh/temp-code/ground_truth_sim/install/usv_interfaces/include/usv_interfaces/usv_interfaces/msg/detail/ais_track__rosidl_typesupport_introspection_c.h
[0.269s] -- Up-to-date: /home/cczh/temp-code/ground_truth_sim/install/usv_interfaces/include/usv_interfaces/usv_interfaces/msg/detail/ais_track__type_support.c
[0.269s] -- Up-to-date: /home/cczh/temp-code/ground_truth_sim/install/usv_interfaces/include/usv_interfaces/usv_interfaces/msg/detail/ais_track_array__rosidl_typesupport_introspection_c.h
[0.269s] -- Up-to-date: /home/cczh/temp-code/ground_truth_sim/install/usv_interfaces/include/usv_interfaces/usv_interfaces/msg/detail/ais_track_array__type_support.c
[0.269s] -- Up-to-date: /home/cczh/temp-code/ground_truth_sim/install/usv_interfaces/include/usv_interfaces/usv_interfaces/msg/detail/global_track__rosidl_typesupport_introspection_c.h
[0.269s] -- Up-to-date: /home/cczh/temp-code/ground_truth_sim/install/usv_interfaces/include/usv_interfaces/usv_interfaces/msg/detail/global_track__type_support.c
[0.269s] -- Up-to-date: /home/cczh/temp-code/ground_truth_sim/install/usv_interfaces/include/usv_interfaces/usv_interfaces/msg/detail/global_track_array__rosidl_typesupport_introspection_c.h
[0.269s] -- Up-to-date: /home/cczh/temp-code/ground_truth_sim/install/usv_interfaces/include/usv_interfaces/usv_interfaces/msg/detail/global_track_array__type_support.c
[0.269s] -- Up-to-date: /home/cczh/temp-code/ground_truth_sim/install/usv_interfaces/include/usv_interfaces/usv_interfaces/msg/detail/vessel_state__rosidl_typesupport_introspection_c.h
[0.269s] -- Up-to-date: /home/cczh/temp-code/ground_truth_sim/install/usv_interfaces/include/usv_interfaces/usv_interfaces/msg/detail/vessel_state__type_support.c
[0.269s] -- Up-to-date: /home/cczh/temp-code/ground_truth_sim/install/usv_interfaces/include/usv_interfaces/usv_interfaces/msg/detail/fused_track_sample__rosidl_typesupport_introspection_c.h
[0.269s] -- Up-to-date: /home/cczh/temp-code/ground_truth_sim/install/usv_interfaces/include/usv_interfaces/usv_interfaces/msg/detail/fused_track_sample__type_support.c
[0.269s] -- Up-to-date: /home/cczh/temp-code/ground_truth_sim/install/usv_interfaces/include/usv_interfaces/usv_interfaces/msg/detail/fused_target_profile__rosidl_typesupport_introspection_c.h
[0.269s] -- Up-to-date: /home/cczh/temp-code/ground_truth_sim/install/usv_interfaces/include/usv_interfaces/usv_interfaces/msg/detail/fused_target_profile__type_support.c
[0.269s] -- Up-to-date: /home/cczh/temp-code/ground_truth_sim/install/usv_interfaces/include/usv_interfaces/usv_interfaces/msg/detail/fused_target_snapshot__rosidl_typesupport_introspection_c.h
[0.269s] -- Up-to-date: /home/cczh/temp-code/ground_truth_sim/install/usv_interfaces/include/usv_interfaces/usv_interfaces/msg/detail/fused_target_snapshot__type_support.c
[0.269s] -- Up-to-date: /home/cczh/temp-code/ground_truth_sim/install/usv_interfaces/include/usv_interfaces/usv_interfaces/msg/detail/fused_scene_snapshot__rosidl_typesupport_introspection_c.h
[0.269s] -- Up-to-date: /home/cczh/temp-code/ground_truth_sim/install/usv_interfaces/include/usv_interfaces/usv_interfaces/msg/detail/fused_scene_snapshot__type_support.c
[0.269s] -- Up-to-date: /home/cczh/temp-code/ground_truth_sim/install/usv_interfaces/include/usv_interfaces/usv_interfaces/msg/detail/fused_target_catalog__rosidl_typesupport_introspection_c.h
[0.269s] -- Up-to-date: /home/cczh/temp-code/ground_truth_sim/install/usv_interfaces/include/usv_interfaces/usv_interfaces/msg/detail/fused_target_catalog__type_support.c
[0.269s] -- Up-to-date: /home/cczh/temp-code/ground_truth_sim/install/usv_interfaces/include/usv_interfaces/usv_interfaces/srv
[0.270s] -- Up-to-date: /home/cczh/temp-code/ground_truth_sim/install/usv_interfaces/include/usv_interfaces/usv_interfaces/srv/detail
[0.270s] -- Up-to-date: /home/cczh/temp-code/ground_truth_sim/install/usv_interfaces/include/usv_interfaces/usv_interfaces/srv/detail/control_device__rosidl_typesupport_introspection_c.h
[0.270s] -- Up-to-date: /home/cczh/temp-code/ground_truth_sim/install/usv_interfaces/include/usv_interfaces/usv_interfaces/srv/detail/control_device__type_support.c
[0.270s] -- Up-to-date: /home/cczh/temp-code/ground_truth_sim/install/usv_interfaces/include/usv_interfaces/usv_interfaces/srv/detail/get_target_history__rosidl_typesupport_introspection_c.h
[0.270s] -- Up-to-date: /home/cczh/temp-code/ground_truth_sim/install/usv_interfaces/include/usv_interfaces/usv_interfaces/srv/detail/get_target_history__type_support.c
[0.270s] -- Up-to-date: /home/cczh/temp-code/ground_truth_sim/install/usv_interfaces/include/usv_interfaces/usv_interfaces/action
[0.270s] -- Up-to-date: /home/cczh/temp-code/ground_truth_sim/install/usv_interfaces/include/usv_interfaces/usv_interfaces/action/detail
[0.270s] -- Up-to-date: /home/cczh/temp-code/ground_truth_sim/install/usv_interfaces/include/usv_interfaces/usv_interfaces/action/detail/execute_mission__rosidl_typesupport_introspection_c.h
[0.270s] -- Up-to-date: /home/cczh/temp-code/ground_truth_sim/install/usv_interfaces/include/usv_interfaces/usv_interfaces/action/detail/execute_mission__type_support.c
[0.270s] -- Up-to-date: /home/cczh/temp-code/ground_truth_sim/install/usv_interfaces/lib/libusv_interfaces__rosidl_typesupport_introspection_c.so
[0.270s] -- Up-to-date: /home/cczh/temp-code/ground_truth_sim/install/usv_interfaces/lib/libusv_interfaces__rosidl_typesupport_c.so
[0.270s] -- Up-to-date: /home/cczh/temp-code/ground_truth_sim/install/usv_interfaces/include/usv_interfaces/usv_interfaces
[0.270s] -- Up-to-date: /home/cczh/temp-code/ground_truth_sim/install/usv_interfaces/include/usv_interfaces/usv_interfaces/msg
[0.270s] -- Up-to-date: /home/cczh/temp-code/ground_truth_sim/install/usv_interfaces/include/usv_interfaces/usv_interfaces/msg/detail
[0.270s] -- Up-to-date: /home/cczh/temp-code/ground_truth_sim/install/usv_interfaces/include/usv_interfaces/usv_interfaces/msg/detail/control_deviation__rosidl_typesupport_introspection_cpp.hpp
[0.270s] -- Up-to-date: /home/cczh/temp-code/ground_truth_sim/install/usv_interfaces/include/usv_interfaces/usv_interfaces/msg/detail/control_deviation__type_support.cpp
[0.270s] -- Up-to-date: /home/cczh/temp-code/ground_truth_sim/install/usv_interfaces/include/usv_interfaces/usv_interfaces/msg/detail/operation_mode__rosidl_typesupport_introspection_cpp.hpp
[0.270s] -- Up-to-date: /home/cczh/temp-code/ground_truth_sim/install/usv_interfaces/include/usv_interfaces/usv_interfaces/msg/detail/operation_mode__type_support.cpp
[0.270s] -- Up-to-date: /home/cczh/temp-code/ground_truth_sim/install/usv_interfaces/include/usv_interfaces/usv_interfaces/msg/detail/vision_detection__rosidl_typesupport_introspection_cpp.hpp
[0.270s] -- Up-to-date: /home/cczh/temp-code/ground_truth_sim/install/usv_interfaces/include/usv_interfaces/usv_interfaces/msg/detail/vision_detection__type_support.cpp
[0.270s] -- Up-to-date: /home/cczh/temp-code/ground_truth_sim/install/usv_interfaces/include/usv_interfaces/usv_interfaces/msg/detail/vision_detection_array__rosidl_typesupport_introspection_cpp.hpp
[0.270s] -- Up-to-date: /home/cczh/temp-code/ground_truth_sim/install/usv_interfaces/include/usv_interfaces/usv_interfaces/msg/detail/vision_detection_array__type_support.cpp
[0.270s] -- Up-to-date: /home/cczh/temp-code/ground_truth_sim/install/usv_interfaces/include/usv_interfaces/usv_interfaces/msg/detail/mmwave_target__rosidl_typesupport_introspection_cpp.hpp
[0.270s] -- Up-to-date: /home/cczh/temp-code/ground_truth_sim/install/usv_interfaces/include/usv_interfaces/usv_interfaces/msg/detail/mmwave_target__type_support.cpp
[0.270s] -- Up-to-date: /home/cczh/temp-code/ground_truth_sim/install/usv_interfaces/include/usv_interfaces/usv_interfaces/msg/detail/mmwave_target_array__rosidl_typesupport_introspection_cpp.hpp
[0.270s] -- Up-to-date: /home/cczh/temp-code/ground_truth_sim/install/usv_interfaces/include/usv_interfaces/usv_interfaces/msg/detail/mmwave_target_array__type_support.cpp
[0.270s] -- Up-to-date: /home/cczh/temp-code/ground_truth_sim/install/usv_interfaces/include/usv_interfaces/usv_interfaces/msg/detail/nav_radar_target__rosidl_typesupport_introspection_cpp.hpp
[0.270s] -- Up-to-date: /home/cczh/temp-code/ground_truth_sim/install/usv_interfaces/include/usv_interfaces/usv_interfaces/msg/detail/nav_radar_target__type_support.cpp
[0.270s] -- Up-to-date: /home/cczh/temp-code/ground_truth_sim/install/usv_interfaces/include/usv_interfaces/usv_interfaces/msg/detail/nav_radar_target_array__rosidl_typesupport_introspection_cpp.hpp
[0.270s] -- Up-to-date: /home/cczh/temp-code/ground_truth_sim/install/usv_interfaces/include/usv_interfaces/usv_interfaces/msg/detail/nav_radar_target_array__type_support.cpp
[0.270s] -- Up-to-date: /home/cczh/temp-code/ground_truth_sim/install/usv_interfaces/include/usv_interfaces/usv_interfaces/msg/detail/ais_track__rosidl_typesupport_introspection_cpp.hpp
[0.270s] -- Up-to-date: /home/cczh/temp-code/ground_truth_sim/install/usv_interfaces/include/usv_interfaces/usv_interfaces/msg/detail/ais_track__type_support.cpp
[0.270s] -- Up-to-date: /home/cczh/temp-code/ground_truth_sim/install/usv_interfaces/include/usv_interfaces/usv_interfaces/msg/detail/ais_track_array__rosidl_typesupport_introspection_cpp.hpp
[0.270s] -- Up-to-date: /home/cczh/temp-code/ground_truth_sim/install/usv_interfaces/include/usv_interfaces/usv_interfaces/msg/detail/ais_track_array__type_support.cpp
[0.270s] -- Up-to-date: /home/cczh/temp-code/ground_truth_sim/install/usv_interfaces/include/usv_interfaces/usv_interfaces/msg/detail/global_track__rosidl_typesupport_introspection_cpp.hpp
[0.270s] -- Up-to-date: /home/cczh/temp-code/ground_truth_sim/install/usv_interfaces/include/usv_interfaces/usv_interfaces/msg/detail/global_track__type_support.cpp
[0.270s] -- Up-to-date: /home/cczh/temp-code/ground_truth_sim/install/usv_interfaces/include/usv_interfaces/usv_interfaces/msg/detail/global_track_array__rosidl_typesupport_introspection_cpp.hpp
[0.271s] -- Up-to-date: /home/cczh/temp-code/ground_truth_sim/install/usv_interfaces/include/usv_interfaces/usv_interfaces/msg/detail/global_track_array__type_support.cpp
[0.271s] -- Up-to-date: /home/cczh/temp-code/ground_truth_sim/install/usv_interfaces/include/usv_interfaces/usv_interfaces/msg/detail/vessel_state__rosidl_typesupport_introspection_cpp.hpp
[0.271s] -- Up-to-date: /home/cczh/temp-code/ground_truth_sim/install/usv_interfaces/include/usv_interfaces/usv_interfaces/msg/detail/vessel_state__type_support.cpp
[0.271s] -- Up-to-date: /home/cczh/temp-code/ground_truth_sim/install/usv_interfaces/include/usv_interfaces/usv_interfaces/msg/detail/fused_track_sample__rosidl_typesupport_introspection_cpp.hpp
[0.271s] -- Up-to-date: /home/cczh/temp-code/ground_truth_sim/install/usv_interfaces/include/usv_interfaces/usv_interfaces/msg/detail/fused_track_sample__type_support.cpp
[0.271s] -- Up-to-date: /home/cczh/temp-code/ground_truth_sim/install/usv_interfaces/include/usv_interfaces/usv_interfaces/msg/detail/fused_target_profile__rosidl_typesupport_introspection_cpp.hpp
[0.271s] -- Up-to-date: /home/cczh/temp-code/ground_truth_sim/install/usv_interfaces/include/usv_interfaces/usv_interfaces/msg/detail/fused_target_profile__type_support.cpp
[0.271s] -- Up-to-date: /home/cczh/temp-code/ground_truth_sim/install/usv_interfaces/include/usv_interfaces/usv_interfaces/msg/detail/fused_target_snapshot__rosidl_typesupport_introspection_cpp.hpp
[0.271s] -- Up-to-date: /home/cczh/temp-code/ground_truth_sim/install/usv_interfaces/include/usv_interfaces/usv_interfaces/msg/detail/fused_target_snapshot__type_support.cpp
[0.271s] -- Up-to-date: /home/cczh/temp-code/ground_truth_sim/install/usv_interfaces/include/usv_interfaces/usv_interfaces/msg/detail/fused_scene_snapshot__rosidl_typesupport_introspection_cpp.hpp
[0.271s] -- Up-to-date: /home/cczh/temp-code/ground_truth_sim/install/usv_interfaces/include/usv_interfaces/usv_interfaces/msg/detail/fused_scene_snapshot__type_support.cpp
[0.271s] -- Up-to-date: /home/cczh/temp-code/ground_truth_sim/install/usv_interfaces/include/usv_interfaces/usv_interfaces/msg/detail/fused_target_catalog__rosidl_typesupport_introspection_cpp.hpp
[0.271s] -- Up-to-date: /home/cczh/temp-code/ground_truth_sim/install/usv_interfaces/include/usv_interfaces/usv_interfaces/msg/detail/fused_target_catalog__type_support.cpp
[0.271s] -- Up-to-date: /home/cczh/temp-code/ground_truth_sim/install/usv_interfaces/include/usv_interfaces/usv_interfaces/srv
[0.271s] -- Up-to-date: /home/cczh/temp-code/ground_truth_sim/install/usv_interfaces/include/usv_interfaces/usv_interfaces/srv/detail
[0.271s] -- Up-to-date: /home/cczh/temp-code/ground_truth_sim/install/usv_interfaces/include/usv_interfaces/usv_interfaces/srv/detail/control_device__rosidl_typesupport_introspection_cpp.hpp
[0.271s] -- Up-to-date: /home/cczh/temp-code/ground_truth_sim/install/usv_interfaces/include/usv_interfaces/usv_interfaces/srv/detail/control_device__type_support.cpp
[0.271s] -- Up-to-date: /home/cczh/temp-code/ground_truth_sim/install/usv_interfaces/include/usv_interfaces/usv_interfaces/srv/detail/get_target_history__rosidl_typesupport_introspection_cpp.hpp
[0.271s] -- Up-to-date: /home/cczh/temp-code/ground_truth_sim/install/usv_interfaces/include/usv_interfaces/usv_interfaces/srv/detail/get_target_history__type_support.cpp
[0.271s] -- Up-to-date: /home/cczh/temp-code/ground_truth_sim/install/usv_interfaces/include/usv_interfaces/usv_interfaces/action
[0.271s] -- Up-to-date: /home/cczh/temp-code/ground_truth_sim/install/usv_interfaces/include/usv_interfaces/usv_interfaces/action/detail
[0.271s] -- Up-to-date: /home/cczh/temp-code/ground_truth_sim/install/usv_interfaces/include/usv_interfaces/usv_interfaces/action/detail/execute_mission__rosidl_typesupport_introspection_cpp.hpp
[0.271s] -- Up-to-date: /home/cczh/temp-code/ground_truth_sim/install/usv_interfaces/include/usv_interfaces/usv_interfaces/action/detail/execute_mission__type_support.cpp
[0.271s] -- Up-to-date: /home/cczh/temp-code/ground_truth_sim/install/usv_interfaces/lib/libusv_interfaces__rosidl_typesupport_introspection_cpp.so
[0.271s] -- Up-to-date: /home/cczh/temp-code/ground_truth_sim/install/usv_interfaces/lib/libusv_interfaces__rosidl_typesupport_cpp.so
[0.271s] -- Up-to-date: /home/cczh/temp-code/ground_truth_sim/install/usv_interfaces/share/usv_interfaces/environment/pythonpath.sh
[0.271s] -- Up-to-date: /home/cczh/temp-code/ground_truth_sim/install/usv_interfaces/share/usv_interfaces/environment/pythonpath.dsv
[0.271s] -- Up-to-date: /home/cczh/temp-code/ground_truth_sim/install/usv_interfaces/local/lib/python3.10/dist-packages/usv_interfaces-0.1.0-py3.10.egg-info
[0.271s] -- Installing: /home/cczh/temp-code/ground_truth_sim/install/usv_interfaces/local/lib/python3.10/dist-packages/usv_interfaces-0.1.0-py3.10.egg-info/PKG-INFO
[0.271s] -- Installing: /home/cczh/temp-code/ground_truth_sim/install/usv_interfaces/local/lib/python3.10/dist-packages/usv_interfaces-0.1.0-py3.10.egg-info/dependency_links.txt
[0.271s] -- Installing: /home/cczh/temp-code/ground_truth_sim/install/usv_interfaces/local/lib/python3.10/dist-packages/usv_interfaces-0.1.0-py3.10.egg-info/top_level.txt
[0.271s] -- Installing: /home/cczh/temp-code/ground_truth_sim/install/usv_interfaces/local/lib/python3.10/dist-packages/usv_interfaces-0.1.0-py3.10.egg-info/SOURCES.txt
[0.271s] -- Up-to-date: /home/cczh/temp-code/ground_truth_sim/install/usv_interfaces/local/lib/python3.10/dist-packages/usv_interfaces
[0.271s] -- Up-to-date: /home/cczh/temp-code/ground_truth_sim/install/usv_interfaces/local/lib/python3.10/dist-packages/usv_interfaces/__init__.py
[0.271s] -- Up-to-date: /home/cczh/temp-code/ground_truth_sim/install/usv_interfaces/local/lib/python3.10/dist-packages/usv_interfaces/msg
[0.271s] -- Up-to-date: /home/cczh/temp-code/ground_truth_sim/install/usv_interfaces/local/lib/python3.10/dist-packages/usv_interfaces/msg/_control_deviation.py
[0.271s] -- Up-to-date: /home/cczh/temp-code/ground_truth_sim/install/usv_interfaces/local/lib/python3.10/dist-packages/usv_interfaces/msg/_control_deviation_s.c
[0.271s] -- Up-to-date: /home/cczh/temp-code/ground_truth_sim/install/usv_interfaces/local/lib/python3.10/dist-packages/usv_interfaces/msg/_operation_mode.py
[0.271s] -- Up-to-date: /home/cczh/temp-code/ground_truth_sim/install/usv_interfaces/local/lib/python3.10/dist-packages/usv_interfaces/msg/_operation_mode_s.c
[0.271s] -- Up-to-date: /home/cczh/temp-code/ground_truth_sim/install/usv_interfaces/local/lib/python3.10/dist-packages/usv_interfaces/msg/_vision_detection.py
[0.271s] -- Up-to-date: /home/cczh/temp-code/ground_truth_sim/install/usv_interfaces/local/lib/python3.10/dist-packages/usv_interfaces/msg/_vision_detection_s.c
[0.271s] -- Up-to-date: /home/cczh/temp-code/ground_truth_sim/install/usv_interfaces/local/lib/python3.10/dist-packages/usv_interfaces/msg/_vision_detection_array.py
[0.272s] -- Up-to-date: /home/cczh/temp-code/ground_truth_sim/install/usv_interfaces/local/lib/python3.10/dist-packages/usv_interfaces/msg/_vision_detection_array_s.c
[0.272s] -- Up-to-date: /home/cczh/temp-code/ground_truth_sim/install/usv_interfaces/local/lib/python3.10/dist-packages/usv_interfaces/msg/_mmwave_target.py
[0.272s] -- Up-to-date: /home/cczh/temp-code/ground_truth_sim/install/usv_interfaces/local/lib/python3.10/dist-packages/usv_interfaces/msg/_mmwave_target_s.c
[0.272s] -- Up-to-date: /home/cczh/temp-code/ground_truth_sim/install/usv_interfaces/local/lib/python3.10/dist-packages/usv_interfaces/msg/_mmwave_target_array.py
[0.272s] -- Up-to-date: /home/cczh/temp-code/ground_truth_sim/install/usv_interfaces/local/lib/python3.10/dist-packages/usv_interfaces/msg/_mmwave_target_array_s.c
[0.272s] -- Up-to-date: /home/cczh/temp-code/ground_truth_sim/install/usv_interfaces/local/lib/python3.10/dist-packages/usv_interfaces/msg/_nav_radar_target.py
[0.272s] -- Up-to-date: /home/cczh/temp-code/ground_truth_sim/install/usv_interfaces/local/lib/python3.10/dist-packages/usv_interfaces/msg/_nav_radar_target_s.c
[0.272s] -- Up-to-date: /home/cczh/temp-code/ground_truth_sim/install/usv_interfaces/local/lib/python3.10/dist-packages/usv_interfaces/msg/_nav_radar_target_array.py
[0.272s] -- Up-to-date: /home/cczh/temp-code/ground_truth_sim/install/usv_interfaces/local/lib/python3.10/dist-packages/usv_interfaces/msg/_nav_radar_target_array_s.c
[0.272s] -- Up-to-date: /home/cczh/temp-code/ground_truth_sim/install/usv_interfaces/local/lib/python3.10/dist-packages/usv_interfaces/msg/_ais_track.py
[0.272s] -- Up-to-date: /home/cczh/temp-code/ground_truth_sim/install/usv_interfaces/local/lib/python3.10/dist-packages/usv_interfaces/msg/_ais_track_s.c
[0.272s] -- Up-to-date: /home/cczh/temp-code/ground_truth_sim/install/usv_interfaces/local/lib/python3.10/dist-packages/usv_interfaces/msg/_ais_track_array.py
[0.272s] -- Up-to-date: /home/cczh/temp-code/ground_truth_sim/install/usv_interfaces/local/lib/python3.10/dist-packages/usv_interfaces/msg/_ais_track_array_s.c
[0.272s] -- Up-to-date: /home/cczh/temp-code/ground_truth_sim/install/usv_interfaces/local/lib/python3.10/dist-packages/usv_interfaces/msg/_global_track.py
[0.272s] -- Up-to-date: /home/cczh/temp-code/ground_truth_sim/install/usv_interfaces/local/lib/python3.10/dist-packages/usv_interfaces/msg/_global_track_s.c
[0.272s] -- Up-to-date: /home/cczh/temp-code/ground_truth_sim/install/usv_interfaces/local/lib/python3.10/dist-packages/usv_interfaces/msg/_global_track_array.py
[0.272s] -- Up-to-date: /home/cczh/temp-code/ground_truth_sim/install/usv_interfaces/local/lib/python3.10/dist-packages/usv_interfaces/msg/_global_track_array_s.c
[0.272s] -- Up-to-date: /home/cczh/temp-code/ground_truth_sim/install/usv_interfaces/local/lib/python3.10/dist-packages/usv_interfaces/msg/_vessel_state.py
[0.272s] -- Up-to-date: /home/cczh/temp-code/ground_truth_sim/install/usv_interfaces/local/lib/python3.10/dist-packages/usv_interfaces/msg/_vessel_state_s.c
[0.272s] -- Up-to-date: /home/cczh/temp-code/ground_truth_sim/install/usv_interfaces/local/lib/python3.10/dist-packages/usv_interfaces/msg/_fused_track_sample.py
[0.272s] -- Up-to-date: /home/cczh/temp-code/ground_truth_sim/install/usv_interfaces/local/lib/python3.10/dist-packages/usv_interfaces/msg/_fused_track_sample_s.c
[0.272s] -- Up-to-date: /home/cczh/temp-code/ground_truth_sim/install/usv_interfaces/local/lib/python3.10/dist-packages/usv_interfaces/msg/_fused_target_profile.py
[0.272s] -- Up-to-date: /home/cczh/temp-code/ground_truth_sim/install/usv_interfaces/local/lib/python3.10/dist-packages/usv_interfaces/msg/_fused_target_profile_s.c
[0.272s] -- Up-to-date: /home/cczh/temp-code/ground_truth_sim/install/usv_interfaces/local/lib/python3.10/dist-packages/usv_interfaces/msg/_fused_target_snapshot.py
[0.272s] -- Up-to-date: /home/cczh/temp-code/ground_truth_sim/install/usv_interfaces/local/lib/python3.10/dist-packages/usv_interfaces/msg/_fused_target_snapshot_s.c
[0.272s] -- Up-to-date: /home/cczh/temp-code/ground_truth_sim/install/usv_interfaces/local/lib/python3.10/dist-packages/usv_interfaces/msg/_fused_scene_snapshot.py
[0.272s] -- Up-to-date: /home/cczh/temp-code/ground_truth_sim/install/usv_interfaces/local/lib/python3.10/dist-packages/usv_interfaces/msg/_fused_scene_snapshot_s.c
[0.272s] -- Up-to-date: /home/cczh/temp-code/ground_truth_sim/install/usv_interfaces/local/lib/python3.10/dist-packages/usv_interfaces/msg/_fused_target_catalog.py
[0.272s] -- Up-to-date: /home/cczh/temp-code/ground_truth_sim/install/usv_interfaces/local/lib/python3.10/dist-packages/usv_interfaces/msg/_fused_target_catalog_s.c
[0.272s] -- Up-to-date: /home/cczh/temp-code/ground_truth_sim/install/usv_interfaces/local/lib/python3.10/dist-packages/usv_interfaces/msg/__init__.py
[0.272s] -- Up-to-date: /home/cczh/temp-code/ground_truth_sim/install/usv_interfaces/local/lib/python3.10/dist-packages/usv_interfaces/srv
[0.272s] -- Up-to-date: /home/cczh/temp-code/ground_truth_sim/install/usv_interfaces/local/lib/python3.10/dist-packages/usv_interfaces/srv/_control_device.py
[0.272s] -- Up-to-date: /home/cczh/temp-code/ground_truth_sim/install/usv_interfaces/local/lib/python3.10/dist-packages/usv_interfaces/srv/_control_device_s.c
[0.272s] -- Up-to-date: /home/cczh/temp-code/ground_truth_sim/install/usv_interfaces/local/lib/python3.10/dist-packages/usv_interfaces/srv/_get_target_history.py
[0.272s] -- Up-to-date: /home/cczh/temp-code/ground_truth_sim/install/usv_interfaces/local/lib/python3.10/dist-packages/usv_interfaces/srv/_get_target_history_s.c
[0.272s] -- Up-to-date: /home/cczh/temp-code/ground_truth_sim/install/usv_interfaces/local/lib/python3.10/dist-packages/usv_interfaces/srv/__init__.py
[0.272s] -- Up-to-date: /home/cczh/temp-code/ground_truth_sim/install/usv_interfaces/local/lib/python3.10/dist-packages/usv_interfaces/action
[0.272s] -- Up-to-date: /home/cczh/temp-code/ground_truth_sim/install/usv_interfaces/local/lib/python3.10/dist-packages/usv_interfaces/action/_execute_mission.py
[0.272s] -- Up-to-date: /home/cczh/temp-code/ground_truth_sim/install/usv_interfaces/local/lib/python3.10/dist-packages/usv_interfaces/action/_execute_mission_s.c
[0.272s] -- Up-to-date: /home/cczh/temp-code/ground_truth_sim/install/usv_interfaces/local/lib/python3.10/dist-packages/usv_interfaces/action/__init__.py
[0.272s] -- Up-to-date: /home/cczh/temp-code/ground_truth_sim/install/usv_interfaces/local/lib/python3.10/dist-packages/usv_interfaces/_usv_interfaces_s.ep.rosidl_typesupport_fastrtps_c.c
[0.272s] -- Up-to-date: /home/cczh/temp-code/ground_truth_sim/install/usv_interfaces/local/lib/python3.10/dist-packages/usv_interfaces/_usv_interfaces_s.ep.rosidl_typesupport_introspection_c.c
[0.272s] -- Up-to-date: /home/cczh/temp-code/ground_truth_sim/install/usv_interfaces/local/lib/python3.10/dist-packages/usv_interfaces/_usv_interfaces_s.ep.rosidl_typesupport_c.c
[0.272s] -- Up-to-date: /home/cczh/temp-code/ground_truth_sim/install/usv_interfaces/local/lib/python3.10/dist-packages/usv_interfaces/libusv_interfaces__rosidl_generator_py.so
[0.272s] -- Up-to-date: /home/cczh/temp-code/ground_truth_sim/install/usv_interfaces/local/lib/python3.10/dist-packages/usv_interfaces/usv_interfaces_s__rosidl_typesupport_fastrtps_c.cpython-310-x86_64-linux-gnu.so
[0.272s] -- Up-to-date: /home/cczh/temp-code/ground_truth_sim/install/usv_interfaces/local/lib/python3.10/dist-packages/usv_interfaces/usv_interfaces_s__rosidl_typesupport_introspection_c.cpython-310-x86_64-linux-gnu.so
[0.273s] -- Up-to-date: /home/cczh/temp-code/ground_truth_sim/install/usv_interfaces/local/lib/python3.10/dist-packages/usv_interfaces/usv_interfaces_s__rosidl_typesupport_c.cpython-310-x86_64-linux-gnu.so
[0.288s] Listing '/home/cczh/temp-code/ground_truth_sim/install/usv_interfaces/local/lib/python3.10/dist-packages/usv_interfaces'...
[0.288s] Listing '/home/cczh/temp-code/ground_truth_sim/install/usv_interfaces/local/lib/python3.10/dist-packages/usv_interfaces/action'...
[0.288s] Listing '/home/cczh/temp-code/ground_truth_sim/install/usv_interfaces/local/lib/python3.10/dist-packages/usv_interfaces/msg'...
[0.288s] Listing '/home/cczh/temp-code/ground_truth_sim/install/usv_interfaces/local/lib/python3.10/dist-packages/usv_interfaces/srv'...
[0.290s] -- Up-to-date: /home/cczh/temp-code/ground_truth_sim/install/usv_interfaces/local/lib/python3.10/dist-packages/usv_interfaces/usv_interfaces_s__rosidl_typesupport_fastrtps_c.cpython-310-x86_64-linux-gnu.so
[0.290s] -- Up-to-date: /home/cczh/temp-code/ground_truth_sim/install/usv_interfaces/local/lib/python3.10/dist-packages/usv_interfaces/usv_interfaces_s__rosidl_typesupport_introspection_c.cpython-310-x86_64-linux-gnu.so
[0.291s] -- Up-to-date: /home/cczh/temp-code/ground_truth_sim/install/usv_interfaces/local/lib/python3.10/dist-packages/usv_interfaces/usv_interfaces_s__rosidl_typesupport_c.cpython-310-x86_64-linux-gnu.so
[0.291s] -- Up-to-date: /home/cczh/temp-code/ground_truth_sim/install/usv_interfaces/lib/libusv_interfaces__rosidl_generator_py.so
[0.291s] -- Up-to-date: /home/cczh/temp-code/ground_truth_sim/install/usv_interfaces/share/usv_interfaces/msg/ControlDeviation.idl
[0.291s] -- Up-to-date: /home/cczh/temp-code/ground_truth_sim/install/usv_interfaces/share/usv_interfaces/msg/OperationMode.idl
[0.291s] -- Up-to-date: /home/cczh/temp-code/ground_truth_sim/install/usv_interfaces/share/usv_interfaces/msg/VisionDetection.idl
[0.291s] -- Up-to-date: /home/cczh/temp-code/ground_truth_sim/install/usv_interfaces/share/usv_interfaces/msg/VisionDetectionArray.idl
[0.291s] -- Up-to-date: /home/cczh/temp-code/ground_truth_sim/install/usv_interfaces/share/usv_interfaces/msg/MmwaveTarget.idl
[0.291s] -- Up-to-date: /home/cczh/temp-code/ground_truth_sim/install/usv_interfaces/share/usv_interfaces/msg/MmwaveTargetArray.idl
[0.291s] -- Up-to-date: /home/cczh/temp-code/ground_truth_sim/install/usv_interfaces/share/usv_interfaces/msg/NavRadarTarget.idl
[0.291s] -- Up-to-date: /home/cczh/temp-code/ground_truth_sim/install/usv_interfaces/share/usv_interfaces/msg/NavRadarTargetArray.idl
[0.291s] -- Up-to-date: /home/cczh/temp-code/ground_truth_sim/install/usv_interfaces/share/usv_interfaces/msg/AISTrack.idl
[0.291s] -- Up-to-date: /home/cczh/temp-code/ground_truth_sim/install/usv_interfaces/share/usv_interfaces/msg/AISTrackArray.idl
[0.291s] -- Up-to-date: /home/cczh/temp-code/ground_truth_sim/install/usv_interfaces/share/usv_interfaces/msg/GlobalTrack.idl
[0.291s] -- Up-to-date: /home/cczh/temp-code/ground_truth_sim/install/usv_interfaces/share/usv_interfaces/msg/GlobalTrackArray.idl
[0.291s] -- Up-to-date: /home/cczh/temp-code/ground_truth_sim/install/usv_interfaces/share/usv_interfaces/msg/VesselState.idl
[0.291s] -- Up-to-date: /home/cczh/temp-code/ground_truth_sim/install/usv_interfaces/share/usv_interfaces/msg/FusedTrackSample.idl
[0.291s] -- Up-to-date: /home/cczh/temp-code/ground_truth_sim/install/usv_interfaces/share/usv_interfaces/msg/FusedTargetProfile.idl
[0.291s] -- Up-to-date: /home/cczh/temp-code/ground_truth_sim/install/usv_interfaces/share/usv_interfaces/msg/FusedTargetSnapshot.idl
[0.291s] -- Up-to-date: /home/cczh/temp-code/ground_truth_sim/install/usv_interfaces/share/usv_interfaces/msg/FusedSceneSnapshot.idl
[0.292s] -- Up-to-date: /home/cczh/temp-code/ground_truth_sim/install/usv_interfaces/share/usv_interfaces/msg/FusedTargetCatalog.idl
[0.292s] -- Up-to-date: /home/cczh/temp-code/ground_truth_sim/install/usv_interfaces/share/usv_interfaces/srv/ControlDevice.idl
[0.292s] -- Up-to-date: /home/cczh/temp-code/ground_truth_sim/install/usv_interfaces/share/usv_interfaces/srv/GetTargetHistory.idl
[0.292s] -- Up-to-date: /home/cczh/temp-code/ground_truth_sim/install/usv_interfaces/share/usv_interfaces/action/ExecuteMission.idl
[0.292s] -- Up-to-date: /home/cczh/temp-code/ground_truth_sim/install/usv_interfaces/share/usv_interfaces/msg/ControlDeviation.msg
[0.292s] -- Up-to-date: /home/cczh/temp-code/ground_truth_sim/install/usv_interfaces/share/usv_interfaces/msg/OperationMode.msg
[0.292s] -- Up-to-date: /home/cczh/temp-code/ground_truth_sim/install/usv_interfaces/share/usv_interfaces/msg/VisionDetection.msg
[0.292s] -- Up-to-date: /home/cczh/temp-code/ground_truth_sim/install/usv_interfaces/share/usv_interfaces/msg/VisionDetectionArray.msg
[0.292s] -- Up-to-date: /home/cczh/temp-code/ground_truth_sim/install/usv_interfaces/share/usv_interfaces/msg/MmwaveTarget.msg
[0.292s] -- Up-to-date: /home/cczh/temp-code/ground_truth_sim/install/usv_interfaces/share/usv_interfaces/msg/MmwaveTargetArray.msg
[0.292s] -- Up-to-date: /home/cczh/temp-code/ground_truth_sim/install/usv_interfaces/share/usv_interfaces/msg/NavRadarTarget.msg
[0.292s] -- Up-to-date: /home/cczh/temp-code/ground_truth_sim/install/usv_interfaces/share/usv_interfaces/msg/NavRadarTargetArray.msg
[0.292s] -- Up-to-date: /home/cczh/temp-code/ground_truth_sim/install/usv_interfaces/share/usv_interfaces/msg/AISTrack.msg
[0.292s] -- Up-to-date: /home/cczh/temp-code/ground_truth_sim/install/usv_interfaces/share/usv_interfaces/msg/AISTrackArray.msg
[0.292s] -- Up-to-date: /home/cczh/temp-code/ground_truth_sim/install/usv_interfaces/share/usv_interfaces/msg/GlobalTrack.msg
[0.292s] -- Up-to-date: /home/cczh/temp-code/ground_truth_sim/install/usv_interfaces/share/usv_interfaces/msg/GlobalTrackArray.msg
[0.292s] -- Up-to-date: /home/cczh/temp-code/ground_truth_sim/install/usv_interfaces/share/usv_interfaces/msg/VesselState.msg
[0.292s] -- Up-to-date: /home/cczh/temp-code/ground_truth_sim/install/usv_interfaces/share/usv_interfaces/msg/FusedTrackSample.msg
[0.292s] -- Up-to-date: /home/cczh/temp-code/ground_truth_sim/install/usv_interfaces/share/usv_interfaces/msg/FusedTargetProfile.msg
[0.292s] -- Up-to-date: /home/cczh/temp-code/ground_truth_sim/install/usv_interfaces/share/usv_interfaces/msg/FusedTargetSnapshot.msg
[0.292s] -- Up-to-date: /home/cczh/temp-code/ground_truth_sim/install/usv_interfaces/share/usv_interfaces/msg/FusedSceneSnapshot.msg
[0.292s] -- Up-to-date: /home/cczh/temp-code/ground_truth_sim/install/usv_interfaces/share/usv_interfaces/msg/FusedTargetCatalog.msg
[0.292s] -- Up-to-date: /home/cczh/temp-code/ground_truth_sim/install/usv_interfaces/share/usv_interfaces/srv/ControlDevice.srv
[0.292s] -- Up-to-date: /home/cczh/temp-code/ground_truth_sim/install/usv_interfaces/share/usv_interfaces/srv/ControlDevice_Request.msg
[0.292s] -- Up-to-date: /home/cczh/temp-code/ground_truth_sim/install/usv_interfaces/share/usv_interfaces/srv/ControlDevice_Response.msg
[0.293s] -- Up-to-date: /home/cczh/temp-code/ground_truth_sim/install/usv_interfaces/share/usv_interfaces/srv/GetTargetHistory.srv
[0.293s] -- Up-to-date: /home/cczh/temp-code/ground_truth_sim/install/usv_interfaces/share/usv_interfaces/srv/GetTargetHistory_Request.msg
[0.293s] -- Up-to-date: /home/cczh/temp-code/ground_truth_sim/install/usv_interfaces/share/usv_interfaces/srv/GetTargetHistory_Response.msg
[0.293s] -- Up-to-date: /home/cczh/temp-code/ground_truth_sim/install/usv_interfaces/share/usv_interfaces/action/ExecuteMission.action
[0.293s] -- Up-to-date: /home/cczh/temp-code/ground_truth_sim/install/usv_interfaces/include
[0.293s] -- Up-to-date: /home/cczh/temp-code/ground_truth_sim/install/usv_interfaces/include/usv_interfaces
[0.293s] -- Up-to-date: /home/cczh/temp-code/ground_truth_sim/install/usv_interfaces/include/usv_interfaces/topics.hpp
[0.293s] -- Up-to-date: /home/cczh/temp-code/ground_truth_sim/install/usv_interfaces/share/ament_index/resource_index/package_run_dependencies/usv_interfaces
[0.293s] -- Up-to-date: /home/cczh/temp-code/ground_truth_sim/install/usv_interfaces/share/ament_index/resource_index/parent_prefix_path/usv_interfaces
[0.293s] -- Up-to-date: /home/cczh/temp-code/ground_truth_sim/install/usv_interfaces/share/usv_interfaces/environment/ament_prefix_path.sh
[0.293s] -- Up-to-date: /home/cczh/temp-code/ground_truth_sim/install/usv_interfaces/share/usv_interfaces/environment/ament_prefix_path.dsv
[0.293s] -- Up-to-date: /home/cczh/temp-code/ground_truth_sim/install/usv_interfaces/share/usv_interfaces/environment/path.sh
[0.293s] -- Up-to-date: /home/cczh/temp-code/ground_truth_sim/install/usv_interfaces/share/usv_interfaces/environment/path.dsv
[0.293s] -- Up-to-date: /home/cczh/temp-code/ground_truth_sim/install/usv_interfaces/share/usv_interfaces/local_setup.bash
[0.293s] -- Up-to-date: /home/cczh/temp-code/ground_truth_sim/install/usv_interfaces/share/usv_interfaces/local_setup.sh
[0.293s] -- Up-to-date: /home/cczh/temp-code/ground_truth_sim/install/usv_interfaces/share/usv_interfaces/local_setup.zsh
[0.293s] -- Up-to-date: /home/cczh/temp-code/ground_truth_sim/install/usv_interfaces/share/usv_interfaces/local_setup.dsv
[0.293s] -- Installing: /home/cczh/temp-code/ground_truth_sim/install/usv_interfaces/share/usv_interfaces/package.dsv
[0.293s] -- Up-to-date: /home/cczh/temp-code/ground_truth_sim/install/usv_interfaces/share/ament_index/resource_index/packages/usv_interfaces
[0.293s] -- Up-to-date: /home/cczh/temp-code/ground_truth_sim/install/usv_interfaces/share/usv_interfaces/cmake/export_usv_interfaces__rosidl_generator_cExport.cmake
[0.293s] -- Up-to-date: /home/cczh/temp-code/ground_truth_sim/install/usv_interfaces/share/usv_interfaces/cmake/export_usv_interfaces__rosidl_generator_cExport-noconfig.cmake
[0.293s] -- Up-to-date: /home/cczh/temp-code/ground_truth_sim/install/usv_interfaces/share/usv_interfaces/cmake/export_usv_interfaces__rosidl_typesupport_fastrtps_cExport.cmake
[0.293s] -- Up-to-date: /home/cczh/temp-code/ground_truth_sim/install/usv_interfaces/share/usv_interfaces/cmake/export_usv_interfaces__rosidl_typesupport_fastrtps_cExport-noconfig.cmake
[0.293s] -- Up-to-date: /home/cczh/temp-code/ground_truth_sim/install/usv_interfaces/share/usv_interfaces/cmake/export_usv_interfaces__rosidl_generator_cppExport.cmake
[0.293s] -- Up-to-date: /home/cczh/temp-code/ground_truth_sim/install/usv_interfaces/share/usv_interfaces/cmake/export_usv_interfaces__rosidl_typesupport_fastrtps_cppExport.cmake
[0.293s] -- Up-to-date: /home/cczh/temp-code/ground_truth_sim/install/usv_interfaces/share/usv_interfaces/cmake/export_usv_interfaces__rosidl_typesupport_fastrtps_cppExport-noconfig.cmake
[0.293s] -- Up-to-date: /home/cczh/temp-code/ground_truth_sim/install/usv_interfaces/share/usv_interfaces/cmake/usv_interfaces__rosidl_typesupport_introspection_cExport.cmake
[0.293s] -- Up-to-date: /home/cczh/temp-code/ground_truth_sim/install/usv_interfaces/share/usv_interfaces/cmake/usv_interfaces__rosidl_typesupport_introspection_cExport-noconfig.cmake
[0.293s] -- Up-to-date: /home/cczh/temp-code/ground_truth_sim/install/usv_interfaces/share/usv_interfaces/cmake/usv_interfaces__rosidl_typesupport_cExport.cmake
[0.293s] -- Up-to-date: /home/cczh/temp-code/ground_truth_sim/install/usv_interfaces/share/usv_interfaces/cmake/usv_interfaces__rosidl_typesupport_cExport-noconfig.cmake
[0.293s] -- Up-to-date: /home/cczh/temp-code/ground_truth_sim/install/usv_interfaces/share/usv_interfaces/cmake/usv_interfaces__rosidl_typesupport_introspection_cppExport.cmake
[0.294s] -- Up-to-date: /home/cczh/temp-code/ground_truth_sim/install/usv_interfaces/share/usv_interfaces/cmake/usv_interfaces__rosidl_typesupport_introspection_cppExport-noconfig.cmake
[0.294s] -- Up-to-date: /home/cczh/temp-code/ground_truth_sim/install/usv_interfaces/share/usv_interfaces/cmake/usv_interfaces__rosidl_typesupport_cppExport.cmake
[0.294s] -- Up-to-date: /home/cczh/temp-code/ground_truth_sim/install/usv_interfaces/share/usv_interfaces/cmake/usv_interfaces__rosidl_typesupport_cppExport-noconfig.cmake
[0.294s] -- Up-to-date: /home/cczh/temp-code/ground_truth_sim/install/usv_interfaces/share/usv_interfaces/cmake/export_usv_interfaces__rosidl_generator_pyExport.cmake
[0.294s] -- Up-to-date: /home/cczh/temp-code/ground_truth_sim/install/usv_interfaces/share/usv_interfaces/cmake/export_usv_interfaces__rosidl_generator_pyExport-noconfig.cmake
[0.294s] -- Up-to-date: /home/cczh/temp-code/ground_truth_sim/install/usv_interfaces/share/usv_interfaces/cmake/rosidl_cmake-extras.cmake
[0.294s] -- Up-to-date: /home/cczh/temp-code/ground_truth_sim/install/usv_interfaces/share/usv_interfaces/cmake/ament_cmake_export_dependencies-extras.cmake
[0.294s] -- Up-to-date: /home/cczh/temp-code/ground_truth_sim/install/usv_interfaces/share/usv_interfaces/cmake/ament_cmake_export_include_directories-extras.cmake
[0.294s] -- Up-to-date: /home/cczh/temp-code/ground_truth_sim/install/usv_interfaces/share/usv_interfaces/cmake/ament_cmake_export_libraries-extras.cmake
[0.294s] -- Up-to-date: /home/cczh/temp-code/ground_truth_sim/install/usv_interfaces/share/usv_interfaces/cmake/ament_cmake_export_targets-extras.cmake
[0.294s] -- Up-to-date: /home/cczh/temp-code/ground_truth_sim/install/usv_interfaces/share/usv_interfaces/cmake/rosidl_cmake_export_typesupport_targets-extras.cmake
[0.294s] -- Up-to-date: /home/cczh/temp-code/ground_truth_sim/install/usv_interfaces/share/usv_interfaces/cmake/rosidl_cmake_export_typesupport_libraries-extras.cmake
[0.294s] -- Up-to-date: /home/cczh/temp-code/ground_truth_sim/install/usv_interfaces/share/usv_interfaces/cmake/usv_interfacesConfig.cmake
[0.294s] -- Up-to-date: /home/cczh/temp-code/ground_truth_sim/install/usv_interfaces/share/usv_interfaces/cmake/usv_interfacesConfig-version.cmake
[0.294s] -- Up-to-date: /home/cczh/temp-code/ground_truth_sim/install/usv_interfaces/share/usv_interfaces/package.xml
[0.296s] Invoked command in '/home/cczh/temp-code/ground_truth_sim/build/usv_interfaces' returned '0': CMAKE_PREFIX_PATH=${CMAKE_PREFIX_PATH}:/home/cczh/temp-code/ground_truth_sim/install/usv_fusion:/home/cczh/temp-code/ground_truth_sim/install/ground_truth_sim:/home/cczh/temp-code/ground_truth_sim/install/usv_event_fusion:/home/cczh/temp-code/ground_truth_sim/install/percision_sim:/opt/ros/humble /usr/bin/cmake --install /home/cczh/temp-code/ground_truth_sim/build/usv_interfaces
