/home/cczh/temp-code/ground_truth_sim/install/ground_truth_sim/lib/python3.10/site-packages/ground_truth_sim/__init__.py
/home/cczh/temp-code/ground_truth_sim/install/ground_truth_sim/lib/python3.10/site-packages/ground_truth_sim/ground_truth_node.py
/home/cczh/temp-code/ground_truth_sim/install/ground_truth_sim/lib/python3.10/site-packages/ground_truth_sim/static_tf_broadcaster.py
/home/cczh/temp-code/ground_truth_sim/install/ground_truth_sim/lib/python3.10/site-packages/ground_truth_sim/ctrv.py
/home/cczh/temp-code/ground_truth_sim/install/ground_truth_sim/lib/python3.10/site-packages/ground_truth_sim/range_overlay_node.py
/home/cczh/temp-code/ground_truth_sim/install/ground_truth_sim/lib/python3.10/site-packages/ground_truth_sim/__pycache__/__init__.cpython-310.pyc
/home/cczh/temp-code/ground_truth_sim/install/ground_truth_sim/lib/python3.10/site-packages/ground_truth_sim/__pycache__/ground_truth_node.cpython-310.pyc
/home/cczh/temp-code/ground_truth_sim/install/ground_truth_sim/lib/python3.10/site-packages/ground_truth_sim/__pycache__/static_tf_broadcaster.cpython-310.pyc
/home/cczh/temp-code/ground_truth_sim/install/ground_truth_sim/lib/python3.10/site-packages/ground_truth_sim/__pycache__/ctrv.cpython-310.pyc
/home/cczh/temp-code/ground_truth_sim/install/ground_truth_sim/lib/python3.10/site-packages/ground_truth_sim/__pycache__/range_overlay_node.cpython-310.pyc
/home/cczh/temp-code/ground_truth_sim/install/ground_truth_sim/share/ament_index/resource_index/packages/ground_truth_sim
/home/cczh/temp-code/ground_truth_sim/install/ground_truth_sim/share/ground_truth_sim/package.xml
/home/cczh/temp-code/ground_truth_sim/install/ground_truth_sim/share/ground_truth_sim/rviz/ground_truth_view.rviz
/home/cczh/temp-code/ground_truth_sim/install/ground_truth_sim/share/ground_truth_sim/rviz/ground_truth_only.rviz
/home/cczh/temp-code/ground_truth_sim/install/ground_truth_sim/share/ground_truth_sim/rviz/three_sensor_fusion_view.rviz
/home/cczh/temp-code/ground_truth_sim/install/ground_truth_sim/share/ground_truth_sim/config/ground_truth_params.yaml
/home/cczh/temp-code/ground_truth_sim/install/ground_truth_sim/share/ground_truth_sim/config/range_overlay_params.yaml
/home/cczh/temp-code/ground_truth_sim/install/ground_truth_sim/share/ground_truth_sim/config/three_sensor_overlay_params.yaml
/home/cczh/temp-code/ground_truth_sim/install/ground_truth_sim/share/ground_truth_sim/launch/ground_truth_sim.launch.py
/home/cczh/temp-code/ground_truth_sim/install/ground_truth_sim/share/ground_truth_sim/launch/full_stack_sim.launch.py
/home/cczh/temp-code/ground_truth_sim/install/ground_truth_sim/share/ground_truth_sim/launch/three_sensor_fusion_sim.launch.py
/home/cczh/temp-code/ground_truth_sim/install/ground_truth_sim/lib/python3.10/site-packages/ground_truth_sim-0.1.0-py3.10.egg-info/PKG-INFO
/home/cczh/temp-code/ground_truth_sim/install/ground_truth_sim/lib/python3.10/site-packages/ground_truth_sim-0.1.0-py3.10.egg-info/zip-safe
/home/cczh/temp-code/ground_truth_sim/install/ground_truth_sim/lib/python3.10/site-packages/ground_truth_sim-0.1.0-py3.10.egg-info/dependency_links.txt
/home/cczh/temp-code/ground_truth_sim/install/ground_truth_sim/lib/python3.10/site-packages/ground_truth_sim-0.1.0-py3.10.egg-info/entry_points.txt
/home/cczh/temp-code/ground_truth_sim/install/ground_truth_sim/lib/python3.10/site-packages/ground_truth_sim-0.1.0-py3.10.egg-info/requires.txt
/home/cczh/temp-code/ground_truth_sim/install/ground_truth_sim/lib/python3.10/site-packages/ground_truth_sim-0.1.0-py3.10.egg-info/top_level.txt
/home/cczh/temp-code/ground_truth_sim/install/ground_truth_sim/lib/python3.10/site-packages/ground_truth_sim-0.1.0-py3.10.egg-info/SOURCES.txt
/home/cczh/temp-code/ground_truth_sim/install/ground_truth_sim/lib/ground_truth_sim/ground_truth_node
/home/cczh/temp-code/ground_truth_sim/install/ground_truth_sim/lib/ground_truth_sim/range_overlay_node
/home/cczh/temp-code/ground_truth_sim/install/ground_truth_sim/lib/ground_truth_sim/static_tf_broadcaster
