[0.372s] Invoking command in '/home/cczh/temp-code/ground_truth_sim/src/sim': AMENT_PREFIX_PATH=/home/cczh/temp-code/ground_truth_sim/install/usv_event_fusion:/home/cczh/temp-code/ground_truth_sim/install/usv_fusion:/home/cczh/temp-code/ground_truth_sim/install/ground_truth_sim:/home/cczh/temp-code/ground_truth_sim/install/percision_sim:/home/cczh/temp-code/ground_truth_sim/install/usv_interfaces:/opt/ros/humble PYTHONPATH=/home/cczh/temp-code/ground_truth_sim/build/ground_truth_sim/prefix_override:/usr/lib/python3/dist-packages/colcon_core/task/python/colcon_distutils_commands:/home/cczh/temp-code/ground_truth_sim/install/ground_truth_sim/lib/python3.10/site-packages:/home/cczh/temp-code/ground_truth_sim/install/usv_event_fusion/lib/python3.10/site-packages:/home/cczh/temp-code/ground_truth_sim/install/usv_fusion/lib/python3.10/site-packages:/home/cczh/temp-code/ground_truth_sim/install/ground_truth_sim/lib/python3.10/site-packages:/home/cczh/temp-code/ground_truth_sim/install/percision_sim/lib/python3.10/site-packages:/home/cczh/temp-code/ground_truth_sim/install/usv_interfaces/local/lib/python3.10/dist-packages:/opt/ros/humble/lib/python3.10/site-packages:/opt/ros/humble/local/lib/python3.10/dist-packages /usr/bin/python3 -W ignore:setup.py install is deprecated -W ignore:easy_install command is deprecated setup.py egg_info --egg-base ../../build/ground_truth_sim build --build-base /home/cczh/temp-code/ground_truth_sim/build/ground_truth_sim/build install --record /home/cczh/temp-code/ground_truth_sim/build/ground_truth_sim/install.log --single-version-externally-managed install_data
[0.481s] running egg_info
[0.481s] creating ../../build/ground_truth_sim/ground_truth_sim.egg-info
[0.488s] writing ../../build/ground_truth_sim/ground_truth_sim.egg-info/PKG-INFO
[0.488s] writing dependency_links to ../../build/ground_truth_sim/ground_truth_sim.egg-info/dependency_links.txt
[0.488s] writing entry points to ../../build/ground_truth_sim/ground_truth_sim.egg-info/entry_points.txt
[0.488s] writing requirements to ../../build/ground_truth_sim/ground_truth_sim.egg-info/requires.txt
[0.488s] writing top-level names to ../../build/ground_truth_sim/ground_truth_sim.egg-info/top_level.txt
[0.488s] writing manifest file '../../build/ground_truth_sim/ground_truth_sim.egg-info/SOURCES.txt'
[0.502s] reading manifest file '../../build/ground_truth_sim/ground_truth_sim.egg-info/SOURCES.txt'
[0.502s] writing manifest file '../../build/ground_truth_sim/ground_truth_sim.egg-info/SOURCES.txt'
[0.502s] running build
[0.502s] running build_py
[0.502s] creating /home/cczh/temp-code/ground_truth_sim/build/ground_truth_sim/build
[0.503s] creating /home/cczh/temp-code/ground_truth_sim/build/ground_truth_sim/build/lib
[0.503s] creating /home/cczh/temp-code/ground_truth_sim/build/ground_truth_sim/build/lib/ground_truth_sim
[0.503s] copying ground_truth_sim/__init__.py -> /home/cczh/temp-code/ground_truth_sim/build/ground_truth_sim/build/lib/ground_truth_sim
[0.503s] copying ground_truth_sim/ground_truth_node.py -> /home/cczh/temp-code/ground_truth_sim/build/ground_truth_sim/build/lib/ground_truth_sim
[0.503s] copying ground_truth_sim/static_tf_broadcaster.py -> /home/cczh/temp-code/ground_truth_sim/build/ground_truth_sim/build/lib/ground_truth_sim
[0.503s] copying ground_truth_sim/ctrv.py -> /home/cczh/temp-code/ground_truth_sim/build/ground_truth_sim/build/lib/ground_truth_sim
[0.503s] copying ground_truth_sim/range_overlay_node.py -> /home/cczh/temp-code/ground_truth_sim/build/ground_truth_sim/build/lib/ground_truth_sim
[0.503s] running install
[0.505s] running install_lib
[0.512s] creating /home/cczh/temp-code/ground_truth_sim/install/ground_truth_sim/lib/python3.10/site-packages/ground_truth_sim
[0.512s] copying /home/cczh/temp-code/ground_truth_sim/build/ground_truth_sim/build/lib/ground_truth_sim/__init__.py -> /home/cczh/temp-code/ground_truth_sim/install/ground_truth_sim/lib/python3.10/site-packages/ground_truth_sim
[0.512s] copying /home/cczh/temp-code/ground_truth_sim/build/ground_truth_sim/build/lib/ground_truth_sim/ground_truth_node.py -> /home/cczh/temp-code/ground_truth_sim/install/ground_truth_sim/lib/python3.10/site-packages/ground_truth_sim
[0.512s] copying /home/cczh/temp-code/ground_truth_sim/build/ground_truth_sim/build/lib/ground_truth_sim/static_tf_broadcaster.py -> /home/cczh/temp-code/ground_truth_sim/install/ground_truth_sim/lib/python3.10/site-packages/ground_truth_sim
[0.513s] copying /home/cczh/temp-code/ground_truth_sim/build/ground_truth_sim/build/lib/ground_truth_sim/ctrv.py -> /home/cczh/temp-code/ground_truth_sim/install/ground_truth_sim/lib/python3.10/site-packages/ground_truth_sim
[0.513s] copying /home/cczh/temp-code/ground_truth_sim/build/ground_truth_sim/build/lib/ground_truth_sim/range_overlay_node.py -> /home/cczh/temp-code/ground_truth_sim/install/ground_truth_sim/lib/python3.10/site-packages/ground_truth_sim
[0.513s] byte-compiling /home/cczh/temp-code/ground_truth_sim/install/ground_truth_sim/lib/python3.10/site-packages/ground_truth_sim/__init__.py to __init__.cpython-310.pyc
[0.513s] byte-compiling /home/cczh/temp-code/ground_truth_sim/install/ground_truth_sim/lib/python3.10/site-packages/ground_truth_sim/ground_truth_node.py to ground_truth_node.cpython-310.pyc
[0.515s] byte-compiling /home/cczh/temp-code/ground_truth_sim/install/ground_truth_sim/lib/python3.10/site-packages/ground_truth_sim/static_tf_broadcaster.py to static_tf_broadcaster.cpython-310.pyc
[0.516s] byte-compiling /home/cczh/temp-code/ground_truth_sim/install/ground_truth_sim/lib/python3.10/site-packages/ground_truth_sim/ctrv.py to ctrv.cpython-310.pyc
[0.516s] byte-compiling /home/cczh/temp-code/ground_truth_sim/install/ground_truth_sim/lib/python3.10/site-packages/ground_truth_sim/range_overlay_node.py to range_overlay_node.cpython-310.pyc
[0.517s] running install_data
[0.517s] creating /home/cczh/temp-code/ground_truth_sim/install/ground_truth_sim/share/ament_index
[0.517s] creating /home/cczh/temp-code/ground_truth_sim/install/ground_truth_sim/share/ament_index/resource_index
[0.517s] creating /home/cczh/temp-code/ground_truth_sim/install/ground_truth_sim/share/ament_index/resource_index/packages
[0.517s] copying resource/ground_truth_sim -> /home/cczh/temp-code/ground_truth_sim/install/ground_truth_sim/share/ament_index/resource_index/packages
[0.517s] copying package.xml -> /home/cczh/temp-code/ground_truth_sim/install/ground_truth_sim/share/ground_truth_sim
[0.518s] creating /home/cczh/temp-code/ground_truth_sim/install/ground_truth_sim/share/ground_truth_sim/rviz
[0.518s] copying rviz/ground_truth_view.rviz -> /home/cczh/temp-code/ground_truth_sim/install/ground_truth_sim/share/ground_truth_sim/rviz
[0.518s] copying rviz/ground_truth_only.rviz -> /home/cczh/temp-code/ground_truth_sim/install/ground_truth_sim/share/ground_truth_sim/rviz
[0.518s] creating /home/cczh/temp-code/ground_truth_sim/install/ground_truth_sim/share/ground_truth_sim/config
[0.518s] copying config/ground_truth_params.yaml -> /home/cczh/temp-code/ground_truth_sim/install/ground_truth_sim/share/ground_truth_sim/config
[0.518s] copying config/range_overlay_params.yaml -> /home/cczh/temp-code/ground_truth_sim/install/ground_truth_sim/share/ground_truth_sim/config
[0.518s] creating /home/cczh/temp-code/ground_truth_sim/install/ground_truth_sim/share/ground_truth_sim/launch
[0.518s] copying launch/ground_truth_sim.launch.py -> /home/cczh/temp-code/ground_truth_sim/install/ground_truth_sim/share/ground_truth_sim/launch
[0.518s] copying launch/full_stack_sim.launch.py -> /home/cczh/temp-code/ground_truth_sim/install/ground_truth_sim/share/ground_truth_sim/launch
[0.518s] running install_egg_info
[0.526s] Copying ../../build/ground_truth_sim/ground_truth_sim.egg-info to /home/cczh/temp-code/ground_truth_sim/install/ground_truth_sim/lib/python3.10/site-packages/ground_truth_sim-0.1.0-py3.10.egg-info
[0.526s] running install_scripts
[0.585s] Installing ground_truth_node script to /home/cczh/temp-code/ground_truth_sim/install/ground_truth_sim/lib/ground_truth_sim
[0.585s] Installing range_overlay_node script to /home/cczh/temp-code/ground_truth_sim/install/ground_truth_sim/lib/ground_truth_sim
[0.585s] Installing static_tf_broadcaster script to /home/cczh/temp-code/ground_truth_sim/install/ground_truth_sim/lib/ground_truth_sim
[0.585s] writing list of installed files to '/home/cczh/temp-code/ground_truth_sim/build/ground_truth_sim/install.log'
[0.597s] Invoked command in '/home/cczh/temp-code/ground_truth_sim/src/sim' returned '0': AMENT_PREFIX_PATH=/home/cczh/temp-code/ground_truth_sim/install/usv_event_fusion:/home/cczh/temp-code/ground_truth_sim/install/usv_fusion:/home/cczh/temp-code/ground_truth_sim/install/ground_truth_sim:/home/cczh/temp-code/ground_truth_sim/install/percision_sim:/home/cczh/temp-code/ground_truth_sim/install/usv_interfaces:/opt/ros/humble PYTHONPATH=/home/cczh/temp-code/ground_truth_sim/build/ground_truth_sim/prefix_override:/usr/lib/python3/dist-packages/colcon_core/task/python/colcon_distutils_commands:/home/cczh/temp-code/ground_truth_sim/install/ground_truth_sim/lib/python3.10/site-packages:/home/cczh/temp-code/ground_truth_sim/install/usv_event_fusion/lib/python3.10/site-packages:/home/cczh/temp-code/ground_truth_sim/install/usv_fusion/lib/python3.10/site-packages:/home/cczh/temp-code/ground_truth_sim/install/ground_truth_sim/lib/python3.10/site-packages:/home/cczh/temp-code/ground_truth_sim/install/percision_sim/lib/python3.10/site-packages:/home/cczh/temp-code/ground_truth_sim/install/usv_interfaces/local/lib/python3.10/dist-packages:/opt/ros/humble/lib/python3.10/site-packages:/opt/ros/humble/local/lib/python3.10/dist-packages /usr/bin/python3 -W ignore:setup.py install is deprecated -W ignore:easy_install command is deprecated setup.py egg_info --egg-base ../../build/ground_truth_sim build --build-base /home/cczh/temp-code/ground_truth_sim/build/ground_truth_sim/build install --record /home/cczh/temp-code/ground_truth_sim/build/ground_truth_sim/install.log --single-version-externally-managed install_data
