running egg_info
writing ../../build/usv_fusion/usv_fusion.egg-info/PKG-INFO
writing dependency_links to ../../build/usv_fusion/usv_fusion.egg-info/dependency_links.txt
writing entry points to ../../build/usv_fusion/usv_fusion.egg-info/entry_points.txt
writing requirements to ../../build/usv_fusion/usv_fusion.egg-info/requires.txt
writing top-level names to ../../build/usv_fusion/usv_fusion.egg-info/top_level.txt
reading manifest file '../../build/usv_fusion/usv_fusion.egg-info/SOURCES.txt'
writing manifest file '../../build/usv_fusion/usv_fusion.egg-info/SOURCES.txt'
running build
running build_py
copying usv_fusion/__init__.py -> /home/cczh/temp-code/ground_truth_sim/build/usv_fusion/build/lib/usv_fusion
copying usv_fusion/association_fusion.py -> /home/cczh/temp-code/ground_truth_sim/build/usv_fusion/build/lib/usv_fusion
copying usv_fusion/sensor_fusion_node.py -> /home/cczh/temp-code/ground_truth_sim/build/usv_fusion/build/lib/usv_fusion
copying usv_fusion/vision_cluster.py -> /home/cczh/temp-code/ground_truth_sim/build/usv_fusion/build/lib/usv_fusion
copying usv_fusion/history_io.py -> /home/cczh/temp-code/ground_truth_sim/build/usv_fusion/build/lib/usv_fusion
running install
running install_lib
running install_data
copying resource/usv_fusion -> /home/cczh/temp-code/ground_truth_sim/install/usv_fusion/share/ament_index/resource_index/packages
copying package.xml -> /home/cczh/temp-code/ground_truth_sim/install/usv_fusion/share/usv_fusion
copying README.md -> /home/cczh/temp-code/ground_truth_sim/install/usv_fusion/share/usv_fusion
copying config/fusion_params.yaml -> /home/cczh/temp-code/ground_truth_sim/install/usv_fusion/share/usv_fusion/config
copying launch/fusion.launch.py -> /home/cczh/temp-code/ground_truth_sim/install/usv_fusion/share/usv_fusion/launch
running install_egg_info
removing '/home/cczh/temp-code/ground_truth_sim/install/usv_fusion/lib/python3.10/site-packages/usv_fusion-0.1.0-py3.10.egg-info' (and everything under it)
Copying ../../build/usv_fusion/usv_fusion.egg-info to /home/cczh/temp-code/ground_truth_sim/install/usv_fusion/lib/python3.10/site-packages/usv_fusion-0.1.0-py3.10.egg-info
running install_scripts
Installing sensor_fusion_node script to /home/cczh/temp-code/ground_truth_sim/install/usv_fusion/lib/usv_fusion
writing list of installed files to '/home/cczh/temp-code/ground_truth_sim/build/usv_fusion/install.log'
