/home/cczh/temp-code/ground_truth_sim/install/percision_sim/lib/python3.10/site-packages/percision_sim/__init__.py
/home/cczh/temp-code/ground_truth_sim/install/percision_sim/lib/python3.10/site-packages/percision_sim/sim_vision_node.py
/home/cczh/temp-code/ground_truth_sim/install/percision_sim/lib/python3.10/site-packages/percision_sim/sim_ais_node.py
/home/cczh/temp-code/ground_truth_sim/install/percision_sim/lib/python3.10/site-packages/percision_sim/sim_nav_radar_node.py
/home/cczh/temp-code/ground_truth_sim/install/percision_sim/lib/python3.10/site-packages/percision_sim/sim_mmwave_node.py
/home/cczh/temp-code/ground_truth_sim/install/percision_sim/lib/python3.10/site-packages/percision_sim/__pycache__/__init__.cpython-310.pyc
/home/cczh/temp-code/ground_truth_sim/install/percision_sim/lib/python3.10/site-packages/percision_sim/__pycache__/sim_vision_node.cpython-310.pyc
/home/cczh/temp-code/ground_truth_sim/install/percision_sim/lib/python3.10/site-packages/percision_sim/__pycache__/sim_ais_node.cpython-310.pyc
/home/cczh/temp-code/ground_truth_sim/install/percision_sim/lib/python3.10/site-packages/percision_sim/__pycache__/sim_nav_radar_node.cpython-310.pyc
/home/cczh/temp-code/ground_truth_sim/install/percision_sim/lib/python3.10/site-packages/percision_sim/__pycache__/sim_mmwave_node.cpython-310.pyc
/home/cczh/temp-code/ground_truth_sim/install/percision_sim/share/ament_index/resource_index/packages/percision_sim
/home/cczh/temp-code/ground_truth_sim/install/percision_sim/share/percision_sim/package.xml
/home/cczh/temp-code/ground_truth_sim/install/percision_sim/share/percision_sim/README.md
/home/cczh/temp-code/ground_truth_sim/install/percision_sim/share/percision_sim/config/percision_sim_params.yaml
/home/cczh/temp-code/ground_truth_sim/install/percision_sim/share/percision_sim/config/multi_sensor_params.yaml
/home/cczh/temp-code/ground_truth_sim/install/percision_sim/share/percision_sim/launch/multi_sensor_sim.launch.py
/home/cczh/temp-code/ground_truth_sim/install/percision_sim/lib/python3.10/site-packages/percision_sim-0.1.0-py3.10.egg-info/PKG-INFO
/home/cczh/temp-code/ground_truth_sim/install/percision_sim/lib/python3.10/site-packages/percision_sim-0.1.0-py3.10.egg-info/zip-safe
/home/cczh/temp-code/ground_truth_sim/install/percision_sim/lib/python3.10/site-packages/percision_sim-0.1.0-py3.10.egg-info/dependency_links.txt
/home/cczh/temp-code/ground_truth_sim/install/percision_sim/lib/python3.10/site-packages/percision_sim-0.1.0-py3.10.egg-info/entry_points.txt
/home/cczh/temp-code/ground_truth_sim/install/percision_sim/lib/python3.10/site-packages/percision_sim-0.1.0-py3.10.egg-info/requires.txt
/home/cczh/temp-code/ground_truth_sim/install/percision_sim/lib/python3.10/site-packages/percision_sim-0.1.0-py3.10.egg-info/top_level.txt
/home/cczh/temp-code/ground_truth_sim/install/percision_sim/lib/python3.10/site-packages/percision_sim-0.1.0-py3.10.egg-info/SOURCES.txt
/home/cczh/temp-code/ground_truth_sim/install/percision_sim/lib/percision_sim/sim_ais_node
/home/cczh/temp-code/ground_truth_sim/install/percision_sim/lib/percision_sim/sim_mmwave_node
/home/cczh/temp-code/ground_truth_sim/install/percision_sim/lib/percision_sim/sim_nav_radar_node
/home/cczh/temp-code/ground_truth_sim/install/percision_sim/lib/percision_sim/sim_vision_node
