running develop
running egg_info
writing manifest file '../../build/percision_sim/percision_sim.egg-info/SOURCES.txt'
running build
running build_py
creating /home/cczh/temp-code/ground_truth_sim/build/percision_sim/build
creating /home/cczh/temp-code/ground_truth_sim/build/percision_sim/build/lib
creating /home/cczh/temp-code/ground_truth_sim/build/percision_sim/build/lib/percision_sim
copying percision_sim/__init__.py -> /home/cczh/temp-code/ground_truth_sim/build/percision_sim/build/lib/percision_sim
copying percision_sim/sim_vision_node.py -> /home/cczh/temp-code/ground_truth_sim/build/percision_sim/build/lib/percision_sim
copying percision_sim/sim_ais_node.py -> /home/cczh/temp-code/ground_truth_sim/build/percision_sim/build/lib/percision_sim
copying percision_sim/sim_nav_radar_node.py -> /home/cczh/temp-code/ground_truth_sim/build/percision_sim/build/lib/percision_sim
copying percision_sim/sim_mmwave_node.py -> /home/cczh/temp-code/ground_truth_sim/build/percision_sim/build/lib/percision_sim
running install
running install_lib
creating /home/cczh/temp-code/ground_truth_sim/install/percision_sim/lib/python3.10/site-packages/percision_sim
copying /home/cczh/temp-code/ground_truth_sim/build/percision_sim/build/lib/percision_sim/__init__.py -> /home/cczh/temp-code/ground_truth_sim/install/percision_sim/lib/python3.10/site-packages/percision_sim
copying /home/cczh/temp-code/ground_truth_sim/build/percision_sim/build/lib/percision_sim/sim_vision_node.py -> /home/cczh/temp-code/ground_truth_sim/install/percision_sim/lib/python3.10/site-packages/percision_sim
copying /home/cczh/temp-code/ground_truth_sim/build/percision_sim/build/lib/percision_sim/sim_ais_node.py -> /home/cczh/temp-code/ground_truth_sim/install/percision_sim/lib/python3.10/site-packages/percision_sim
copying /home/cczh/temp-code/ground_truth_sim/build/percision_sim/build/lib/percision_sim/sim_nav_radar_node.py -> /home/cczh/temp-code/ground_truth_sim/install/percision_sim/lib/python3.10/site-packages/percision_sim
copying /home/cczh/temp-code/ground_truth_sim/build/percision_sim/build/lib/percision_sim/sim_mmwave_node.py -> /home/cczh/temp-code/ground_truth_sim/install/percision_sim/lib/python3.10/site-packages/percision_sim
byte-compiling /home/cczh/temp-code/ground_truth_sim/install/percision_sim/lib/python3.10/site-packages/percision_sim/__init__.py to __init__.cpython-310.pyc
byte-compiling /home/cczh/temp-code/ground_truth_sim/install/percision_sim/lib/python3.10/site-packages/percision_sim/sim_vision_node.py to sim_vision_node.cpython-310.pyc
byte-compiling /home/cczh/temp-code/ground_truth_sim/install/percision_sim/lib/python3.10/site-packages/percision_sim/sim_ais_node.py to sim_ais_node.cpython-310.pyc
byte-compiling /home/cczh/temp-code/ground_truth_sim/install/percision_sim/lib/python3.10/site-packages/percision_sim/sim_nav_radar_node.py to sim_nav_radar_node.cpython-310.pyc
byte-compiling /home/cczh/temp-code/ground_truth_sim/install/percision_sim/lib/python3.10/site-packages/percision_sim/sim_mmwave_node.py to sim_mmwave_node.cpython-310.pyc
running install_data
copying resource/percision_sim -> /home/cczh/temp-code/ground_truth_sim/install/percision_sim/share/ament_index/resource_index/packages
copying package.xml -> /home/cczh/temp-code/ground_truth_sim/install/percision_sim/share/percision_sim
copying README.md -> /home/cczh/temp-code/ground_truth_sim/install/percision_sim/share/percision_sim
copying config/percision_sim_params.yaml -> /home/cczh/temp-code/ground_truth_sim/install/percision_sim/share/percision_sim/config
copying config/multi_sensor_params.yaml -> /home/cczh/temp-code/ground_truth_sim/install/percision_sim/share/percision_sim/config
copying launch/multi_sensor_sim.launch.py -> /home/cczh/temp-code/ground_truth_sim/install/percision_sim/share/percision_sim/launch
running install_egg_info
Copying ../../build/percision_sim/percision_sim.egg-info to /home/cczh/temp-code/ground_truth_sim/install/percision_sim/lib/python3.10/site-packages/percision_sim-0.1.0-py3.10.egg-info
running install_scripts
writing list of installed files to '/home/cczh/temp-code/ground_truth_sim/build/percision_sim/install.log'
