[0.575s] Invoking command in '/home/cczh/temp-code/ground_truth_sim/build/percision_sim': PYTHONPATH=/home/cczh/temp-code/ground_truth_sim/build/percision_sim/prefix_override:/usr/lib/python3/dist-packages/colcon_core/task/python/colcon_distutils_commands:/home/cczh/temp-code/ground_truth_sim/install/percision_sim/lib/python3.10/site-packages:${PYTHONPATH} /usr/bin/python3 -W ignore:setup.py install is deprecated -W ignore:easy_install command is deprecated setup.py develop --uninstall --editable --build-directory /home/cczh/temp-code/ground_truth_sim/build/percision_sim/build
[0.702s] running develop
[0.793s] Invoked command in '/home/cczh/temp-code/ground_truth_sim/build/percision_sim' returned '0': PYTHONPATH=/home/cczh/temp-code/ground_truth_sim/build/percision_sim/prefix_override:/usr/lib/python3/dist-packages/colcon_core/task/python/colcon_distutils_commands:/home/cczh/temp-code/ground_truth_sim/install/percision_sim/lib/python3.10/site-packages:${PYTHONPATH} /usr/bin/python3 -W ignore:setup.py install is deprecated -W ignore:easy_install command is deprecated setup.py develop --uninstall --editable --build-directory /home/cczh/temp-code/ground_truth_sim/build/percision_sim/build
[0.794s] Invoking command in '/home/cczh/temp-code/ground_truth_sim/src/percision_sim': PYTHONPATH=/home/cczh/temp-code/ground_truth_sim/build/percision_sim/prefix_override:/usr/lib/python3/dist-packages/colcon_core/task/python/colcon_distutils_commands:/home/cczh/temp-code/ground_truth_sim/install/percision_sim/lib/python3.10/site-packages:${PYTHONPATH} /usr/bin/python3 -W ignore:setup.py install is deprecated -W ignore:easy_install command is deprecated setup.py egg_info --egg-base ../../build/percision_sim build --build-base /home/cczh/temp-code/ground_truth_sim/build/percision_sim/build install --record /home/cczh/temp-code/ground_truth_sim/build/percision_sim/install.log --single-version-externally-managed install_data --force
[0.908s] running egg_info
[0.909s] writing manifest file '../../build/percision_sim/percision_sim.egg-info/SOURCES.txt'
[0.910s] running build
[0.910s] running build_py
[0.910s] creating /home/cczh/temp-code/ground_truth_sim/build/percision_sim/build
[0.910s] creating /home/cczh/temp-code/ground_truth_sim/build/percision_sim/build/lib
[0.910s] creating /home/cczh/temp-code/ground_truth_sim/build/percision_sim/build/lib/percision_sim
[0.910s] copying percision_sim/__init__.py -> /home/cczh/temp-code/ground_truth_sim/build/percision_sim/build/lib/percision_sim
[0.910s] copying percision_sim/sim_vision_node.py -> /home/cczh/temp-code/ground_truth_sim/build/percision_sim/build/lib/percision_sim
[0.910s] copying percision_sim/sim_ais_node.py -> /home/cczh/temp-code/ground_truth_sim/build/percision_sim/build/lib/percision_sim
[0.910s] copying percision_sim/sim_nav_radar_node.py -> /home/cczh/temp-code/ground_truth_sim/build/percision_sim/build/lib/percision_sim
[0.910s] copying percision_sim/sim_mmwave_node.py -> /home/cczh/temp-code/ground_truth_sim/build/percision_sim/build/lib/percision_sim
[0.910s] running install
[0.911s] running install_lib
[0.911s] creating /home/cczh/temp-code/ground_truth_sim/install/percision_sim/lib/python3.10/site-packages/percision_sim
[0.911s] copying /home/cczh/temp-code/ground_truth_sim/build/percision_sim/build/lib/percision_sim/__init__.py -> /home/cczh/temp-code/ground_truth_sim/install/percision_sim/lib/python3.10/site-packages/percision_sim
[0.911s] copying /home/cczh/temp-code/ground_truth_sim/build/percision_sim/build/lib/percision_sim/sim_vision_node.py -> /home/cczh/temp-code/ground_truth_sim/install/percision_sim/lib/python3.10/site-packages/percision_sim
[0.911s] copying /home/cczh/temp-code/ground_truth_sim/build/percision_sim/build/lib/percision_sim/sim_ais_node.py -> /home/cczh/temp-code/ground_truth_sim/install/percision_sim/lib/python3.10/site-packages/percision_sim
[0.911s] copying /home/cczh/temp-code/ground_truth_sim/build/percision_sim/build/lib/percision_sim/sim_nav_radar_node.py -> /home/cczh/temp-code/ground_truth_sim/install/percision_sim/lib/python3.10/site-packages/percision_sim
[0.911s] copying /home/cczh/temp-code/ground_truth_sim/build/percision_sim/build/lib/percision_sim/sim_mmwave_node.py -> /home/cczh/temp-code/ground_truth_sim/install/percision_sim/lib/python3.10/site-packages/percision_sim
[0.911s] byte-compiling /home/cczh/temp-code/ground_truth_sim/install/percision_sim/lib/python3.10/site-packages/percision_sim/__init__.py to __init__.cpython-310.pyc
[0.911s] byte-compiling /home/cczh/temp-code/ground_truth_sim/install/percision_sim/lib/python3.10/site-packages/percision_sim/sim_vision_node.py to sim_vision_node.cpython-310.pyc
[0.912s] byte-compiling /home/cczh/temp-code/ground_truth_sim/install/percision_sim/lib/python3.10/site-packages/percision_sim/sim_ais_node.py to sim_ais_node.cpython-310.pyc
[0.913s] byte-compiling /home/cczh/temp-code/ground_truth_sim/install/percision_sim/lib/python3.10/site-packages/percision_sim/sim_nav_radar_node.py to sim_nav_radar_node.cpython-310.pyc
[0.913s] byte-compiling /home/cczh/temp-code/ground_truth_sim/install/percision_sim/lib/python3.10/site-packages/percision_sim/sim_mmwave_node.py to sim_mmwave_node.cpython-310.pyc
[0.914s] running install_data
[0.914s] copying resource/percision_sim -> /home/cczh/temp-code/ground_truth_sim/install/percision_sim/share/ament_index/resource_index/packages
[0.914s] copying package.xml -> /home/cczh/temp-code/ground_truth_sim/install/percision_sim/share/percision_sim
[0.914s] copying README.md -> /home/cczh/temp-code/ground_truth_sim/install/percision_sim/share/percision_sim
[0.914s] copying config/percision_sim_params.yaml -> /home/cczh/temp-code/ground_truth_sim/install/percision_sim/share/percision_sim/config
[0.914s] copying config/multi_sensor_params.yaml -> /home/cczh/temp-code/ground_truth_sim/install/percision_sim/share/percision_sim/config
[0.914s] copying launch/multi_sensor_sim.launch.py -> /home/cczh/temp-code/ground_truth_sim/install/percision_sim/share/percision_sim/launch
[0.914s] running install_egg_info
[0.915s] Copying ../../build/percision_sim/percision_sim.egg-info to /home/cczh/temp-code/ground_truth_sim/install/percision_sim/lib/python3.10/site-packages/percision_sim-0.1.0-py3.10.egg-info
[0.915s] running install_scripts
[0.925s] writing list of installed files to '/home/cczh/temp-code/ground_truth_sim/build/percision_sim/install.log'
[0.937s] Invoked command in '/home/cczh/temp-code/ground_truth_sim/src/percision_sim' returned '0': PYTHONPATH=/home/cczh/temp-code/ground_truth_sim/build/percision_sim/prefix_override:/usr/lib/python3/dist-packages/colcon_core/task/python/colcon_distutils_commands:/home/cczh/temp-code/ground_truth_sim/install/percision_sim/lib/python3.10/site-packages:${PYTHONPATH} /usr/bin/python3 -W ignore:setup.py install is deprecated -W ignore:easy_install command is deprecated setup.py egg_info --egg-base ../../build/percision_sim build --build-base /home/cczh/temp-code/ground_truth_sim/build/percision_sim/build install --record /home/cczh/temp-code/ground_truth_sim/build/percision_sim/install.log --single-version-externally-managed install_data --force
