-- Found ament_cmake: 1.3.13 (/opt/ros/humble/share/ament_cmake/cmake)
-- Override CMake install command with custom implementation using symlinks instead of copying resources
-- Found std_msgs: 4.9.1 (/opt/ros/humble/share/std_msgs/cmake)
-- Found rosidl_generator_c: 3.1.8 (/opt/ros/humble/share/rosidl_generator_c/cmake)
-- Found rosidl_adapter: 3.1.8 (/opt/ros/humble/share/rosidl_adapter/cmake)
-- Found rosidl_generator_cpp: 3.1.8 (/opt/ros/humble/share/rosidl_generator_cpp/cmake)
-- Using all available rosidl_typesupport_c: rosidl_typesupport_fastrtps_c;rosidl_typesupport_introspection_c
-- Using all available rosidl_typesupport_cpp: rosidl_typesupport_fastrtps_cpp;rosidl_typesupport_introspection_cpp
-- Found geometry_msgs: 4.9.1 (/opt/ros/humble/share/geometry_msgs/cmake)
-- Found nav_msgs: 4.9.1 (/opt/ros/humble/share/nav_msgs/cmake)
-- Found unique_identifier_msgs: 2.2.1 (/opt/ros/humble/share/unique_identifier_msgs/cmake)
-- Found rosidl_default_generators: 1.2.0 (/opt/ros/humble/share/rosidl_default_generators/cmake)
-- Found ament_cmake_ros: 0.10.0 (/opt/ros/humble/share/ament_cmake_ros/cmake)
-- Using all available rosidl_typesupport_c: rosidl_typesupport_fastrtps_c;rosidl_typesupport_introspection_c
-- Using all available rosidl_typesupport_cpp: rosidl_typesupport_fastrtps_cpp;rosidl_typesupport_introspection_cpp
-- Found python_cmake_module: 0.10.0 (/opt/ros/humble/share/python_cmake_module/cmake)
-- Using PYTHON_EXECUTABLE: /usr/bin/python3
-- Using PYTHON_INCLUDE_DIRS: /usr/include/python3.10
-- Using PYTHON_LIBRARIES: /usr/lib/x86_64-linux-gnu/libpython3.10.so
-- Configuring done
-- Generating done
-- Build files have been written to: /home/cczh/temp-code/ground_truth_sim/build/usv_interfaces
[  0%] Generating C code for ROS interfaces
failed to create symbolic link '/home/cczh/temp-code/ground_truth_sim/build/usv_interfaces/ament_cmake_python/usv_interfaces/usv_interfaces' because existing path cannot be removed: Is a directory
gmake[2]: *** [CMakeFiles/ament_cmake_python_symlink_usv_interfaces.dir/build.make:70: CMakeFiles/ament_cmake_python_symlink_usv_interfaces] Error 1
gmake[1]: *** [CMakeFiles/Makefile2:421: CMakeFiles/ament_cmake_python_symlink_usv_interfaces.dir/all] Error 2
gmake[1]: *** Waiting for unfinished jobs....
[  0%] Generating C++ code for ROS interfaces
[  0%] Built target usv_interfaces__cpp
Consolidate compiler generated dependencies of target usv_interfaces__rosidl_generator_c
[  1%] Building C object CMakeFiles/usv_interfaces__rosidl_generator_c.dir/rosidl_generator_c/usv_interfaces/msg/detail/global_track__functions.c.o
[  1%] Building C object CMakeFiles/usv_interfaces__rosidl_generator_c.dir/rosidl_generator_c/usv_interfaces/msg/detail/ais_track_array__functions.c.o
[  1%] Building C object CMakeFiles/usv_interfaces__rosidl_generator_c.dir/rosidl_generator_c/usv_interfaces/msg/detail/nav_radar_target_array__functions.c.o
[  1%] Building C object CMakeFiles/usv_interfaces__rosidl_generator_c.dir/rosidl_generator_c/usv_interfaces/msg/detail/global_track_array__functions.c.o
[  1%] Building C object CMakeFiles/usv_interfaces__rosidl_generator_c.dir/rosidl_generator_c/usv_interfaces/msg/detail/fused_track_sample__functions.c.o
[  2%] Building C object CMakeFiles/usv_interfaces__rosidl_generator_c.dir/rosidl_generator_c/usv_interfaces/msg/detail/control_deviation__functions.c.o
[  3%] Building C object CMakeFiles/usv_interfaces__rosidl_generator_c.dir/rosidl_generator_c/usv_interfaces/msg/detail/operation_mode__functions.c.o
[  3%] Building C object CMakeFiles/usv_interfaces__rosidl_generator_c.dir/rosidl_generator_c/usv_interfaces/msg/detail/ais_track__functions.c.o
[  4%] Building C object CMakeFiles/usv_interfaces__rosidl_generator_c.dir/rosidl_generator_c/usv_interfaces/msg/detail/fused_scene_snapshot__functions.c.o
[  4%] Building C object CMakeFiles/usv_interfaces__rosidl_generator_c.dir/rosidl_generator_c/usv_interfaces/msg/detail/fused_target_catalog__functions.c.o
[  5%] Building C object CMakeFiles/usv_interfaces__rosidl_generator_c.dir/rosidl_generator_c/usv_interfaces/msg/detail/vision_detection_array__functions.c.o
[  5%] Building C object CMakeFiles/usv_interfaces__rosidl_generator_c.dir/rosidl_generator_c/usv_interfaces/msg/detail/vision_detection__functions.c.o
[  5%] Building C object CMakeFiles/usv_interfaces__rosidl_generator_c.dir/rosidl_generator_c/usv_interfaces/action/detail/execute_mission__functions.c.o
[  5%] Building C object CMakeFiles/usv_interfaces__rosidl_generator_c.dir/rosidl_generator_c/usv_interfaces/msg/detail/mmwave_target_array__functions.c.o
[  7%] Building C object CMakeFiles/usv_interfaces__rosidl_generator_c.dir/rosidl_generator_c/usv_interfaces/msg/detail/nav_radar_target__functions.c.o
[  7%] Building C object CMakeFiles/usv_interfaces__rosidl_generator_c.dir/rosidl_generator_c/usv_interfaces/msg/detail/mmwave_target__functions.c.o
[  8%] Building C object CMakeFiles/usv_interfaces__rosidl_generator_c.dir/rosidl_generator_c/usv_interfaces/msg/detail/vessel_state__functions.c.o
[  9%] Building C object CMakeFiles/usv_interfaces__rosidl_generator_c.dir/rosidl_generator_c/usv_interfaces/msg/detail/fused_target_profile__functions.c.o
[  9%] Building C object CMakeFiles/usv_interfaces__rosidl_generator_c.dir/rosidl_generator_c/usv_interfaces/msg/detail/fused_target_snapshot__functions.c.o
[ 10%] Building C object CMakeFiles/usv_interfaces__rosidl_generator_c.dir/rosidl_generator_c/usv_interfaces/srv/detail/control_device__functions.c.o
[ 11%] Building C object CMakeFiles/usv_interfaces__rosidl_generator_c.dir/rosidl_generator_c/usv_interfaces/srv/detail/get_target_history__functions.c.o
[ 12%] Linking C shared library libusv_interfaces__rosidl_generator_c.so
[ 12%] Built target usv_interfaces__rosidl_generator_c
gmake: *** [Makefile:146: all] Error 2
