running develop
running egg_info
writing manifest file '../../build/usv_fusion_new/usv_fusion_new.egg-info/SOURCES.txt'
running build
running build_py
copying usv_fusion_new/local_fusion_node.py -> /home/cczh/temp-code/ground_truth_sim/build/usv_fusion_new/build/lib/usv_fusion_new
running install
running install_lib
creating /home/cczh/temp-code/ground_truth_sim/install/usv_fusion_new/lib/python3.10/site-packages/usv_fusion_new
copying /home/cczh/temp-code/ground_truth_sim/build/usv_fusion_new/build/lib/usv_fusion_new/tracker.py -> /home/cczh/temp-code/ground_truth_sim/install/usv_fusion_new/lib/python3.10/site-packages/usv_fusion_new
copying /home/cczh/temp-code/ground_truth_sim/build/usv_fusion_new/build/lib/usv_fusion_new/global_fusion_node.py -> /home/cczh/temp-code/ground_truth_sim/install/usv_fusion_new/lib/python3.10/site-packages/usv_fusion_new
copying /home/cczh/temp-code/ground_truth_sim/build/usv_fusion_new/build/lib/usv_fusion_new/global_tracker.py -> /home/cczh/temp-code/ground_truth_sim/install/usv_fusion_new/lib/python3.10/site-packages/usv_fusion_new
copying /home/cczh/temp-code/ground_truth_sim/build/usv_fusion_new/build/lib/usv_fusion_new/__init__.py -> /home/cczh/temp-code/ground_truth_sim/install/usv_fusion_new/lib/python3.10/site-packages/usv_fusion_new
copying /home/cczh/temp-code/ground_truth_sim/build/usv_fusion_new/build/lib/usv_fusion_new/global_viz_node.py -> /home/cczh/temp-code/ground_truth_sim/install/usv_fusion_new/lib/python3.10/site-packages/usv_fusion_new
copying /home/cczh/temp-code/ground_truth_sim/build/usv_fusion_new/build/lib/usv_fusion_new/local_fusion_node.py -> /home/cczh/temp-code/ground_truth_sim/install/usv_fusion_new/lib/python3.10/site-packages/usv_fusion_new
byte-compiling /home/cczh/temp-code/ground_truth_sim/install/usv_fusion_new/lib/python3.10/site-packages/usv_fusion_new/tracker.py to tracker.cpython-310.pyc
byte-compiling /home/cczh/temp-code/ground_truth_sim/install/usv_fusion_new/lib/python3.10/site-packages/usv_fusion_new/global_fusion_node.py to global_fusion_node.cpython-310.pyc
byte-compiling /home/cczh/temp-code/ground_truth_sim/install/usv_fusion_new/lib/python3.10/site-packages/usv_fusion_new/global_tracker.py to global_tracker.cpython-310.pyc
byte-compiling /home/cczh/temp-code/ground_truth_sim/install/usv_fusion_new/lib/python3.10/site-packages/usv_fusion_new/__init__.py to __init__.cpython-310.pyc
byte-compiling /home/cczh/temp-code/ground_truth_sim/install/usv_fusion_new/lib/python3.10/site-packages/usv_fusion_new/global_viz_node.py to global_viz_node.cpython-310.pyc
byte-compiling /home/cczh/temp-code/ground_truth_sim/install/usv_fusion_new/lib/python3.10/site-packages/usv_fusion_new/local_fusion_node.py to local_fusion_node.cpython-310.pyc
running install_data
copying resource/usv_fusion_new -> /home/cczh/temp-code/ground_truth_sim/install/usv_fusion_new/share/ament_index/resource_index/packages
copying package.xml -> /home/cczh/temp-code/ground_truth_sim/install/usv_fusion_new/share/usv_fusion_new
copying launch/fusion_system.launch.py -> /home/cczh/temp-code/ground_truth_sim/install/usv_fusion_new/share/usv_fusion_new/launch
copying rviz/fusion_view.rviz -> /home/cczh/temp-code/ground_truth_sim/install/usv_fusion_new/share/usv_fusion_new/rviz
running install_egg_info
Copying ../../build/usv_fusion_new/usv_fusion_new.egg-info to /home/cczh/temp-code/ground_truth_sim/install/usv_fusion_new/lib/python3.10/site-packages/usv_fusion_new-0.0.0-py3.10.egg-info
running install_scripts
writing list of installed files to '/home/cczh/temp-code/ground_truth_sim/build/usv_fusion_new/install.log'
