[0.588s] Invoking command in '/home/cczh/temp-code/ground_truth_sim/build/usv_fusion_new': PYTHONPATH=/home/cczh/temp-code/ground_truth_sim/build/usv_fusion_new/prefix_override:/usr/lib/python3/dist-packages/colcon_core/task/python/colcon_distutils_commands:/home/cczh/temp-code/ground_truth_sim/install/usv_fusion_new/lib/python3.10/site-packages:${PYTHONPATH} /usr/bin/python3 -W ignore:setup.py install is deprecated -W ignore:easy_install command is deprecated setup.py develop --uninstall --editable --build-directory /home/cczh/temp-code/ground_truth_sim/build/usv_fusion_new/build
[0.710s] running develop
[0.800s] Invoked command in '/home/cczh/temp-code/ground_truth_sim/build/usv_fusion_new' returned '0': PYTHONPATH=/home/cczh/temp-code/ground_truth_sim/build/usv_fusion_new/prefix_override:/usr/lib/python3/dist-packages/colcon_core/task/python/colcon_distutils_commands:/home/cczh/temp-code/ground_truth_sim/install/usv_fusion_new/lib/python3.10/site-packages:${PYTHONPATH} /usr/bin/python3 -W ignore:setup.py install is deprecated -W ignore:easy_install command is deprecated setup.py develop --uninstall --editable --build-directory /home/cczh/temp-code/ground_truth_sim/build/usv_fusion_new/build
[0.801s] Invoking command in '/home/cczh/temp-code/ground_truth_sim/src/usv_fusion_new': PYTHONPATH=/home/cczh/temp-code/ground_truth_sim/build/usv_fusion_new/prefix_override:/usr/lib/python3/dist-packages/colcon_core/task/python/colcon_distutils_commands:/home/cczh/temp-code/ground_truth_sim/install/usv_fusion_new/lib/python3.10/site-packages:${PYTHONPATH} /usr/bin/python3 -W ignore:setup.py install is deprecated -W ignore:easy_install command is deprecated setup.py egg_info --egg-base ../../build/usv_fusion_new build --build-base /home/cczh/temp-code/ground_truth_sim/build/usv_fusion_new/build install --record /home/cczh/temp-code/ground_truth_sim/build/usv_fusion_new/install.log --single-version-externally-managed install_data --force
[0.922s] running egg_info
[0.924s] writing manifest file '../../build/usv_fusion_new/usv_fusion_new.egg-info/SOURCES.txt'
[0.924s] running build
[0.924s] running build_py
[0.924s] copying usv_fusion_new/local_fusion_node.py -> /home/cczh/temp-code/ground_truth_sim/build/usv_fusion_new/build/lib/usv_fusion_new
[0.925s] running install
[0.926s] running install_lib
[0.926s] creating /home/cczh/temp-code/ground_truth_sim/install/usv_fusion_new/lib/python3.10/site-packages/usv_fusion_new
[0.926s] copying /home/cczh/temp-code/ground_truth_sim/build/usv_fusion_new/build/lib/usv_fusion_new/tracker.py -> /home/cczh/temp-code/ground_truth_sim/install/usv_fusion_new/lib/python3.10/site-packages/usv_fusion_new
[0.926s] copying /home/cczh/temp-code/ground_truth_sim/build/usv_fusion_new/build/lib/usv_fusion_new/global_fusion_node.py -> /home/cczh/temp-code/ground_truth_sim/install/usv_fusion_new/lib/python3.10/site-packages/usv_fusion_new
[0.926s] copying /home/cczh/temp-code/ground_truth_sim/build/usv_fusion_new/build/lib/usv_fusion_new/global_tracker.py -> /home/cczh/temp-code/ground_truth_sim/install/usv_fusion_new/lib/python3.10/site-packages/usv_fusion_new
[0.926s] copying /home/cczh/temp-code/ground_truth_sim/build/usv_fusion_new/build/lib/usv_fusion_new/__init__.py -> /home/cczh/temp-code/ground_truth_sim/install/usv_fusion_new/lib/python3.10/site-packages/usv_fusion_new
[0.926s] copying /home/cczh/temp-code/ground_truth_sim/build/usv_fusion_new/build/lib/usv_fusion_new/global_viz_node.py -> /home/cczh/temp-code/ground_truth_sim/install/usv_fusion_new/lib/python3.10/site-packages/usv_fusion_new
[0.926s] copying /home/cczh/temp-code/ground_truth_sim/build/usv_fusion_new/build/lib/usv_fusion_new/local_fusion_node.py -> /home/cczh/temp-code/ground_truth_sim/install/usv_fusion_new/lib/python3.10/site-packages/usv_fusion_new
[0.926s] byte-compiling /home/cczh/temp-code/ground_truth_sim/install/usv_fusion_new/lib/python3.10/site-packages/usv_fusion_new/tracker.py to tracker.cpython-310.pyc
[0.927s] byte-compiling /home/cczh/temp-code/ground_truth_sim/install/usv_fusion_new/lib/python3.10/site-packages/usv_fusion_new/global_fusion_node.py to global_fusion_node.cpython-310.pyc
[0.928s] byte-compiling /home/cczh/temp-code/ground_truth_sim/install/usv_fusion_new/lib/python3.10/site-packages/usv_fusion_new/global_tracker.py to global_tracker.cpython-310.pyc
[0.928s] byte-compiling /home/cczh/temp-code/ground_truth_sim/install/usv_fusion_new/lib/python3.10/site-packages/usv_fusion_new/__init__.py to __init__.cpython-310.pyc
[0.928s] byte-compiling /home/cczh/temp-code/ground_truth_sim/install/usv_fusion_new/lib/python3.10/site-packages/usv_fusion_new/global_viz_node.py to global_viz_node.cpython-310.pyc
[0.929s] byte-compiling /home/cczh/temp-code/ground_truth_sim/install/usv_fusion_new/lib/python3.10/site-packages/usv_fusion_new/local_fusion_node.py to local_fusion_node.cpython-310.pyc
[0.929s] running install_data
[0.929s] copying resource/usv_fusion_new -> /home/cczh/temp-code/ground_truth_sim/install/usv_fusion_new/share/ament_index/resource_index/packages
[0.929s] copying package.xml -> /home/cczh/temp-code/ground_truth_sim/install/usv_fusion_new/share/usv_fusion_new
[0.929s] copying launch/fusion_system.launch.py -> /home/cczh/temp-code/ground_truth_sim/install/usv_fusion_new/share/usv_fusion_new/launch
[0.929s] copying rviz/fusion_view.rviz -> /home/cczh/temp-code/ground_truth_sim/install/usv_fusion_new/share/usv_fusion_new/rviz
[0.929s] running install_egg_info
[0.930s] Copying ../../build/usv_fusion_new/usv_fusion_new.egg-info to /home/cczh/temp-code/ground_truth_sim/install/usv_fusion_new/lib/python3.10/site-packages/usv_fusion_new-0.0.0-py3.10.egg-info
[0.930s] running install_scripts
[0.940s] writing list of installed files to '/home/cczh/temp-code/ground_truth_sim/build/usv_fusion_new/install.log'
[0.952s] Invoked command in '/home/cczh/temp-code/ground_truth_sim/src/usv_fusion_new' returned '0': PYTHONPATH=/home/cczh/temp-code/ground_truth_sim/build/usv_fusion_new/prefix_override:/usr/lib/python3/dist-packages/colcon_core/task/python/colcon_distutils_commands:/home/cczh/temp-code/ground_truth_sim/install/usv_fusion_new/lib/python3.10/site-packages:${PYTHONPATH} /usr/bin/python3 -W ignore:setup.py install is deprecated -W ignore:easy_install command is deprecated setup.py egg_info --egg-base ../../build/usv_fusion_new build --build-base /home/cczh/temp-code/ground_truth_sim/build/usv_fusion_new/build install --record /home/cczh/temp-code/ground_truth_sim/build/usv_fusion_new/install.log --single-version-externally-managed install_data --force
