running egg_info
writing ../../build/percision_sim/percision_sim.egg-info/PKG-INFO
writing dependency_links to ../../build/percision_sim/percision_sim.egg-info/dependency_links.txt
writing entry points to ../../build/percision_sim/percision_sim.egg-info/entry_points.txt
writing requirements to ../../build/percision_sim/percision_sim.egg-info/requires.txt
writing top-level names to ../../build/percision_sim/percision_sim.egg-info/top_level.txt
reading manifest file '../../build/percision_sim/percision_sim.egg-info/SOURCES.txt'
writing manifest file '../../build/percision_sim/percision_sim.egg-info/SOURCES.txt'
running build
running build_py
copying percision_sim/__init__.py -> /home/cczh/temp-code/ground_truth_sim/build/percision_sim/build/lib/percision_sim
copying percision_sim/sim_vision_node.py -> /home/cczh/temp-code/ground_truth_sim/build/percision_sim/build/lib/percision_sim
copying percision_sim/sim_ais_node.py -> /home/cczh/temp-code/ground_truth_sim/build/percision_sim/build/lib/percision_sim
copying percision_sim/sim_nav_radar_node.py -> /home/cczh/temp-code/ground_truth_sim/build/percision_sim/build/lib/percision_sim
copying percision_sim/sim_mmwave_node.py -> /home/cczh/temp-code/ground_truth_sim/build/percision_sim/build/lib/percision_sim
running install
running install_lib
running install_data
copying resource/percision_sim -> /home/cczh/temp-code/ground_truth_sim/install/percision_sim/share/ament_index/resource_index/packages
copying package.xml -> /home/cczh/temp-code/ground_truth_sim/install/percision_sim/share/percision_sim
copying README.md -> /home/cczh/temp-code/ground_truth_sim/install/percision_sim/share/percision_sim
copying config/percision_sim_params.yaml -> /home/cczh/temp-code/ground_truth_sim/install/percision_sim/share/percision_sim/config
copying config/multi_sensor_params.yaml -> /home/cczh/temp-code/ground_truth_sim/install/percision_sim/share/percision_sim/config
copying config/three_vision_one_mmwave_params.yaml -> /home/cczh/temp-code/ground_truth_sim/install/percision_sim/share/percision_sim/config
copying launch/sensors_sim.launch.py -> /home/cczh/temp-code/ground_truth_sim/install/percision_sim/share/percision_sim/launch
copying launch/multi_sensor_sim.launch.py -> /home/cczh/temp-code/ground_truth_sim/install/percision_sim/share/percision_sim/launch
copying launch/three_sensor_sim.launch.py -> /home/cczh/temp-code/ground_truth_sim/install/percision_sim/share/percision_sim/launch
running install_egg_info
removing '/home/cczh/temp-code/ground_truth_sim/install/percision_sim/lib/python3.10/site-packages/percision_sim-0.1.0-py3.10.egg-info' (and everything under it)
Copying ../../build/percision_sim/percision_sim.egg-info to /home/cczh/temp-code/ground_truth_sim/install/percision_sim/lib/python3.10/site-packages/percision_sim-0.1.0-py3.10.egg-info
running install_scripts
Installing sim_ais_node script to /home/cczh/temp-code/ground_truth_sim/install/percision_sim/lib/percision_sim
Installing sim_mmwave_node script to /home/cczh/temp-code/ground_truth_sim/install/percision_sim/lib/percision_sim
Installing sim_nav_radar_node script to /home/cczh/temp-code/ground_truth_sim/install/percision_sim/lib/percision_sim
Installing sim_vision_node script to /home/cczh/temp-code/ground_truth_sim/install/percision_sim/lib/percision_sim
writing list of installed files to '/home/cczh/temp-code/ground_truth_sim/build/percision_sim/install.log'
