[0.045s] DEBUG:colcon:Command line arguments: ['/usr/bin/colcon', 'build']
[0.045s] DEBUG:colcon:Parsed command line arguments: Namespace(log_base=None, log_level=None, verb_name='build', build_base='build', install_base='install', merge_install=False, symlink_install=False, test_result_base=None, continue_on_error=False, executor='parallel', parallel_workers=32, event_handlers=None, ignore_user_meta=False, metas=['./colcon.meta'], base_paths=['.'], packages_ignore=None, packages_ignore_regex=None, paths=None, packages_up_to=None, packages_up_to_regex=None, packages_above=None, packages_above_and_dependencies=None, packages_above_depth=None, packages_select_by_dep=None, packages_skip_by_dep=None, packages_skip_up_to=None, packages_select_build_failed=False, packages_skip_build_finished=False, packages_select_test_failures=False, packages_skip_test_passed=False, packages_select=None, packages_skip=None, packages_select_regex=None, packages_skip_regex=None, packages_start=None, packages_end=None, allow_overriding=[], cmake_args=None, cmake_target=None, cmake_target_skip_unavailable=False, cmake_clean_cache=False, cmake_clean_first=False, cmake_force_configure=False, ament_cmake_args=None, catkin_cmake_args=None, catkin_skip_building_tests=False, verb_parser=<colcon_defaults.argument_parser.defaults.DefaultArgumentsDecorator object at 0x7b2949b40580>, verb_extension=<colcon_core.verb.build.BuildVerb object at 0x7b2949b40070>, main=<bound method BuildVerb.main of <colcon_core.verb.build.BuildVerb object at 0x7b2949b40070>>)
[0.063s] Level 1:colcon.colcon_core.package_discovery:discover_packages(colcon_meta) check parameters
[0.063s] Level 1:colcon.colcon_core.package_discovery:discover_packages(recursive) check parameters
[0.063s] Level 1:colcon.colcon_core.package_discovery:discover_packages(ignore) check parameters
[0.063s] Level 1:colcon.colcon_core.package_discovery:discover_packages(path) check parameters
[0.063s] Level 1:colcon.colcon_core.package_discovery:discover_packages(colcon_meta) discover
[0.063s] Level 1:colcon.colcon_core.package_discovery:discover_packages(recursive) discover
[0.063s] INFO:colcon.colcon_core.package_discovery:Crawling recursively for packages in '/home/cczh/temp-code/ground_truth_sim'
[0.063s] Level 1:colcon.colcon_core.package_identification:_identify(.) by extensions ['ignore', 'ignore_ament_install']
[0.063s] Level 1:colcon.colcon_core.package_identification:_identify(.) by extension 'ignore'
[0.063s] Level 1:colcon.colcon_core.package_identification:_identify(.) by extension 'ignore_ament_install'
[0.063s] Level 1:colcon.colcon_core.package_identification:_identify(.) by extensions ['colcon_pkg']
[0.063s] Level 1:colcon.colcon_core.package_identification:_identify(.) by extension 'colcon_pkg'
[0.063s] Level 1:colcon.colcon_core.package_identification:_identify(.) by extensions ['colcon_meta']
[0.063s] Level 1:colcon.colcon_core.package_identification:_identify(.) by extension 'colcon_meta'
[0.063s] Level 1:colcon.colcon_core.package_identification:_identify(.) by extensions ['ros']
[0.063s] Level 1:colcon.colcon_core.package_identification:_identify(.) by extension 'ros'
[0.070s] Level 1:colcon.colcon_core.package_identification:_identify(.) by extensions ['cmake', 'python']
[0.070s] Level 1:colcon.colcon_core.package_identification:_identify(.) by extension 'cmake'
[0.070s] Level 1:colcon.colcon_core.package_identification:_identify(.) by extension 'python'
[0.070s] Level 1:colcon.colcon_core.package_identification:_identify(.) by extensions ['python_setup_py']
[0.070s] Level 1:colcon.colcon_core.package_identification:_identify(.) by extension 'python_setup_py'
[0.070s] Level 1:colcon.colcon_core.package_identification:_identify(build) by extensions ['ignore', 'ignore_ament_install']
[0.070s] Level 1:colcon.colcon_core.package_identification:_identify(build) by extension 'ignore'
[0.070s] Level 1:colcon.colcon_core.package_identification:_identify(build) ignored
[0.070s] Level 1:colcon.colcon_core.package_identification:_identify(docs) by extensions ['ignore', 'ignore_ament_install']
[0.070s] Level 1:colcon.colcon_core.package_identification:_identify(docs) by extension 'ignore'
[0.070s] Level 1:colcon.colcon_core.package_identification:_identify(docs) by extension 'ignore_ament_install'
[0.071s] Level 1:colcon.colcon_core.package_identification:_identify(docs) by extensions ['colcon_pkg']
[0.071s] Level 1:colcon.colcon_core.package_identification:_identify(docs) by extension 'colcon_pkg'
[0.071s] Level 1:colcon.colcon_core.package_identification:_identify(docs) by extensions ['colcon_meta']
[0.071s] Level 1:colcon.colcon_core.package_identification:_identify(docs) by extension 'colcon_meta'
[0.071s] Level 1:colcon.colcon_core.package_identification:_identify(docs) by extensions ['ros']
[0.071s] Level 1:colcon.colcon_core.package_identification:_identify(docs) by extension 'ros'
[0.071s] Level 1:colcon.colcon_core.package_identification:_identify(docs) by extensions ['cmake', 'python']
[0.071s] Level 1:colcon.colcon_core.package_identification:_identify(docs) by extension 'cmake'
[0.071s] Level 1:colcon.colcon_core.package_identification:_identify(docs) by extension 'python'
[0.071s] Level 1:colcon.colcon_core.package_identification:_identify(docs) by extensions ['python_setup_py']
[0.071s] Level 1:colcon.colcon_core.package_identification:_identify(docs) by extension 'python_setup_py'
[0.071s] Level 1:colcon.colcon_core.package_identification:_identify(install) by extensions ['ignore', 'ignore_ament_install']
[0.071s] Level 1:colcon.colcon_core.package_identification:_identify(install) by extension 'ignore'
[0.071s] Level 1:colcon.colcon_core.package_identification:_identify(install) ignored
[0.071s] Level 1:colcon.colcon_core.package_identification:_identify(log) by extensions ['ignore', 'ignore_ament_install']
[0.071s] Level 1:colcon.colcon_core.package_identification:_identify(log) by extension 'ignore'
[0.071s] Level 1:colcon.colcon_core.package_identification:_identify(log) ignored
[0.071s] Level 1:colcon.colcon_core.package_identification:_identify(scripts) by extensions ['ignore', 'ignore_ament_install']
[0.071s] Level 1:colcon.colcon_core.package_identification:_identify(scripts) by extension 'ignore'
[0.071s] Level 1:colcon.colcon_core.package_identification:_identify(scripts) by extension 'ignore_ament_install'
[0.071s] Level 1:colcon.colcon_core.package_identification:_identify(scripts) by extensions ['colcon_pkg']
[0.071s] Level 1:colcon.colcon_core.package_identification:_identify(scripts) by extension 'colcon_pkg'
[0.071s] Level 1:colcon.colcon_core.package_identification:_identify(scripts) by extensions ['colcon_meta']
[0.071s] Level 1:colcon.colcon_core.package_identification:_identify(scripts) by extension 'colcon_meta'
[0.071s] Level 1:colcon.colcon_core.package_identification:_identify(scripts) by extensions ['ros']
[0.071s] Level 1:colcon.colcon_core.package_identification:_identify(scripts) by extension 'ros'
[0.071s] Level 1:colcon.colcon_core.package_identification:_identify(scripts) by extensions ['cmake', 'python']
[0.071s] Level 1:colcon.colcon_core.package_identification:_identify(scripts) by extension 'cmake'
[0.071s] Level 1:colcon.colcon_core.package_identification:_identify(scripts) by extension 'python'
[0.071s] Level 1:colcon.colcon_core.package_identification:_identify(scripts) by extensions ['python_setup_py']
[0.071s] Level 1:colcon.colcon_core.package_identification:_identify(scripts) by extension 'python_setup_py'
[0.071s] Level 1:colcon.colcon_core.package_identification:_identify(src) by extensions ['ignore', 'ignore_ament_install']
[0.071s] Level 1:colcon.colcon_core.package_identification:_identify(src) by extension 'ignore'
[0.071s] Level 1:colcon.colcon_core.package_identification:_identify(src) by extension 'ignore_ament_install'
[0.071s] Level 1:colcon.colcon_core.package_identification:_identify(src) by extensions ['colcon_pkg']
[0.071s] Level 1:colcon.colcon_core.package_identification:_identify(src) by extension 'colcon_pkg'
[0.071s] Level 1:colcon.colcon_core.package_identification:_identify(src) by extensions ['colcon_meta']
[0.071s] Level 1:colcon.colcon_core.package_identification:_identify(src) by extension 'colcon_meta'
[0.071s] Level 1:colcon.colcon_core.package_identification:_identify(src) by extensions ['ros']
[0.071s] Level 1:colcon.colcon_core.package_identification:_identify(src) by extension 'ros'
[0.071s] Level 1:colcon.colcon_core.package_identification:_identify(src) by extensions ['cmake', 'python']
[0.071s] Level 1:colcon.colcon_core.package_identification:_identify(src) by extension 'cmake'
[0.071s] Level 1:colcon.colcon_core.package_identification:_identify(src) by extension 'python'
[0.071s] Level 1:colcon.colcon_core.package_identification:_identify(src) by extensions ['python_setup_py']
[0.071s] Level 1:colcon.colcon_core.package_identification:_identify(src) by extension 'python_setup_py'
[0.072s] Level 1:colcon.colcon_core.package_identification:_identify(src/percision_sim) by extensions ['ignore', 'ignore_ament_install']
[0.072s] Level 1:colcon.colcon_core.package_identification:_identify(src/percision_sim) by extension 'ignore'
[0.072s] Level 1:colcon.colcon_core.package_identification:_identify(src/percision_sim) by extension 'ignore_ament_install'
[0.072s] Level 1:colcon.colcon_core.package_identification:_identify(src/percision_sim) by extensions ['colcon_pkg']
[0.072s] Level 1:colcon.colcon_core.package_identification:_identify(src/percision_sim) by extension 'colcon_pkg'
[0.072s] Level 1:colcon.colcon_core.package_identification:_identify(src/percision_sim) by extensions ['colcon_meta']
[0.072s] Level 1:colcon.colcon_core.package_identification:_identify(src/percision_sim) by extension 'colcon_meta'
[0.072s] Level 1:colcon.colcon_core.package_identification:_identify(src/percision_sim) by extensions ['ros']
[0.072s] Level 1:colcon.colcon_core.package_identification:_identify(src/percision_sim) by extension 'ros'
[0.073s] DEBUG:colcon.colcon_core.package_identification:Package 'src/percision_sim' with type 'ros.ament_python' and name 'percision_sim'
[0.073s] Level 1:colcon.colcon_core.package_identification:_identify(src/sim) by extensions ['ignore', 'ignore_ament_install']
[0.073s] Level 1:colcon.colcon_core.package_identification:_identify(src/sim) by extension 'ignore'
[0.073s] Level 1:colcon.colcon_core.package_identification:_identify(src/sim) by extension 'ignore_ament_install'
[0.073s] Level 1:colcon.colcon_core.package_identification:_identify(src/sim) by extensions ['colcon_pkg']
[0.073s] Level 1:colcon.colcon_core.package_identification:_identify(src/sim) by extension 'colcon_pkg'
[0.073s] Level 1:colcon.colcon_core.package_identification:_identify(src/sim) by extensions ['colcon_meta']
[0.073s] Level 1:colcon.colcon_core.package_identification:_identify(src/sim) by extension 'colcon_meta'
[0.073s] Level 1:colcon.colcon_core.package_identification:_identify(src/sim) by extensions ['ros']
[0.073s] Level 1:colcon.colcon_core.package_identification:_identify(src/sim) by extension 'ros'
[0.074s] DEBUG:colcon.colcon_core.package_identification:Package 'src/sim' with type 'ros.ament_python' and name 'ground_truth_sim'
[0.074s] Level 1:colcon.colcon_core.package_identification:_identify(src/usv_event_fusion) by extensions ['ignore', 'ignore_ament_install']
[0.074s] Level 1:colcon.colcon_core.package_identification:_identify(src/usv_event_fusion) by extension 'ignore'
[0.074s] Level 1:colcon.colcon_core.package_identification:_identify(src/usv_event_fusion) by extension 'ignore_ament_install'
[0.074s] Level 1:colcon.colcon_core.package_identification:_identify(src/usv_event_fusion) by extensions ['colcon_pkg']
[0.074s] Level 1:colcon.colcon_core.package_identification:_identify(src/usv_event_fusion) by extension 'colcon_pkg'
[0.074s] Level 1:colcon.colcon_core.package_identification:_identify(src/usv_event_fusion) by extensions ['colcon_meta']
[0.074s] Level 1:colcon.colcon_core.package_identification:_identify(src/usv_event_fusion) by extension 'colcon_meta'
[0.074s] Level 1:colcon.colcon_core.package_identification:_identify(src/usv_event_fusion) by extensions ['ros']
[0.074s] Level 1:colcon.colcon_core.package_identification:_identify(src/usv_event_fusion) by extension 'ros'
[0.074s] DEBUG:colcon.colcon_core.package_identification:Package 'src/usv_event_fusion' with type 'ros.ament_python' and name 'usv_event_fusion'
[0.074s] Level 1:colcon.colcon_core.package_identification:_identify(src/usv_interfaces) by extensions ['ignore', 'ignore_ament_install']
[0.074s] Level 1:colcon.colcon_core.package_identification:_identify(src/usv_interfaces) by extension 'ignore'
[0.074s] Level 1:colcon.colcon_core.package_identification:_identify(src/usv_interfaces) by extension 'ignore_ament_install'
[0.074s] Level 1:colcon.colcon_core.package_identification:_identify(src/usv_interfaces) by extensions ['colcon_pkg']
[0.074s] Level 1:colcon.colcon_core.package_identification:_identify(src/usv_interfaces) by extension 'colcon_pkg'
[0.074s] Level 1:colcon.colcon_core.package_identification:_identify(src/usv_interfaces) by extensions ['colcon_meta']
[0.074s] Level 1:colcon.colcon_core.package_identification:_identify(src/usv_interfaces) by extension 'colcon_meta'
[0.074s] Level 1:colcon.colcon_core.package_identification:_identify(src/usv_interfaces) by extensions ['ros']
[0.074s] Level 1:colcon.colcon_core.package_identification:_identify(src/usv_interfaces) by extension 'ros'
[0.075s] DEBUG:colcon.colcon_core.package_identification:Package 'src/usv_interfaces' with type 'ros.ament_cmake' and name 'usv_interfaces'
[0.075s] Level 1:colcon.colcon_core.package_discovery:discover_packages(recursive) using defaults
[0.075s] Level 1:colcon.colcon_core.package_discovery:discover_packages(ignore) discover
[0.075s] Level 1:colcon.colcon_core.package_discovery:discover_packages(ignore) using defaults
[0.075s] Level 1:colcon.colcon_core.package_discovery:discover_packages(path) discover
[0.075s] Level 1:colcon.colcon_core.package_discovery:discover_packages(path) using defaults
[0.084s] Level 1:colcon.colcon_core.package_discovery:discover_packages(prefix_path) check parameters
[0.084s] Level 1:colcon.colcon_core.package_discovery:discover_packages(prefix_path) discover
[0.085s] WARNING:colcon.colcon_ros.prefix_path.ament:The path '/home/cczh/temp-code/ground_truth_sim/install/usv_fusion' in the environment variable AMENT_PREFIX_PATH doesn't exist
[0.085s] WARNING:colcon.colcon_ros.prefix_path.ament:The path '/home/cczh/temp-code/ground_truth_sim/install/usv_event_fusion' in the environment variable AMENT_PREFIX_PATH doesn't exist
[0.085s] DEBUG:colcon.colcon_installed_package_information.package_discovery:Found 1 installed packages in /home/cczh/temp-code/ground_truth_sim/install
[0.086s] DEBUG:colcon.colcon_installed_package_information.package_discovery:Found 366 installed packages in /opt/ros/humble
[0.086s] Level 1:colcon.colcon_core.package_discovery:discover_packages(prefix_path) using defaults
[0.105s] Level 5:colcon.colcon_core.verb:set package 'usv_interfaces' build argument 'cmake_args' from command line to 'None'
[0.105s] Level 5:colcon.colcon_core.verb:set package 'usv_interfaces' build argument 'cmake_target' from command line to 'None'
[0.105s] Level 5:colcon.colcon_core.verb:set package 'usv_interfaces' build argument 'cmake_target_skip_unavailable' from command line to 'False'
[0.105s] Level 5:colcon.colcon_core.verb:set package 'usv_interfaces' build argument 'cmake_clean_cache' from command line to 'False'
[0.105s] Level 5:colcon.colcon_core.verb:set package 'usv_interfaces' build argument 'cmake_clean_first' from command line to 'False'
[0.105s] Level 5:colcon.colcon_core.verb:set package 'usv_interfaces' build argument 'cmake_force_configure' from command line to 'False'
[0.105s] Level 5:colcon.colcon_core.verb:set package 'usv_interfaces' build argument 'ament_cmake_args' from command line to 'None'
[0.105s] Level 5:colcon.colcon_core.verb:set package 'usv_interfaces' build argument 'catkin_cmake_args' from command line to 'None'
[0.105s] Level 5:colcon.colcon_core.verb:set package 'usv_interfaces' build argument 'catkin_skip_building_tests' from command line to 'False'
[0.105s] DEBUG:colcon.colcon_core.verb:Building package 'usv_interfaces' with the following arguments: {'ament_cmake_args': None, 'build_base': '/home/cczh/temp-code/ground_truth_sim/build/usv_interfaces', 'catkin_cmake_args': None, 'catkin_skip_building_tests': False, 'cmake_args': None, 'cmake_clean_cache': False, 'cmake_clean_first': False, 'cmake_force_configure': False, 'cmake_target': None, 'cmake_target_skip_unavailable': False, 'install_base': '/home/cczh/temp-code/ground_truth_sim/install/usv_interfaces', 'merge_install': False, 'path': '/home/cczh/temp-code/ground_truth_sim/src/usv_interfaces', 'symlink_install': False, 'test_result_base': None}
[0.105s] Level 5:colcon.colcon_core.verb:set package 'percision_sim' build argument 'cmake_args' from command line to 'None'
[0.105s] Level 5:colcon.colcon_core.verb:set package 'percision_sim' build argument 'cmake_target' from command line to 'None'
[0.105s] Level 5:colcon.colcon_core.verb:set package 'percision_sim' build argument 'cmake_target_skip_unavailable' from command line to 'False'
[0.105s] Level 5:colcon.colcon_core.verb:set package 'percision_sim' build argument 'cmake_clean_cache' from command line to 'False'
[0.105s] Level 5:colcon.colcon_core.verb:set package 'percision_sim' build argument 'cmake_clean_first' from command line to 'False'
[0.105s] Level 5:colcon.colcon_core.verb:set package 'percision_sim' build argument 'cmake_force_configure' from command line to 'False'
[0.105s] Level 5:colcon.colcon_core.verb:set package 'percision_sim' build argument 'ament_cmake_args' from command line to 'None'
[0.105s] Level 5:colcon.colcon_core.verb:set package 'percision_sim' build argument 'catkin_cmake_args' from command line to 'None'
[0.105s] Level 5:colcon.colcon_core.verb:set package 'percision_sim' build argument 'catkin_skip_building_tests' from command line to 'False'
[0.105s] DEBUG:colcon.colcon_core.verb:Building package 'percision_sim' with the following arguments: {'ament_cmake_args': None, 'build_base': '/home/cczh/temp-code/ground_truth_sim/build/percision_sim', 'catkin_cmake_args': None, 'catkin_skip_building_tests': False, 'cmake_args': None, 'cmake_clean_cache': False, 'cmake_clean_first': False, 'cmake_force_configure': False, 'cmake_target': None, 'cmake_target_skip_unavailable': False, 'install_base': '/home/cczh/temp-code/ground_truth_sim/install/percision_sim', 'merge_install': False, 'path': '/home/cczh/temp-code/ground_truth_sim/src/percision_sim', 'symlink_install': False, 'test_result_base': None}
[0.105s] Level 5:colcon.colcon_core.verb:set package 'usv_event_fusion' build argument 'cmake_args' from command line to 'None'
[0.105s] Level 5:colcon.colcon_core.verb:set package 'usv_event_fusion' build argument 'cmake_target' from command line to 'None'
[0.105s] Level 5:colcon.colcon_core.verb:set package 'usv_event_fusion' build argument 'cmake_target_skip_unavailable' from command line to 'False'
[0.105s] Level 5:colcon.colcon_core.verb:set package 'usv_event_fusion' build argument 'cmake_clean_cache' from command line to 'False'
[0.105s] Level 5:colcon.colcon_core.verb:set package 'usv_event_fusion' build argument 'cmake_clean_first' from command line to 'False'
[0.105s] Level 5:colcon.colcon_core.verb:set package 'usv_event_fusion' build argument 'cmake_force_configure' from command line to 'False'
[0.105s] Level 5:colcon.colcon_core.verb:set package 'usv_event_fusion' build argument 'ament_cmake_args' from command line to 'None'
[0.105s] Level 5:colcon.colcon_core.verb:set package 'usv_event_fusion' build argument 'catkin_cmake_args' from command line to 'None'
[0.105s] Level 5:colcon.colcon_core.verb:set package 'usv_event_fusion' build argument 'catkin_skip_building_tests' from command line to 'False'
[0.105s] DEBUG:colcon.colcon_core.verb:Building package 'usv_event_fusion' with the following arguments: {'ament_cmake_args': None, 'build_base': '/home/cczh/temp-code/ground_truth_sim/build/usv_event_fusion', 'catkin_cmake_args': None, 'catkin_skip_building_tests': False, 'cmake_args': None, 'cmake_clean_cache': False, 'cmake_clean_first': False, 'cmake_force_configure': False, 'cmake_target': None, 'cmake_target_skip_unavailable': False, 'install_base': '/home/cczh/temp-code/ground_truth_sim/install/usv_event_fusion', 'merge_install': False, 'path': '/home/cczh/temp-code/ground_truth_sim/src/usv_event_fusion', 'symlink_install': False, 'test_result_base': None}
[0.106s] Level 5:colcon.colcon_core.verb:set package 'ground_truth_sim' build argument 'cmake_args' from command line to 'None'
[0.106s] Level 5:colcon.colcon_core.verb:set package 'ground_truth_sim' build argument 'cmake_target' from command line to 'None'
[0.106s] Level 5:colcon.colcon_core.verb:set package 'ground_truth_sim' build argument 'cmake_target_skip_unavailable' from command line to 'False'
[0.106s] Level 5:colcon.colcon_core.verb:set package 'ground_truth_sim' build argument 'cmake_clean_cache' from command line to 'False'
[0.106s] Level 5:colcon.colcon_core.verb:set package 'ground_truth_sim' build argument 'cmake_clean_first' from command line to 'False'
[0.106s] Level 5:colcon.colcon_core.verb:set package 'ground_truth_sim' build argument 'cmake_force_configure' from command line to 'False'
[0.106s] Level 5:colcon.colcon_core.verb:set package 'ground_truth_sim' build argument 'ament_cmake_args' from command line to 'None'
[0.106s] Level 5:colcon.colcon_core.verb:set package 'ground_truth_sim' build argument 'catkin_cmake_args' from command line to 'None'
[0.106s] Level 5:colcon.colcon_core.verb:set package 'ground_truth_sim' build argument 'catkin_skip_building_tests' from command line to 'False'
[0.106s] DEBUG:colcon.colcon_core.verb:Building package 'ground_truth_sim' with the following arguments: {'ament_cmake_args': None, 'build_base': '/home/cczh/temp-code/ground_truth_sim/build/ground_truth_sim', 'catkin_cmake_args': None, 'catkin_skip_building_tests': False, 'cmake_args': None, 'cmake_clean_cache': False, 'cmake_clean_first': False, 'cmake_force_configure': False, 'cmake_target': None, 'cmake_target_skip_unavailable': False, 'install_base': '/home/cczh/temp-code/ground_truth_sim/install/ground_truth_sim', 'merge_install': False, 'path': '/home/cczh/temp-code/ground_truth_sim/src/sim', 'symlink_install': False, 'test_result_base': None}
[0.106s] INFO:colcon.colcon_core.executor:Executing jobs using 'parallel' executor
[0.106s] DEBUG:colcon.colcon_parallel_executor.executor.parallel:run_until_complete
[0.106s] INFO:colcon.colcon_ros.task.ament_cmake.build:Building ROS package in '/home/cczh/temp-code/ground_truth_sim/src/usv_interfaces' with build type 'ament_cmake'
[0.106s] INFO:colcon.colcon_cmake.task.cmake.build:Building CMake package in '/home/cczh/temp-code/ground_truth_sim/src/usv_interfaces'
[0.107s] INFO:colcon.colcon_core.plugin_system:Skipping extension 'colcon_core.shell.bat': Not used on non-Windows systems
[0.107s] INFO:colcon.colcon_core.shell:Skip shell extension 'powershell' for command environment: Not usable outside of PowerShell
[0.107s] DEBUG:colcon.colcon_core.shell:Skip shell extension 'dsv' for command environment
[0.113s] DEBUG:colcon.colcon_core.event_handler.log_command:Invoking command in '/home/cczh/temp-code/ground_truth_sim/build/usv_interfaces': CMAKE_PREFIX_PATH=${CMAKE_PREFIX_PATH}:/home/cczh/temp-code/ground_truth_sim/install/usv_fusion:/home/cczh/temp-code/ground_truth_sim/install/ground_truth_sim:/home/cczh/temp-code/ground_truth_sim/install/usv_event_fusion:/home/cczh/temp-code/ground_truth_sim/install/percision_sim:/opt/ros/humble /usr/bin/cmake --build /home/cczh/temp-code/ground_truth_sim/build/usv_interfaces -- -j32 -l32
[0.334s] DEBUG:colcon.colcon_core.event_handler.log_command:Invoked command in '/home/cczh/temp-code/ground_truth_sim/build/usv_interfaces' returned '0': CMAKE_PREFIX_PATH=${CMAKE_PREFIX_PATH}:/home/cczh/temp-code/ground_truth_sim/install/usv_fusion:/home/cczh/temp-code/ground_truth_sim/install/ground_truth_sim:/home/cczh/temp-code/ground_truth_sim/install/usv_event_fusion:/home/cczh/temp-code/ground_truth_sim/install/percision_sim:/opt/ros/humble /usr/bin/cmake --build /home/cczh/temp-code/ground_truth_sim/build/usv_interfaces -- -j32 -l32
[0.340s] DEBUG:colcon.colcon_core.event_handler.log_command:Invoking command in '/home/cczh/temp-code/ground_truth_sim/build/usv_interfaces': CMAKE_PREFIX_PATH=${CMAKE_PREFIX_PATH}:/home/cczh/temp-code/ground_truth_sim/install/usv_fusion:/home/cczh/temp-code/ground_truth_sim/install/ground_truth_sim:/home/cczh/temp-code/ground_truth_sim/install/usv_event_fusion:/home/cczh/temp-code/ground_truth_sim/install/percision_sim:/opt/ros/humble /usr/bin/cmake --install /home/cczh/temp-code/ground_truth_sim/build/usv_interfaces
[0.376s] Level 1:colcon.colcon_core.environment:create_environment_scripts_only(usv_interfaces)
[0.376s] DEBUG:colcon.colcon_core.event_handler.log_command:Invoked command in '/home/cczh/temp-code/ground_truth_sim/build/usv_interfaces' returned '0': CMAKE_PREFIX_PATH=${CMAKE_PREFIX_PATH}:/home/cczh/temp-code/ground_truth_sim/install/usv_fusion:/home/cczh/temp-code/ground_truth_sim/install/ground_truth_sim:/home/cczh/temp-code/ground_truth_sim/install/usv_event_fusion:/home/cczh/temp-code/ground_truth_sim/install/percision_sim:/opt/ros/humble /usr/bin/cmake --install /home/cczh/temp-code/ground_truth_sim/build/usv_interfaces
[0.378s] Level 1:colcon.colcon_core.environment:checking '/home/cczh/temp-code/ground_truth_sim/install/usv_interfaces' for CMake module files
[0.378s] Level 1:colcon.colcon_core.environment:checking '/home/cczh/temp-code/ground_truth_sim/install/usv_interfaces' for CMake config files
[0.379s] Level 1:colcon.colcon_core.shell:create_environment_hook('usv_interfaces', 'cmake_prefix_path')
[0.379s] INFO:colcon.colcon_core.shell:Creating environment hook '/home/cczh/temp-code/ground_truth_sim/install/usv_interfaces/share/usv_interfaces/hook/cmake_prefix_path.ps1'
[0.379s] INFO:colcon.colcon_core.shell:Creating environment descriptor '/home/cczh/temp-code/ground_truth_sim/install/usv_interfaces/share/usv_interfaces/hook/cmake_prefix_path.dsv'
[0.380s] INFO:colcon.colcon_core.shell:Creating environment hook '/home/cczh/temp-code/ground_truth_sim/install/usv_interfaces/share/usv_interfaces/hook/cmake_prefix_path.sh'
[0.380s] Level 1:colcon.colcon_core.environment:checking '/home/cczh/temp-code/ground_truth_sim/install/usv_interfaces/lib'
[0.381s] Level 1:colcon.colcon_core.shell:create_environment_hook('usv_interfaces', 'ld_library_path_lib')
[0.381s] INFO:colcon.colcon_core.shell:Creating environment hook '/home/cczh/temp-code/ground_truth_sim/install/usv_interfaces/share/usv_interfaces/hook/ld_library_path_lib.ps1'
[0.381s] INFO:colcon.colcon_core.shell:Creating environment descriptor '/home/cczh/temp-code/ground_truth_sim/install/usv_interfaces/share/usv_interfaces/hook/ld_library_path_lib.dsv'
[0.381s] INFO:colcon.colcon_core.shell:Creating environment hook '/home/cczh/temp-code/ground_truth_sim/install/usv_interfaces/share/usv_interfaces/hook/ld_library_path_lib.sh'
[0.382s] Level 1:colcon.colcon_core.environment:checking '/home/cczh/temp-code/ground_truth_sim/install/usv_interfaces/bin'
[0.382s] Level 1:colcon.colcon_core.environment:checking '/home/cczh/temp-code/ground_truth_sim/install/usv_interfaces/lib/pkgconfig/usv_interfaces.pc'
[0.382s] Level 1:colcon.colcon_core.environment:checking '/home/cczh/temp-code/ground_truth_sim/install/usv_interfaces/lib/python3.10/site-packages'
[0.382s] Level 1:colcon.colcon_core.environment:checking '/home/cczh/temp-code/ground_truth_sim/install/usv_interfaces/bin'
[0.382s] INFO:colcon.colcon_core.shell:Creating package script '/home/cczh/temp-code/ground_truth_sim/install/usv_interfaces/share/usv_interfaces/package.ps1'
[0.383s] INFO:colcon.colcon_core.shell:Creating package descriptor '/home/cczh/temp-code/ground_truth_sim/install/usv_interfaces/share/usv_interfaces/package.dsv'
[0.383s] INFO:colcon.colcon_core.shell:Creating package script '/home/cczh/temp-code/ground_truth_sim/install/usv_interfaces/share/usv_interfaces/package.sh'
[0.384s] INFO:colcon.colcon_core.shell:Creating package script '/home/cczh/temp-code/ground_truth_sim/install/usv_interfaces/share/usv_interfaces/package.bash'
[0.385s] INFO:colcon.colcon_core.shell:Creating package script '/home/cczh/temp-code/ground_truth_sim/install/usv_interfaces/share/usv_interfaces/package.zsh'
[0.385s] Level 1:colcon.colcon_core.environment:create_file_with_runtime_dependencies(/home/cczh/temp-code/ground_truth_sim/install/usv_interfaces/share/colcon-core/packages/usv_interfaces)
[0.386s] Level 1:colcon.colcon_core.environment:create_environment_scripts_only(usv_interfaces)
[0.386s] Level 1:colcon.colcon_core.environment:checking '/home/cczh/temp-code/ground_truth_sim/install/usv_interfaces' for CMake module files
[0.386s] Level 1:colcon.colcon_core.environment:checking '/home/cczh/temp-code/ground_truth_sim/install/usv_interfaces' for CMake config files
[0.386s] Level 1:colcon.colcon_core.shell:create_environment_hook('usv_interfaces', 'cmake_prefix_path')
[0.387s] INFO:colcon.colcon_core.shell:Creating environment hook '/home/cczh/temp-code/ground_truth_sim/install/usv_interfaces/share/usv_interfaces/hook/cmake_prefix_path.ps1'
[0.387s] INFO:colcon.colcon_core.shell:Creating environment descriptor '/home/cczh/temp-code/ground_truth_sim/install/usv_interfaces/share/usv_interfaces/hook/cmake_prefix_path.dsv'
[0.387s] INFO:colcon.colcon_core.shell:Creating environment hook '/home/cczh/temp-code/ground_truth_sim/install/usv_interfaces/share/usv_interfaces/hook/cmake_prefix_path.sh'
[0.387s] Level 1:colcon.colcon_core.environment:checking '/home/cczh/temp-code/ground_truth_sim/install/usv_interfaces/lib'
[0.388s] Level 1:colcon.colcon_core.shell:create_environment_hook('usv_interfaces', 'ld_library_path_lib')
[0.388s] INFO:colcon.colcon_core.shell:Creating environment hook '/home/cczh/temp-code/ground_truth_sim/install/usv_interfaces/share/usv_interfaces/hook/ld_library_path_lib.ps1'
[0.388s] INFO:colcon.colcon_core.shell:Creating environment descriptor '/home/cczh/temp-code/ground_truth_sim/install/usv_interfaces/share/usv_interfaces/hook/ld_library_path_lib.dsv'
[0.388s] INFO:colcon.colcon_core.shell:Creating environment hook '/home/cczh/temp-code/ground_truth_sim/install/usv_interfaces/share/usv_interfaces/hook/ld_library_path_lib.sh'
[0.388s] Level 1:colcon.colcon_core.environment:checking '/home/cczh/temp-code/ground_truth_sim/install/usv_interfaces/bin'
[0.389s] Level 1:colcon.colcon_core.environment:checking '/home/cczh/temp-code/ground_truth_sim/install/usv_interfaces/lib/pkgconfig/usv_interfaces.pc'
[0.389s] Level 1:colcon.colcon_core.environment:checking '/home/cczh/temp-code/ground_truth_sim/install/usv_interfaces/lib/python3.10/site-packages'
[0.389s] Level 1:colcon.colcon_core.environment:checking '/home/cczh/temp-code/ground_truth_sim/install/usv_interfaces/bin'
[0.389s] INFO:colcon.colcon_core.shell:Creating package script '/home/cczh/temp-code/ground_truth_sim/install/usv_interfaces/share/usv_interfaces/package.ps1'
[0.390s] INFO:colcon.colcon_core.shell:Creating package descriptor '/home/cczh/temp-code/ground_truth_sim/install/usv_interfaces/share/usv_interfaces/package.dsv'
[0.390s] INFO:colcon.colcon_core.shell:Creating package script '/home/cczh/temp-code/ground_truth_sim/install/usv_interfaces/share/usv_interfaces/package.sh'
[0.390s] INFO:colcon.colcon_core.shell:Creating package script '/home/cczh/temp-code/ground_truth_sim/install/usv_interfaces/share/usv_interfaces/package.bash'
[0.391s] INFO:colcon.colcon_core.shell:Creating package script '/home/cczh/temp-code/ground_truth_sim/install/usv_interfaces/share/usv_interfaces/package.zsh'
[0.391s] Level 1:colcon.colcon_core.environment:create_file_with_runtime_dependencies(/home/cczh/temp-code/ground_truth_sim/install/usv_interfaces/share/colcon-core/packages/usv_interfaces)
[0.391s] INFO:colcon.colcon_ros.task.ament_python.build:Building ROS package in '/home/cczh/temp-code/ground_truth_sim/src/usv_event_fusion' with build type 'ament_python'
[0.391s] Level 1:colcon.colcon_core.shell:create_environment_hook('usv_event_fusion', 'ament_prefix_path')
[0.391s] INFO:colcon.colcon_core.shell:Creating environment hook '/home/cczh/temp-code/ground_truth_sim/install/usv_event_fusion/share/usv_event_fusion/hook/ament_prefix_path.ps1'
[0.392s] INFO:colcon.colcon_core.shell:Creating environment descriptor '/home/cczh/temp-code/ground_truth_sim/install/usv_event_fusion/share/usv_event_fusion/hook/ament_prefix_path.dsv'
[0.392s] INFO:colcon.colcon_core.shell:Creating environment hook '/home/cczh/temp-code/ground_truth_sim/install/usv_event_fusion/share/usv_event_fusion/hook/ament_prefix_path.sh'
[0.393s] INFO:colcon.colcon_core.shell:Skip shell extension 'powershell' for command environment: Not usable outside of PowerShell
[0.393s] DEBUG:colcon.colcon_core.shell:Skip shell extension 'dsv' for command environment
[0.395s] INFO:colcon.colcon_ros.task.ament_python.build:Building ROS package in '/home/cczh/temp-code/ground_truth_sim/src/percision_sim' with build type 'ament_python'
[0.395s] Level 1:colcon.colcon_core.shell:create_environment_hook('percision_sim', 'ament_prefix_path')
[0.396s] INFO:colcon.colcon_core.shell:Creating environment hook '/home/cczh/temp-code/ground_truth_sim/install/percision_sim/share/percision_sim/hook/ament_prefix_path.ps1'
[0.396s] INFO:colcon.colcon_core.shell:Creating environment descriptor '/home/cczh/temp-code/ground_truth_sim/install/percision_sim/share/percision_sim/hook/ament_prefix_path.dsv'
[0.396s] INFO:colcon.colcon_core.shell:Creating environment hook '/home/cczh/temp-code/ground_truth_sim/install/percision_sim/share/percision_sim/hook/ament_prefix_path.sh'
[0.397s] INFO:colcon.colcon_core.shell:Skip shell extension 'powershell' for command environment: Not usable outside of PowerShell
[0.397s] DEBUG:colcon.colcon_core.shell:Skip shell extension 'dsv' for command environment
[0.501s] INFO:colcon.colcon_core.task.python.build:Building Python package in '/home/cczh/temp-code/ground_truth_sim/src/usv_event_fusion'
[0.501s] INFO:colcon.colcon_core.shell:Skip shell extension 'powershell' for command environment: Not usable outside of PowerShell
[0.501s] DEBUG:colcon.colcon_core.shell:Skip shell extension 'dsv' for command environment
[0.605s] INFO:colcon.colcon_core.task.python.build:Building Python package in '/home/cczh/temp-code/ground_truth_sim/src/percision_sim'
[0.605s] INFO:colcon.colcon_core.shell:Skip shell extension 'powershell' for command environment: Not usable outside of PowerShell
[0.605s] DEBUG:colcon.colcon_core.shell:Skip shell extension 'dsv' for command environment
[0.857s] DEBUG:colcon.colcon_core.event_handler.log_command:Invoking command in '/home/cczh/temp-code/ground_truth_sim/src/usv_event_fusion': PYTHONPATH=/home/cczh/temp-code/ground_truth_sim/build/usv_event_fusion/prefix_override:/usr/lib/python3/dist-packages/colcon_core/task/python/colcon_distutils_commands:/home/cczh/temp-code/ground_truth_sim/install/usv_event_fusion/lib/python3.10/site-packages:${PYTHONPATH} /usr/bin/python3 -W ignore:setup.py install is deprecated -W ignore:easy_install command is deprecated setup.py egg_info --egg-base ../../build/usv_event_fusion build --build-base /home/cczh/temp-code/ground_truth_sim/build/usv_event_fusion/build install --record /home/cczh/temp-code/ground_truth_sim/build/usv_event_fusion/install.log --single-version-externally-managed install_data
[0.858s] DEBUG:colcon.colcon_core.event_handler.log_command:Invoking command in '/home/cczh/temp-code/ground_truth_sim/src/percision_sim': PYTHONPATH=/home/cczh/temp-code/ground_truth_sim/build/percision_sim/prefix_override:/usr/lib/python3/dist-packages/colcon_core/task/python/colcon_distutils_commands:/home/cczh/temp-code/ground_truth_sim/install/percision_sim/lib/python3.10/site-packages:${PYTHONPATH} /usr/bin/python3 -W ignore:setup.py install is deprecated -W ignore:easy_install command is deprecated setup.py egg_info --egg-base ../../build/percision_sim build --build-base /home/cczh/temp-code/ground_truth_sim/build/percision_sim/build install --record /home/cczh/temp-code/ground_truth_sim/build/percision_sim/install.log --single-version-externally-managed install_data
[1.078s] Level 1:colcon.colcon_core.environment:checking '/home/cczh/temp-code/ground_truth_sim/install/percision_sim' for CMake module files
[1.078s] DEBUG:colcon.colcon_core.event_handler.log_command:Invoked command in '/home/cczh/temp-code/ground_truth_sim/src/percision_sim' returned '0': PYTHONPATH=/home/cczh/temp-code/ground_truth_sim/build/percision_sim/prefix_override:/usr/lib/python3/dist-packages/colcon_core/task/python/colcon_distutils_commands:/home/cczh/temp-code/ground_truth_sim/install/percision_sim/lib/python3.10/site-packages:${PYTHONPATH} /usr/bin/python3 -W ignore:setup.py install is deprecated -W ignore:easy_install command is deprecated setup.py egg_info --egg-base ../../build/percision_sim build --build-base /home/cczh/temp-code/ground_truth_sim/build/percision_sim/build install --record /home/cczh/temp-code/ground_truth_sim/build/percision_sim/install.log --single-version-externally-managed install_data
[1.079s] Level 1:colcon.colcon_core.environment:checking '/home/cczh/temp-code/ground_truth_sim/install/percision_sim' for CMake config files
[1.079s] Level 1:colcon.colcon_core.environment:checking '/home/cczh/temp-code/ground_truth_sim/install/percision_sim/lib'
[1.079s] Level 1:colcon.colcon_core.environment:checking '/home/cczh/temp-code/ground_truth_sim/install/percision_sim/bin'
[1.079s] Level 1:colcon.colcon_core.environment:checking '/home/cczh/temp-code/ground_truth_sim/install/percision_sim/lib/pkgconfig/percision_sim.pc'
[1.079s] Level 1:colcon.colcon_core.environment:checking '/home/cczh/temp-code/ground_truth_sim/install/percision_sim/lib/python3.10/site-packages'
[1.079s] Level 1:colcon.colcon_core.shell:create_environment_hook('percision_sim', 'pythonpath')
[1.079s] INFO:colcon.colcon_core.shell:Creating environment hook '/home/cczh/temp-code/ground_truth_sim/install/percision_sim/share/percision_sim/hook/pythonpath.ps1'
[1.079s] INFO:colcon.colcon_core.shell:Creating environment descriptor '/home/cczh/temp-code/ground_truth_sim/install/percision_sim/share/percision_sim/hook/pythonpath.dsv'
[1.079s] INFO:colcon.colcon_core.shell:Creating environment hook '/home/cczh/temp-code/ground_truth_sim/install/percision_sim/share/percision_sim/hook/pythonpath.sh'
[1.080s] Level 1:colcon.colcon_core.environment:checking '/home/cczh/temp-code/ground_truth_sim/install/percision_sim/bin'
[1.080s] Level 1:colcon.colcon_core.environment:create_environment_scripts_only(percision_sim)
[1.080s] INFO:colcon.colcon_core.shell:Creating package script '/home/cczh/temp-code/ground_truth_sim/install/percision_sim/share/percision_sim/package.ps1'
[1.080s] INFO:colcon.colcon_core.shell:Creating package descriptor '/home/cczh/temp-code/ground_truth_sim/install/percision_sim/share/percision_sim/package.dsv'
[1.080s] INFO:colcon.colcon_core.shell:Creating package script '/home/cczh/temp-code/ground_truth_sim/install/percision_sim/share/percision_sim/package.sh'
[1.080s] INFO:colcon.colcon_core.shell:Creating package script '/home/cczh/temp-code/ground_truth_sim/install/percision_sim/share/percision_sim/package.bash'
[1.080s] INFO:colcon.colcon_core.shell:Creating package script '/home/cczh/temp-code/ground_truth_sim/install/percision_sim/share/percision_sim/package.zsh'
[1.081s] Level 1:colcon.colcon_core.environment:create_file_with_runtime_dependencies(/home/cczh/temp-code/ground_truth_sim/install/percision_sim/share/colcon-core/packages/percision_sim)
[1.083s] Level 1:colcon.colcon_core.environment:checking '/home/cczh/temp-code/ground_truth_sim/install/usv_event_fusion' for CMake module files
[1.083s] DEBUG:colcon.colcon_core.event_handler.log_command:Invoked command in '/home/cczh/temp-code/ground_truth_sim/src/usv_event_fusion' returned '0': PYTHONPATH=/home/cczh/temp-code/ground_truth_sim/build/usv_event_fusion/prefix_override:/usr/lib/python3/dist-packages/colcon_core/task/python/colcon_distutils_commands:/home/cczh/temp-code/ground_truth_sim/install/usv_event_fusion/lib/python3.10/site-packages:${PYTHONPATH} /usr/bin/python3 -W ignore:setup.py install is deprecated -W ignore:easy_install command is deprecated setup.py egg_info --egg-base ../../build/usv_event_fusion build --build-base /home/cczh/temp-code/ground_truth_sim/build/usv_event_fusion/build install --record /home/cczh/temp-code/ground_truth_sim/build/usv_event_fusion/install.log --single-version-externally-managed install_data
[1.084s] Level 1:colcon.colcon_core.environment:checking '/home/cczh/temp-code/ground_truth_sim/install/usv_event_fusion' for CMake config files
[1.084s] Level 1:colcon.colcon_core.environment:checking '/home/cczh/temp-code/ground_truth_sim/install/usv_event_fusion/lib'
[1.084s] Level 1:colcon.colcon_core.environment:checking '/home/cczh/temp-code/ground_truth_sim/install/usv_event_fusion/bin'
[1.084s] Level 1:colcon.colcon_core.environment:checking '/home/cczh/temp-code/ground_truth_sim/install/usv_event_fusion/lib/pkgconfig/usv_event_fusion.pc'
[1.084s] Level 1:colcon.colcon_core.environment:checking '/home/cczh/temp-code/ground_truth_sim/install/usv_event_fusion/lib/python3.10/site-packages'
[1.084s] Level 1:colcon.colcon_core.shell:create_environment_hook('usv_event_fusion', 'pythonpath')
[1.084s] INFO:colcon.colcon_core.shell:Creating environment hook '/home/cczh/temp-code/ground_truth_sim/install/usv_event_fusion/share/usv_event_fusion/hook/pythonpath.ps1'
[1.085s] INFO:colcon.colcon_core.shell:Creating environment descriptor '/home/cczh/temp-code/ground_truth_sim/install/usv_event_fusion/share/usv_event_fusion/hook/pythonpath.dsv'
[1.085s] INFO:colcon.colcon_core.shell:Creating environment hook '/home/cczh/temp-code/ground_truth_sim/install/usv_event_fusion/share/usv_event_fusion/hook/pythonpath.sh'
[1.085s] Level 1:colcon.colcon_core.environment:checking '/home/cczh/temp-code/ground_truth_sim/install/usv_event_fusion/bin'
[1.085s] Level 1:colcon.colcon_core.environment:create_environment_scripts_only(usv_event_fusion)
[1.086s] INFO:colcon.colcon_core.shell:Creating package script '/home/cczh/temp-code/ground_truth_sim/install/usv_event_fusion/share/usv_event_fusion/package.ps1'
[1.086s] INFO:colcon.colcon_core.shell:Creating package descriptor '/home/cczh/temp-code/ground_truth_sim/install/usv_event_fusion/share/usv_event_fusion/package.dsv'
[1.086s] INFO:colcon.colcon_core.shell:Creating package script '/home/cczh/temp-code/ground_truth_sim/install/usv_event_fusion/share/usv_event_fusion/package.sh'
[1.087s] INFO:colcon.colcon_core.shell:Creating package script '/home/cczh/temp-code/ground_truth_sim/install/usv_event_fusion/share/usv_event_fusion/package.bash'
[1.087s] INFO:colcon.colcon_core.shell:Creating package script '/home/cczh/temp-code/ground_truth_sim/install/usv_event_fusion/share/usv_event_fusion/package.zsh'
[1.087s] Level 1:colcon.colcon_core.environment:create_file_with_runtime_dependencies(/home/cczh/temp-code/ground_truth_sim/install/usv_event_fusion/share/colcon-core/packages/usv_event_fusion)
[1.087s] INFO:colcon.colcon_ros.task.ament_python.build:Building ROS package in '/home/cczh/temp-code/ground_truth_sim/src/sim' with build type 'ament_python'
[1.087s] Level 1:colcon.colcon_core.shell:create_environment_hook('ground_truth_sim', 'ament_prefix_path')
[1.087s] INFO:colcon.colcon_core.shell:Creating environment hook '/home/cczh/temp-code/ground_truth_sim/install/ground_truth_sim/share/ground_truth_sim/hook/ament_prefix_path.ps1'
[1.088s] INFO:colcon.colcon_core.shell:Creating environment descriptor '/home/cczh/temp-code/ground_truth_sim/install/ground_truth_sim/share/ground_truth_sim/hook/ament_prefix_path.dsv'
[1.088s] INFO:colcon.colcon_core.shell:Creating environment hook '/home/cczh/temp-code/ground_truth_sim/install/ground_truth_sim/share/ground_truth_sim/hook/ament_prefix_path.sh'
[1.089s] INFO:colcon.colcon_core.shell:Skip shell extension 'powershell' for command environment: Not usable outside of PowerShell
[1.089s] DEBUG:colcon.colcon_core.shell:Skip shell extension 'dsv' for command environment
[1.193s] INFO:colcon.colcon_core.task.python.build:Building Python package in '/home/cczh/temp-code/ground_truth_sim/src/sim'
[1.193s] INFO:colcon.colcon_core.shell:Skip shell extension 'powershell' for command environment: Not usable outside of PowerShell
[1.193s] DEBUG:colcon.colcon_core.shell:Skip shell extension 'dsv' for command environment
[1.460s] DEBUG:colcon.colcon_core.event_handler.log_command:Invoking command in '/home/cczh/temp-code/ground_truth_sim/src/sim': AMENT_PREFIX_PATH=/home/cczh/temp-code/ground_truth_sim/install/usv_event_fusion:/home/cczh/temp-code/ground_truth_sim/install/usv_fusion:/home/cczh/temp-code/ground_truth_sim/install/ground_truth_sim:/home/cczh/temp-code/ground_truth_sim/install/percision_sim:/home/cczh/temp-code/ground_truth_sim/install/usv_interfaces:/opt/ros/humble PYTHONPATH=/home/cczh/temp-code/ground_truth_sim/build/ground_truth_sim/prefix_override:/usr/lib/python3/dist-packages/colcon_core/task/python/colcon_distutils_commands:/home/cczh/temp-code/ground_truth_sim/install/ground_truth_sim/lib/python3.10/site-packages:/home/cczh/temp-code/ground_truth_sim/install/usv_event_fusion/lib/python3.10/site-packages:/home/cczh/temp-code/ground_truth_sim/install/usv_fusion/lib/python3.10/site-packages:/home/cczh/temp-code/ground_truth_sim/install/ground_truth_sim/lib/python3.10/site-packages:/home/cczh/temp-code/ground_truth_sim/install/percision_sim/lib/python3.10/site-packages:/home/cczh/temp-code/ground_truth_sim/install/usv_interfaces/local/lib/python3.10/dist-packages:/opt/ros/humble/lib/python3.10/site-packages:/opt/ros/humble/local/lib/python3.10/dist-packages /usr/bin/python3 -W ignore:setup.py install is deprecated -W ignore:easy_install command is deprecated setup.py egg_info --egg-base ../../build/ground_truth_sim build --build-base /home/cczh/temp-code/ground_truth_sim/build/ground_truth_sim/build install --record /home/cczh/temp-code/ground_truth_sim/build/ground_truth_sim/install.log --single-version-externally-managed install_data
[1.684s] Level 1:colcon.colcon_core.environment:checking '/home/cczh/temp-code/ground_truth_sim/install/ground_truth_sim' for CMake module files
[1.685s] DEBUG:colcon.colcon_core.event_handler.log_command:Invoked command in '/home/cczh/temp-code/ground_truth_sim/src/sim' returned '0': AMENT_PREFIX_PATH=/home/cczh/temp-code/ground_truth_sim/install/usv_event_fusion:/home/cczh/temp-code/ground_truth_sim/install/usv_fusion:/home/cczh/temp-code/ground_truth_sim/install/ground_truth_sim:/home/cczh/temp-code/ground_truth_sim/install/percision_sim:/home/cczh/temp-code/ground_truth_sim/install/usv_interfaces:/opt/ros/humble PYTHONPATH=/home/cczh/temp-code/ground_truth_sim/build/ground_truth_sim/prefix_override:/usr/lib/python3/dist-packages/colcon_core/task/python/colcon_distutils_commands:/home/cczh/temp-code/ground_truth_sim/install/ground_truth_sim/lib/python3.10/site-packages:/home/cczh/temp-code/ground_truth_sim/install/usv_event_fusion/lib/python3.10/site-packages:/home/cczh/temp-code/ground_truth_sim/install/usv_fusion/lib/python3.10/site-packages:/home/cczh/temp-code/ground_truth_sim/install/ground_truth_sim/lib/python3.10/site-packages:/home/cczh/temp-code/ground_truth_sim/install/percision_sim/lib/python3.10/site-packages:/home/cczh/temp-code/ground_truth_sim/install/usv_interfaces/local/lib/python3.10/dist-packages:/opt/ros/humble/lib/python3.10/site-packages:/opt/ros/humble/local/lib/python3.10/dist-packages /usr/bin/python3 -W ignore:setup.py install is deprecated -W ignore:easy_install command is deprecated setup.py egg_info --egg-base ../../build/ground_truth_sim build --build-base /home/cczh/temp-code/ground_truth_sim/build/ground_truth_sim/build install --record /home/cczh/temp-code/ground_truth_sim/build/ground_truth_sim/install.log --single-version-externally-managed install_data
[1.685s] Level 1:colcon.colcon_core.environment:checking '/home/cczh/temp-code/ground_truth_sim/install/ground_truth_sim' for CMake config files
[1.685s] Level 1:colcon.colcon_core.environment:checking '/home/cczh/temp-code/ground_truth_sim/install/ground_truth_sim/lib'
[1.685s] Level 1:colcon.colcon_core.environment:checking '/home/cczh/temp-code/ground_truth_sim/install/ground_truth_sim/bin'
[1.686s] Level 1:colcon.colcon_core.environment:checking '/home/cczh/temp-code/ground_truth_sim/install/ground_truth_sim/lib/pkgconfig/ground_truth_sim.pc'
[1.686s] Level 1:colcon.colcon_core.environment:checking '/home/cczh/temp-code/ground_truth_sim/install/ground_truth_sim/lib/python3.10/site-packages'
[1.686s] Level 1:colcon.colcon_core.shell:create_environment_hook('ground_truth_sim', 'pythonpath')
[1.686s] INFO:colcon.colcon_core.shell:Creating environment hook '/home/cczh/temp-code/ground_truth_sim/install/ground_truth_sim/share/ground_truth_sim/hook/pythonpath.ps1'
[1.686s] INFO:colcon.colcon_core.shell:Creating environment descriptor '/home/cczh/temp-code/ground_truth_sim/install/ground_truth_sim/share/ground_truth_sim/hook/pythonpath.dsv'
[1.686s] INFO:colcon.colcon_core.shell:Creating environment hook '/home/cczh/temp-code/ground_truth_sim/install/ground_truth_sim/share/ground_truth_sim/hook/pythonpath.sh'
[1.687s] Level 1:colcon.colcon_core.environment:checking '/home/cczh/temp-code/ground_truth_sim/install/ground_truth_sim/bin'
[1.687s] Level 1:colcon.colcon_core.environment:create_environment_scripts_only(ground_truth_sim)
[1.687s] INFO:colcon.colcon_core.shell:Creating package script '/home/cczh/temp-code/ground_truth_sim/install/ground_truth_sim/share/ground_truth_sim/package.ps1'
[1.688s] INFO:colcon.colcon_core.shell:Creating package descriptor '/home/cczh/temp-code/ground_truth_sim/install/ground_truth_sim/share/ground_truth_sim/package.dsv'
[1.688s] INFO:colcon.colcon_core.shell:Creating package script '/home/cczh/temp-code/ground_truth_sim/install/ground_truth_sim/share/ground_truth_sim/package.sh'
[1.688s] INFO:colcon.colcon_core.shell:Creating package script '/home/cczh/temp-code/ground_truth_sim/install/ground_truth_sim/share/ground_truth_sim/package.bash'
[1.688s] INFO:colcon.colcon_core.shell:Creating package script '/home/cczh/temp-code/ground_truth_sim/install/ground_truth_sim/share/ground_truth_sim/package.zsh'
[1.689s] Level 1:colcon.colcon_core.environment:create_file_with_runtime_dependencies(/home/cczh/temp-code/ground_truth_sim/install/ground_truth_sim/share/colcon-core/packages/ground_truth_sim)
[1.689s] DEBUG:colcon.colcon_parallel_executor.executor.parallel:closing loop
[1.689s] DEBUG:colcon.colcon_parallel_executor.executor.parallel:loop closed
[1.689s] DEBUG:colcon.colcon_parallel_executor.executor.parallel:run_until_complete finished with '0'
[1.689s] DEBUG:colcon.colcon_core.event_reactor:joining thread
[1.696s] INFO:colcon.colcon_core.plugin_system:Skipping extension 'colcon_notification.desktop_notification.terminal_notifier': Not used on non-Darwin systems
[1.696s] INFO:colcon.colcon_core.plugin_system:Skipping extension 'colcon_notification.desktop_notification.win32': Not used on non-Windows systems
[1.696s] INFO:colcon.colcon_notification.desktop_notification:Sending desktop notification using 'notify2'
[1.704s] DEBUG:colcon.colcon_core.event_reactor:joined thread
[1.705s] INFO:colcon.colcon_core.shell:Creating prefix script '/home/cczh/temp-code/ground_truth_sim/install/local_setup.ps1'
[1.706s] INFO:colcon.colcon_core.shell:Creating prefix util module '/home/cczh/temp-code/ground_truth_sim/install/_local_setup_util_ps1.py'
[1.706s] INFO:colcon.colcon_core.shell:Creating prefix chain script '/home/cczh/temp-code/ground_truth_sim/install/setup.ps1'
[1.707s] INFO:colcon.colcon_core.shell:Creating prefix script '/home/cczh/temp-code/ground_truth_sim/install/local_setup.sh'
[1.707s] INFO:colcon.colcon_core.shell:Creating prefix util module '/home/cczh/temp-code/ground_truth_sim/install/_local_setup_util_sh.py'
[1.708s] INFO:colcon.colcon_core.shell:Creating prefix chain script '/home/cczh/temp-code/ground_truth_sim/install/setup.sh'
[1.708s] INFO:colcon.colcon_core.shell:Creating prefix script '/home/cczh/temp-code/ground_truth_sim/install/local_setup.bash'
[1.708s] INFO:colcon.colcon_core.shell:Creating prefix chain script '/home/cczh/temp-code/ground_truth_sim/install/setup.bash'
[1.709s] INFO:colcon.colcon_core.shell:Creating prefix script '/home/cczh/temp-code/ground_truth_sim/install/local_setup.zsh'
[1.709s] INFO:colcon.colcon_core.shell:Creating prefix chain script '/home/cczh/temp-code/ground_truth_sim/install/setup.zsh'
