[0.005s] Invoking command in '/home/cczh/temp-code/ground_truth_sim/build/usv_interfaces': CMAKE_PREFIX_PATH=/opt/ros/humble /usr/bin/cmake /home/cczh/temp-code/ground_truth_sim/src/usv_interfaces -DCMAKE_INSTALL_PREFIX=/home/cczh/temp-code/ground_truth_sim/install/usv_interfaces
[0.014s] -- Found ament_cmake: 1.3.13 (/opt/ros/humble/share/ament_cmake/cmake)
[0.092s] -- Override CMake install command with custom implementation using symlinks instead of copying resources
[0.096s] -- Found std_msgs: 4.9.1 (/opt/ros/humble/share/std_msgs/cmake)
[0.106s] -- Found rosidl_generator_c: 3.1.8 (/opt/ros/humble/share/rosidl_generator_c/cmake)
[0.107s] -- Found rosidl_adapter: 3.1.8 (/opt/ros/humble/share/rosidl_adapter/cmake)
[0.110s] -- Found rosidl_generator_cpp: 3.1.8 (/opt/ros/humble/share/rosidl_generator_cpp/cmake)
[0.114s] -- Using all available rosidl_typesupport_c: rosidl_typesupport_fastrtps_c;rosidl_typesupport_introspection_c
[0.119s] -- Using all available rosidl_typesupport_cpp: rosidl_typesupport_fastrtps_cpp;rosidl_typesupport_introspection_cpp
[0.129s] -- Found geometry_msgs: 4.9.1 (/opt/ros/humble/share/geometry_msgs/cmake)
[0.134s] -- Found nav_msgs: 4.9.1 (/opt/ros/humble/share/nav_msgs/cmake)
[0.142s] -- Found unique_identifier_msgs: 2.2.1 (/opt/ros/humble/share/unique_identifier_msgs/cmake)
[0.146s] -- Found rosidl_default_generators: 1.2.0 (/opt/ros/humble/share/rosidl_default_generators/cmake)
[0.368s] -- Found ament_cmake_ros: 0.10.0 (/opt/ros/humble/share/ament_cmake_ros/cmake)
[0.648s] -- Using all available rosidl_typesupport_c: rosidl_typesupport_fastrtps_c;rosidl_typesupport_introspection_c
[0.743s] -- Using all available rosidl_typesupport_cpp: rosidl_typesupport_fastrtps_cpp;rosidl_typesupport_introspection_cpp
[0.758s] -- Found python_cmake_module: 0.10.0 (/opt/ros/humble/share/python_cmake_module/cmake)
[0.773s] -- Using PYTHON_EXECUTABLE: /usr/bin/python3
[0.773s] -- Using PYTHON_INCLUDE_DIRS: /usr/include/python3.10
[0.773s] -- Using PYTHON_LIBRARIES: /usr/lib/x86_64-linux-gnu/libpython3.10.so
[0.808s] -- Configuring done
[0.841s] -- Generating done
[0.848s] -- Build files have been written to: /home/cczh/temp-code/ground_truth_sim/build/usv_interfaces
[0.853s] Invoked command in '/home/cczh/temp-code/ground_truth_sim/build/usv_interfaces' returned '0': CMAKE_PREFIX_PATH=/opt/ros/humble /usr/bin/cmake /home/cczh/temp-code/ground_truth_sim/src/usv_interfaces -DCMAKE_INSTALL_PREFIX=/home/cczh/temp-code/ground_truth_sim/install/usv_interfaces
[0.854s] Invoking command in '/home/cczh/temp-code/ground_truth_sim/build/usv_interfaces': CMAKE_PREFIX_PATH=/opt/ros/humble /usr/bin/cmake --build /home/cczh/temp-code/ground_truth_sim/build/usv_interfaces -- -j32 -l32
[0.903s] Consolidate compiler generated dependencies of target usv_interfaces__rosidl_generator_c
[0.907s] failed to create symbolic link '/home/cczh/temp-code/ground_truth_sim/build/usv_interfaces/ament_cmake_python/usv_interfaces/usv_interfaces' because existing path cannot be removed: Is a directory
[0.908s] gmake[2]: *** [CMakeFiles/ament_cmake_python_symlink_usv_interfaces.dir/build.make:70: CMakeFiles/ament_cmake_python_symlink_usv_interfaces] Error 1
[0.908s] gmake[1]: *** [CMakeFiles/Makefile2:421: CMakeFiles/ament_cmake_python_symlink_usv_interfaces.dir/all] Error 2
[0.908s] gmake[1]: *** Waiting for unfinished jobs....
[0.909s] [  0%] Built target usv_interfaces__cpp
[0.914s] [ 12%] Built target usv_interfaces__rosidl_generator_c
[0.915s] gmake: *** [Makefile:146: all] Error 2
[0.917s] Invoked command in '/home/cczh/temp-code/ground_truth_sim/build/usv_interfaces' returned '2': CMAKE_PREFIX_PATH=/opt/ros/humble /usr/bin/cmake --build /home/cczh/temp-code/ground_truth_sim/build/usv_interfaces -- -j32 -l32
