[0.576s] Invoking command in '/home/cczh/temp-code/ground_truth_sim/build/percision_sim': AMENT_PREFIX_PATH=/home/cczh/temp-code/ground_truth_sim/install/usv_interfaces:${AMENT_PREFIX_PATH} CMAKE_PREFIX_PATH=/home/cczh/temp-code/ground_truth_sim/install/usv_interfaces LD_LIBRARY_PATH=/home/cczh/temp-code/ground_truth_sim/install/usv_interfaces/lib:${LD_LIBRARY_PATH} PYTHONPATH=/home/cczh/temp-code/ground_truth_sim/build/percision_sim/prefix_override:/usr/lib/python3/dist-packages/colcon_core/task/python/colcon_distutils_commands:/home/cczh/temp-code/ground_truth_sim/install/percision_sim/lib/python3.10/site-packages:/home/cczh/temp-code/ground_truth_sim/install/usv_interfaces/local/lib/python3.10/dist-packages:${PYTHONPATH} /usr/bin/python3 -W ignore:setup.py install is deprecated -W ignore:easy_install command is deprecated setup.py develop --editable --build-directory /home/cczh/temp-code/ground_truth_sim/build/percision_sim/build --no-deps symlink_data
[0.701s] running develop
[0.778s] running egg_info
[0.778s] creating percision_sim.egg-info
[0.778s] writing manifest file 'percision_sim.egg-info/SOURCES.txt'
[0.779s] writing manifest file 'percision_sim.egg-info/SOURCES.txt'
[0.780s] running build_ext
[0.780s] running symlink_data
[0.780s] creating /home/cczh/temp-code/ground_truth_sim/install/percision_sim/share/ament_index
[0.780s] creating /home/cczh/temp-code/ground_truth_sim/install/percision_sim/share/ament_index/resource_index
[0.780s] creating /home/cczh/temp-code/ground_truth_sim/install/percision_sim/share/ament_index/resource_index/packages
[0.780s] symbolically linking /home/cczh/temp-code/ground_truth_sim/build/percision_sim/resource/percision_sim -> /home/cczh/temp-code/ground_truth_sim/install/percision_sim/share/ament_index/resource_index/packages
[0.780s] symbolically linking /home/cczh/temp-code/ground_truth_sim/build/percision_sim/package.xml -> /home/cczh/temp-code/ground_truth_sim/install/percision_sim/share/percision_sim
[0.780s] symbolically linking /home/cczh/temp-code/ground_truth_sim/build/percision_sim/README.md -> /home/cczh/temp-code/ground_truth_sim/install/percision_sim/share/percision_sim
[0.780s] creating /home/cczh/temp-code/ground_truth_sim/install/percision_sim/share/percision_sim/config
[0.781s] symbolically linking /home/cczh/temp-code/ground_truth_sim/build/percision_sim/config/percision_sim_params.yaml -> /home/cczh/temp-code/ground_truth_sim/install/percision_sim/share/percision_sim/config
[0.781s] symbolically linking /home/cczh/temp-code/ground_truth_sim/build/percision_sim/config/multi_sensor_params.yaml -> /home/cczh/temp-code/ground_truth_sim/install/percision_sim/share/percision_sim/config
[0.781s] creating /home/cczh/temp-code/ground_truth_sim/install/percision_sim/share/percision_sim/launch
[0.781s] symbolically linking /home/cczh/temp-code/ground_truth_sim/build/percision_sim/launch/multi_sensor_sim.launch.py -> /home/cczh/temp-code/ground_truth_sim/install/percision_sim/share/percision_sim/launch
[0.801s] Invoked command in '/home/cczh/temp-code/ground_truth_sim/build/percision_sim' returned '0': AMENT_PREFIX_PATH=/home/cczh/temp-code/ground_truth_sim/install/usv_interfaces:${AMENT_PREFIX_PATH} CMAKE_PREFIX_PATH=/home/cczh/temp-code/ground_truth_sim/install/usv_interfaces LD_LIBRARY_PATH=/home/cczh/temp-code/ground_truth_sim/install/usv_interfaces/lib:${LD_LIBRARY_PATH} PYTHONPATH=/home/cczh/temp-code/ground_truth_sim/build/percision_sim/prefix_override:/usr/lib/python3/dist-packages/colcon_core/task/python/colcon_distutils_commands:/home/cczh/temp-code/ground_truth_sim/install/percision_sim/lib/python3.10/site-packages:/home/cczh/temp-code/ground_truth_sim/install/usv_interfaces/local/lib/python3.10/dist-packages:${PYTHONPATH} /usr/bin/python3 -W ignore:setup.py install is deprecated -W ignore:easy_install command is deprecated setup.py develop --editable --build-directory /home/cczh/temp-code/ground_truth_sim/build/percision_sim/build --no-deps symlink_data
