[0.046s] DEBUG:colcon:Command line arguments: ['/usr/bin/colcon', 'build']
[0.046s] DEBUG:colcon:Parsed command line arguments: Namespace(log_base=None, log_level=None, verb_name='build', build_base='build', install_base='install', merge_install=False, symlink_install=False, test_result_base=None, continue_on_error=False, executor='parallel', parallel_workers=32, event_handlers=None, ignore_user_meta=False, metas=['./colcon.meta'], base_paths=['.'], packages_ignore=None, packages_ignore_regex=None, paths=None, packages_up_to=None, packages_up_to_regex=None, packages_above=None, packages_above_and_dependencies=None, packages_above_depth=None, packages_select_by_dep=None, packages_skip_by_dep=None, packages_skip_up_to=None, packages_select_build_failed=False, packages_skip_build_finished=False, packages_select_test_failures=False, packages_skip_test_passed=False, packages_select=None, packages_skip=None, packages_select_regex=None, packages_skip_regex=None, packages_start=None, packages_end=None, allow_overriding=[], cmake_args=None, cmake_target=None, cmake_target_skip_unavailable=False, cmake_clean_cache=False, cmake_clean_first=False, cmake_force_configure=False, ament_cmake_args=None, catkin_cmake_args=None, catkin_skip_building_tests=False, verb_parser=<colcon_defaults.argument_parser.defaults.DefaultArgumentsDecorator object at 0x7b178ff25ae0>, verb_extension=<colcon_core.verb.build.BuildVerb object at 0x7b178ff255d0>, main=<bound method BuildVerb.main of <colcon_core.verb.build.BuildVerb object at 0x7b178ff255d0>>)
[0.135s] Level 1:colcon.colcon_core.package_discovery:discover_packages(colcon_meta) check parameters
[0.135s] Level 1:colcon.colcon_core.package_discovery:discover_packages(recursive) check parameters
[0.135s] Level 1:colcon.colcon_core.package_discovery:discover_packages(ignore) check parameters
[0.135s] Level 1:colcon.colcon_core.package_discovery:discover_packages(path) check parameters
[0.135s] Level 1:colcon.colcon_core.package_discovery:discover_packages(colcon_meta) discover
[0.135s] Level 1:colcon.colcon_core.package_discovery:discover_packages(recursive) discover
[0.135s] INFO:colcon.colcon_core.package_discovery:Crawling recursively for packages in '/home/cczh/temp-code/ground_truth_sim'
[0.135s] Level 1:colcon.colcon_core.package_identification:_identify(.) by extensions ['ignore', 'ignore_ament_install']
[0.135s] Level 1:colcon.colcon_core.package_identification:_identify(.) by extension 'ignore'
[0.135s] Level 1:colcon.colcon_core.package_identification:_identify(.) by extension 'ignore_ament_install'
[0.135s] Level 1:colcon.colcon_core.package_identification:_identify(.) by extensions ['colcon_pkg']
[0.135s] Level 1:colcon.colcon_core.package_identification:_identify(.) by extension 'colcon_pkg'
[0.135s] Level 1:colcon.colcon_core.package_identification:_identify(.) by extensions ['colcon_meta']
[0.135s] Level 1:colcon.colcon_core.package_identification:_identify(.) by extension 'colcon_meta'
[0.135s] Level 1:colcon.colcon_core.package_identification:_identify(.) by extensions ['ros']
[0.135s] Level 1:colcon.colcon_core.package_identification:_identify(.) by extension 'ros'
[0.140s] Level 1:colcon.colcon_core.package_identification:_identify(.) by extensions ['cmake', 'python']
[0.140s] Level 1:colcon.colcon_core.package_identification:_identify(.) by extension 'cmake'
[0.140s] Level 1:colcon.colcon_core.package_identification:_identify(.) by extension 'python'
[0.140s] Level 1:colcon.colcon_core.package_identification:_identify(.) by extensions ['python_setup_py']
[0.140s] Level 1:colcon.colcon_core.package_identification:_identify(.) by extension 'python_setup_py'
[0.141s] Level 1:colcon.colcon_core.package_identification:_identify(build) by extensions ['ignore', 'ignore_ament_install']
[0.141s] Level 1:colcon.colcon_core.package_identification:_identify(build) by extension 'ignore'
[0.141s] Level 1:colcon.colcon_core.package_identification:_identify(build) ignored
[0.141s] Level 1:colcon.colcon_core.package_identification:_identify(docs) by extensions ['ignore', 'ignore_ament_install']
[0.141s] Level 1:colcon.colcon_core.package_identification:_identify(docs) by extension 'ignore'
[0.141s] Level 1:colcon.colcon_core.package_identification:_identify(docs) by extension 'ignore_ament_install'
[0.141s] Level 1:colcon.colcon_core.package_identification:_identify(docs) by extensions ['colcon_pkg']
[0.141s] Level 1:colcon.colcon_core.package_identification:_identify(docs) by extension 'colcon_pkg'
[0.141s] Level 1:colcon.colcon_core.package_identification:_identify(docs) by extensions ['colcon_meta']
[0.141s] Level 1:colcon.colcon_core.package_identification:_identify(docs) by extension 'colcon_meta'
[0.141s] Level 1:colcon.colcon_core.package_identification:_identify(docs) by extensions ['ros']
[0.141s] Level 1:colcon.colcon_core.package_identification:_identify(docs) by extension 'ros'
[0.141s] Level 1:colcon.colcon_core.package_identification:_identify(docs) by extensions ['cmake', 'python']
[0.141s] Level 1:colcon.colcon_core.package_identification:_identify(docs) by extension 'cmake'
[0.141s] Level 1:colcon.colcon_core.package_identification:_identify(docs) by extension 'python'
[0.141s] Level 1:colcon.colcon_core.package_identification:_identify(docs) by extensions ['python_setup_py']
[0.141s] Level 1:colcon.colcon_core.package_identification:_identify(docs) by extension 'python_setup_py'
[0.141s] Level 1:colcon.colcon_core.package_identification:_identify(install) by extensions ['ignore', 'ignore_ament_install']
[0.141s] Level 1:colcon.colcon_core.package_identification:_identify(install) by extension 'ignore'
[0.141s] Level 1:colcon.colcon_core.package_identification:_identify(install) ignored
[0.141s] Level 1:colcon.colcon_core.package_identification:_identify(log) by extensions ['ignore', 'ignore_ament_install']
[0.141s] Level 1:colcon.colcon_core.package_identification:_identify(log) by extension 'ignore'
[0.141s] Level 1:colcon.colcon_core.package_identification:_identify(log) ignored
[0.141s] Level 1:colcon.colcon_core.package_identification:_identify(scripts) by extensions ['ignore', 'ignore_ament_install']
[0.141s] Level 1:colcon.colcon_core.package_identification:_identify(scripts) by extension 'ignore'
[0.141s] Level 1:colcon.colcon_core.package_identification:_identify(scripts) by extension 'ignore_ament_install'
[0.141s] Level 1:colcon.colcon_core.package_identification:_identify(scripts) by extensions ['colcon_pkg']
[0.141s] Level 1:colcon.colcon_core.package_identification:_identify(scripts) by extension 'colcon_pkg'
[0.141s] Level 1:colcon.colcon_core.package_identification:_identify(scripts) by extensions ['colcon_meta']
[0.141s] Level 1:colcon.colcon_core.package_identification:_identify(scripts) by extension 'colcon_meta'
[0.141s] Level 1:colcon.colcon_core.package_identification:_identify(scripts) by extensions ['ros']
[0.141s] Level 1:colcon.colcon_core.package_identification:_identify(scripts) by extension 'ros'
[0.141s] Level 1:colcon.colcon_core.package_identification:_identify(scripts) by extensions ['cmake', 'python']
[0.141s] Level 1:colcon.colcon_core.package_identification:_identify(scripts) by extension 'cmake'
[0.141s] Level 1:colcon.colcon_core.package_identification:_identify(scripts) by extension 'python'
[0.141s] Level 1:colcon.colcon_core.package_identification:_identify(scripts) by extensions ['python_setup_py']
[0.141s] Level 1:colcon.colcon_core.package_identification:_identify(scripts) by extension 'python_setup_py'
[0.141s] Level 1:colcon.colcon_core.package_identification:_identify(src) by extensions ['ignore', 'ignore_ament_install']
[0.141s] Level 1:colcon.colcon_core.package_identification:_identify(src) by extension 'ignore'
[0.141s] Level 1:colcon.colcon_core.package_identification:_identify(src) by extension 'ignore_ament_install'
[0.141s] Level 1:colcon.colcon_core.package_identification:_identify(src) by extensions ['colcon_pkg']
[0.141s] Level 1:colcon.colcon_core.package_identification:_identify(src) by extension 'colcon_pkg'
[0.141s] Level 1:colcon.colcon_core.package_identification:_identify(src) by extensions ['colcon_meta']
[0.141s] Level 1:colcon.colcon_core.package_identification:_identify(src) by extension 'colcon_meta'
[0.141s] Level 1:colcon.colcon_core.package_identification:_identify(src) by extensions ['ros']
[0.142s] Level 1:colcon.colcon_core.package_identification:_identify(src) by extension 'ros'
[0.142s] Level 1:colcon.colcon_core.package_identification:_identify(src) by extensions ['cmake', 'python']
[0.142s] Level 1:colcon.colcon_core.package_identification:_identify(src) by extension 'cmake'
[0.142s] Level 1:colcon.colcon_core.package_identification:_identify(src) by extension 'python'
[0.142s] Level 1:colcon.colcon_core.package_identification:_identify(src) by extensions ['python_setup_py']
[0.142s] Level 1:colcon.colcon_core.package_identification:_identify(src) by extension 'python_setup_py'
[0.142s] Level 1:colcon.colcon_core.package_identification:_identify(src/percision_sim) by extensions ['ignore', 'ignore_ament_install']
[0.142s] Level 1:colcon.colcon_core.package_identification:_identify(src/percision_sim) by extension 'ignore'
[0.142s] Level 1:colcon.colcon_core.package_identification:_identify(src/percision_sim) by extension 'ignore_ament_install'
[0.142s] Level 1:colcon.colcon_core.package_identification:_identify(src/percision_sim) by extensions ['colcon_pkg']
[0.142s] Level 1:colcon.colcon_core.package_identification:_identify(src/percision_sim) by extension 'colcon_pkg'
[0.142s] Level 1:colcon.colcon_core.package_identification:_identify(src/percision_sim) by extensions ['colcon_meta']
[0.142s] Level 1:colcon.colcon_core.package_identification:_identify(src/percision_sim) by extension 'colcon_meta'
[0.142s] Level 1:colcon.colcon_core.package_identification:_identify(src/percision_sim) by extensions ['ros']
[0.142s] Level 1:colcon.colcon_core.package_identification:_identify(src/percision_sim) by extension 'ros'
[0.143s] DEBUG:colcon.colcon_core.package_identification:Package 'src/percision_sim' with type 'ros.ament_python' and name 'percision_sim'
[0.143s] Level 1:colcon.colcon_core.package_identification:_identify(src/sim) by extensions ['ignore', 'ignore_ament_install']
[0.143s] Level 1:colcon.colcon_core.package_identification:_identify(src/sim) by extension 'ignore'
[0.143s] Level 1:colcon.colcon_core.package_identification:_identify(src/sim) by extension 'ignore_ament_install'
[0.143s] Level 1:colcon.colcon_core.package_identification:_identify(src/sim) by extensions ['colcon_pkg']
[0.143s] Level 1:colcon.colcon_core.package_identification:_identify(src/sim) by extension 'colcon_pkg'
[0.143s] Level 1:colcon.colcon_core.package_identification:_identify(src/sim) by extensions ['colcon_meta']
[0.143s] Level 1:colcon.colcon_core.package_identification:_identify(src/sim) by extension 'colcon_meta'
[0.143s] Level 1:colcon.colcon_core.package_identification:_identify(src/sim) by extensions ['ros']
[0.143s] Level 1:colcon.colcon_core.package_identification:_identify(src/sim) by extension 'ros'
[0.144s] DEBUG:colcon.colcon_core.package_identification:Package 'src/sim' with type 'ros.ament_python' and name 'ground_truth_sim'
[0.144s] Level 1:colcon.colcon_core.package_identification:_identify(src/usv_fusion_new) by extensions ['ignore', 'ignore_ament_install']
[0.144s] Level 1:colcon.colcon_core.package_identification:_identify(src/usv_fusion_new) by extension 'ignore'
[0.144s] Level 1:colcon.colcon_core.package_identification:_identify(src/usv_fusion_new) by extension 'ignore_ament_install'
[0.144s] Level 1:colcon.colcon_core.package_identification:_identify(src/usv_fusion_new) by extensions ['colcon_pkg']
[0.144s] Level 1:colcon.colcon_core.package_identification:_identify(src/usv_fusion_new) by extension 'colcon_pkg'
[0.144s] Level 1:colcon.colcon_core.package_identification:_identify(src/usv_fusion_new) by extensions ['colcon_meta']
[0.144s] Level 1:colcon.colcon_core.package_identification:_identify(src/usv_fusion_new) by extension 'colcon_meta'
[0.144s] Level 1:colcon.colcon_core.package_identification:_identify(src/usv_fusion_new) by extensions ['ros']
[0.144s] Level 1:colcon.colcon_core.package_identification:_identify(src/usv_fusion_new) by extension 'ros'
[0.144s] DEBUG:colcon.colcon_core.package_identification:Package 'src/usv_fusion_new' with type 'ros.ament_python' and name 'usv_fusion_new'
[0.144s] Level 1:colcon.colcon_core.package_identification:_identify(src/usv_interfaces) by extensions ['ignore', 'ignore_ament_install']
[0.144s] Level 1:colcon.colcon_core.package_identification:_identify(src/usv_interfaces) by extension 'ignore'
[0.144s] Level 1:colcon.colcon_core.package_identification:_identify(src/usv_interfaces) by extension 'ignore_ament_install'
[0.144s] Level 1:colcon.colcon_core.package_identification:_identify(src/usv_interfaces) by extensions ['colcon_pkg']
[0.145s] Level 1:colcon.colcon_core.package_identification:_identify(src/usv_interfaces) by extension 'colcon_pkg'
[0.145s] Level 1:colcon.colcon_core.package_identification:_identify(src/usv_interfaces) by extensions ['colcon_meta']
[0.145s] Level 1:colcon.colcon_core.package_identification:_identify(src/usv_interfaces) by extension 'colcon_meta'
[0.145s] Level 1:colcon.colcon_core.package_identification:_identify(src/usv_interfaces) by extensions ['ros']
[0.145s] Level 1:colcon.colcon_core.package_identification:_identify(src/usv_interfaces) by extension 'ros'
[0.145s] DEBUG:colcon.colcon_core.package_identification:Package 'src/usv_interfaces' with type 'ros.ament_cmake' and name 'usv_interfaces'
[0.145s] Level 1:colcon.colcon_core.package_discovery:discover_packages(recursive) using defaults
[0.145s] Level 1:colcon.colcon_core.package_discovery:discover_packages(ignore) discover
[0.145s] Level 1:colcon.colcon_core.package_discovery:discover_packages(ignore) using defaults
[0.145s] Level 1:colcon.colcon_core.package_discovery:discover_packages(path) discover
[0.145s] Level 1:colcon.colcon_core.package_discovery:discover_packages(path) using defaults
[0.155s] Level 1:colcon.colcon_core.package_discovery:discover_packages(prefix_path) check parameters
[0.155s] Level 1:colcon.colcon_core.package_discovery:discover_packages(prefix_path) discover
[0.156s] DEBUG:colcon.colcon_installed_package_information.package_discovery:Found 363 installed packages in /opt/ros/humble
[0.157s] Level 1:colcon.colcon_core.package_discovery:discover_packages(prefix_path) using defaults
[0.175s] Level 5:colcon.colcon_core.verb:set package 'usv_interfaces' build argument 'cmake_args' from command line to 'None'
[0.175s] Level 5:colcon.colcon_core.verb:set package 'usv_interfaces' build argument 'cmake_target' from command line to 'None'
[0.175s] Level 5:colcon.colcon_core.verb:set package 'usv_interfaces' build argument 'cmake_target_skip_unavailable' from command line to 'False'
[0.175s] Level 5:colcon.colcon_core.verb:set package 'usv_interfaces' build argument 'cmake_clean_cache' from command line to 'False'
[0.175s] Level 5:colcon.colcon_core.verb:set package 'usv_interfaces' build argument 'cmake_clean_first' from command line to 'False'
[0.175s] Level 5:colcon.colcon_core.verb:set package 'usv_interfaces' build argument 'cmake_force_configure' from command line to 'False'
[0.175s] Level 5:colcon.colcon_core.verb:set package 'usv_interfaces' build argument 'ament_cmake_args' from command line to 'None'
[0.176s] Level 5:colcon.colcon_core.verb:set package 'usv_interfaces' build argument 'catkin_cmake_args' from command line to 'None'
[0.176s] Level 5:colcon.colcon_core.verb:set package 'usv_interfaces' build argument 'catkin_skip_building_tests' from command line to 'False'
[0.176s] DEBUG:colcon.colcon_core.verb:Building package 'usv_interfaces' with the following arguments: {'ament_cmake_args': None, 'build_base': '/home/cczh/temp-code/ground_truth_sim/build/usv_interfaces', 'catkin_cmake_args': None, 'catkin_skip_building_tests': False, 'cmake_args': None, 'cmake_clean_cache': False, 'cmake_clean_first': False, 'cmake_force_configure': False, 'cmake_target': None, 'cmake_target_skip_unavailable': False, 'install_base': '/home/cczh/temp-code/ground_truth_sim/install/usv_interfaces', 'merge_install': False, 'path': '/home/cczh/temp-code/ground_truth_sim/src/usv_interfaces', 'symlink_install': False, 'test_result_base': None}
[0.176s] Level 5:colcon.colcon_core.verb:set package 'ground_truth_sim' build argument 'cmake_args' from command line to 'None'
[0.176s] Level 5:colcon.colcon_core.verb:set package 'ground_truth_sim' build argument 'cmake_target' from command line to 'None'
[0.176s] Level 5:colcon.colcon_core.verb:set package 'ground_truth_sim' build argument 'cmake_target_skip_unavailable' from command line to 'False'
[0.176s] Level 5:colcon.colcon_core.verb:set package 'ground_truth_sim' build argument 'cmake_clean_cache' from command line to 'False'
[0.176s] Level 5:colcon.colcon_core.verb:set package 'ground_truth_sim' build argument 'cmake_clean_first' from command line to 'False'
[0.176s] Level 5:colcon.colcon_core.verb:set package 'ground_truth_sim' build argument 'cmake_force_configure' from command line to 'False'
[0.176s] Level 5:colcon.colcon_core.verb:set package 'ground_truth_sim' build argument 'ament_cmake_args' from command line to 'None'
[0.176s] Level 5:colcon.colcon_core.verb:set package 'ground_truth_sim' build argument 'catkin_cmake_args' from command line to 'None'
[0.176s] Level 5:colcon.colcon_core.verb:set package 'ground_truth_sim' build argument 'catkin_skip_building_tests' from command line to 'False'
[0.176s] DEBUG:colcon.colcon_core.verb:Building package 'ground_truth_sim' with the following arguments: {'ament_cmake_args': None, 'build_base': '/home/cczh/temp-code/ground_truth_sim/build/ground_truth_sim', 'catkin_cmake_args': None, 'catkin_skip_building_tests': False, 'cmake_args': None, 'cmake_clean_cache': False, 'cmake_clean_first': False, 'cmake_force_configure': False, 'cmake_target': None, 'cmake_target_skip_unavailable': False, 'install_base': '/home/cczh/temp-code/ground_truth_sim/install/ground_truth_sim', 'merge_install': False, 'path': '/home/cczh/temp-code/ground_truth_sim/src/sim', 'symlink_install': False, 'test_result_base': None}
[0.176s] Level 5:colcon.colcon_core.verb:set package 'percision_sim' build argument 'cmake_args' from command line to 'None'
[0.176s] Level 5:colcon.colcon_core.verb:set package 'percision_sim' build argument 'cmake_target' from command line to 'None'
[0.176s] Level 5:colcon.colcon_core.verb:set package 'percision_sim' build argument 'cmake_target_skip_unavailable' from command line to 'False'
[0.176s] Level 5:colcon.colcon_core.verb:set package 'percision_sim' build argument 'cmake_clean_cache' from command line to 'False'
[0.176s] Level 5:colcon.colcon_core.verb:set package 'percision_sim' build argument 'cmake_clean_first' from command line to 'False'
[0.176s] Level 5:colcon.colcon_core.verb:set package 'percision_sim' build argument 'cmake_force_configure' from command line to 'False'
[0.176s] Level 5:colcon.colcon_core.verb:set package 'percision_sim' build argument 'ament_cmake_args' from command line to 'None'
[0.176s] Level 5:colcon.colcon_core.verb:set package 'percision_sim' build argument 'catkin_cmake_args' from command line to 'None'
[0.176s] Level 5:colcon.colcon_core.verb:set package 'percision_sim' build argument 'catkin_skip_building_tests' from command line to 'False'
[0.176s] DEBUG:colcon.colcon_core.verb:Building package 'percision_sim' with the following arguments: {'ament_cmake_args': None, 'build_base': '/home/cczh/temp-code/ground_truth_sim/build/percision_sim', 'catkin_cmake_args': None, 'catkin_skip_building_tests': False, 'cmake_args': None, 'cmake_clean_cache': False, 'cmake_clean_first': False, 'cmake_force_configure': False, 'cmake_target': None, 'cmake_target_skip_unavailable': False, 'install_base': '/home/cczh/temp-code/ground_truth_sim/install/percision_sim', 'merge_install': False, 'path': '/home/cczh/temp-code/ground_truth_sim/src/percision_sim', 'symlink_install': False, 'test_result_base': None}
[0.176s] Level 5:colcon.colcon_core.verb:set package 'usv_fusion_new' build argument 'cmake_args' from command line to 'None'
[0.176s] Level 5:colcon.colcon_core.verb:set package 'usv_fusion_new' build argument 'cmake_target' from command line to 'None'
[0.176s] Level 5:colcon.colcon_core.verb:set package 'usv_fusion_new' build argument 'cmake_target_skip_unavailable' from command line to 'False'
[0.176s] Level 5:colcon.colcon_core.verb:set package 'usv_fusion_new' build argument 'cmake_clean_cache' from command line to 'False'
[0.176s] Level 5:colcon.colcon_core.verb:set package 'usv_fusion_new' build argument 'cmake_clean_first' from command line to 'False'
[0.176s] Level 5:colcon.colcon_core.verb:set package 'usv_fusion_new' build argument 'cmake_force_configure' from command line to 'False'
[0.176s] Level 5:colcon.colcon_core.verb:set package 'usv_fusion_new' build argument 'ament_cmake_args' from command line to 'None'
[0.176s] Level 5:colcon.colcon_core.verb:set package 'usv_fusion_new' build argument 'catkin_cmake_args' from command line to 'None'
[0.176s] Level 5:colcon.colcon_core.verb:set package 'usv_fusion_new' build argument 'catkin_skip_building_tests' from command line to 'False'
[0.176s] DEBUG:colcon.colcon_core.verb:Building package 'usv_fusion_new' with the following arguments: {'ament_cmake_args': None, 'build_base': '/home/cczh/temp-code/ground_truth_sim/build/usv_fusion_new', 'catkin_cmake_args': None, 'catkin_skip_building_tests': False, 'cmake_args': None, 'cmake_clean_cache': False, 'cmake_clean_first': False, 'cmake_force_configure': False, 'cmake_target': None, 'cmake_target_skip_unavailable': False, 'install_base': '/home/cczh/temp-code/ground_truth_sim/install/usv_fusion_new', 'merge_install': False, 'path': '/home/cczh/temp-code/ground_truth_sim/src/usv_fusion_new', 'symlink_install': False, 'test_result_base': None}
[0.176s] INFO:colcon.colcon_core.executor:Executing jobs using 'parallel' executor
[0.177s] DEBUG:colcon.colcon_parallel_executor.executor.parallel:run_until_complete
[0.177s] INFO:colcon.colcon_ros.task.ament_cmake.build:Building ROS package in '/home/cczh/temp-code/ground_truth_sim/src/usv_interfaces' with build type 'ament_cmake'
[0.177s] INFO:colcon.colcon_cmake.task.cmake.build:Building CMake package in '/home/cczh/temp-code/ground_truth_sim/src/usv_interfaces'
[0.178s] INFO:colcon.colcon_core.plugin_system:Skipping extension 'colcon_core.shell.bat': Not used on non-Windows systems
[0.178s] INFO:colcon.colcon_core.shell:Skip shell extension 'powershell' for command environment: Not usable outside of PowerShell
[0.178s] DEBUG:colcon.colcon_core.shell:Skip shell extension 'dsv' for command environment
[0.183s] DEBUG:colcon.colcon_core.event_handler.log_command:Invoking command in '/home/cczh/temp-code/ground_truth_sim/build/usv_interfaces': CMAKE_PREFIX_PATH=/opt/ros/humble /usr/bin/cmake --build /home/cczh/temp-code/ground_truth_sim/build/usv_interfaces -- -j32 -l32
[0.421s] DEBUG:colcon.colcon_core.event_handler.log_command:Invoked command in '/home/cczh/temp-code/ground_truth_sim/build/usv_interfaces' returned '0': CMAKE_PREFIX_PATH=/opt/ros/humble /usr/bin/cmake --build /home/cczh/temp-code/ground_truth_sim/build/usv_interfaces -- -j32 -l32
[0.428s] DEBUG:colcon.colcon_core.event_handler.log_command:Invoking command in '/home/cczh/temp-code/ground_truth_sim/build/usv_interfaces': CMAKE_PREFIX_PATH=/opt/ros/humble /usr/bin/cmake --install /home/cczh/temp-code/ground_truth_sim/build/usv_interfaces
[0.480s] Level 1:colcon.colcon_core.environment:create_environment_scripts_only(usv_interfaces)
[0.480s] DEBUG:colcon.colcon_core.event_handler.log_command:Invoked command in '/home/cczh/temp-code/ground_truth_sim/build/usv_interfaces' returned '0': CMAKE_PREFIX_PATH=/opt/ros/humble /usr/bin/cmake --install /home/cczh/temp-code/ground_truth_sim/build/usv_interfaces
[0.481s] Level 1:colcon.colcon_core.environment:checking '/home/cczh/temp-code/ground_truth_sim/install/usv_interfaces' for CMake module files
[0.482s] Level 1:colcon.colcon_core.environment:checking '/home/cczh/temp-code/ground_truth_sim/install/usv_interfaces' for CMake config files
[0.482s] Level 1:colcon.colcon_core.shell:create_environment_hook('usv_interfaces', 'cmake_prefix_path')
[0.482s] INFO:colcon.colcon_core.shell:Creating environment hook '/home/cczh/temp-code/ground_truth_sim/install/usv_interfaces/share/usv_interfaces/hook/cmake_prefix_path.ps1'
[0.482s] INFO:colcon.colcon_core.shell:Creating environment descriptor '/home/cczh/temp-code/ground_truth_sim/install/usv_interfaces/share/usv_interfaces/hook/cmake_prefix_path.dsv'
[0.483s] INFO:colcon.colcon_core.shell:Creating environment hook '/home/cczh/temp-code/ground_truth_sim/install/usv_interfaces/share/usv_interfaces/hook/cmake_prefix_path.sh'
[0.483s] Level 1:colcon.colcon_core.environment:checking '/home/cczh/temp-code/ground_truth_sim/install/usv_interfaces/lib'
[0.483s] Level 1:colcon.colcon_core.shell:create_environment_hook('usv_interfaces', 'ld_library_path_lib')
[0.483s] INFO:colcon.colcon_core.shell:Creating environment hook '/home/cczh/temp-code/ground_truth_sim/install/usv_interfaces/share/usv_interfaces/hook/ld_library_path_lib.ps1'
[0.483s] INFO:colcon.colcon_core.shell:Creating environment descriptor '/home/cczh/temp-code/ground_truth_sim/install/usv_interfaces/share/usv_interfaces/hook/ld_library_path_lib.dsv'
[0.483s] INFO:colcon.colcon_core.shell:Creating environment hook '/home/cczh/temp-code/ground_truth_sim/install/usv_interfaces/share/usv_interfaces/hook/ld_library_path_lib.sh'
[0.484s] Level 1:colcon.colcon_core.environment:checking '/home/cczh/temp-code/ground_truth_sim/install/usv_interfaces/bin'
[0.484s] Level 1:colcon.colcon_core.environment:checking '/home/cczh/temp-code/ground_truth_sim/install/usv_interfaces/lib/pkgconfig/usv_interfaces.pc'
[0.484s] Level 1:colcon.colcon_core.environment:checking '/home/cczh/temp-code/ground_truth_sim/install/usv_interfaces/lib/python3.10/site-packages'
[0.484s] Level 1:colcon.colcon_core.environment:checking '/home/cczh/temp-code/ground_truth_sim/install/usv_interfaces/bin'
[0.484s] INFO:colcon.colcon_core.shell:Creating package script '/home/cczh/temp-code/ground_truth_sim/install/usv_interfaces/share/usv_interfaces/package.ps1'
[0.484s] INFO:colcon.colcon_core.shell:Creating package descriptor '/home/cczh/temp-code/ground_truth_sim/install/usv_interfaces/share/usv_interfaces/package.dsv'
[0.485s] INFO:colcon.colcon_core.shell:Creating package script '/home/cczh/temp-code/ground_truth_sim/install/usv_interfaces/share/usv_interfaces/package.sh'
[0.485s] INFO:colcon.colcon_core.shell:Creating package script '/home/cczh/temp-code/ground_truth_sim/install/usv_interfaces/share/usv_interfaces/package.bash'
[0.485s] INFO:colcon.colcon_core.shell:Creating package script '/home/cczh/temp-code/ground_truth_sim/install/usv_interfaces/share/usv_interfaces/package.zsh'
[0.486s] Level 1:colcon.colcon_core.environment:create_file_with_runtime_dependencies(/home/cczh/temp-code/ground_truth_sim/install/usv_interfaces/share/colcon-core/packages/usv_interfaces)
[0.486s] Level 1:colcon.colcon_core.environment:create_environment_scripts_only(usv_interfaces)
[0.486s] Level 1:colcon.colcon_core.environment:checking '/home/cczh/temp-code/ground_truth_sim/install/usv_interfaces' for CMake module files
[0.486s] Level 1:colcon.colcon_core.environment:checking '/home/cczh/temp-code/ground_truth_sim/install/usv_interfaces' for CMake config files
[0.486s] Level 1:colcon.colcon_core.shell:create_environment_hook('usv_interfaces', 'cmake_prefix_path')
[0.486s] INFO:colcon.colcon_core.shell:Creating environment hook '/home/cczh/temp-code/ground_truth_sim/install/usv_interfaces/share/usv_interfaces/hook/cmake_prefix_path.ps1'
[0.487s] INFO:colcon.colcon_core.shell:Creating environment descriptor '/home/cczh/temp-code/ground_truth_sim/install/usv_interfaces/share/usv_interfaces/hook/cmake_prefix_path.dsv'
[0.487s] INFO:colcon.colcon_core.shell:Creating environment hook '/home/cczh/temp-code/ground_truth_sim/install/usv_interfaces/share/usv_interfaces/hook/cmake_prefix_path.sh'
[0.487s] Level 1:colcon.colcon_core.environment:checking '/home/cczh/temp-code/ground_truth_sim/install/usv_interfaces/lib'
[0.487s] Level 1:colcon.colcon_core.shell:create_environment_hook('usv_interfaces', 'ld_library_path_lib')
[0.487s] INFO:colcon.colcon_core.shell:Creating environment hook '/home/cczh/temp-code/ground_truth_sim/install/usv_interfaces/share/usv_interfaces/hook/ld_library_path_lib.ps1'
[0.487s] INFO:colcon.colcon_core.shell:Creating environment descriptor '/home/cczh/temp-code/ground_truth_sim/install/usv_interfaces/share/usv_interfaces/hook/ld_library_path_lib.dsv'
[0.487s] INFO:colcon.colcon_core.shell:Creating environment hook '/home/cczh/temp-code/ground_truth_sim/install/usv_interfaces/share/usv_interfaces/hook/ld_library_path_lib.sh'
[0.487s] Level 1:colcon.colcon_core.environment:checking '/home/cczh/temp-code/ground_truth_sim/install/usv_interfaces/bin'
[0.487s] Level 1:colcon.colcon_core.environment:checking '/home/cczh/temp-code/ground_truth_sim/install/usv_interfaces/lib/pkgconfig/usv_interfaces.pc'
[0.488s] Level 1:colcon.colcon_core.environment:checking '/home/cczh/temp-code/ground_truth_sim/install/usv_interfaces/lib/python3.10/site-packages'
[0.488s] Level 1:colcon.colcon_core.environment:checking '/home/cczh/temp-code/ground_truth_sim/install/usv_interfaces/bin'
[0.488s] INFO:colcon.colcon_core.shell:Creating package script '/home/cczh/temp-code/ground_truth_sim/install/usv_interfaces/share/usv_interfaces/package.ps1'
[0.488s] INFO:colcon.colcon_core.shell:Creating package descriptor '/home/cczh/temp-code/ground_truth_sim/install/usv_interfaces/share/usv_interfaces/package.dsv'
[0.488s] INFO:colcon.colcon_core.shell:Creating package script '/home/cczh/temp-code/ground_truth_sim/install/usv_interfaces/share/usv_interfaces/package.sh'
[0.489s] INFO:colcon.colcon_core.shell:Creating package script '/home/cczh/temp-code/ground_truth_sim/install/usv_interfaces/share/usv_interfaces/package.bash'
[0.489s] INFO:colcon.colcon_core.shell:Creating package script '/home/cczh/temp-code/ground_truth_sim/install/usv_interfaces/share/usv_interfaces/package.zsh'
[0.489s] Level 1:colcon.colcon_core.environment:create_file_with_runtime_dependencies(/home/cczh/temp-code/ground_truth_sim/install/usv_interfaces/share/colcon-core/packages/usv_interfaces)
[0.489s] INFO:colcon.colcon_ros.task.ament_python.build:Building ROS package in '/home/cczh/temp-code/ground_truth_sim/src/sim' with build type 'ament_python'
[0.489s] Level 1:colcon.colcon_core.shell:create_environment_hook('ground_truth_sim', 'ament_prefix_path')
[0.489s] INFO:colcon.colcon_core.shell:Creating environment hook '/home/cczh/temp-code/ground_truth_sim/install/ground_truth_sim/share/ground_truth_sim/hook/ament_prefix_path.ps1'
[0.489s] INFO:colcon.colcon_core.shell:Creating environment descriptor '/home/cczh/temp-code/ground_truth_sim/install/ground_truth_sim/share/ground_truth_sim/hook/ament_prefix_path.dsv'
[0.490s] INFO:colcon.colcon_core.shell:Creating environment hook '/home/cczh/temp-code/ground_truth_sim/install/ground_truth_sim/share/ground_truth_sim/hook/ament_prefix_path.sh'
[0.490s] INFO:colcon.colcon_core.shell:Skip shell extension 'powershell' for command environment: Not usable outside of PowerShell
[0.490s] DEBUG:colcon.colcon_core.shell:Skip shell extension 'dsv' for command environment
[0.491s] INFO:colcon.colcon_ros.task.ament_python.build:Building ROS package in '/home/cczh/temp-code/ground_truth_sim/src/percision_sim' with build type 'ament_python'
[0.491s] Level 1:colcon.colcon_core.shell:create_environment_hook('percision_sim', 'ament_prefix_path')
[0.491s] INFO:colcon.colcon_core.shell:Creating environment hook '/home/cczh/temp-code/ground_truth_sim/install/percision_sim/share/percision_sim/hook/ament_prefix_path.ps1'
[0.491s] INFO:colcon.colcon_core.shell:Creating environment descriptor '/home/cczh/temp-code/ground_truth_sim/install/percision_sim/share/percision_sim/hook/ament_prefix_path.dsv'
[0.492s] INFO:colcon.colcon_core.shell:Creating environment hook '/home/cczh/temp-code/ground_truth_sim/install/percision_sim/share/percision_sim/hook/ament_prefix_path.sh'
[0.492s] INFO:colcon.colcon_core.shell:Skip shell extension 'powershell' for command environment: Not usable outside of PowerShell
[0.492s] DEBUG:colcon.colcon_core.shell:Skip shell extension 'dsv' for command environment
[0.493s] INFO:colcon.colcon_ros.task.ament_python.build:Building ROS package in '/home/cczh/temp-code/ground_truth_sim/src/usv_fusion_new' with build type 'ament_python'
[0.493s] Level 1:colcon.colcon_core.shell:create_environment_hook('usv_fusion_new', 'ament_prefix_path')
[0.493s] INFO:colcon.colcon_core.shell:Creating environment hook '/home/cczh/temp-code/ground_truth_sim/install/usv_fusion_new/share/usv_fusion_new/hook/ament_prefix_path.ps1'
[0.493s] INFO:colcon.colcon_core.shell:Creating environment descriptor '/home/cczh/temp-code/ground_truth_sim/install/usv_fusion_new/share/usv_fusion_new/hook/ament_prefix_path.dsv'
[0.493s] INFO:colcon.colcon_core.shell:Creating environment hook '/home/cczh/temp-code/ground_truth_sim/install/usv_fusion_new/share/usv_fusion_new/hook/ament_prefix_path.sh'
[0.494s] INFO:colcon.colcon_core.shell:Skip shell extension 'powershell' for command environment: Not usable outside of PowerShell
[0.494s] DEBUG:colcon.colcon_core.shell:Skip shell extension 'dsv' for command environment
[0.625s] INFO:colcon.colcon_core.task.python.build:Building Python package in '/home/cczh/temp-code/ground_truth_sim/src/sim'
[0.625s] INFO:colcon.colcon_core.shell:Skip shell extension 'powershell' for command environment: Not usable outside of PowerShell
[0.625s] DEBUG:colcon.colcon_core.shell:Skip shell extension 'dsv' for command environment
[0.755s] INFO:colcon.colcon_core.task.python.build:Building Python package in '/home/cczh/temp-code/ground_truth_sim/src/percision_sim'
[0.755s] INFO:colcon.colcon_core.shell:Skip shell extension 'powershell' for command environment: Not usable outside of PowerShell
[0.755s] DEBUG:colcon.colcon_core.shell:Skip shell extension 'dsv' for command environment
[0.884s] INFO:colcon.colcon_core.task.python.build:Building Python package in '/home/cczh/temp-code/ground_truth_sim/src/usv_fusion_new'
[0.885s] INFO:colcon.colcon_core.shell:Skip shell extension 'powershell' for command environment: Not usable outside of PowerShell
[0.885s] DEBUG:colcon.colcon_core.shell:Skip shell extension 'dsv' for command environment
[1.075s] DEBUG:colcon.colcon_core.event_handler.log_command:Invoking command in '/home/cczh/temp-code/ground_truth_sim/src/usv_fusion_new': AMENT_PREFIX_PATH=/home/cczh/temp-code/ground_truth_sim/install/usv_interfaces:${AMENT_PREFIX_PATH} CMAKE_PREFIX_PATH=/home/cczh/temp-code/ground_truth_sim/install/usv_interfaces LD_LIBRARY_PATH=/home/cczh/temp-code/ground_truth_sim/install/usv_interfaces/lib:${LD_LIBRARY_PATH} PYTHONPATH=/home/cczh/temp-code/ground_truth_sim/build/usv_fusion_new/prefix_override:/usr/lib/python3/dist-packages/colcon_core/task/python/colcon_distutils_commands:/home/cczh/temp-code/ground_truth_sim/install/usv_fusion_new/lib/python3.10/site-packages:/home/cczh/temp-code/ground_truth_sim/install/usv_interfaces/local/lib/python3.10/dist-packages:${PYTHONPATH} /usr/bin/python3 -W ignore:setup.py install is deprecated -W ignore:easy_install command is deprecated setup.py egg_info --egg-base ../../build/usv_fusion_new build --build-base /home/cczh/temp-code/ground_truth_sim/build/usv_fusion_new/build install --record /home/cczh/temp-code/ground_truth_sim/build/usv_fusion_new/install.log --single-version-externally-managed install_data
[1.078s] DEBUG:colcon.colcon_core.event_handler.log_command:Invoking command in '/home/cczh/temp-code/ground_truth_sim/src/percision_sim': AMENT_PREFIX_PATH=/home/cczh/temp-code/ground_truth_sim/install/usv_interfaces:${AMENT_PREFIX_PATH} CMAKE_PREFIX_PATH=/home/cczh/temp-code/ground_truth_sim/install/usv_interfaces LD_LIBRARY_PATH=/home/cczh/temp-code/ground_truth_sim/install/usv_interfaces/lib:${LD_LIBRARY_PATH} PYTHONPATH=/home/cczh/temp-code/ground_truth_sim/build/percision_sim/prefix_override:/usr/lib/python3/dist-packages/colcon_core/task/python/colcon_distutils_commands:/home/cczh/temp-code/ground_truth_sim/install/percision_sim/lib/python3.10/site-packages:/home/cczh/temp-code/ground_truth_sim/install/usv_interfaces/local/lib/python3.10/dist-packages:${PYTHONPATH} /usr/bin/python3 -W ignore:setup.py install is deprecated -W ignore:easy_install command is deprecated setup.py egg_info --egg-base ../../build/percision_sim build --build-base /home/cczh/temp-code/ground_truth_sim/build/percision_sim/build install --record /home/cczh/temp-code/ground_truth_sim/build/percision_sim/install.log --single-version-externally-managed install_data
[1.085s] DEBUG:colcon.colcon_core.event_handler.log_command:Invoking command in '/home/cczh/temp-code/ground_truth_sim/src/sim': AMENT_PREFIX_PATH=/home/cczh/temp-code/ground_truth_sim/install/usv_interfaces:${AMENT_PREFIX_PATH} CMAKE_PREFIX_PATH=/home/cczh/temp-code/ground_truth_sim/install/usv_interfaces LD_LIBRARY_PATH=/home/cczh/temp-code/ground_truth_sim/install/usv_interfaces/lib:${LD_LIBRARY_PATH} PYTHONPATH=/home/cczh/temp-code/ground_truth_sim/build/ground_truth_sim/prefix_override:/usr/lib/python3/dist-packages/colcon_core/task/python/colcon_distutils_commands:/home/cczh/temp-code/ground_truth_sim/install/ground_truth_sim/lib/python3.10/site-packages:/home/cczh/temp-code/ground_truth_sim/install/usv_interfaces/local/lib/python3.10/dist-packages:${PYTHONPATH} /usr/bin/python3 -W ignore:setup.py install is deprecated -W ignore:easy_install command is deprecated setup.py egg_info --egg-base ../../build/ground_truth_sim build --build-base /home/cczh/temp-code/ground_truth_sim/build/ground_truth_sim/build install --record /home/cczh/temp-code/ground_truth_sim/build/ground_truth_sim/install.log --single-version-externally-managed install_data
[1.223s] Level 1:colcon.colcon_core.environment:checking '/home/cczh/temp-code/ground_truth_sim/install/usv_fusion_new' for CMake module files
[1.223s] DEBUG:colcon.colcon_core.event_handler.log_command:Invoked command in '/home/cczh/temp-code/ground_truth_sim/src/usv_fusion_new' returned '0': AMENT_PREFIX_PATH=/home/cczh/temp-code/ground_truth_sim/install/usv_interfaces:${AMENT_PREFIX_PATH} CMAKE_PREFIX_PATH=/home/cczh/temp-code/ground_truth_sim/install/usv_interfaces LD_LIBRARY_PATH=/home/cczh/temp-code/ground_truth_sim/install/usv_interfaces/lib:${LD_LIBRARY_PATH} PYTHONPATH=/home/cczh/temp-code/ground_truth_sim/build/usv_fusion_new/prefix_override:/usr/lib/python3/dist-packages/colcon_core/task/python/colcon_distutils_commands:/home/cczh/temp-code/ground_truth_sim/install/usv_fusion_new/lib/python3.10/site-packages:/home/cczh/temp-code/ground_truth_sim/install/usv_interfaces/local/lib/python3.10/dist-packages:${PYTHONPATH} /usr/bin/python3 -W ignore:setup.py install is deprecated -W ignore:easy_install command is deprecated setup.py egg_info --egg-base ../../build/usv_fusion_new build --build-base /home/cczh/temp-code/ground_truth_sim/build/usv_fusion_new/build install --record /home/cczh/temp-code/ground_truth_sim/build/usv_fusion_new/install.log --single-version-externally-managed install_data
[1.224s] Level 1:colcon.colcon_core.environment:checking '/home/cczh/temp-code/ground_truth_sim/install/usv_fusion_new' for CMake config files
[1.224s] Level 1:colcon.colcon_core.environment:checking '/home/cczh/temp-code/ground_truth_sim/install/usv_fusion_new/lib'
[1.224s] Level 1:colcon.colcon_core.environment:checking '/home/cczh/temp-code/ground_truth_sim/install/usv_fusion_new/bin'
[1.224s] Level 1:colcon.colcon_core.environment:checking '/home/cczh/temp-code/ground_truth_sim/install/usv_fusion_new/lib/pkgconfig/usv_fusion_new.pc'
[1.224s] Level 1:colcon.colcon_core.environment:checking '/home/cczh/temp-code/ground_truth_sim/install/usv_fusion_new/lib/python3.10/site-packages'
[1.224s] Level 1:colcon.colcon_core.shell:create_environment_hook('usv_fusion_new', 'pythonpath')
[1.224s] INFO:colcon.colcon_core.shell:Creating environment hook '/home/cczh/temp-code/ground_truth_sim/install/usv_fusion_new/share/usv_fusion_new/hook/pythonpath.ps1'
[1.225s] INFO:colcon.colcon_core.shell:Creating environment descriptor '/home/cczh/temp-code/ground_truth_sim/install/usv_fusion_new/share/usv_fusion_new/hook/pythonpath.dsv'
[1.225s] INFO:colcon.colcon_core.shell:Creating environment hook '/home/cczh/temp-code/ground_truth_sim/install/usv_fusion_new/share/usv_fusion_new/hook/pythonpath.sh'
[1.226s] Level 1:colcon.colcon_core.environment:checking '/home/cczh/temp-code/ground_truth_sim/install/usv_fusion_new/bin'
[1.226s] Level 1:colcon.colcon_core.environment:create_environment_scripts_only(usv_fusion_new)
[1.226s] INFO:colcon.colcon_core.shell:Creating package script '/home/cczh/temp-code/ground_truth_sim/install/usv_fusion_new/share/usv_fusion_new/package.ps1'
[1.226s] INFO:colcon.colcon_core.shell:Creating package descriptor '/home/cczh/temp-code/ground_truth_sim/install/usv_fusion_new/share/usv_fusion_new/package.dsv'
[1.227s] INFO:colcon.colcon_core.shell:Creating package script '/home/cczh/temp-code/ground_truth_sim/install/usv_fusion_new/share/usv_fusion_new/package.sh'
[1.227s] INFO:colcon.colcon_core.shell:Creating package script '/home/cczh/temp-code/ground_truth_sim/install/usv_fusion_new/share/usv_fusion_new/package.bash'
[1.227s] INFO:colcon.colcon_core.shell:Creating package script '/home/cczh/temp-code/ground_truth_sim/install/usv_fusion_new/share/usv_fusion_new/package.zsh'
[1.228s] Level 1:colcon.colcon_core.environment:create_file_with_runtime_dependencies(/home/cczh/temp-code/ground_truth_sim/install/usv_fusion_new/share/colcon-core/packages/usv_fusion_new)
[1.240s] Level 1:colcon.colcon_core.environment:checking '/home/cczh/temp-code/ground_truth_sim/install/percision_sim' for CMake module files
[1.241s] DEBUG:colcon.colcon_core.event_handler.log_command:Invoked command in '/home/cczh/temp-code/ground_truth_sim/src/percision_sim' returned '0': AMENT_PREFIX_PATH=/home/cczh/temp-code/ground_truth_sim/install/usv_interfaces:${AMENT_PREFIX_PATH} CMAKE_PREFIX_PATH=/home/cczh/temp-code/ground_truth_sim/install/usv_interfaces LD_LIBRARY_PATH=/home/cczh/temp-code/ground_truth_sim/install/usv_interfaces/lib:${LD_LIBRARY_PATH} PYTHONPATH=/home/cczh/temp-code/ground_truth_sim/build/percision_sim/prefix_override:/usr/lib/python3/dist-packages/colcon_core/task/python/colcon_distutils_commands:/home/cczh/temp-code/ground_truth_sim/install/percision_sim/lib/python3.10/site-packages:/home/cczh/temp-code/ground_truth_sim/install/usv_interfaces/local/lib/python3.10/dist-packages:${PYTHONPATH} /usr/bin/python3 -W ignore:setup.py install is deprecated -W ignore:easy_install command is deprecated setup.py egg_info --egg-base ../../build/percision_sim build --build-base /home/cczh/temp-code/ground_truth_sim/build/percision_sim/build install --record /home/cczh/temp-code/ground_truth_sim/build/percision_sim/install.log --single-version-externally-managed install_data
[1.241s] Level 1:colcon.colcon_core.environment:checking '/home/cczh/temp-code/ground_truth_sim/install/percision_sim' for CMake config files
[1.242s] Level 1:colcon.colcon_core.environment:checking '/home/cczh/temp-code/ground_truth_sim/install/percision_sim/lib'
[1.242s] Level 1:colcon.colcon_core.environment:checking '/home/cczh/temp-code/ground_truth_sim/install/percision_sim/bin'
[1.242s] Level 1:colcon.colcon_core.environment:checking '/home/cczh/temp-code/ground_truth_sim/install/percision_sim/lib/pkgconfig/percision_sim.pc'
[1.242s] Level 1:colcon.colcon_core.environment:checking '/home/cczh/temp-code/ground_truth_sim/install/percision_sim/lib/python3.10/site-packages'
[1.242s] Level 1:colcon.colcon_core.shell:create_environment_hook('percision_sim', 'pythonpath')
[1.242s] INFO:colcon.colcon_core.shell:Creating environment hook '/home/cczh/temp-code/ground_truth_sim/install/percision_sim/share/percision_sim/hook/pythonpath.ps1'
[1.242s] INFO:colcon.colcon_core.shell:Creating environment descriptor '/home/cczh/temp-code/ground_truth_sim/install/percision_sim/share/percision_sim/hook/pythonpath.dsv'
[1.243s] INFO:colcon.colcon_core.shell:Creating environment hook '/home/cczh/temp-code/ground_truth_sim/install/percision_sim/share/percision_sim/hook/pythonpath.sh'
[1.243s] Level 1:colcon.colcon_core.environment:checking '/home/cczh/temp-code/ground_truth_sim/install/percision_sim/bin'
[1.243s] Level 1:colcon.colcon_core.environment:create_environment_scripts_only(percision_sim)
[1.243s] INFO:colcon.colcon_core.shell:Creating package script '/home/cczh/temp-code/ground_truth_sim/install/percision_sim/share/percision_sim/package.ps1'
[1.244s] INFO:colcon.colcon_core.shell:Creating package descriptor '/home/cczh/temp-code/ground_truth_sim/install/percision_sim/share/percision_sim/package.dsv'
[1.244s] INFO:colcon.colcon_core.shell:Creating package script '/home/cczh/temp-code/ground_truth_sim/install/percision_sim/share/percision_sim/package.sh'
[1.244s] INFO:colcon.colcon_core.shell:Creating package script '/home/cczh/temp-code/ground_truth_sim/install/percision_sim/share/percision_sim/package.bash'
[1.244s] INFO:colcon.colcon_core.shell:Creating package script '/home/cczh/temp-code/ground_truth_sim/install/percision_sim/share/percision_sim/package.zsh'
[1.244s] Level 1:colcon.colcon_core.environment:create_file_with_runtime_dependencies(/home/cczh/temp-code/ground_truth_sim/install/percision_sim/share/colcon-core/packages/percision_sim)
[1.244s] Level 1:colcon.colcon_core.environment:checking '/home/cczh/temp-code/ground_truth_sim/install/ground_truth_sim' for CMake module files
[1.245s] DEBUG:colcon.colcon_core.event_handler.log_command:Invoked command in '/home/cczh/temp-code/ground_truth_sim/src/sim' returned '0': AMENT_PREFIX_PATH=/home/cczh/temp-code/ground_truth_sim/install/usv_interfaces:${AMENT_PREFIX_PATH} CMAKE_PREFIX_PATH=/home/cczh/temp-code/ground_truth_sim/install/usv_interfaces LD_LIBRARY_PATH=/home/cczh/temp-code/ground_truth_sim/install/usv_interfaces/lib:${LD_LIBRARY_PATH} PYTHONPATH=/home/cczh/temp-code/ground_truth_sim/build/ground_truth_sim/prefix_override:/usr/lib/python3/dist-packages/colcon_core/task/python/colcon_distutils_commands:/home/cczh/temp-code/ground_truth_sim/install/ground_truth_sim/lib/python3.10/site-packages:/home/cczh/temp-code/ground_truth_sim/install/usv_interfaces/local/lib/python3.10/dist-packages:${PYTHONPATH} /usr/bin/python3 -W ignore:setup.py install is deprecated -W ignore:easy_install command is deprecated setup.py egg_info --egg-base ../../build/ground_truth_sim build --build-base /home/cczh/temp-code/ground_truth_sim/build/ground_truth_sim/build install --record /home/cczh/temp-code/ground_truth_sim/build/ground_truth_sim/install.log --single-version-externally-managed install_data
[1.245s] Level 1:colcon.colcon_core.environment:checking '/home/cczh/temp-code/ground_truth_sim/install/ground_truth_sim' for CMake config files
[1.245s] Level 1:colcon.colcon_core.environment:checking '/home/cczh/temp-code/ground_truth_sim/install/ground_truth_sim/lib'
[1.245s] Level 1:colcon.colcon_core.environment:checking '/home/cczh/temp-code/ground_truth_sim/install/ground_truth_sim/bin'
[1.246s] Level 1:colcon.colcon_core.environment:checking '/home/cczh/temp-code/ground_truth_sim/install/ground_truth_sim/lib/pkgconfig/ground_truth_sim.pc'
[1.246s] Level 1:colcon.colcon_core.environment:checking '/home/cczh/temp-code/ground_truth_sim/install/ground_truth_sim/lib/python3.10/site-packages'
[1.246s] Level 1:colcon.colcon_core.shell:create_environment_hook('ground_truth_sim', 'pythonpath')
[1.246s] INFO:colcon.colcon_core.shell:Creating environment hook '/home/cczh/temp-code/ground_truth_sim/install/ground_truth_sim/share/ground_truth_sim/hook/pythonpath.ps1'
[1.246s] INFO:colcon.colcon_core.shell:Creating environment descriptor '/home/cczh/temp-code/ground_truth_sim/install/ground_truth_sim/share/ground_truth_sim/hook/pythonpath.dsv'
[1.246s] INFO:colcon.colcon_core.shell:Creating environment hook '/home/cczh/temp-code/ground_truth_sim/install/ground_truth_sim/share/ground_truth_sim/hook/pythonpath.sh'
[1.247s] Level 1:colcon.colcon_core.environment:checking '/home/cczh/temp-code/ground_truth_sim/install/ground_truth_sim/bin'
[1.247s] Level 1:colcon.colcon_core.environment:create_environment_scripts_only(ground_truth_sim)
[1.247s] INFO:colcon.colcon_core.shell:Creating package script '/home/cczh/temp-code/ground_truth_sim/install/ground_truth_sim/share/ground_truth_sim/package.ps1'
[1.248s] INFO:colcon.colcon_core.shell:Creating package descriptor '/home/cczh/temp-code/ground_truth_sim/install/ground_truth_sim/share/ground_truth_sim/package.dsv'
[1.248s] INFO:colcon.colcon_core.shell:Creating package script '/home/cczh/temp-code/ground_truth_sim/install/ground_truth_sim/share/ground_truth_sim/package.sh'
[1.248s] INFO:colcon.colcon_core.shell:Creating package script '/home/cczh/temp-code/ground_truth_sim/install/ground_truth_sim/share/ground_truth_sim/package.bash'
[1.248s] INFO:colcon.colcon_core.shell:Creating package script '/home/cczh/temp-code/ground_truth_sim/install/ground_truth_sim/share/ground_truth_sim/package.zsh'
[1.248s] Level 1:colcon.colcon_core.environment:create_file_with_runtime_dependencies(/home/cczh/temp-code/ground_truth_sim/install/ground_truth_sim/share/colcon-core/packages/ground_truth_sim)
[1.249s] DEBUG:colcon.colcon_parallel_executor.executor.parallel:closing loop
[1.249s] DEBUG:colcon.colcon_parallel_executor.executor.parallel:loop closed
[1.249s] DEBUG:colcon.colcon_parallel_executor.executor.parallel:run_until_complete finished with '0'
[1.249s] DEBUG:colcon.colcon_core.event_reactor:joining thread
[1.251s] INFO:colcon.colcon_core.plugin_system:Skipping extension 'colcon_notification.desktop_notification.terminal_notifier': Not used on non-Darwin systems
[1.251s] INFO:colcon.colcon_core.plugin_system:Skipping extension 'colcon_notification.desktop_notification.win32': Not used on non-Windows systems
[1.251s] INFO:colcon.colcon_notification.desktop_notification:Sending desktop notification using 'notify2'
[1.271s] DEBUG:colcon.colcon_core.event_reactor:joined thread
[1.272s] INFO:colcon.colcon_core.shell:Creating prefix script '/home/cczh/temp-code/ground_truth_sim/install/local_setup.ps1'
[1.273s] INFO:colcon.colcon_core.shell:Creating prefix util module '/home/cczh/temp-code/ground_truth_sim/install/_local_setup_util_ps1.py'
[1.274s] INFO:colcon.colcon_core.shell:Creating prefix chain script '/home/cczh/temp-code/ground_truth_sim/install/setup.ps1'
[1.274s] INFO:colcon.colcon_core.shell:Creating prefix script '/home/cczh/temp-code/ground_truth_sim/install/local_setup.sh'
[1.274s] INFO:colcon.colcon_core.shell:Creating prefix util module '/home/cczh/temp-code/ground_truth_sim/install/_local_setup_util_sh.py'
[1.274s] INFO:colcon.colcon_core.shell:Creating prefix chain script '/home/cczh/temp-code/ground_truth_sim/install/setup.sh'
[1.275s] INFO:colcon.colcon_core.shell:Creating prefix script '/home/cczh/temp-code/ground_truth_sim/install/local_setup.bash'
[1.275s] INFO:colcon.colcon_core.shell:Creating prefix chain script '/home/cczh/temp-code/ground_truth_sim/install/setup.bash'
[1.276s] INFO:colcon.colcon_core.shell:Creating prefix script '/home/cczh/temp-code/ground_truth_sim/install/local_setup.zsh'
[1.276s] INFO:colcon.colcon_core.shell:Creating prefix chain script '/home/cczh/temp-code/ground_truth_sim/install/setup.zsh'
