[0.468s] Invoking command in '/home/cczh/temp-code/ground_truth_sim/src/percision_sim': PYTHONPATH=/home/cczh/temp-code/ground_truth_sim/build/percision_sim/prefix_override:/usr/lib/python3/dist-packages/colcon_core/task/python/colcon_distutils_commands:/home/cczh/temp-code/ground_truth_sim/install/percision_sim/lib/python3.10/site-packages:${PYTHONPATH} /usr/bin/python3 -W ignore:setup.py install is deprecated -W ignore:easy_install command is deprecated setup.py egg_info --egg-base ../../build/percision_sim build --build-base /home/cczh/temp-code/ground_truth_sim/build/percision_sim/build install --record /home/cczh/temp-code/ground_truth_sim/build/percision_sim/install.log --single-version-externally-managed install_data
[0.581s] running egg_info
[0.588s] writing ../../build/percision_sim/percision_sim.egg-info/PKG-INFO
[0.588s] writing dependency_links to ../../build/percision_sim/percision_sim.egg-info/dependency_links.txt
[0.588s] writing entry points to ../../build/percision_sim/percision_sim.egg-info/entry_points.txt
[0.588s] writing requirements to ../../build/percision_sim/percision_sim.egg-info/requires.txt
[0.588s] writing top-level names to ../../build/percision_sim/percision_sim.egg-info/top_level.txt
[0.602s] reading manifest file '../../build/percision_sim/percision_sim.egg-info/SOURCES.txt'
[0.602s] writing manifest file '../../build/percision_sim/percision_sim.egg-info/SOURCES.txt'
[0.602s] running build
[0.602s] running build_py
[0.602s] copying percision_sim/__init__.py -> /home/cczh/temp-code/ground_truth_sim/build/percision_sim/build/lib/percision_sim
[0.602s] copying percision_sim/sim_vision_node.py -> /home/cczh/temp-code/ground_truth_sim/build/percision_sim/build/lib/percision_sim
[0.602s] copying percision_sim/sim_ais_node.py -> /home/cczh/temp-code/ground_truth_sim/build/percision_sim/build/lib/percision_sim
[0.602s] copying percision_sim/sim_nav_radar_node.py -> /home/cczh/temp-code/ground_truth_sim/build/percision_sim/build/lib/percision_sim
[0.603s] copying percision_sim/sim_mmwave_node.py -> /home/cczh/temp-code/ground_truth_sim/build/percision_sim/build/lib/percision_sim
[0.603s] running install
[0.605s] running install_lib
[0.612s] running install_data
[0.612s] copying resource/percision_sim -> /home/cczh/temp-code/ground_truth_sim/install/percision_sim/share/ament_index/resource_index/packages
[0.612s] copying package.xml -> /home/cczh/temp-code/ground_truth_sim/install/percision_sim/share/percision_sim
[0.612s] copying README.md -> /home/cczh/temp-code/ground_truth_sim/install/percision_sim/share/percision_sim
[0.612s] copying config/percision_sim_params.yaml -> /home/cczh/temp-code/ground_truth_sim/install/percision_sim/share/percision_sim/config
[0.612s] copying config/multi_sensor_params.yaml -> /home/cczh/temp-code/ground_truth_sim/install/percision_sim/share/percision_sim/config
[0.612s] copying config/three_vision_one_mmwave_params.yaml -> /home/cczh/temp-code/ground_truth_sim/install/percision_sim/share/percision_sim/config
[0.612s] copying launch/sensors_sim.launch.py -> /home/cczh/temp-code/ground_truth_sim/install/percision_sim/share/percision_sim/launch
[0.613s] copying launch/multi_sensor_sim.launch.py -> /home/cczh/temp-code/ground_truth_sim/install/percision_sim/share/percision_sim/launch
[0.613s] copying launch/three_sensor_sim.launch.py -> /home/cczh/temp-code/ground_truth_sim/install/percision_sim/share/percision_sim/launch
[0.613s] running install_egg_info
[0.620s] removing '/home/cczh/temp-code/ground_truth_sim/install/percision_sim/lib/python3.10/site-packages/percision_sim-0.1.0-py3.10.egg-info' (and everything under it)
[0.620s] Copying ../../build/percision_sim/percision_sim.egg-info to /home/cczh/temp-code/ground_truth_sim/install/percision_sim/lib/python3.10/site-packages/percision_sim-0.1.0-py3.10.egg-info
[0.620s] running install_scripts
[0.678s] Installing sim_ais_node script to /home/cczh/temp-code/ground_truth_sim/install/percision_sim/lib/percision_sim
[0.678s] Installing sim_mmwave_node script to /home/cczh/temp-code/ground_truth_sim/install/percision_sim/lib/percision_sim
[0.678s] Installing sim_nav_radar_node script to /home/cczh/temp-code/ground_truth_sim/install/percision_sim/lib/percision_sim
[0.678s] Installing sim_vision_node script to /home/cczh/temp-code/ground_truth_sim/install/percision_sim/lib/percision_sim
[0.678s] writing list of installed files to '/home/cczh/temp-code/ground_truth_sim/build/percision_sim/install.log'
[0.691s] Invoked command in '/home/cczh/temp-code/ground_truth_sim/src/percision_sim' returned '0': PYTHONPATH=/home/cczh/temp-code/ground_truth_sim/build/percision_sim/prefix_override:/usr/lib/python3/dist-packages/colcon_core/task/python/colcon_distutils_commands:/home/cczh/temp-code/ground_truth_sim/install/percision_sim/lib/python3.10/site-packages:${PYTHONPATH} /usr/bin/python3 -W ignore:setup.py install is deprecated -W ignore:easy_install command is deprecated setup.py egg_info --egg-base ../../build/percision_sim build --build-base /home/cczh/temp-code/ground_truth_sim/build/percision_sim/build install --record /home/cczh/temp-code/ground_truth_sim/build/percision_sim/install.log --single-version-externally-managed install_data
