/home/cczh/temp-code/ground_truth_sim/install/usv_fusion/lib/python3.10/site-packages/usv_fusion/__init__.py
/home/cczh/temp-code/ground_truth_sim/install/usv_fusion/lib/python3.10/site-packages/usv_fusion/association_fusion.py
/home/cczh/temp-code/ground_truth_sim/install/usv_fusion/lib/python3.10/site-packages/usv_fusion/sensor_fusion_node.py
/home/cczh/temp-code/ground_truth_sim/install/usv_fusion/lib/python3.10/site-packages/usv_fusion/vision_cluster.py
/home/cczh/temp-code/ground_truth_sim/install/usv_fusion/lib/python3.10/site-packages/usv_fusion/history_io.py
/home/cczh/temp-code/ground_truth_sim/install/usv_fusion/lib/python3.10/site-packages/usv_fusion/__pycache__/__init__.cpython-310.pyc
/home/cczh/temp-code/ground_truth_sim/install/usv_fusion/lib/python3.10/site-packages/usv_fusion/__pycache__/association_fusion.cpython-310.pyc
/home/cczh/temp-code/ground_truth_sim/install/usv_fusion/lib/python3.10/site-packages/usv_fusion/__pycache__/sensor_fusion_node.cpython-310.pyc
/home/cczh/temp-code/ground_truth_sim/install/usv_fusion/lib/python3.10/site-packages/usv_fusion/__pycache__/vision_cluster.cpython-310.pyc
/home/cczh/temp-code/ground_truth_sim/install/usv_fusion/lib/python3.10/site-packages/usv_fusion/__pycache__/history_io.cpython-310.pyc
/home/cczh/temp-code/ground_truth_sim/install/usv_fusion/share/ament_index/resource_index/packages/usv_fusion
/home/cczh/temp-code/ground_truth_sim/install/usv_fusion/share/usv_fusion/package.xml
/home/cczh/temp-code/ground_truth_sim/install/usv_fusion/share/usv_fusion/README.md
/home/cczh/temp-code/ground_truth_sim/install/usv_fusion/share/usv_fusion/config/fusion_params.yaml
/home/cczh/temp-code/ground_truth_sim/install/usv_fusion/share/usv_fusion/launch/fusion.launch.py
/home/cczh/temp-code/ground_truth_sim/install/usv_fusion/lib/python3.10/site-packages/usv_fusion-0.1.0-py3.10.egg-info/PKG-INFO
/home/cczh/temp-code/ground_truth_sim/install/usv_fusion/lib/python3.10/site-packages/usv_fusion-0.1.0-py3.10.egg-info/zip-safe
/home/cczh/temp-code/ground_truth_sim/install/usv_fusion/lib/python3.10/site-packages/usv_fusion-0.1.0-py3.10.egg-info/dependency_links.txt
/home/cczh/temp-code/ground_truth_sim/install/usv_fusion/lib/python3.10/site-packages/usv_fusion-0.1.0-py3.10.egg-info/entry_points.txt
/home/cczh/temp-code/ground_truth_sim/install/usv_fusion/lib/python3.10/site-packages/usv_fusion-0.1.0-py3.10.egg-info/requires.txt
/home/cczh/temp-code/ground_truth_sim/install/usv_fusion/lib/python3.10/site-packages/usv_fusion-0.1.0-py3.10.egg-info/top_level.txt
/home/cczh/temp-code/ground_truth_sim/install/usv_fusion/lib/python3.10/site-packages/usv_fusion-0.1.0-py3.10.egg-info/SOURCES.txt
/home/cczh/temp-code/ground_truth_sim/install/usv_fusion/lib/usv_fusion/sensor_fusion_node
