[0.460s] Invoking command in '/home/cczh/temp-code/ground_truth_sim/src/usv_fusion': PYTHONPATH=/home/cczh/temp-code/ground_truth_sim/build/usv_fusion/prefix_override:/usr/lib/python3/dist-packages/colcon_core/task/python/colcon_distutils_commands:/home/cczh/temp-code/ground_truth_sim/install/usv_fusion/lib/python3.10/site-packages:${PYTHONPATH} /usr/bin/python3 -W ignore:setup.py install is deprecated -W ignore:easy_install command is deprecated setup.py egg_info --egg-base ../../build/usv_fusion build --build-base /home/cczh/temp-code/ground_truth_sim/build/usv_fusion/build install --record /home/cczh/temp-code/ground_truth_sim/build/usv_fusion/install.log --single-version-externally-managed install_data
[0.587s] running egg_info
[0.593s] writing ../../build/usv_fusion/usv_fusion.egg-info/PKG-INFO
[0.593s] writing dependency_links to ../../build/usv_fusion/usv_fusion.egg-info/dependency_links.txt
[0.594s] writing entry points to ../../build/usv_fusion/usv_fusion.egg-info/entry_points.txt
[0.594s] writing requirements to ../../build/usv_fusion/usv_fusion.egg-info/requires.txt
[0.594s] writing top-level names to ../../build/usv_fusion/usv_fusion.egg-info/top_level.txt
[0.607s] reading manifest file '../../build/usv_fusion/usv_fusion.egg-info/SOURCES.txt'
[0.608s] writing manifest file '../../build/usv_fusion/usv_fusion.egg-info/SOURCES.txt'
[0.608s] running build
[0.608s] running build_py
[0.608s] copying usv_fusion/__init__.py -> /home/cczh/temp-code/ground_truth_sim/build/usv_fusion/build/lib/usv_fusion
[0.608s] copying usv_fusion/association_fusion.py -> /home/cczh/temp-code/ground_truth_sim/build/usv_fusion/build/lib/usv_fusion
[0.608s] copying usv_fusion/sensor_fusion_node.py -> /home/cczh/temp-code/ground_truth_sim/build/usv_fusion/build/lib/usv_fusion
[0.608s] copying usv_fusion/vision_cluster.py -> /home/cczh/temp-code/ground_truth_sim/build/usv_fusion/build/lib/usv_fusion
[0.608s] copying usv_fusion/history_io.py -> /home/cczh/temp-code/ground_truth_sim/build/usv_fusion/build/lib/usv_fusion
[0.608s] running install
[0.611s] running install_lib
[0.617s] copying /home/cczh/temp-code/ground_truth_sim/build/usv_fusion/build/lib/usv_fusion/sensor_fusion_node.py -> /home/cczh/temp-code/ground_truth_sim/install/usv_fusion/lib/python3.10/site-packages/usv_fusion
[0.618s] byte-compiling /home/cczh/temp-code/ground_truth_sim/install/usv_fusion/lib/python3.10/site-packages/usv_fusion/sensor_fusion_node.py to sensor_fusion_node.cpython-310.pyc
[0.620s] running install_data
[0.620s] copying resource/usv_fusion -> /home/cczh/temp-code/ground_truth_sim/install/usv_fusion/share/ament_index/resource_index/packages
[0.620s] copying package.xml -> /home/cczh/temp-code/ground_truth_sim/install/usv_fusion/share/usv_fusion
[0.620s] copying README.md -> /home/cczh/temp-code/ground_truth_sim/install/usv_fusion/share/usv_fusion
[0.620s] copying config/fusion_params.yaml -> /home/cczh/temp-code/ground_truth_sim/install/usv_fusion/share/usv_fusion/config
[0.620s] copying launch/fusion.launch.py -> /home/cczh/temp-code/ground_truth_sim/install/usv_fusion/share/usv_fusion/launch
[0.620s] running install_egg_info
[0.628s] removing '/home/cczh/temp-code/ground_truth_sim/install/usv_fusion/lib/python3.10/site-packages/usv_fusion-0.1.0-py3.10.egg-info' (and everything under it)
[0.628s] Copying ../../build/usv_fusion/usv_fusion.egg-info to /home/cczh/temp-code/ground_truth_sim/install/usv_fusion/lib/python3.10/site-packages/usv_fusion-0.1.0-py3.10.egg-info
[0.628s] running install_scripts
[0.687s] Installing sensor_fusion_node script to /home/cczh/temp-code/ground_truth_sim/install/usv_fusion/lib/usv_fusion
[0.687s] writing list of installed files to '/home/cczh/temp-code/ground_truth_sim/build/usv_fusion/install.log'
[0.699s] Invoked command in '/home/cczh/temp-code/ground_truth_sim/src/usv_fusion' returned '0': PYTHONPATH=/home/cczh/temp-code/ground_truth_sim/build/usv_fusion/prefix_override:/usr/lib/python3/dist-packages/colcon_core/task/python/colcon_distutils_commands:/home/cczh/temp-code/ground_truth_sim/install/usv_fusion/lib/python3.10/site-packages:${PYTHONPATH} /usr/bin/python3 -W ignore:setup.py install is deprecated -W ignore:easy_install command is deprecated setup.py egg_info --egg-base ../../build/usv_fusion build --build-base /home/cczh/temp-code/ground_truth_sim/build/usv_fusion/build install --record /home/cczh/temp-code/ground_truth_sim/build/usv_fusion/install.log --single-version-externally-managed install_data
