/home/cczh/temp-code/ground_truth_sim/install/usv_event_fusion/lib/python3.10/site-packages/usv_event_fusion/__init__.py
/home/cczh/temp-code/ground_truth_sim/install/usv_event_fusion/lib/python3.10/site-packages/usv_event_fusion/association_contract.py
/home/cczh/temp-code/ground_truth_sim/install/usv_event_fusion/lib/python3.10/site-packages/usv_event_fusion/motion_model.py
/home/cczh/temp-code/ground_truth_sim/install/usv_event_fusion/lib/python3.10/site-packages/usv_event_fusion/filters.py
/home/cczh/temp-code/ground_truth_sim/install/usv_event_fusion/lib/python3.10/site-packages/usv_event_fusion/sensor_models.py
/home/cczh/temp-code/ground_truth_sim/install/usv_event_fusion/lib/python3.10/site-packages/usv_event_fusion/track_state.py
/home/cczh/temp-code/ground_truth_sim/install/usv_event_fusion/lib/python3.10/site-packages/usv_event_fusion/association.py
/home/cczh/temp-code/ground_truth_sim/install/usv_event_fusion/lib/python3.10/site-packages/usv_event_fusion/fusion_engine.py
/home/cczh/temp-code/ground_truth_sim/install/usv_event_fusion/lib/python3.10/site-packages/usv_event_fusion/event_fusion_node.py
/home/cczh/temp-code/ground_truth_sim/install/usv_event_fusion/lib/python3.10/site-packages/usv_event_fusion/jpda.py
/home/cczh/temp-code/ground_truth_sim/install/usv_event_fusion/lib/python3.10/site-packages/usv_event_fusion/association_metrics.py
/home/cczh/temp-code/ground_truth_sim/install/usv_event_fusion/lib/python3.10/site-packages/usv_event_fusion/fusion_diagnostics.py
/home/cczh/temp-code/ground_truth_sim/install/usv_event_fusion/lib/python3.10/site-packages/usv_event_fusion/track_uuid.py
/home/cczh/temp-code/ground_truth_sim/install/usv_event_fusion/lib/python3.10/site-packages/usv_event_fusion/track_overlap.py
/home/cczh/temp-code/ground_truth_sim/install/usv_event_fusion/lib/python3.10/site-packages/usv_event_fusion/__pycache__/__init__.cpython-310.pyc
/home/cczh/temp-code/ground_truth_sim/install/usv_event_fusion/lib/python3.10/site-packages/usv_event_fusion/__pycache__/association_contract.cpython-310.pyc
/home/cczh/temp-code/ground_truth_sim/install/usv_event_fusion/lib/python3.10/site-packages/usv_event_fusion/__pycache__/motion_model.cpython-310.pyc
/home/cczh/temp-code/ground_truth_sim/install/usv_event_fusion/lib/python3.10/site-packages/usv_event_fusion/__pycache__/filters.cpython-310.pyc
/home/cczh/temp-code/ground_truth_sim/install/usv_event_fusion/lib/python3.10/site-packages/usv_event_fusion/__pycache__/sensor_models.cpython-310.pyc
/home/cczh/temp-code/ground_truth_sim/install/usv_event_fusion/lib/python3.10/site-packages/usv_event_fusion/__pycache__/track_state.cpython-310.pyc
/home/cczh/temp-code/ground_truth_sim/install/usv_event_fusion/lib/python3.10/site-packages/usv_event_fusion/__pycache__/association.cpython-310.pyc
/home/cczh/temp-code/ground_truth_sim/install/usv_event_fusion/lib/python3.10/site-packages/usv_event_fusion/__pycache__/fusion_engine.cpython-310.pyc
/home/cczh/temp-code/ground_truth_sim/install/usv_event_fusion/lib/python3.10/site-packages/usv_event_fusion/__pycache__/event_fusion_node.cpython-310.pyc
/home/cczh/temp-code/ground_truth_sim/install/usv_event_fusion/lib/python3.10/site-packages/usv_event_fusion/__pycache__/jpda.cpython-310.pyc
/home/cczh/temp-code/ground_truth_sim/install/usv_event_fusion/lib/python3.10/site-packages/usv_event_fusion/__pycache__/association_metrics.cpython-310.pyc
/home/cczh/temp-code/ground_truth_sim/install/usv_event_fusion/lib/python3.10/site-packages/usv_event_fusion/__pycache__/fusion_diagnostics.cpython-310.pyc
/home/cczh/temp-code/ground_truth_sim/install/usv_event_fusion/lib/python3.10/site-packages/usv_event_fusion/__pycache__/track_uuid.cpython-310.pyc
/home/cczh/temp-code/ground_truth_sim/install/usv_event_fusion/lib/python3.10/site-packages/usv_event_fusion/__pycache__/track_overlap.cpython-310.pyc
/home/cczh/temp-code/ground_truth_sim/install/usv_event_fusion/share/ament_index/resource_index/packages/usv_event_fusion
/home/cczh/temp-code/ground_truth_sim/install/usv_event_fusion/share/usv_event_fusion/package.xml
/home/cczh/temp-code/ground_truth_sim/install/usv_event_fusion/share/usv_event_fusion/README.md
/home/cczh/temp-code/ground_truth_sim/install/usv_event_fusion/share/usv_event_fusion/docs/usv_event_fusion_algorithm_reference.md
/home/cczh/temp-code/ground_truth_sim/install/usv_event_fusion/share/usv_event_fusion/config/event_fusion_io.yaml
/home/cczh/temp-code/ground_truth_sim/install/usv_event_fusion/share/usv_event_fusion/config/event_fusion_algorithm.yaml
/home/cczh/temp-code/ground_truth_sim/install/usv_event_fusion/share/usv_event_fusion/config/event_fusion_params.yaml
/home/cczh/temp-code/ground_truth_sim/install/usv_event_fusion/share/usv_event_fusion/config/event_fusion_three_sensor_io.yaml
/home/cczh/temp-code/ground_truth_sim/install/usv_event_fusion/share/usv_event_fusion/launch/event_fusion.launch.py
/home/cczh/temp-code/ground_truth_sim/install/usv_event_fusion/lib/python3.10/site-packages/usv_event_fusion-0.1.0-py3.10.egg-info/PKG-INFO
/home/cczh/temp-code/ground_truth_sim/install/usv_event_fusion/lib/python3.10/site-packages/usv_event_fusion-0.1.0-py3.10.egg-info/zip-safe
/home/cczh/temp-code/ground_truth_sim/install/usv_event_fusion/lib/python3.10/site-packages/usv_event_fusion-0.1.0-py3.10.egg-info/dependency_links.txt
/home/cczh/temp-code/ground_truth_sim/install/usv_event_fusion/lib/python3.10/site-packages/usv_event_fusion-0.1.0-py3.10.egg-info/entry_points.txt
/home/cczh/temp-code/ground_truth_sim/install/usv_event_fusion/lib/python3.10/site-packages/usv_event_fusion-0.1.0-py3.10.egg-info/requires.txt
/home/cczh/temp-code/ground_truth_sim/install/usv_event_fusion/lib/python3.10/site-packages/usv_event_fusion-0.1.0-py3.10.egg-info/top_level.txt
/home/cczh/temp-code/ground_truth_sim/install/usv_event_fusion/lib/python3.10/site-packages/usv_event_fusion-0.1.0-py3.10.egg-info/SOURCES.txt
/home/cczh/temp-code/ground_truth_sim/install/usv_event_fusion/lib/usv_event_fusion/event_fusion_node
