[0.005s] Invoking command in '/home/cczh/temp-code/ground_truth_sim/build/usv_interfaces': CMAKE_PREFIX_PATH=/home/cczh/temp-code/ground_truth_sim/src/usv_fusion_new/install/usv_fusion_new:/opt/ros/humble /usr/bin/cmake /home/cczh/temp-code/ground_truth_sim/src/usv_interfaces -DAMENT_CMAKE_SYMLINK_INSTALL=1 -DCMAKE_INSTALL_PREFIX=/home/cczh/temp-code/ground_truth_sim/install/usv_interfaces
[0.063s] -- The C compiler identification is GNU 11.4.0
[0.116s] -- The CXX compiler identification is GNU 11.4.0
[0.123s] -- Detecting C compiler ABI info
[0.190s] -- Detecting C compiler ABI info - done
[0.203s] -- Check for working C compiler: /usr/lib/ccache/cc - skipped
[0.204s] -- Detecting C compile features
[0.205s] -- Detecting C compile features - done
[0.211s] -- Detecting CXX compiler ABI info
[0.288s] -- Detecting CXX compiler ABI info - done
[0.293s] -- Check for working CXX compiler: /usr/lib/ccache/c++ - skipped
[0.294s] -- Detecting CXX compile features
[0.294s] -- Detecting CXX compile features - done
[0.295s] -- Found ament_cmake: 1.3.13 (/opt/ros/humble/share/ament_cmake/cmake)
[0.582s] -- Found Python3: /usr/bin/python3 (found version "3.10.12") found components: Interpreter 
[0.614s] -- Override CMake install command with custom implementation using symlinks instead of copying resources
[0.625s] -- Found std_msgs: 4.9.1 (/opt/ros/humble/share/std_msgs/cmake)
[0.638s] -- Found rosidl_generator_c: 3.1.8 (/opt/ros/humble/share/rosidl_generator_c/cmake)
[0.640s] -- Found rosidl_adapter: 3.1.8 (/opt/ros/humble/share/rosidl_adapter/cmake)
[0.643s] -- Found rosidl_generator_cpp: 3.1.8 (/opt/ros/humble/share/rosidl_generator_cpp/cmake)
[0.648s] -- Using all available rosidl_typesupport_c: rosidl_typesupport_fastrtps_c;rosidl_typesupport_introspection_c
[0.655s] -- Using all available rosidl_typesupport_cpp: rosidl_typesupport_fastrtps_cpp;rosidl_typesupport_introspection_cpp
[0.666s] -- Found geometry_msgs: 4.9.1 (/opt/ros/humble/share/geometry_msgs/cmake)
[0.671s] -- Found nav_msgs: 4.9.1 (/opt/ros/humble/share/nav_msgs/cmake)
[0.679s] -- Found rosidl_default_generators: 1.2.0 (/opt/ros/humble/share/rosidl_default_generators/cmake)
[0.910s] -- Found ament_cmake_ros: 0.10.0 (/opt/ros/humble/share/ament_cmake_ros/cmake)
[1.193s] -- Using all available rosidl_typesupport_c: rosidl_typesupport_fastrtps_c;rosidl_typesupport_introspection_c
[1.327s] -- Using all available rosidl_typesupport_cpp: rosidl_typesupport_fastrtps_cpp;rosidl_typesupport_introspection_cpp
[1.344s] -- Found PythonInterp: /usr/bin/python3 (found suitable version "3.10.12", minimum required is "3.6") 
[1.344s] -- Found python_cmake_module: 0.10.0 (/opt/ros/humble/share/python_cmake_module/cmake)
[1.359s] -- Found PythonLibs: /usr/lib/x86_64-linux-gnu/libpython3.10.so (found suitable version "3.10.12", minimum required is "3.5") 
[1.360s] -- Using PYTHON_EXECUTABLE: /usr/bin/python3
[1.360s] -- Using PYTHON_INCLUDE_DIRS: /usr/include/python3.10
[1.360s] -- Using PYTHON_LIBRARIES: /usr/lib/x86_64-linux-gnu/libpython3.10.so
[1.372s] -- Found PythonExtra: .so  
[1.419s] -- Configuring done
[1.446s] -- Generating done
[1.453s] -- Build files have been written to: /home/cczh/temp-code/ground_truth_sim/build/usv_interfaces
[1.459s] Invoked command in '/home/cczh/temp-code/ground_truth_sim/build/usv_interfaces' returned '0': CMAKE_PREFIX_PATH=/home/cczh/temp-code/ground_truth_sim/src/usv_fusion_new/install/usv_fusion_new:/opt/ros/humble /usr/bin/cmake /home/cczh/temp-code/ground_truth_sim/src/usv_interfaces -DAMENT_CMAKE_SYMLINK_INSTALL=1 -DCMAKE_INSTALL_PREFIX=/home/cczh/temp-code/ground_truth_sim/install/usv_interfaces
[1.460s] Invoking command in '/home/cczh/temp-code/ground_truth_sim/build/usv_interfaces': CMAKE_PREFIX_PATH=/home/cczh/temp-code/ground_truth_sim/src/usv_fusion_new/install/usv_fusion_new:/opt/ros/humble /usr/bin/cmake --build /home/cczh/temp-code/ground_truth_sim/build/usv_interfaces -- -j32 -l32
[1.492s] [  1%] [34m[1mGenerating C code for ROS interfaces[0m
[1.505s] [  1%] [34m[1mGenerating C++ code for ROS interfaces[0m
[1.508s] [  1%] Built target ament_cmake_python_symlink_usv_interfaces
[1.627s] running egg_info
[1.628s] creating usv_interfaces.egg-info
[1.628s] writing manifest file 'usv_interfaces.egg-info/SOURCES.txt'
[1.629s] writing manifest file 'usv_interfaces.egg-info/SOURCES.txt'
[1.645s] [  1%] Built target ament_cmake_python_build_usv_interfaces_egg
[2.307s] [  1%] [32mBuilding C object CMakeFiles/usv_interfaces__rosidl_generator_c.dir/rosidl_generator_c/usv_interfaces/msg/detail/control_deviation__functions.c.o[0m
[2.308s] [  2%] [32mBuilding C object CMakeFiles/usv_interfaces__rosidl_generator_c.dir/rosidl_generator_c/usv_interfaces/msg/detail/mmwave_target_array__functions.c.o[0m
[2.308s] [  3%] [32mBuilding C object CMakeFiles/usv_interfaces__rosidl_generator_c.dir/rosidl_generator_c/usv_interfaces/msg/detail/mmwave_target__functions.c.o[0m
[2.308s] [  4%] [32mBuilding C object CMakeFiles/usv_interfaces__rosidl_generator_c.dir/rosidl_generator_c/usv_interfaces/msg/detail/operation_mode__functions.c.o[0m
[2.308s] [  5%] [32mBuilding C object CMakeFiles/usv_interfaces__rosidl_generator_c.dir/rosidl_generator_c/usv_interfaces/msg/detail/nav_radar_target__functions.c.o[0m
[2.308s] [  5%] [32mBuilding C object CMakeFiles/usv_interfaces__rosidl_generator_c.dir/rosidl_generator_c/usv_interfaces/msg/detail/vision_detection__functions.c.o[0m
[2.309s] [  5%] [32mBuilding C object CMakeFiles/usv_interfaces__rosidl_generator_c.dir/rosidl_generator_c/usv_interfaces/msg/detail/vision_detection_array__functions.c.o[0m
[2.310s] [  6%] [32mBuilding C object CMakeFiles/usv_interfaces__rosidl_generator_c.dir/rosidl_generator_c/usv_interfaces/msg/detail/nav_radar_target_array__functions.c.o[0m
[2.311s] [  7%] [32mBuilding C object CMakeFiles/usv_interfaces__rosidl_generator_c.dir/rosidl_generator_c/usv_interfaces/msg/detail/ais_track__functions.c.o[0m
[2.312s] [  7%] [32mBuilding C object CMakeFiles/usv_interfaces__rosidl_generator_c.dir/rosidl_generator_c/usv_interfaces/srv/detail/control_device__functions.c.o[0m
[2.312s] [  9%] [32mBuilding C object CMakeFiles/usv_interfaces__rosidl_generator_c.dir/rosidl_generator_c/usv_interfaces/action/detail/execute_mission__functions.c.o[0m
[2.313s] [ 10%] [32mBuilding C object CMakeFiles/usv_interfaces__rosidl_generator_c.dir/rosidl_generator_c/usv_interfaces/msg/detail/ais_track_array__functions.c.o[0m
[2.313s] [ 10%] [32mBuilding C object CMakeFiles/usv_interfaces__rosidl_generator_c.dir/rosidl_generator_c/usv_interfaces/msg/detail/global_track__functions.c.o[0m
[2.313s] [ 10%] [32mBuilding C object CMakeFiles/usv_interfaces__rosidl_generator_c.dir/rosidl_generator_c/usv_interfaces/msg/detail/global_track_array__functions.c.o[0m
[2.313s] [ 11%] [32mBuilding C object CMakeFiles/usv_interfaces__rosidl_generator_c.dir/rosidl_generator_c/usv_interfaces/msg/detail/vessel_state__functions.c.o[0m
[2.335s] [ 11%] Built target usv_interfaces__cpp
[2.335s] [ 12%] [32m[1mLinking C shared library libusv_interfaces__rosidl_generator_c.so[0m
[2.341s] [ 12%] [34m[1mGenerating C++ introspection for ROS interfaces[0m
[2.341s] [ 13%] [34m[1mGenerating C++ type support for eProsima Fast-RTPS[0m
[2.342s] [ 14%] [34m[1mGenerating C++ type support dispatch for ROS interfaces[0m
[2.363s] [ 14%] Built target usv_interfaces__rosidl_generator_c
[2.371s] [ 17%] [34m[1mGenerating C introspection for ROS interfaces[0m
[2.371s] [ 17%] [34m[1mGenerating C type support dispatch for ROS interfaces[0m
[2.372s] [ 17%] [34m[1mGenerating C type support for eProsima Fast-RTPS[0m
[2.938s] [ 18%] [32mBuilding CXX object CMakeFiles/usv_interfaces__rosidl_typesupport_cpp.dir/rosidl_typesupport_cpp/usv_interfaces/msg/control_deviation__type_support.cpp.o[0m
[2.938s] [ 19%] [32mBuilding CXX object CMakeFiles/usv_interfaces__rosidl_typesupport_cpp.dir/rosidl_typesupport_cpp/usv_interfaces/msg/ais_track_array__type_support.cpp.o[0m
[2.939s] [ 20%] [32mBuilding CXX object CMakeFiles/usv_interfaces__rosidl_typesupport_cpp.dir/rosidl_typesupport_cpp/usv_interfaces/srv/control_device__type_support.cpp.o[0m
[2.939s] [ 21%] [32mBuilding CXX object CMakeFiles/usv_interfaces__rosidl_typesupport_cpp.dir/rosidl_typesupport_cpp/usv_interfaces/msg/vision_detection__type_support.cpp.o[0m
[2.939s] [ 22%] [32mBuilding CXX object CMakeFiles/usv_interfaces__rosidl_typesupport_cpp.dir/rosidl_typesupport_cpp/usv_interfaces/msg/vision_detection_array__type_support.cpp.o[0m
[2.939s] [ 22%] [32mBuilding CXX object CMakeFiles/usv_interfaces__rosidl_typesupport_cpp.dir/rosidl_typesupport_cpp/usv_interfaces/msg/operation_mode__type_support.cpp.o[0m
[2.939s] [ 23%] [32mBuilding CXX object CMakeFiles/usv_interfaces__rosidl_typesupport_cpp.dir/rosidl_typesupport_cpp/usv_interfaces/msg/mmwave_target_array__type_support.cpp.o[0m
[2.939s] [ 23%] [32mBuilding CXX object CMakeFiles/usv_interfaces__rosidl_typesupport_cpp.dir/rosidl_typesupport_cpp/usv_interfaces/msg/mmwave_target__type_support.cpp.o[0m
[2.940s] [ 24%] [32mBuilding CXX object CMakeFiles/usv_interfaces__rosidl_typesupport_cpp.dir/rosidl_typesupport_cpp/usv_interfaces/msg/nav_radar_target__type_support.cpp.o[0m
[2.940s] [ 25%] [32mBuilding CXX object CMakeFiles/usv_interfaces__rosidl_typesupport_cpp.dir/rosidl_typesupport_cpp/usv_interfaces/msg/nav_radar_target_array__type_support.cpp.o[0m
[2.940s] [ 25%] [32mBuilding CXX object CMakeFiles/usv_interfaces__rosidl_typesupport_cpp.dir/rosidl_typesupport_cpp/usv_interfaces/msg/ais_track__type_support.cpp.o[0m
[2.940s] [ 26%] [32mBuilding CXX object CMakeFiles/usv_interfaces__rosidl_typesupport_cpp.dir/rosidl_typesupport_cpp/usv_interfaces/msg/global_track__type_support.cpp.o[0m
[2.940s] [ 26%] [32mBuilding CXX object CMakeFiles/usv_interfaces__rosidl_typesupport_cpp.dir/rosidl_typesupport_cpp/usv_interfaces/msg/global_track_array__type_support.cpp.o[0m
[2.941s] [ 27%] [32mBuilding CXX object CMakeFiles/usv_interfaces__rosidl_typesupport_cpp.dir/rosidl_typesupport_cpp/usv_interfaces/msg/vessel_state__type_support.cpp.o[0m
[2.941s] [ 27%] [32mBuilding CXX object CMakeFiles/usv_interfaces__rosidl_typesupport_cpp.dir/rosidl_typesupport_cpp/usv_interfaces/action/execute_mission__type_support.cpp.o[0m
[2.951s] [ 28%] [32m[1mLinking CXX shared library libusv_interfaces__rosidl_typesupport_cpp.so[0m
[2.964s] [ 30%] [32mBuilding CXX object CMakeFiles/usv_interfaces__rosidl_typesupport_c.dir/rosidl_typesupport_c/usv_interfaces/msg/nav_radar_target__type_support.cpp.o[0m
[2.965s] [ 30%] [32mBuilding CXX object CMakeFiles/usv_interfaces__rosidl_typesupport_c.dir/rosidl_typesupport_c/usv_interfaces/msg/global_track__type_support.cpp.o[0m
[2.965s] [ 30%] [32mBuilding CXX object CMakeFiles/usv_interfaces__rosidl_typesupport_c.dir/rosidl_typesupport_c/usv_interfaces/msg/vessel_state__type_support.cpp.o[0m
[2.965s] [ 31%] [32mBuilding CXX object CMakeFiles/usv_interfaces__rosidl_typesupport_c.dir/rosidl_typesupport_c/usv_interfaces/msg/control_deviation__type_support.cpp.o[0m
[2.965s] [ 31%] [32mBuilding CXX object CMakeFiles/usv_interfaces__rosidl_typesupport_c.dir/rosidl_typesupport_c/usv_interfaces/msg/operation_mode__type_support.cpp.o[0m
[2.965s] [ 32%] [32mBuilding CXX object CMakeFiles/usv_interfaces__rosidl_typesupport_c.dir/rosidl_typesupport_c/usv_interfaces/msg/vision_detection__type_support.cpp.o[0m
[2.965s] [ 33%] [32mBuilding CXX object CMakeFiles/usv_interfaces__rosidl_typesupport_c.dir/rosidl_typesupport_c/usv_interfaces/msg/mmwave_target__type_support.cpp.o[0m
[2.965s] [ 35%] [32mBuilding CXX object CMakeFiles/usv_interfaces__rosidl_typesupport_c.dir/rosidl_typesupport_c/usv_interfaces/msg/mmwave_target_array__type_support.cpp.o[0m
[2.965s] [ 33%] [32mBuilding CXX object CMakeFiles/usv_interfaces__rosidl_typesupport_c.dir/rosidl_typesupport_c/usv_interfaces/msg/nav_radar_target_array__type_support.cpp.o[0m
[2.965s] [ 35%] [32mBuilding CXX object CMakeFiles/usv_interfaces__rosidl_typesupport_c.dir/rosidl_typesupport_c/usv_interfaces/msg/vision_detection_array__type_support.cpp.o[0m
[2.966s] [ 35%] [32mBuilding CXX object CMakeFiles/usv_interfaces__rosidl_typesupport_c.dir/rosidl_typesupport_c/usv_interfaces/msg/ais_track__type_support.cpp.o[0m
[2.966s] [ 36%] [32mBuilding CXX object CMakeFiles/usv_interfaces__rosidl_typesupport_c.dir/rosidl_typesupport_c/usv_interfaces/msg/ais_track_array__type_support.cpp.o[0m
[2.966s] [ 36%] [32mBuilding CXX object CMakeFiles/usv_interfaces__rosidl_typesupport_c.dir/rosidl_typesupport_c/usv_interfaces/srv/control_device__type_support.cpp.o[0m
[2.966s] [ 37%] [32mBuilding CXX object CMakeFiles/usv_interfaces__rosidl_typesupport_c.dir/rosidl_typesupport_c/usv_interfaces/msg/global_track_array__type_support.cpp.o[0m
[2.967s] [ 38%] [32mBuilding CXX object CMakeFiles/usv_interfaces__rosidl_typesupport_c.dir/rosidl_typesupport_c/usv_interfaces/action/execute_mission__type_support.cpp.o[0m
[2.975s] [ 39%] [32m[1mLinking CXX shared library libusv_interfaces__rosidl_typesupport_c.so[0m
[2.981s] [ 39%] Built target usv_interfaces__rosidl_typesupport_cpp
[3.006s] [ 40%] [32mBuilding CXX object CMakeFiles/usv_interfaces__rosidl_typesupport_introspection_cpp.dir/rosidl_typesupport_introspection_cpp/usv_interfaces/msg/detail/mmwave_target_array__type_support.cpp.o[0m
[3.006s] [ 40%] Built target usv_interfaces__rosidl_typesupport_c
[3.006s] [ 41%] [32mBuilding CXX object CMakeFiles/usv_interfaces__rosidl_typesupport_introspection_cpp.dir/rosidl_typesupport_introspection_cpp/usv_interfaces/msg/detail/vision_detection_array__type_support.cpp.o[0m
[3.006s] [ 41%] [32mBuilding CXX object CMakeFiles/usv_interfaces__rosidl_typesupport_introspection_cpp.dir/rosidl_typesupport_introspection_cpp/usv_interfaces/msg/detail/nav_radar_target__type_support.cpp.o[0m
[3.006s] [ 42%] [32mBuilding CXX object CMakeFiles/usv_interfaces__rosidl_typesupport_introspection_cpp.dir/rosidl_typesupport_introspection_cpp/usv_interfaces/msg/detail/mmwave_target__type_support.cpp.o[0m
[3.007s] [ 42%] [32mBuilding CXX object CMakeFiles/usv_interfaces__rosidl_typesupport_introspection_cpp.dir/rosidl_typesupport_introspection_cpp/usv_interfaces/msg/detail/vessel_state__type_support.cpp.o[0m
[3.007s] [ 42%] [32mBuilding CXX object CMakeFiles/usv_interfaces__rosidl_typesupport_introspection_cpp.dir/rosidl_typesupport_introspection_cpp/usv_interfaces/msg/detail/vision_detection__type_support.cpp.o[0m
[3.007s] [ 44%] [32mBuilding CXX object CMakeFiles/usv_interfaces__rosidl_typesupport_introspection_cpp.dir/rosidl_typesupport_introspection_cpp/usv_interfaces/action/detail/execute_mission__type_support.cpp.o[0m
[3.007s] [ 44%] [32mBuilding CXX object CMakeFiles/usv_interfaces__rosidl_typesupport_introspection_cpp.dir/rosidl_typesupport_introspection_cpp/usv_interfaces/msg/detail/control_deviation__type_support.cpp.o[0m
[3.007s] [ 46%] [32mBuilding CXX object CMakeFiles/usv_interfaces__rosidl_typesupport_introspection_cpp.dir/rosidl_typesupport_introspection_cpp/usv_interfaces/srv/detail/control_device__type_support.cpp.o[0m
[3.007s] [ 46%] [32mBuilding CXX object CMakeFiles/usv_interfaces__rosidl_typesupport_introspection_cpp.dir/rosidl_typesupport_introspection_cpp/usv_interfaces/msg/detail/operation_mode__type_support.cpp.o[0m
[3.008s] [ 47%] [32mBuilding CXX object CMakeFiles/usv_interfaces__rosidl_typesupport_introspection_cpp.dir/rosidl_typesupport_introspection_cpp/usv_interfaces/msg/detail/nav_radar_target_array__type_support.cpp.o[0m
[3.008s] [ 48%] [32mBuilding CXX object CMakeFiles/usv_interfaces__rosidl_typesupport_introspection_cpp.dir/rosidl_typesupport_introspection_cpp/usv_interfaces/msg/detail/ais_track__type_support.cpp.o[0m
[3.008s] [ 48%] [32mBuilding CXX object CMakeFiles/usv_interfaces__rosidl_typesupport_introspection_cpp.dir/rosidl_typesupport_introspection_cpp/usv_interfaces/msg/detail/ais_track_array__type_support.cpp.o[0m
[3.008s] [ 49%] [32mBuilding CXX object CMakeFiles/usv_interfaces__rosidl_typesupport_introspection_cpp.dir/rosidl_typesupport_introspection_cpp/usv_interfaces/msg/detail/global_track__type_support.cpp.o[0m
[3.009s] [ 50%] [32mBuilding CXX object CMakeFiles/usv_interfaces__rosidl_typesupport_introspection_cpp.dir/rosidl_typesupport_introspection_cpp/usv_interfaces/msg/detail/global_track_array__type_support.cpp.o[0m
[3.018s] [ 51%] [32m[1mLinking CXX shared library libusv_interfaces__rosidl_typesupport_introspection_cpp.so[0m
[3.073s] [ 52%] [32mBuilding C object CMakeFiles/usv_interfaces__rosidl_typesupport_introspection_c.dir/rosidl_typesupport_introspection_c/usv_interfaces/msg/detail/vision_detection_array__type_support.c.o[0m
[3.073s] [ 52%] [32mBuilding C object CMakeFiles/usv_interfaces__rosidl_typesupport_introspection_c.dir/rosidl_typesupport_introspection_c/usv_interfaces/msg/detail/mmwave_target_array__type_support.c.o[0m
[3.073s] [ 53%] [32mBuilding C object CMakeFiles/usv_interfaces__rosidl_typesupport_introspection_c.dir/rosidl_typesupport_introspection_c/usv_interfaces/msg/detail/mmwave_target__type_support.c.o[0m
[3.073s] [ 54%] [32mBuilding C object CMakeFiles/usv_interfaces__rosidl_typesupport_introspection_c.dir/rosidl_typesupport_introspection_c/usv_interfaces/msg/detail/control_deviation__type_support.c.o[0m
[3.073s] [ 55%] [32mBuilding C object CMakeFiles/usv_interfaces__rosidl_typesupport_introspection_c.dir/rosidl_typesupport_introspection_c/usv_interfaces/msg/detail/operation_mode__type_support.c.o[0m
[3.073s] [ 55%] [32mBuilding C object CMakeFiles/usv_interfaces__rosidl_typesupport_introspection_c.dir/rosidl_typesupport_introspection_c/usv_interfaces/msg/detail/nav_radar_target__type_support.c.o[0m
[3.073s] [ 56%] [32mBuilding C object CMakeFiles/usv_interfaces__rosidl_typesupport_introspection_c.dir/rosidl_typesupport_introspection_c/usv_interfaces/msg/detail/global_track__type_support.c.o[0m
[3.074s] [ 57%] [32mBuilding C object CMakeFiles/usv_interfaces__rosidl_typesupport_introspection_c.dir/rosidl_typesupport_introspection_c/usv_interfaces/msg/detail/nav_radar_target_array__type_support.c.o[0m
[3.074s] [ 57%] [32mBuilding C object CMakeFiles/usv_interfaces__rosidl_typesupport_introspection_c.dir/rosidl_typesupport_introspection_c/usv_interfaces/msg/detail/global_track_array__type_support.c.o[0m
[3.074s] [ 57%] [32mBuilding C object CMakeFiles/usv_interfaces__rosidl_typesupport_introspection_c.dir/rosidl_typesupport_introspection_c/usv_interfaces/msg/detail/ais_track__type_support.c.o[0m
[3.074s] [ 58%] [32mBuilding C object CMakeFiles/usv_interfaces__rosidl_typesupport_introspection_c.dir/rosidl_typesupport_introspection_c/usv_interfaces/msg/detail/vision_detection__type_support.c.o[0m
[3.074s] [ 59%] [32mBuilding C object CMakeFiles/usv_interfaces__rosidl_typesupport_introspection_c.dir/rosidl_typesupport_introspection_c/usv_interfaces/msg/detail/ais_track_array__type_support.c.o[0m
[3.075s] [ 59%] Built target usv_interfaces__rosidl_typesupport_introspection_cpp
[3.078s] [ 61%] [32mBuilding C object CMakeFiles/usv_interfaces__rosidl_typesupport_introspection_c.dir/rosidl_typesupport_introspection_c/usv_interfaces/msg/detail/vessel_state__type_support.c.o[0m
[3.078s] [ 61%] [32mBuilding C object CMakeFiles/usv_interfaces__rosidl_typesupport_introspection_c.dir/rosidl_typesupport_introspection_c/usv_interfaces/srv/detail/control_device__type_support.c.o[0m
[3.079s] [ 62%] [32mBuilding C object CMakeFiles/usv_interfaces__rosidl_typesupport_introspection_c.dir/rosidl_typesupport_introspection_c/usv_interfaces/action/detail/execute_mission__type_support.c.o[0m
[3.092s] [ 63%] [32mBuilding CXX object CMakeFiles/usv_interfaces__rosidl_typesupport_fastrtps_cpp.dir/rosidl_typesupport_fastrtps_cpp/usv_interfaces/msg/detail/dds_fastrtps/vision_detection__type_support.cpp.o[0m
[3.092s] [ 63%] [32mBuilding CXX object CMakeFiles/usv_interfaces__rosidl_typesupport_fastrtps_cpp.dir/rosidl_typesupport_fastrtps_cpp/usv_interfaces/msg/detail/dds_fastrtps/nav_radar_target_array__type_support.cpp.o[0m
[3.092s] [ 65%] [32mBuilding CXX object CMakeFiles/usv_interfaces__rosidl_typesupport_fastrtps_cpp.dir/rosidl_typesupport_fastrtps_cpp/usv_interfaces/msg/detail/dds_fastrtps/nav_radar_target__type_support.cpp.o[0m
[3.092s] [ 65%] [32mBuilding CXX object CMakeFiles/usv_interfaces__rosidl_typesupport_fastrtps_cpp.dir/rosidl_typesupport_fastrtps_cpp/usv_interfaces/msg/detail/dds_fastrtps/vision_detection_array__type_support.cpp.o[0m
[3.092s] [ 65%] [32mBuilding CXX object CMakeFiles/usv_interfaces__rosidl_typesupport_fastrtps_cpp.dir/rosidl_typesupport_fastrtps_cpp/usv_interfaces/msg/detail/dds_fastrtps/vessel_state__type_support.cpp.o[0m
[3.093s] [ 66%] [32mBuilding CXX object CMakeFiles/usv_interfaces__rosidl_typesupport_fastrtps_cpp.dir/rosidl_typesupport_fastrtps_cpp/usv_interfaces/msg/detail/dds_fastrtps/control_deviation__type_support.cpp.o[0m
[3.093s] [ 66%] [32mBuilding CXX object CMakeFiles/usv_interfaces__rosidl_typesupport_fastrtps_cpp.dir/rosidl_typesupport_fastrtps_cpp/usv_interfaces/msg/detail/dds_fastrtps/ais_track__type_support.cpp.o[0m
[3.093s] [ 67%] [32mBuilding CXX object CMakeFiles/usv_interfaces__rosidl_typesupport_fastrtps_cpp.dir/rosidl_typesupport_fastrtps_cpp/usv_interfaces/msg/detail/dds_fastrtps/operation_mode__type_support.cpp.o[0m
[3.093s] [ 68%] [32mBuilding CXX object CMakeFiles/usv_interfaces__rosidl_typesupport_fastrtps_cpp.dir/rosidl_typesupport_fastrtps_cpp/usv_interfaces/msg/detail/dds_fastrtps/global_track__type_support.cpp.o[0m
[3.093s] [ 69%] [32mBuilding CXX object CMakeFiles/usv_interfaces__rosidl_typesupport_fastrtps_cpp.dir/rosidl_typesupport_fastrtps_cpp/usv_interfaces/msg/detail/dds_fastrtps/global_track_array__type_support.cpp.o[0m
[3.093s] [ 70%] [32mBuilding CXX object CMakeFiles/usv_interfaces__rosidl_typesupport_fastrtps_cpp.dir/rosidl_typesupport_fastrtps_cpp/usv_interfaces/action/detail/dds_fastrtps/execute_mission__type_support.cpp.o[0m
[3.093s] [ 71%] [32mBuilding CXX object CMakeFiles/usv_interfaces__rosidl_typesupport_fastrtps_cpp.dir/rosidl_typesupport_fastrtps_cpp/usv_interfaces/msg/detail/dds_fastrtps/mmwave_target__type_support.cpp.o[0m
[3.094s] [ 71%] [32mBuilding CXX object CMakeFiles/usv_interfaces__rosidl_typesupport_fastrtps_cpp.dir/rosidl_typesupport_fastrtps_cpp/usv_interfaces/msg/detail/dds_fastrtps/mmwave_target_array__type_support.cpp.o[0m
[3.094s] [ 72%] [32mBuilding CXX object CMakeFiles/usv_interfaces__rosidl_typesupport_fastrtps_cpp.dir/rosidl_typesupport_fastrtps_cpp/usv_interfaces/msg/detail/dds_fastrtps/ais_track_array__type_support.cpp.o[0m
[3.094s] [ 73%] [32mBuilding CXX object CMakeFiles/usv_interfaces__rosidl_typesupport_fastrtps_cpp.dir/rosidl_typesupport_fastrtps_cpp/usv_interfaces/srv/detail/dds_fastrtps/control_device__type_support.cpp.o[0m
[3.100s] [ 73%] [32m[1mLinking C shared library libusv_interfaces__rosidl_typesupport_introspection_c.so[0m
[3.129s] [ 73%] Built target usv_interfaces__rosidl_typesupport_introspection_c
[3.129s] [ 73%] [32mBuilding CXX object CMakeFiles/usv_interfaces__rosidl_typesupport_fastrtps_c.dir/rosidl_typesupport_fastrtps_c/usv_interfaces/msg/detail/operation_mode__type_support_c.cpp.o[0m
[3.129s] [ 75%] [32mBuilding CXX object CMakeFiles/usv_interfaces__rosidl_typesupport_fastrtps_c.dir/rosidl_typesupport_fastrtps_c/usv_interfaces/msg/detail/nav_radar_target__type_support_c.cpp.o[0m
[3.129s] [ 75%] [32mBuilding CXX object CMakeFiles/usv_interfaces__rosidl_typesupport_fastrtps_c.dir/rosidl_typesupport_fastrtps_c/usv_interfaces/msg/detail/mmwave_target_array__type_support_c.cpp.o[0m
[3.129s] [ 76%] [32mBuilding CXX object CMakeFiles/usv_interfaces__rosidl_typesupport_fastrtps_c.dir/rosidl_typesupport_fastrtps_c/usv_interfaces/msg/detail/nav_radar_target_array__type_support_c.cpp.o[0m
[3.129s] [ 76%] [32mBuilding CXX object CMakeFiles/usv_interfaces__rosidl_typesupport_fastrtps_c.dir/rosidl_typesupport_fastrtps_c/usv_interfaces/msg/detail/vision_detection__type_support_c.cpp.o[0m
[3.129s] [ 77%] [32mBuilding CXX object CMakeFiles/usv_interfaces__rosidl_typesupport_fastrtps_c.dir/rosidl_typesupport_fastrtps_c/usv_interfaces/msg/detail/ais_track__type_support_c.cpp.o[0m
[3.130s] [ 78%] [32mBuilding CXX object CMakeFiles/usv_interfaces__rosidl_typesupport_fastrtps_c.dir/rosidl_typesupport_fastrtps_c/usv_interfaces/msg/detail/mmwave_target__type_support_c.cpp.o[0m
[3.130s] [ 78%] [32mBuilding CXX object CMakeFiles/usv_interfaces__rosidl_typesupport_fastrtps_c.dir/rosidl_typesupport_fastrtps_c/usv_interfaces/msg/detail/vision_detection_array__type_support_c.cpp.o[0m
[3.130s] [ 79%] [32mBuilding CXX object CMakeFiles/usv_interfaces__rosidl_typesupport_fastrtps_c.dir/rosidl_typesupport_fastrtps_c/usv_interfaces/msg/detail/vessel_state__type_support_c.cpp.o[0m
[3.130s] [ 80%] [32mBuilding CXX object CMakeFiles/usv_interfaces__rosidl_typesupport_fastrtps_c.dir/rosidl_typesupport_fastrtps_c/usv_interfaces/msg/detail/ais_track_array__type_support_c.cpp.o[0m
[3.131s] [ 80%] [32mBuilding CXX object CMakeFiles/usv_interfaces__rosidl_typesupport_fastrtps_c.dir/rosidl_typesupport_fastrtps_c/usv_interfaces/msg/detail/global_track_array__type_support_c.cpp.o[0m
[3.131s] [ 81%] [32mBuilding CXX object CMakeFiles/usv_interfaces__rosidl_typesupport_fastrtps_c.dir/rosidl_typesupport_fastrtps_c/usv_interfaces/msg/detail/global_track__type_support_c.cpp.o[0m
[3.132s] [ 81%] [32mBuilding CXX object CMakeFiles/usv_interfaces__rosidl_typesupport_fastrtps_c.dir/rosidl_typesupport_fastrtps_c/usv_interfaces/action/detail/execute_mission__type_support_c.cpp.o[0m
[3.132s] [ 82%] [32mBuilding CXX object CMakeFiles/usv_interfaces__rosidl_typesupport_fastrtps_c.dir/rosidl_typesupport_fastrtps_c/usv_interfaces/msg/detail/control_deviation__type_support_c.cpp.o[0m
[3.135s] [ 83%] [32mBuilding CXX object CMakeFiles/usv_interfaces__rosidl_typesupport_fastrtps_c.dir/rosidl_typesupport_fastrtps_c/usv_interfaces/srv/detail/control_device__type_support_c.cpp.o[0m
[3.166s] [ 83%] [32m[1mLinking CXX shared library libusv_interfaces__rosidl_typesupport_fastrtps_cpp.so[0m
[3.200s] [ 84%] [32m[1mLinking CXX shared library libusv_interfaces__rosidl_typesupport_fastrtps_c.so[0m
[3.211s] [ 84%] Built target usv_interfaces__rosidl_typesupport_fastrtps_cpp
[3.245s] [ 84%] Built target usv_interfaces__rosidl_typesupport_fastrtps_c
[3.258s] [ 84%] Built target usv_interfaces
[3.289s] [ 85%] [34m[1mGenerating Python code for ROS interfaces[0m
[4.798s] [ 85%] Built target usv_interfaces__py
[4.813s] [ 87%] [32mBuilding C object CMakeFiles/usv_interfaces__rosidl_generator_py.dir/rosidl_generator_py/usv_interfaces/msg/_ais_track_s.c.o[0m
[4.813s] [ 87%] [32mBuilding C object CMakeFiles/usv_interfaces__rosidl_generator_py.dir/rosidl_generator_py/usv_interfaces/msg/_ais_track_array_s.c.o[0m
[4.813s] [ 87%] [32mBuilding C object CMakeFiles/usv_interfaces__rosidl_generator_py.dir/rosidl_generator_py/usv_interfaces/msg/_global_track_s.c.o[0m
[4.813s] [ 88%] [32mBuilding C object CMakeFiles/usv_interfaces__rosidl_generator_py.dir/rosidl_generator_py/usv_interfaces/msg/_global_track_array_s.c.o[0m
[4.813s] [ 90%] [32mBuilding C object CMakeFiles/usv_interfaces__rosidl_generator_py.dir/rosidl_generator_py/usv_interfaces/msg/_vessel_state_s.c.o[0m
[4.813s] [ 90%] [32mBuilding C object CMakeFiles/usv_interfaces__rosidl_generator_py.dir/rosidl_generator_py/usv_interfaces/srv/_control_device_s.c.o[0m
[4.814s] [ 90%] [32mBuilding C object CMakeFiles/usv_interfaces__rosidl_generator_py.dir/rosidl_generator_py/usv_interfaces/action/_execute_mission_s.c.o[0m
[4.815s] [ 91%] [32mBuilding C object CMakeFiles/usv_interfaces__rosidl_generator_py.dir/rosidl_generator_py/usv_interfaces/msg/_operation_mode_s.c.o[0m
[4.815s] [ 91%] [32mBuilding C object CMakeFiles/usv_interfaces__rosidl_generator_py.dir/rosidl_generator_py/usv_interfaces/msg/_control_deviation_s.c.o[0m
[4.815s] [ 92%] [32mBuilding C object CMakeFiles/usv_interfaces__rosidl_generator_py.dir/rosidl_generator_py/usv_interfaces/msg/_mmwave_target_array_s.c.o[0m
[4.816s] [ 93%] [32mBuilding C object CMakeFiles/usv_interfaces__rosidl_generator_py.dir/rosidl_generator_py/usv_interfaces/msg/_vision_detection_s.c.o[0m
[4.816s] [ 94%] [32mBuilding C object CMakeFiles/usv_interfaces__rosidl_generator_py.dir/rosidl_generator_py/usv_interfaces/msg/_vision_detection_array_s.c.o[0m
[4.816s] [ 94%] [32mBuilding C object CMakeFiles/usv_interfaces__rosidl_generator_py.dir/rosidl_generator_py/usv_interfaces/msg/_mmwave_target_s.c.o[0m
[4.817s] [ 95%] [32mBuilding C object CMakeFiles/usv_interfaces__rosidl_generator_py.dir/rosidl_generator_py/usv_interfaces/msg/_nav_radar_target_s.c.o[0m
[4.817s] [ 95%] [32mBuilding C object CMakeFiles/usv_interfaces__rosidl_generator_py.dir/rosidl_generator_py/usv_interfaces/msg/_nav_radar_target_array_s.c.o[0m
[4.829s] [ 96%] [32m[1mLinking C shared library rosidl_generator_py/usv_interfaces/libusv_interfaces__rosidl_generator_py.so[0m
[4.874s] [ 96%] Built target usv_interfaces__rosidl_generator_py
[4.899s] [ 97%] [32mBuilding C object CMakeFiles/usv_interfaces__rosidl_typesupport_fastrtps_c__pyext.dir/rosidl_generator_py/usv_interfaces/_usv_interfaces_s.ep.rosidl_typesupport_fastrtps_c.c.o[0m
[4.902s] [ 98%] [32mBuilding C object CMakeFiles/usv_interfaces__rosidl_typesupport_c__pyext.dir/rosidl_generator_py/usv_interfaces/_usv_interfaces_s.ep.rosidl_typesupport_c.c.o[0m
[4.903s] [ 99%] [32mBuilding C object CMakeFiles/usv_interfaces__rosidl_typesupport_introspection_c__pyext.dir/rosidl_generator_py/usv_interfaces/_usv_interfaces_s.ep.rosidl_typesupport_introspection_c.c.o[0m
[4.910s] [ 99%] [32m[1mLinking C shared library rosidl_generator_py/usv_interfaces/usv_interfaces_s__rosidl_typesupport_fastrtps_c.cpython-310-x86_64-linux-gnu.so[0m
[4.914s] [ 99%] [32m[1mLinking C shared library rosidl_generator_py/usv_interfaces/usv_interfaces_s__rosidl_typesupport_c.cpython-310-x86_64-linux-gnu.so[0m
[4.915s] [100%] [32m[1mLinking C shared library rosidl_generator_py/usv_interfaces/usv_interfaces_s__rosidl_typesupport_introspection_c.cpython-310-x86_64-linux-gnu.so[0m
[4.949s] [100%] Built target usv_interfaces__rosidl_typesupport_c__pyext
[4.949s] [100%] Built target usv_interfaces__rosidl_typesupport_introspection_c__pyext
[4.949s] [100%] Built target usv_interfaces__rosidl_typesupport_fastrtps_c__pyext
[4.956s] Invoked command in '/home/cczh/temp-code/ground_truth_sim/build/usv_interfaces' returned '0': CMAKE_PREFIX_PATH=/home/cczh/temp-code/ground_truth_sim/src/usv_fusion_new/install/usv_fusion_new:/opt/ros/humble /usr/bin/cmake --build /home/cczh/temp-code/ground_truth_sim/build/usv_interfaces -- -j32 -l32
[4.966s] Invoking command in '/home/cczh/temp-code/ground_truth_sim/build/usv_interfaces': CMAKE_PREFIX_PATH=/home/cczh/temp-code/ground_truth_sim/src/usv_fusion_new/install/usv_fusion_new:/opt/ros/humble /usr/bin/cmake --install /home/cczh/temp-code/ground_truth_sim/build/usv_interfaces
[4.976s] -- Install configuration: ""
[4.980s] -- Execute custom install script
[4.980s] -- Symlinking: /home/cczh/temp-code/ground_truth_sim/install/usv_interfaces/share/ament_index/resource_index/rosidl_interfaces/usv_interfaces
[4.994s] -- Symlinking: /home/cczh/temp-code/ground_truth_sim/install/usv_interfaces/include/usv_interfaces/usv_interfaces/action/detail/execute_mission__functions.h
[5.006s] -- Symlinking: /home/cczh/temp-code/ground_truth_sim/install/usv_interfaces/include/usv_interfaces/usv_interfaces/action/detail/execute_mission__struct.h
[5.022s] -- Symlinking: /home/cczh/temp-code/ground_truth_sim/install/usv_interfaces/include/usv_interfaces/usv_interfaces/action/detail/execute_mission__type_support.h
[5.036s] -- Symlinking: /home/cczh/temp-code/ground_truth_sim/install/usv_interfaces/include/usv_interfaces/usv_interfaces/action/execute_mission.h
[5.048s] -- Symlinking: /home/cczh/temp-code/ground_truth_sim/install/usv_interfaces/include/usv_interfaces/usv_interfaces/msg/ais_track.h
[5.060s] -- Symlinking: /home/cczh/temp-code/ground_truth_sim/install/usv_interfaces/include/usv_interfaces/usv_interfaces/msg/ais_track_array.h
[5.072s] -- Symlinking: /home/cczh/temp-code/ground_truth_sim/install/usv_interfaces/include/usv_interfaces/usv_interfaces/msg/control_deviation.h
[5.088s] -- Symlinking: /home/cczh/temp-code/ground_truth_sim/install/usv_interfaces/include/usv_interfaces/usv_interfaces/msg/detail/ais_track__functions.h
[5.104s] -- Symlinking: /home/cczh/temp-code/ground_truth_sim/install/usv_interfaces/include/usv_interfaces/usv_interfaces/msg/detail/ais_track__struct.h
[5.117s] -- Symlinking: /home/cczh/temp-code/ground_truth_sim/install/usv_interfaces/include/usv_interfaces/usv_interfaces/msg/detail/ais_track__type_support.h
[5.133s] -- Symlinking: /home/cczh/temp-code/ground_truth_sim/install/usv_interfaces/include/usv_interfaces/usv_interfaces/msg/detail/ais_track_array__functions.h
[5.146s] -- Symlinking: /home/cczh/temp-code/ground_truth_sim/install/usv_interfaces/include/usv_interfaces/usv_interfaces/msg/detail/ais_track_array__struct.h
[5.162s] -- Symlinking: /home/cczh/temp-code/ground_truth_sim/install/usv_interfaces/include/usv_interfaces/usv_interfaces/msg/detail/ais_track_array__type_support.h
[5.179s] -- Symlinking: /home/cczh/temp-code/ground_truth_sim/install/usv_interfaces/include/usv_interfaces/usv_interfaces/msg/detail/control_deviation__functions.h
[5.196s] -- Symlinking: /home/cczh/temp-code/ground_truth_sim/install/usv_interfaces/include/usv_interfaces/usv_interfaces/msg/detail/control_deviation__struct.h
[5.214s] -- Symlinking: /home/cczh/temp-code/ground_truth_sim/install/usv_interfaces/include/usv_interfaces/usv_interfaces/msg/detail/control_deviation__type_support.h
[5.230s] -- Symlinking: /home/cczh/temp-code/ground_truth_sim/install/usv_interfaces/include/usv_interfaces/usv_interfaces/msg/detail/global_track__functions.h
[5.245s] -- Symlinking: /home/cczh/temp-code/ground_truth_sim/install/usv_interfaces/include/usv_interfaces/usv_interfaces/msg/detail/global_track__struct.h
[5.258s] -- Symlinking: /home/cczh/temp-code/ground_truth_sim/install/usv_interfaces/include/usv_interfaces/usv_interfaces/msg/detail/global_track__type_support.h
[5.273s] -- Symlinking: /home/cczh/temp-code/ground_truth_sim/install/usv_interfaces/include/usv_interfaces/usv_interfaces/msg/detail/global_track_array__functions.h
[5.291s] -- Symlinking: /home/cczh/temp-code/ground_truth_sim/install/usv_interfaces/include/usv_interfaces/usv_interfaces/msg/detail/global_track_array__struct.h
[5.308s] -- Symlinking: /home/cczh/temp-code/ground_truth_sim/install/usv_interfaces/include/usv_interfaces/usv_interfaces/msg/detail/global_track_array__type_support.h
[5.320s] -- Symlinking: /home/cczh/temp-code/ground_truth_sim/install/usv_interfaces/include/usv_interfaces/usv_interfaces/msg/detail/mmwave_target__functions.h
[5.330s] -- Symlinking: /home/cczh/temp-code/ground_truth_sim/install/usv_interfaces/include/usv_interfaces/usv_interfaces/msg/detail/mmwave_target__struct.h
[5.341s] -- Symlinking: /home/cczh/temp-code/ground_truth_sim/install/usv_interfaces/include/usv_interfaces/usv_interfaces/msg/detail/mmwave_target__type_support.h
[5.358s] -- Symlinking: /home/cczh/temp-code/ground_truth_sim/install/usv_interfaces/include/usv_interfaces/usv_interfaces/msg/detail/mmwave_target_array__functions.h
[5.374s] -- Symlinking: /home/cczh/temp-code/ground_truth_sim/install/usv_interfaces/include/usv_interfaces/usv_interfaces/msg/detail/mmwave_target_array__struct.h
[5.391s] -- Symlinking: /home/cczh/temp-code/ground_truth_sim/install/usv_interfaces/include/usv_interfaces/usv_interfaces/msg/detail/mmwave_target_array__type_support.h
[5.404s] -- Symlinking: /home/cczh/temp-code/ground_truth_sim/install/usv_interfaces/include/usv_interfaces/usv_interfaces/msg/detail/nav_radar_target__functions.h
[5.419s] -- Symlinking: /home/cczh/temp-code/ground_truth_sim/install/usv_interfaces/include/usv_interfaces/usv_interfaces/msg/detail/nav_radar_target__struct.h
[5.435s] -- Symlinking: /home/cczh/temp-code/ground_truth_sim/install/usv_interfaces/include/usv_interfaces/usv_interfaces/msg/detail/nav_radar_target__type_support.h
[5.451s] -- Symlinking: /home/cczh/temp-code/ground_truth_sim/install/usv_interfaces/include/usv_interfaces/usv_interfaces/msg/detail/nav_radar_target_array__functions.h
[5.465s] -- Symlinking: /home/cczh/temp-code/ground_truth_sim/install/usv_interfaces/include/usv_interfaces/usv_interfaces/msg/detail/nav_radar_target_array__struct.h
[5.476s] -- Symlinking: /home/cczh/temp-code/ground_truth_sim/install/usv_interfaces/include/usv_interfaces/usv_interfaces/msg/detail/nav_radar_target_array__type_support.h
[5.493s] -- Symlinking: /home/cczh/temp-code/ground_truth_sim/install/usv_interfaces/include/usv_interfaces/usv_interfaces/msg/detail/operation_mode__functions.h
[5.511s] -- Symlinking: /home/cczh/temp-code/ground_truth_sim/install/usv_interfaces/include/usv_interfaces/usv_interfaces/msg/detail/operation_mode__struct.h
[5.529s] -- Symlinking: /home/cczh/temp-code/ground_truth_sim/install/usv_interfaces/include/usv_interfaces/usv_interfaces/msg/detail/operation_mode__type_support.h
[5.541s] -- Symlinking: /home/cczh/temp-code/ground_truth_sim/install/usv_interfaces/include/usv_interfaces/usv_interfaces/msg/detail/vessel_state__functions.h
[5.553s] -- Symlinking: /home/cczh/temp-code/ground_truth_sim/install/usv_interfaces/include/usv_interfaces/usv_interfaces/msg/detail/vessel_state__struct.h
[5.560s] -- Symlinking: /home/cczh/temp-code/ground_truth_sim/install/usv_interfaces/include/usv_interfaces/usv_interfaces/msg/detail/vessel_state__type_support.h
[5.571s] -- Symlinking: /home/cczh/temp-code/ground_truth_sim/install/usv_interfaces/include/usv_interfaces/usv_interfaces/msg/detail/vision_detection__functions.h
[5.581s] -- Symlinking: /home/cczh/temp-code/ground_truth_sim/install/usv_interfaces/include/usv_interfaces/usv_interfaces/msg/detail/vision_detection__struct.h
[5.593s] -- Symlinking: /home/cczh/temp-code/ground_truth_sim/install/usv_interfaces/include/usv_interfaces/usv_interfaces/msg/detail/vision_detection__type_support.h
[5.605s] -- Symlinking: /home/cczh/temp-code/ground_truth_sim/install/usv_interfaces/include/usv_interfaces/usv_interfaces/msg/detail/vision_detection_array__functions.h
[5.619s] -- Symlinking: /home/cczh/temp-code/ground_truth_sim/install/usv_interfaces/include/usv_interfaces/usv_interfaces/msg/detail/vision_detection_array__struct.h
[5.630s] -- Symlinking: /home/cczh/temp-code/ground_truth_sim/install/usv_interfaces/include/usv_interfaces/usv_interfaces/msg/detail/vision_detection_array__type_support.h
[5.647s] -- Symlinking: /home/cczh/temp-code/ground_truth_sim/install/usv_interfaces/include/usv_interfaces/usv_interfaces/msg/global_track.h
[5.666s] -- Symlinking: /home/cczh/temp-code/ground_truth_sim/install/usv_interfaces/include/usv_interfaces/usv_interfaces/msg/global_track_array.h
[5.687s] -- Symlinking: /home/cczh/temp-code/ground_truth_sim/install/usv_interfaces/include/usv_interfaces/usv_interfaces/msg/mmwave_target.h
[5.704s] -- Symlinking: /home/cczh/temp-code/ground_truth_sim/install/usv_interfaces/include/usv_interfaces/usv_interfaces/msg/mmwave_target_array.h
[5.722s] -- Symlinking: /home/cczh/temp-code/ground_truth_sim/install/usv_interfaces/include/usv_interfaces/usv_interfaces/msg/nav_radar_target.h
[5.737s] -- Symlinking: /home/cczh/temp-code/ground_truth_sim/install/usv_interfaces/include/usv_interfaces/usv_interfaces/msg/nav_radar_target_array.h
[5.748s] -- Symlinking: /home/cczh/temp-code/ground_truth_sim/install/usv_interfaces/include/usv_interfaces/usv_interfaces/msg/operation_mode.h
[5.758s] -- Symlinking: /home/cczh/temp-code/ground_truth_sim/install/usv_interfaces/include/usv_interfaces/usv_interfaces/msg/rosidl_generator_c__visibility_control.h
[5.770s] -- Symlinking: /home/cczh/temp-code/ground_truth_sim/install/usv_interfaces/include/usv_interfaces/usv_interfaces/msg/vessel_state.h
[5.790s] -- Symlinking: /home/cczh/temp-code/ground_truth_sim/install/usv_interfaces/include/usv_interfaces/usv_interfaces/msg/vision_detection.h
[5.805s] -- Symlinking: /home/cczh/temp-code/ground_truth_sim/install/usv_interfaces/include/usv_interfaces/usv_interfaces/msg/vision_detection_array.h
[5.814s] -- Symlinking: /home/cczh/temp-code/ground_truth_sim/install/usv_interfaces/include/usv_interfaces/usv_interfaces/srv/control_device.h
[5.820s] -- Symlinking: /home/cczh/temp-code/ground_truth_sim/install/usv_interfaces/include/usv_interfaces/usv_interfaces/srv/detail/control_device__functions.h
[5.829s] -- Symlinking: /home/cczh/temp-code/ground_truth_sim/install/usv_interfaces/include/usv_interfaces/usv_interfaces/srv/detail/control_device__struct.h
[5.843s] -- Symlinking: /home/cczh/temp-code/ground_truth_sim/install/usv_interfaces/include/usv_interfaces/usv_interfaces/srv/detail/control_device__type_support.h
[5.856s] -- Symlinking: /home/cczh/temp-code/ground_truth_sim/install/usv_interfaces/share/usv_interfaces/environment/library_path.sh
[5.875s] -- Symlinking: /home/cczh/temp-code/ground_truth_sim/install/usv_interfaces/share/usv_interfaces/environment/library_path.dsv
[5.883s] -- Symlinking: /home/cczh/temp-code/ground_truth_sim/install/usv_interfaces/include/usv_interfaces/usv_interfaces/action/detail/execute_mission__rosidl_typesupport_fastrtps_c.h
[5.899s] -- Symlinking: /home/cczh/temp-code/ground_truth_sim/install/usv_interfaces/include/usv_interfaces/usv_interfaces/msg/detail/ais_track__rosidl_typesupport_fastrtps_c.h
[5.911s] -- Symlinking: /home/cczh/temp-code/ground_truth_sim/install/usv_interfaces/include/usv_interfaces/usv_interfaces/msg/detail/ais_track_array__rosidl_typesupport_fastrtps_c.h
[5.919s] -- Symlinking: /home/cczh/temp-code/ground_truth_sim/install/usv_interfaces/include/usv_interfaces/usv_interfaces/msg/detail/control_deviation__rosidl_typesupport_fastrtps_c.h
[5.928s] -- Symlinking: /home/cczh/temp-code/ground_truth_sim/install/usv_interfaces/include/usv_interfaces/usv_interfaces/msg/detail/global_track__rosidl_typesupport_fastrtps_c.h
[5.936s] -- Symlinking: /home/cczh/temp-code/ground_truth_sim/install/usv_interfaces/include/usv_interfaces/usv_interfaces/msg/detail/global_track_array__rosidl_typesupport_fastrtps_c.h
[5.945s] -- Symlinking: /home/cczh/temp-code/ground_truth_sim/install/usv_interfaces/include/usv_interfaces/usv_interfaces/msg/detail/mmwave_target__rosidl_typesupport_fastrtps_c.h
[5.960s] -- Symlinking: /home/cczh/temp-code/ground_truth_sim/install/usv_interfaces/include/usv_interfaces/usv_interfaces/msg/detail/mmwave_target_array__rosidl_typesupport_fastrtps_c.h
[5.969s] -- Symlinking: /home/cczh/temp-code/ground_truth_sim/install/usv_interfaces/include/usv_interfaces/usv_interfaces/msg/detail/nav_radar_target__rosidl_typesupport_fastrtps_c.h
[5.980s] -- Symlinking: /home/cczh/temp-code/ground_truth_sim/install/usv_interfaces/include/usv_interfaces/usv_interfaces/msg/detail/nav_radar_target_array__rosidl_typesupport_fastrtps_c.h
[5.991s] -- Symlinking: /home/cczh/temp-code/ground_truth_sim/install/usv_interfaces/include/usv_interfaces/usv_interfaces/msg/detail/operation_mode__rosidl_typesupport_fastrtps_c.h
[6.000s] -- Symlinking: /home/cczh/temp-code/ground_truth_sim/install/usv_interfaces/include/usv_interfaces/usv_interfaces/msg/detail/vessel_state__rosidl_typesupport_fastrtps_c.h
[6.012s] -- Symlinking: /home/cczh/temp-code/ground_truth_sim/install/usv_interfaces/include/usv_interfaces/usv_interfaces/msg/detail/vision_detection__rosidl_typesupport_fastrtps_c.h
[6.025s] -- Symlinking: /home/cczh/temp-code/ground_truth_sim/install/usv_interfaces/include/usv_interfaces/usv_interfaces/msg/detail/vision_detection_array__rosidl_typesupport_fastrtps_c.h
[6.041s] -- Symlinking: /home/cczh/temp-code/ground_truth_sim/install/usv_interfaces/include/usv_interfaces/usv_interfaces/msg/rosidl_typesupport_fastrtps_c__visibility_control.h
[6.055s] -- Symlinking: /home/cczh/temp-code/ground_truth_sim/install/usv_interfaces/include/usv_interfaces/usv_interfaces/srv/detail/control_device__rosidl_typesupport_fastrtps_c.h
[6.071s] -- Symlinking: /home/cczh/temp-code/ground_truth_sim/install/usv_interfaces/include/usv_interfaces/usv_interfaces/action/detail/execute_mission__builder.hpp
[6.086s] -- Symlinking: /home/cczh/temp-code/ground_truth_sim/install/usv_interfaces/include/usv_interfaces/usv_interfaces/action/detail/execute_mission__struct.hpp
[6.098s] -- Symlinking: /home/cczh/temp-code/ground_truth_sim/install/usv_interfaces/include/usv_interfaces/usv_interfaces/action/detail/execute_mission__traits.hpp
[6.115s] -- Symlinking: /home/cczh/temp-code/ground_truth_sim/install/usv_interfaces/include/usv_interfaces/usv_interfaces/action/detail/execute_mission__type_support.hpp
[6.131s] -- Symlinking: /home/cczh/temp-code/ground_truth_sim/install/usv_interfaces/include/usv_interfaces/usv_interfaces/action/execute_mission.hpp
[6.146s] -- Symlinking: /home/cczh/temp-code/ground_truth_sim/install/usv_interfaces/include/usv_interfaces/usv_interfaces/msg/ais_track.hpp
[6.160s] -- Symlinking: /home/cczh/temp-code/ground_truth_sim/install/usv_interfaces/include/usv_interfaces/usv_interfaces/msg/ais_track_array.hpp
[6.175s] -- Symlinking: /home/cczh/temp-code/ground_truth_sim/install/usv_interfaces/include/usv_interfaces/usv_interfaces/msg/control_deviation.hpp
[6.192s] -- Symlinking: /home/cczh/temp-code/ground_truth_sim/install/usv_interfaces/include/usv_interfaces/usv_interfaces/msg/detail/ais_track__builder.hpp
[6.198s] -- Symlinking: /home/cczh/temp-code/ground_truth_sim/install/usv_interfaces/include/usv_interfaces/usv_interfaces/msg/detail/ais_track__struct.hpp
[6.209s] -- Symlinking: /home/cczh/temp-code/ground_truth_sim/install/usv_interfaces/include/usv_interfaces/usv_interfaces/msg/detail/ais_track__traits.hpp
[6.220s] -- Symlinking: /home/cczh/temp-code/ground_truth_sim/install/usv_interfaces/include/usv_interfaces/usv_interfaces/msg/detail/ais_track__type_support.hpp
[6.227s] -- Symlinking: /home/cczh/temp-code/ground_truth_sim/install/usv_interfaces/include/usv_interfaces/usv_interfaces/msg/detail/ais_track_array__builder.hpp
[6.241s] -- Symlinking: /home/cczh/temp-code/ground_truth_sim/install/usv_interfaces/include/usv_interfaces/usv_interfaces/msg/detail/ais_track_array__struct.hpp
[6.256s] -- Symlinking: /home/cczh/temp-code/ground_truth_sim/install/usv_interfaces/include/usv_interfaces/usv_interfaces/msg/detail/ais_track_array__traits.hpp
[6.266s] -- Symlinking: /home/cczh/temp-code/ground_truth_sim/install/usv_interfaces/include/usv_interfaces/usv_interfaces/msg/detail/ais_track_array__type_support.hpp
[6.281s] -- Symlinking: /home/cczh/temp-code/ground_truth_sim/install/usv_interfaces/include/usv_interfaces/usv_interfaces/msg/detail/control_deviation__builder.hpp
[6.299s] -- Symlinking: /home/cczh/temp-code/ground_truth_sim/install/usv_interfaces/include/usv_interfaces/usv_interfaces/msg/detail/control_deviation__struct.hpp
[6.317s] -- Symlinking: /home/cczh/temp-code/ground_truth_sim/install/usv_interfaces/include/usv_interfaces/usv_interfaces/msg/detail/control_deviation__traits.hpp
[6.326s] -- Symlinking: /home/cczh/temp-code/ground_truth_sim/install/usv_interfaces/include/usv_interfaces/usv_interfaces/msg/detail/control_deviation__type_support.hpp
[6.339s] -- Symlinking: /home/cczh/temp-code/ground_truth_sim/install/usv_interfaces/include/usv_interfaces/usv_interfaces/msg/detail/global_track__builder.hpp
[6.354s] -- Symlinking: /home/cczh/temp-code/ground_truth_sim/install/usv_interfaces/include/usv_interfaces/usv_interfaces/msg/detail/global_track__struct.hpp
[6.368s] -- Symlinking: /home/cczh/temp-code/ground_truth_sim/install/usv_interfaces/include/usv_interfaces/usv_interfaces/msg/detail/global_track__traits.hpp
[6.381s] -- Symlinking: /home/cczh/temp-code/ground_truth_sim/install/usv_interfaces/include/usv_interfaces/usv_interfaces/msg/detail/global_track__type_support.hpp
[6.391s] -- Symlinking: /home/cczh/temp-code/ground_truth_sim/install/usv_interfaces/include/usv_interfaces/usv_interfaces/msg/detail/global_track_array__builder.hpp
[6.402s] -- Symlinking: /home/cczh/temp-code/ground_truth_sim/install/usv_interfaces/include/usv_interfaces/usv_interfaces/msg/detail/global_track_array__struct.hpp
[6.418s] -- Symlinking: /home/cczh/temp-code/ground_truth_sim/install/usv_interfaces/include/usv_interfaces/usv_interfaces/msg/detail/global_track_array__traits.hpp
[6.435s] -- Symlinking: /home/cczh/temp-code/ground_truth_sim/install/usv_interfaces/include/usv_interfaces/usv_interfaces/msg/detail/global_track_array__type_support.hpp
[6.448s] -- Symlinking: /home/cczh/temp-code/ground_truth_sim/install/usv_interfaces/include/usv_interfaces/usv_interfaces/msg/detail/mmwave_target__builder.hpp
[6.466s] -- Symlinking: /home/cczh/temp-code/ground_truth_sim/install/usv_interfaces/include/usv_interfaces/usv_interfaces/msg/detail/mmwave_target__struct.hpp
[6.480s] -- Symlinking: /home/cczh/temp-code/ground_truth_sim/install/usv_interfaces/include/usv_interfaces/usv_interfaces/msg/detail/mmwave_target__traits.hpp
[6.493s] -- Symlinking: /home/cczh/temp-code/ground_truth_sim/install/usv_interfaces/include/usv_interfaces/usv_interfaces/msg/detail/mmwave_target__type_support.hpp
[6.511s] -- Symlinking: /home/cczh/temp-code/ground_truth_sim/install/usv_interfaces/include/usv_interfaces/usv_interfaces/msg/detail/mmwave_target_array__builder.hpp
[6.525s] -- Symlinking: /home/cczh/temp-code/ground_truth_sim/install/usv_interfaces/include/usv_interfaces/usv_interfaces/msg/detail/mmwave_target_array__struct.hpp
[6.540s] -- Symlinking: /home/cczh/temp-code/ground_truth_sim/install/usv_interfaces/include/usv_interfaces/usv_interfaces/msg/detail/mmwave_target_array__traits.hpp
[6.560s] -- Symlinking: /home/cczh/temp-code/ground_truth_sim/install/usv_interfaces/include/usv_interfaces/usv_interfaces/msg/detail/mmwave_target_array__type_support.hpp
[6.576s] -- Symlinking: /home/cczh/temp-code/ground_truth_sim/install/usv_interfaces/include/usv_interfaces/usv_interfaces/msg/detail/nav_radar_target__builder.hpp
[6.594s] -- Symlinking: /home/cczh/temp-code/ground_truth_sim/install/usv_interfaces/include/usv_interfaces/usv_interfaces/msg/detail/nav_radar_target__struct.hpp
[6.608s] -- Symlinking: /home/cczh/temp-code/ground_truth_sim/install/usv_interfaces/include/usv_interfaces/usv_interfaces/msg/detail/nav_radar_target__traits.hpp
[6.619s] -- Symlinking: /home/cczh/temp-code/ground_truth_sim/install/usv_interfaces/include/usv_interfaces/usv_interfaces/msg/detail/nav_radar_target__type_support.hpp
[6.629s] -- Symlinking: /home/cczh/temp-code/ground_truth_sim/install/usv_interfaces/include/usv_interfaces/usv_interfaces/msg/detail/nav_radar_target_array__builder.hpp
[6.639s] -- Symlinking: /home/cczh/temp-code/ground_truth_sim/install/usv_interfaces/include/usv_interfaces/usv_interfaces/msg/detail/nav_radar_target_array__struct.hpp
[6.655s] -- Symlinking: /home/cczh/temp-code/ground_truth_sim/install/usv_interfaces/include/usv_interfaces/usv_interfaces/msg/detail/nav_radar_target_array__traits.hpp
[6.673s] -- Symlinking: /home/cczh/temp-code/ground_truth_sim/install/usv_interfaces/include/usv_interfaces/usv_interfaces/msg/detail/nav_radar_target_array__type_support.hpp
[6.691s] -- Symlinking: /home/cczh/temp-code/ground_truth_sim/install/usv_interfaces/include/usv_interfaces/usv_interfaces/msg/detail/operation_mode__builder.hpp
[6.707s] -- Symlinking: /home/cczh/temp-code/ground_truth_sim/install/usv_interfaces/include/usv_interfaces/usv_interfaces/msg/detail/operation_mode__struct.hpp
[6.723s] -- Symlinking: /home/cczh/temp-code/ground_truth_sim/install/usv_interfaces/include/usv_interfaces/usv_interfaces/msg/detail/operation_mode__traits.hpp
[6.738s] -- Symlinking: /home/cczh/temp-code/ground_truth_sim/install/usv_interfaces/include/usv_interfaces/usv_interfaces/msg/detail/operation_mode__type_support.hpp
[6.754s] -- Symlinking: /home/cczh/temp-code/ground_truth_sim/install/usv_interfaces/include/usv_interfaces/usv_interfaces/msg/detail/vessel_state__builder.hpp
[6.770s] -- Symlinking: /home/cczh/temp-code/ground_truth_sim/install/usv_interfaces/include/usv_interfaces/usv_interfaces/msg/detail/vessel_state__struct.hpp
[6.782s] -- Symlinking: /home/cczh/temp-code/ground_truth_sim/install/usv_interfaces/include/usv_interfaces/usv_interfaces/msg/detail/vessel_state__traits.hpp
[6.798s] -- Symlinking: /home/cczh/temp-code/ground_truth_sim/install/usv_interfaces/include/usv_interfaces/usv_interfaces/msg/detail/vessel_state__type_support.hpp
[6.811s] -- Symlinking: /home/cczh/temp-code/ground_truth_sim/install/usv_interfaces/include/usv_interfaces/usv_interfaces/msg/detail/vision_detection__builder.hpp
[6.830s] -- Symlinking: /home/cczh/temp-code/ground_truth_sim/install/usv_interfaces/include/usv_interfaces/usv_interfaces/msg/detail/vision_detection__struct.hpp
[6.851s] -- Symlinking: /home/cczh/temp-code/ground_truth_sim/install/usv_interfaces/include/usv_interfaces/usv_interfaces/msg/detail/vision_detection__traits.hpp
[6.868s] -- Symlinking: /home/cczh/temp-code/ground_truth_sim/install/usv_interfaces/include/usv_interfaces/usv_interfaces/msg/detail/vision_detection__type_support.hpp
[6.881s] -- Symlinking: /home/cczh/temp-code/ground_truth_sim/install/usv_interfaces/include/usv_interfaces/usv_interfaces/msg/detail/vision_detection_array__builder.hpp
[6.886s] -- Symlinking: /home/cczh/temp-code/ground_truth_sim/install/usv_interfaces/include/usv_interfaces/usv_interfaces/msg/detail/vision_detection_array__struct.hpp
[6.891s] -- Symlinking: /home/cczh/temp-code/ground_truth_sim/install/usv_interfaces/include/usv_interfaces/usv_interfaces/msg/detail/vision_detection_array__traits.hpp
[6.895s] -- Symlinking: /home/cczh/temp-code/ground_truth_sim/install/usv_interfaces/include/usv_interfaces/usv_interfaces/msg/detail/vision_detection_array__type_support.hpp
[6.900s] -- Symlinking: /home/cczh/temp-code/ground_truth_sim/install/usv_interfaces/include/usv_interfaces/usv_interfaces/msg/global_track.hpp
[6.904s] -- Symlinking: /home/cczh/temp-code/ground_truth_sim/install/usv_interfaces/include/usv_interfaces/usv_interfaces/msg/global_track_array.hpp
[6.908s] -- Symlinking: /home/cczh/temp-code/ground_truth_sim/install/usv_interfaces/include/usv_interfaces/usv_interfaces/msg/mmwave_target.hpp
[6.913s] -- Symlinking: /home/cczh/temp-code/ground_truth_sim/install/usv_interfaces/include/usv_interfaces/usv_interfaces/msg/mmwave_target_array.hpp
[6.918s] -- Symlinking: /home/cczh/temp-code/ground_truth_sim/install/usv_interfaces/include/usv_interfaces/usv_interfaces/msg/nav_radar_target.hpp
[6.924s] -- Symlinking: /home/cczh/temp-code/ground_truth_sim/install/usv_interfaces/include/usv_interfaces/usv_interfaces/msg/nav_radar_target_array.hpp
[6.934s] -- Symlinking: /home/cczh/temp-code/ground_truth_sim/install/usv_interfaces/include/usv_interfaces/usv_interfaces/msg/operation_mode.hpp
[6.940s] -- Symlinking: /home/cczh/temp-code/ground_truth_sim/install/usv_interfaces/include/usv_interfaces/usv_interfaces/msg/rosidl_generator_cpp__visibility_control.hpp
[6.947s] -- Symlinking: /home/cczh/temp-code/ground_truth_sim/install/usv_interfaces/include/usv_interfaces/usv_interfaces/msg/vessel_state.hpp
[6.951s] -- Symlinking: /home/cczh/temp-code/ground_truth_sim/install/usv_interfaces/include/usv_interfaces/usv_interfaces/msg/vision_detection.hpp
[6.956s] -- Symlinking: /home/cczh/temp-code/ground_truth_sim/install/usv_interfaces/include/usv_interfaces/usv_interfaces/msg/vision_detection_array.hpp
[6.960s] -- Symlinking: /home/cczh/temp-code/ground_truth_sim/install/usv_interfaces/include/usv_interfaces/usv_interfaces/srv/control_device.hpp
[6.972s] -- Symlinking: /home/cczh/temp-code/ground_truth_sim/install/usv_interfaces/include/usv_interfaces/usv_interfaces/srv/detail/control_device__builder.hpp
[6.986s] -- Symlinking: /home/cczh/temp-code/ground_truth_sim/install/usv_interfaces/include/usv_interfaces/usv_interfaces/srv/detail/control_device__struct.hpp
[6.999s] -- Symlinking: /home/cczh/temp-code/ground_truth_sim/install/usv_interfaces/include/usv_interfaces/usv_interfaces/srv/detail/control_device__traits.hpp
[7.010s] -- Symlinking: /home/cczh/temp-code/ground_truth_sim/install/usv_interfaces/include/usv_interfaces/usv_interfaces/srv/detail/control_device__type_support.hpp
[7.022s] -- Symlinking: /home/cczh/temp-code/ground_truth_sim/install/usv_interfaces/include/usv_interfaces/usv_interfaces/action/detail/execute_mission__rosidl_typesupport_fastrtps_cpp.hpp
[7.038s] -- Symlinking: /home/cczh/temp-code/ground_truth_sim/install/usv_interfaces/include/usv_interfaces/usv_interfaces/msg/detail/ais_track__rosidl_typesupport_fastrtps_cpp.hpp
[7.053s] -- Symlinking: /home/cczh/temp-code/ground_truth_sim/install/usv_interfaces/include/usv_interfaces/usv_interfaces/msg/detail/ais_track_array__rosidl_typesupport_fastrtps_cpp.hpp
[7.075s] -- Symlinking: /home/cczh/temp-code/ground_truth_sim/install/usv_interfaces/include/usv_interfaces/usv_interfaces/msg/detail/control_deviation__rosidl_typesupport_fastrtps_cpp.hpp
[7.091s] -- Symlinking: /home/cczh/temp-code/ground_truth_sim/install/usv_interfaces/include/usv_interfaces/usv_interfaces/msg/detail/global_track__rosidl_typesupport_fastrtps_cpp.hpp
[7.107s] -- Symlinking: /home/cczh/temp-code/ground_truth_sim/install/usv_interfaces/include/usv_interfaces/usv_interfaces/msg/detail/global_track_array__rosidl_typesupport_fastrtps_cpp.hpp
[7.120s] -- Symlinking: /home/cczh/temp-code/ground_truth_sim/install/usv_interfaces/include/usv_interfaces/usv_interfaces/msg/detail/mmwave_target__rosidl_typesupport_fastrtps_cpp.hpp
[7.132s] -- Symlinking: /home/cczh/temp-code/ground_truth_sim/install/usv_interfaces/include/usv_interfaces/usv_interfaces/msg/detail/mmwave_target_array__rosidl_typesupport_fastrtps_cpp.hpp
[7.146s] -- Symlinking: /home/cczh/temp-code/ground_truth_sim/install/usv_interfaces/include/usv_interfaces/usv_interfaces/msg/detail/nav_radar_target__rosidl_typesupport_fastrtps_cpp.hpp
[7.154s] -- Symlinking: /home/cczh/temp-code/ground_truth_sim/install/usv_interfaces/include/usv_interfaces/usv_interfaces/msg/detail/nav_radar_target_array__rosidl_typesupport_fastrtps_cpp.hpp
[7.163s] -- Symlinking: /home/cczh/temp-code/ground_truth_sim/install/usv_interfaces/include/usv_interfaces/usv_interfaces/msg/detail/operation_mode__rosidl_typesupport_fastrtps_cpp.hpp
[7.176s] -- Symlinking: /home/cczh/temp-code/ground_truth_sim/install/usv_interfaces/include/usv_interfaces/usv_interfaces/msg/detail/vessel_state__rosidl_typesupport_fastrtps_cpp.hpp
[7.190s] -- Symlinking: /home/cczh/temp-code/ground_truth_sim/install/usv_interfaces/include/usv_interfaces/usv_interfaces/msg/detail/vision_detection__rosidl_typesupport_fastrtps_cpp.hpp
[7.207s] -- Symlinking: /home/cczh/temp-code/ground_truth_sim/install/usv_interfaces/include/usv_interfaces/usv_interfaces/msg/detail/vision_detection_array__rosidl_typesupport_fastrtps_cpp.hpp
[7.224s] -- Symlinking: /home/cczh/temp-code/ground_truth_sim/install/usv_interfaces/include/usv_interfaces/usv_interfaces/msg/rosidl_typesupport_fastrtps_cpp__visibility_control.h
[7.240s] -- Symlinking: /home/cczh/temp-code/ground_truth_sim/install/usv_interfaces/include/usv_interfaces/usv_interfaces/srv/detail/control_device__rosidl_typesupport_fastrtps_cpp.hpp
[7.255s] -- Symlinking: /home/cczh/temp-code/ground_truth_sim/install/usv_interfaces/include/usv_interfaces/usv_interfaces/action/detail/execute_mission__rosidl_typesupport_introspection_c.h
[7.270s] -- Symlinking: /home/cczh/temp-code/ground_truth_sim/install/usv_interfaces/include/usv_interfaces/usv_interfaces/msg/detail/ais_track__rosidl_typesupport_introspection_c.h
[7.288s] -- Symlinking: /home/cczh/temp-code/ground_truth_sim/install/usv_interfaces/include/usv_interfaces/usv_interfaces/msg/detail/ais_track_array__rosidl_typesupport_introspection_c.h
[7.303s] -- Symlinking: /home/cczh/temp-code/ground_truth_sim/install/usv_interfaces/include/usv_interfaces/usv_interfaces/msg/detail/control_deviation__rosidl_typesupport_introspection_c.h
[7.316s] -- Symlinking: /home/cczh/temp-code/ground_truth_sim/install/usv_interfaces/include/usv_interfaces/usv_interfaces/msg/detail/global_track__rosidl_typesupport_introspection_c.h
[7.330s] -- Symlinking: /home/cczh/temp-code/ground_truth_sim/install/usv_interfaces/include/usv_interfaces/usv_interfaces/msg/detail/global_track_array__rosidl_typesupport_introspection_c.h
[7.341s] -- Symlinking: /home/cczh/temp-code/ground_truth_sim/install/usv_interfaces/include/usv_interfaces/usv_interfaces/msg/detail/mmwave_target__rosidl_typesupport_introspection_c.h
[7.349s] -- Symlinking: /home/cczh/temp-code/ground_truth_sim/install/usv_interfaces/include/usv_interfaces/usv_interfaces/msg/detail/mmwave_target_array__rosidl_typesupport_introspection_c.h
[7.366s] -- Symlinking: /home/cczh/temp-code/ground_truth_sim/install/usv_interfaces/include/usv_interfaces/usv_interfaces/msg/detail/nav_radar_target__rosidl_typesupport_introspection_c.h
[7.379s] -- Symlinking: /home/cczh/temp-code/ground_truth_sim/install/usv_interfaces/include/usv_interfaces/usv_interfaces/msg/detail/nav_radar_target_array__rosidl_typesupport_introspection_c.h
[7.395s] -- Symlinking: /home/cczh/temp-code/ground_truth_sim/install/usv_interfaces/include/usv_interfaces/usv_interfaces/msg/detail/operation_mode__rosidl_typesupport_introspection_c.h
[7.415s] -- Symlinking: /home/cczh/temp-code/ground_truth_sim/install/usv_interfaces/include/usv_interfaces/usv_interfaces/msg/detail/vessel_state__rosidl_typesupport_introspection_c.h
[7.431s] -- Symlinking: /home/cczh/temp-code/ground_truth_sim/install/usv_interfaces/include/usv_interfaces/usv_interfaces/msg/detail/vision_detection__rosidl_typesupport_introspection_c.h
[7.441s] -- Symlinking: /home/cczh/temp-code/ground_truth_sim/install/usv_interfaces/include/usv_interfaces/usv_interfaces/msg/detail/vision_detection_array__rosidl_typesupport_introspection_c.h
[7.452s] -- Symlinking: /home/cczh/temp-code/ground_truth_sim/install/usv_interfaces/include/usv_interfaces/usv_interfaces/msg/rosidl_typesupport_introspection_c__visibility_control.h
[7.467s] -- Symlinking: /home/cczh/temp-code/ground_truth_sim/install/usv_interfaces/include/usv_interfaces/usv_interfaces/srv/detail/control_device__rosidl_typesupport_introspection_c.h
[7.478s] -- Symlinking: /home/cczh/temp-code/ground_truth_sim/install/usv_interfaces/include/usv_interfaces/usv_interfaces/action/detail/execute_mission__rosidl_typesupport_introspection_cpp.hpp
[7.492s] -- Symlinking: /home/cczh/temp-code/ground_truth_sim/install/usv_interfaces/include/usv_interfaces/usv_interfaces/msg/detail/ais_track__rosidl_typesupport_introspection_cpp.hpp
[7.510s] -- Symlinking: /home/cczh/temp-code/ground_truth_sim/install/usv_interfaces/include/usv_interfaces/usv_interfaces/msg/detail/ais_track_array__rosidl_typesupport_introspection_cpp.hpp
[7.528s] -- Symlinking: /home/cczh/temp-code/ground_truth_sim/install/usv_interfaces/include/usv_interfaces/usv_interfaces/msg/detail/control_deviation__rosidl_typesupport_introspection_cpp.hpp
[7.541s] -- Symlinking: /home/cczh/temp-code/ground_truth_sim/install/usv_interfaces/include/usv_interfaces/usv_interfaces/msg/detail/global_track__rosidl_typesupport_introspection_cpp.hpp
[7.552s] -- Symlinking: /home/cczh/temp-code/ground_truth_sim/install/usv_interfaces/include/usv_interfaces/usv_interfaces/msg/detail/global_track_array__rosidl_typesupport_introspection_cpp.hpp
[7.566s] -- Symlinking: /home/cczh/temp-code/ground_truth_sim/install/usv_interfaces/include/usv_interfaces/usv_interfaces/msg/detail/mmwave_target__rosidl_typesupport_introspection_cpp.hpp
[7.585s] -- Symlinking: /home/cczh/temp-code/ground_truth_sim/install/usv_interfaces/include/usv_interfaces/usv_interfaces/msg/detail/mmwave_target_array__rosidl_typesupport_introspection_cpp.hpp
[7.600s] -- Symlinking: /home/cczh/temp-code/ground_truth_sim/install/usv_interfaces/include/usv_interfaces/usv_interfaces/msg/detail/nav_radar_target__rosidl_typesupport_introspection_cpp.hpp
[7.615s] -- Symlinking: /home/cczh/temp-code/ground_truth_sim/install/usv_interfaces/include/usv_interfaces/usv_interfaces/msg/detail/nav_radar_target_array__rosidl_typesupport_introspection_cpp.hpp
[7.630s] -- Symlinking: /home/cczh/temp-code/ground_truth_sim/install/usv_interfaces/include/usv_interfaces/usv_interfaces/msg/detail/operation_mode__rosidl_typesupport_introspection_cpp.hpp
[7.642s] -- Symlinking: /home/cczh/temp-code/ground_truth_sim/install/usv_interfaces/include/usv_interfaces/usv_interfaces/msg/detail/vessel_state__rosidl_typesupport_introspection_cpp.hpp
[7.651s] -- Symlinking: /home/cczh/temp-code/ground_truth_sim/install/usv_interfaces/include/usv_interfaces/usv_interfaces/msg/detail/vision_detection__rosidl_typesupport_introspection_cpp.hpp
[7.657s] -- Symlinking: /home/cczh/temp-code/ground_truth_sim/install/usv_interfaces/include/usv_interfaces/usv_interfaces/msg/detail/vision_detection_array__rosidl_typesupport_introspection_cpp.hpp
[7.665s] -- Symlinking: /home/cczh/temp-code/ground_truth_sim/install/usv_interfaces/include/usv_interfaces/usv_interfaces/srv/detail/control_device__rosidl_typesupport_introspection_cpp.hpp
[7.672s] -- Symlinking: /home/cczh/temp-code/ground_truth_sim/install/usv_interfaces/share/usv_interfaces/environment/pythonpath.sh
[7.678s] -- Symlinking: /home/cczh/temp-code/ground_truth_sim/install/usv_interfaces/share/usv_interfaces/environment/pythonpath.dsv
[7.686s] -- Symlinking: /home/cczh/temp-code/ground_truth_sim/install/usv_interfaces/local/lib/python3.10/dist-packages/usv_interfaces-0.1.0-py3.10.egg-info/PKG-INFO
[7.693s] -- Symlinking: /home/cczh/temp-code/ground_truth_sim/install/usv_interfaces/local/lib/python3.10/dist-packages/usv_interfaces-0.1.0-py3.10.egg-info/SOURCES.txt
[7.700s] -- Symlinking: /home/cczh/temp-code/ground_truth_sim/install/usv_interfaces/local/lib/python3.10/dist-packages/usv_interfaces-0.1.0-py3.10.egg-info/dependency_links.txt
[7.706s] -- Symlinking: /home/cczh/temp-code/ground_truth_sim/install/usv_interfaces/local/lib/python3.10/dist-packages/usv_interfaces-0.1.0-py3.10.egg-info/top_level.txt
[7.712s] -- Symlinking: /home/cczh/temp-code/ground_truth_sim/install/usv_interfaces/local/lib/python3.10/dist-packages/usv_interfaces/__init__.py
[7.718s] -- Symlinking: /home/cczh/temp-code/ground_truth_sim/install/usv_interfaces/local/lib/python3.10/dist-packages/usv_interfaces/_usv_interfaces_s.ep.rosidl_typesupport_c.c
[7.723s] -- Symlinking: /home/cczh/temp-code/ground_truth_sim/install/usv_interfaces/local/lib/python3.10/dist-packages/usv_interfaces/_usv_interfaces_s.ep.rosidl_typesupport_fastrtps_c.c
[7.729s] -- Symlinking: /home/cczh/temp-code/ground_truth_sim/install/usv_interfaces/local/lib/python3.10/dist-packages/usv_interfaces/_usv_interfaces_s.ep.rosidl_typesupport_introspection_c.c
[7.736s] -- Symlinking: /home/cczh/temp-code/ground_truth_sim/install/usv_interfaces/local/lib/python3.10/dist-packages/usv_interfaces/action/__init__.py
[7.744s] -- Symlinking: /home/cczh/temp-code/ground_truth_sim/install/usv_interfaces/local/lib/python3.10/dist-packages/usv_interfaces/action/_execute_mission.py
[7.757s] -- Symlinking: /home/cczh/temp-code/ground_truth_sim/install/usv_interfaces/local/lib/python3.10/dist-packages/usv_interfaces/action/_execute_mission_s.c
[7.773s] -- Symlinking: /home/cczh/temp-code/ground_truth_sim/install/usv_interfaces/local/lib/python3.10/dist-packages/usv_interfaces/libusv_interfaces__rosidl_generator_py.so
[7.794s] -- Symlinking: /home/cczh/temp-code/ground_truth_sim/install/usv_interfaces/local/lib/python3.10/dist-packages/usv_interfaces/msg/__init__.py
[7.810s] -- Symlinking: /home/cczh/temp-code/ground_truth_sim/install/usv_interfaces/local/lib/python3.10/dist-packages/usv_interfaces/msg/_ais_track.py
[7.827s] -- Symlinking: /home/cczh/temp-code/ground_truth_sim/install/usv_interfaces/local/lib/python3.10/dist-packages/usv_interfaces/msg/_ais_track_array.py
[7.834s] -- Symlinking: /home/cczh/temp-code/ground_truth_sim/install/usv_interfaces/local/lib/python3.10/dist-packages/usv_interfaces/msg/_ais_track_array_s.c
[7.838s] -- Symlinking: /home/cczh/temp-code/ground_truth_sim/install/usv_interfaces/local/lib/python3.10/dist-packages/usv_interfaces/msg/_ais_track_s.c
[7.845s] -- Symlinking: /home/cczh/temp-code/ground_truth_sim/install/usv_interfaces/local/lib/python3.10/dist-packages/usv_interfaces/msg/_control_deviation.py
[7.854s] -- Symlinking: /home/cczh/temp-code/ground_truth_sim/install/usv_interfaces/local/lib/python3.10/dist-packages/usv_interfaces/msg/_control_deviation_s.c
[7.863s] -- Symlinking: /home/cczh/temp-code/ground_truth_sim/install/usv_interfaces/local/lib/python3.10/dist-packages/usv_interfaces/msg/_global_track.py
[7.872s] -- Symlinking: /home/cczh/temp-code/ground_truth_sim/install/usv_interfaces/local/lib/python3.10/dist-packages/usv_interfaces/msg/_global_track_array.py
[7.879s] -- Symlinking: /home/cczh/temp-code/ground_truth_sim/install/usv_interfaces/local/lib/python3.10/dist-packages/usv_interfaces/msg/_global_track_array_s.c
[7.886s] -- Symlinking: /home/cczh/temp-code/ground_truth_sim/install/usv_interfaces/local/lib/python3.10/dist-packages/usv_interfaces/msg/_global_track_s.c
[7.894s] -- Symlinking: /home/cczh/temp-code/ground_truth_sim/install/usv_interfaces/local/lib/python3.10/dist-packages/usv_interfaces/msg/_mmwave_target.py
[7.904s] -- Symlinking: /home/cczh/temp-code/ground_truth_sim/install/usv_interfaces/local/lib/python3.10/dist-packages/usv_interfaces/msg/_mmwave_target_array.py
[7.914s] -- Symlinking: /home/cczh/temp-code/ground_truth_sim/install/usv_interfaces/local/lib/python3.10/dist-packages/usv_interfaces/msg/_mmwave_target_array_s.c
[7.928s] -- Symlinking: /home/cczh/temp-code/ground_truth_sim/install/usv_interfaces/local/lib/python3.10/dist-packages/usv_interfaces/msg/_mmwave_target_s.c
[7.943s] -- Symlinking: /home/cczh/temp-code/ground_truth_sim/install/usv_interfaces/local/lib/python3.10/dist-packages/usv_interfaces/msg/_nav_radar_target.py
[7.952s] -- Symlinking: /home/cczh/temp-code/ground_truth_sim/install/usv_interfaces/local/lib/python3.10/dist-packages/usv_interfaces/msg/_nav_radar_target_array.py
[7.965s] -- Symlinking: /home/cczh/temp-code/ground_truth_sim/install/usv_interfaces/local/lib/python3.10/dist-packages/usv_interfaces/msg/_nav_radar_target_array_s.c
[7.981s] -- Symlinking: /home/cczh/temp-code/ground_truth_sim/install/usv_interfaces/local/lib/python3.10/dist-packages/usv_interfaces/msg/_nav_radar_target_s.c
[8.000s] -- Symlinking: /home/cczh/temp-code/ground_truth_sim/install/usv_interfaces/local/lib/python3.10/dist-packages/usv_interfaces/msg/_operation_mode.py
[8.020s] -- Symlinking: /home/cczh/temp-code/ground_truth_sim/install/usv_interfaces/local/lib/python3.10/dist-packages/usv_interfaces/msg/_operation_mode_s.c
[8.031s] -- Symlinking: /home/cczh/temp-code/ground_truth_sim/install/usv_interfaces/local/lib/python3.10/dist-packages/usv_interfaces/msg/_vessel_state.py
[8.044s] -- Symlinking: /home/cczh/temp-code/ground_truth_sim/install/usv_interfaces/local/lib/python3.10/dist-packages/usv_interfaces/msg/_vessel_state_s.c
[8.062s] -- Symlinking: /home/cczh/temp-code/ground_truth_sim/install/usv_interfaces/local/lib/python3.10/dist-packages/usv_interfaces/msg/_vision_detection.py
[8.075s] -- Symlinking: /home/cczh/temp-code/ground_truth_sim/install/usv_interfaces/local/lib/python3.10/dist-packages/usv_interfaces/msg/_vision_detection_array.py
[8.088s] -- Symlinking: /home/cczh/temp-code/ground_truth_sim/install/usv_interfaces/local/lib/python3.10/dist-packages/usv_interfaces/msg/_vision_detection_array_s.c
[8.107s] -- Symlinking: /home/cczh/temp-code/ground_truth_sim/install/usv_interfaces/local/lib/python3.10/dist-packages/usv_interfaces/msg/_vision_detection_s.c
[8.121s] -- Symlinking: /home/cczh/temp-code/ground_truth_sim/install/usv_interfaces/local/lib/python3.10/dist-packages/usv_interfaces/srv/__init__.py
[8.128s] -- Symlinking: /home/cczh/temp-code/ground_truth_sim/install/usv_interfaces/local/lib/python3.10/dist-packages/usv_interfaces/srv/_control_device.py
[8.137s] -- Symlinking: /home/cczh/temp-code/ground_truth_sim/install/usv_interfaces/local/lib/python3.10/dist-packages/usv_interfaces/srv/_control_device_s.c
[8.144s] -- Symlinking: /home/cczh/temp-code/ground_truth_sim/install/usv_interfaces/local/lib/python3.10/dist-packages/usv_interfaces/usv_interfaces_s__rosidl_typesupport_c.cpython-310-x86_64-linux-gnu.so
[8.154s] -- Symlinking: /home/cczh/temp-code/ground_truth_sim/install/usv_interfaces/local/lib/python3.10/dist-packages/usv_interfaces/usv_interfaces_s__rosidl_typesupport_fastrtps_c.cpython-310-x86_64-linux-gnu.so
[8.164s] -- Symlinking: /home/cczh/temp-code/ground_truth_sim/install/usv_interfaces/local/lib/python3.10/dist-packages/usv_interfaces/usv_interfaces_s__rosidl_typesupport_introspection_c.cpython-310-x86_64-linux-gnu.so
[8.181s] -- Up-to-date symlink: /home/cczh/temp-code/ground_truth_sim/install/usv_interfaces/local/lib/python3.10/dist-packages/usv_interfaces/usv_interfaces_s__rosidl_typesupport_fastrtps_c.cpython-310-x86_64-linux-gnu.so
[8.182s] -- Up-to-date symlink: /home/cczh/temp-code/ground_truth_sim/install/usv_interfaces/local/lib/python3.10/dist-packages/usv_interfaces/usv_interfaces_s__rosidl_typesupport_introspection_c.cpython-310-x86_64-linux-gnu.so
[8.183s] -- Up-to-date symlink: /home/cczh/temp-code/ground_truth_sim/install/usv_interfaces/local/lib/python3.10/dist-packages/usv_interfaces/usv_interfaces_s__rosidl_typesupport_c.cpython-310-x86_64-linux-gnu.so
[8.183s] -- Symlinking: /home/cczh/temp-code/ground_truth_sim/install/usv_interfaces/share/usv_interfaces/msg/ControlDeviation.idl
[8.201s] -- Symlinking: /home/cczh/temp-code/ground_truth_sim/install/usv_interfaces/share/usv_interfaces/msg/OperationMode.idl
[8.216s] -- Symlinking: /home/cczh/temp-code/ground_truth_sim/install/usv_interfaces/share/usv_interfaces/msg/VisionDetection.idl
[8.232s] -- Symlinking: /home/cczh/temp-code/ground_truth_sim/install/usv_interfaces/share/usv_interfaces/msg/VisionDetectionArray.idl
[8.248s] -- Symlinking: /home/cczh/temp-code/ground_truth_sim/install/usv_interfaces/share/usv_interfaces/msg/MmwaveTarget.idl
[8.262s] -- Symlinking: /home/cczh/temp-code/ground_truth_sim/install/usv_interfaces/share/usv_interfaces/msg/MmwaveTargetArray.idl
[8.280s] -- Symlinking: /home/cczh/temp-code/ground_truth_sim/install/usv_interfaces/share/usv_interfaces/msg/NavRadarTarget.idl
[8.300s] -- Symlinking: /home/cczh/temp-code/ground_truth_sim/install/usv_interfaces/share/usv_interfaces/msg/NavRadarTargetArray.idl
[8.315s] -- Symlinking: /home/cczh/temp-code/ground_truth_sim/install/usv_interfaces/share/usv_interfaces/msg/AISTrack.idl
[8.324s] -- Symlinking: /home/cczh/temp-code/ground_truth_sim/install/usv_interfaces/share/usv_interfaces/msg/AISTrackArray.idl
[8.332s] -- Symlinking: /home/cczh/temp-code/ground_truth_sim/install/usv_interfaces/share/usv_interfaces/msg/GlobalTrack.idl
[8.342s] -- Symlinking: /home/cczh/temp-code/ground_truth_sim/install/usv_interfaces/share/usv_interfaces/msg/GlobalTrackArray.idl
[8.353s] -- Symlinking: /home/cczh/temp-code/ground_truth_sim/install/usv_interfaces/share/usv_interfaces/msg/VesselState.idl
[8.368s] -- Symlinking: /home/cczh/temp-code/ground_truth_sim/install/usv_interfaces/share/usv_interfaces/srv/ControlDevice.idl
[8.380s] -- Symlinking: /home/cczh/temp-code/ground_truth_sim/install/usv_interfaces/share/usv_interfaces/action/ExecuteMission.idl
[8.391s] -- Symlinking: /home/cczh/temp-code/ground_truth_sim/install/usv_interfaces/share/usv_interfaces/msg/ControlDeviation.msg
[8.400s] -- Symlinking: /home/cczh/temp-code/ground_truth_sim/install/usv_interfaces/share/usv_interfaces/msg/OperationMode.msg
[8.415s] -- Symlinking: /home/cczh/temp-code/ground_truth_sim/install/usv_interfaces/share/usv_interfaces/msg/VisionDetection.msg
[8.430s] -- Symlinking: /home/cczh/temp-code/ground_truth_sim/install/usv_interfaces/share/usv_interfaces/msg/VisionDetectionArray.msg
[8.446s] -- Symlinking: /home/cczh/temp-code/ground_truth_sim/install/usv_interfaces/share/usv_interfaces/msg/MmwaveTarget.msg
[8.456s] -- Symlinking: /home/cczh/temp-code/ground_truth_sim/install/usv_interfaces/share/usv_interfaces/msg/MmwaveTargetArray.msg
[8.464s] -- Symlinking: /home/cczh/temp-code/ground_truth_sim/install/usv_interfaces/share/usv_interfaces/msg/NavRadarTarget.msg
[8.479s] -- Symlinking: /home/cczh/temp-code/ground_truth_sim/install/usv_interfaces/share/usv_interfaces/msg/NavRadarTargetArray.msg
[8.495s] -- Symlinking: /home/cczh/temp-code/ground_truth_sim/install/usv_interfaces/share/usv_interfaces/msg/AISTrack.msg
[8.512s] -- Symlinking: /home/cczh/temp-code/ground_truth_sim/install/usv_interfaces/share/usv_interfaces/msg/AISTrackArray.msg
[8.525s] -- Symlinking: /home/cczh/temp-code/ground_truth_sim/install/usv_interfaces/share/usv_interfaces/msg/GlobalTrack.msg
[8.538s] -- Symlinking: /home/cczh/temp-code/ground_truth_sim/install/usv_interfaces/share/usv_interfaces/msg/GlobalTrackArray.msg
[8.548s] -- Symlinking: /home/cczh/temp-code/ground_truth_sim/install/usv_interfaces/share/usv_interfaces/msg/VesselState.msg
[8.560s] -- Symlinking: /home/cczh/temp-code/ground_truth_sim/install/usv_interfaces/share/usv_interfaces/srv/ControlDevice.srv
[8.574s] -- Symlinking: /home/cczh/temp-code/ground_truth_sim/install/usv_interfaces/share/usv_interfaces/srv/ControlDevice_Request.msg
[8.591s] -- Symlinking: /home/cczh/temp-code/ground_truth_sim/install/usv_interfaces/share/usv_interfaces/srv/ControlDevice_Response.msg
[8.607s] -- Symlinking: /home/cczh/temp-code/ground_truth_sim/install/usv_interfaces/share/usv_interfaces/action/ExecuteMission.action
[8.624s] -- Symlinking: /home/cczh/temp-code/ground_truth_sim/install/usv_interfaces/include/usv_interfaces/topics.hpp
[8.635s] -- Symlinking: /home/cczh/temp-code/ground_truth_sim/install/usv_interfaces/share/ament_index/resource_index/package_run_dependencies/usv_interfaces
[8.641s] -- Symlinking: /home/cczh/temp-code/ground_truth_sim/install/usv_interfaces/share/ament_index/resource_index/parent_prefix_path/usv_interfaces
[8.647s] -- Symlinking: /home/cczh/temp-code/ground_truth_sim/install/usv_interfaces/share/usv_interfaces/environment/ament_prefix_path.sh
[8.654s] -- Symlinking: /home/cczh/temp-code/ground_truth_sim/install/usv_interfaces/share/usv_interfaces/environment/ament_prefix_path.dsv
[8.666s] -- Symlinking: /home/cczh/temp-code/ground_truth_sim/install/usv_interfaces/share/usv_interfaces/environment/path.sh
[8.684s] -- Symlinking: /home/cczh/temp-code/ground_truth_sim/install/usv_interfaces/share/usv_interfaces/environment/path.dsv
[8.703s] -- Symlinking: /home/cczh/temp-code/ground_truth_sim/install/usv_interfaces/share/usv_interfaces/local_setup.bash
[8.721s] -- Symlinking: /home/cczh/temp-code/ground_truth_sim/install/usv_interfaces/share/usv_interfaces/local_setup.sh
[8.737s] -- Symlinking: /home/cczh/temp-code/ground_truth_sim/install/usv_interfaces/share/usv_interfaces/local_setup.zsh
[8.752s] -- Symlinking: /home/cczh/temp-code/ground_truth_sim/install/usv_interfaces/share/usv_interfaces/local_setup.dsv
[8.761s] -- Symlinking: /home/cczh/temp-code/ground_truth_sim/install/usv_interfaces/share/usv_interfaces/package.dsv
[8.769s] -- Symlinking: /home/cczh/temp-code/ground_truth_sim/install/usv_interfaces/share/ament_index/resource_index/packages/usv_interfaces
[8.778s] -- Symlinking: /home/cczh/temp-code/ground_truth_sim/install/usv_interfaces/share/usv_interfaces/cmake/rosidl_cmake-extras.cmake
[8.786s] -- Symlinking: /home/cczh/temp-code/ground_truth_sim/install/usv_interfaces/share/usv_interfaces/cmake/ament_cmake_export_dependencies-extras.cmake
[8.798s] -- Symlinking: /home/cczh/temp-code/ground_truth_sim/install/usv_interfaces/share/usv_interfaces/cmake/ament_cmake_export_include_directories-extras.cmake
[8.813s] -- Symlinking: /home/cczh/temp-code/ground_truth_sim/install/usv_interfaces/share/usv_interfaces/cmake/ament_cmake_export_libraries-extras.cmake
[8.823s] -- Symlinking: /home/cczh/temp-code/ground_truth_sim/install/usv_interfaces/share/usv_interfaces/cmake/ament_cmake_export_targets-extras.cmake
[8.836s] -- Symlinking: /home/cczh/temp-code/ground_truth_sim/install/usv_interfaces/share/usv_interfaces/cmake/rosidl_cmake_export_typesupport_targets-extras.cmake
[8.849s] -- Symlinking: /home/cczh/temp-code/ground_truth_sim/install/usv_interfaces/share/usv_interfaces/cmake/rosidl_cmake_export_typesupport_libraries-extras.cmake
[8.861s] -- Symlinking: /home/cczh/temp-code/ground_truth_sim/install/usv_interfaces/share/usv_interfaces/cmake/usv_interfacesConfig.cmake
[8.880s] -- Symlinking: /home/cczh/temp-code/ground_truth_sim/install/usv_interfaces/share/usv_interfaces/cmake/usv_interfacesConfig-version.cmake
[8.889s] -- Symlinking: /home/cczh/temp-code/ground_truth_sim/install/usv_interfaces/share/usv_interfaces/package.xml
[8.896s] -- Installing: /home/cczh/temp-code/ground_truth_sim/install/usv_interfaces/lib/libusv_interfaces__rosidl_generator_c.so
[8.897s] -- Set runtime path of "/home/cczh/temp-code/ground_truth_sim/install/usv_interfaces/lib/libusv_interfaces__rosidl_generator_c.so" to ""
[8.897s] -- Installing: /home/cczh/temp-code/ground_truth_sim/install/usv_interfaces/lib/libusv_interfaces__rosidl_typesupport_fastrtps_c.so
[8.899s] -- Set runtime path of "/home/cczh/temp-code/ground_truth_sim/install/usv_interfaces/lib/libusv_interfaces__rosidl_typesupport_fastrtps_c.so" to ""
[8.899s] -- Installing: /home/cczh/temp-code/ground_truth_sim/install/usv_interfaces/lib/libusv_interfaces__rosidl_typesupport_fastrtps_cpp.so
[8.900s] -- Set runtime path of "/home/cczh/temp-code/ground_truth_sim/install/usv_interfaces/lib/libusv_interfaces__rosidl_typesupport_fastrtps_cpp.so" to ""
[8.900s] -- Installing: /home/cczh/temp-code/ground_truth_sim/install/usv_interfaces/lib/libusv_interfaces__rosidl_typesupport_introspection_c.so
[8.901s] -- Set runtime path of "/home/cczh/temp-code/ground_truth_sim/install/usv_interfaces/lib/libusv_interfaces__rosidl_typesupport_introspection_c.so" to ""
[8.902s] -- Installing: /home/cczh/temp-code/ground_truth_sim/install/usv_interfaces/lib/libusv_interfaces__rosidl_typesupport_c.so
[8.903s] -- Set runtime path of "/home/cczh/temp-code/ground_truth_sim/install/usv_interfaces/lib/libusv_interfaces__rosidl_typesupport_c.so" to ""
[8.903s] -- Installing: /home/cczh/temp-code/ground_truth_sim/install/usv_interfaces/lib/libusv_interfaces__rosidl_typesupport_introspection_cpp.so
[8.904s] -- Set runtime path of "/home/cczh/temp-code/ground_truth_sim/install/usv_interfaces/lib/libusv_interfaces__rosidl_typesupport_introspection_cpp.so" to ""
[8.904s] -- Installing: /home/cczh/temp-code/ground_truth_sim/install/usv_interfaces/lib/libusv_interfaces__rosidl_typesupport_cpp.so
[8.905s] -- Set runtime path of "/home/cczh/temp-code/ground_truth_sim/install/usv_interfaces/lib/libusv_interfaces__rosidl_typesupport_cpp.so" to ""
[8.940s] Listing '/home/cczh/temp-code/ground_truth_sim/install/usv_interfaces/local/lib/python3.10/dist-packages/usv_interfaces'...
[8.940s] Compiling '/home/cczh/temp-code/ground_truth_sim/install/usv_interfaces/local/lib/python3.10/dist-packages/usv_interfaces/__init__.py'...
[8.940s] Listing '/home/cczh/temp-code/ground_truth_sim/install/usv_interfaces/local/lib/python3.10/dist-packages/usv_interfaces/action'...
[8.940s] Compiling '/home/cczh/temp-code/ground_truth_sim/install/usv_interfaces/local/lib/python3.10/dist-packages/usv_interfaces/action/__init__.py'...
[8.940s] Compiling '/home/cczh/temp-code/ground_truth_sim/install/usv_interfaces/local/lib/python3.10/dist-packages/usv_interfaces/action/_execute_mission.py'...
[8.940s] Listing '/home/cczh/temp-code/ground_truth_sim/install/usv_interfaces/local/lib/python3.10/dist-packages/usv_interfaces/msg'...
[8.940s] Compiling '/home/cczh/temp-code/ground_truth_sim/install/usv_interfaces/local/lib/python3.10/dist-packages/usv_interfaces/msg/__init__.py'...
[8.940s] Compiling '/home/cczh/temp-code/ground_truth_sim/install/usv_interfaces/local/lib/python3.10/dist-packages/usv_interfaces/msg/_ais_track.py'...
[8.940s] Compiling '/home/cczh/temp-code/ground_truth_sim/install/usv_interfaces/local/lib/python3.10/dist-packages/usv_interfaces/msg/_ais_track_array.py'...
[8.940s] Compiling '/home/cczh/temp-code/ground_truth_sim/install/usv_interfaces/local/lib/python3.10/dist-packages/usv_interfaces/msg/_control_deviation.py'...
[8.940s] Compiling '/home/cczh/temp-code/ground_truth_sim/install/usv_interfaces/local/lib/python3.10/dist-packages/usv_interfaces/msg/_global_track.py'...
[8.940s] Compiling '/home/cczh/temp-code/ground_truth_sim/install/usv_interfaces/local/lib/python3.10/dist-packages/usv_interfaces/msg/_global_track_array.py'...
[8.940s] Compiling '/home/cczh/temp-code/ground_truth_sim/install/usv_interfaces/local/lib/python3.10/dist-packages/usv_interfaces/msg/_mmwave_target.py'...
[8.940s] Compiling '/home/cczh/temp-code/ground_truth_sim/install/usv_interfaces/local/lib/python3.10/dist-packages/usv_interfaces/msg/_mmwave_target_array.py'...
[8.940s] Compiling '/home/cczh/temp-code/ground_truth_sim/install/usv_interfaces/local/lib/python3.10/dist-packages/usv_interfaces/msg/_nav_radar_target.py'...
[8.940s] Compiling '/home/cczh/temp-code/ground_truth_sim/install/usv_interfaces/local/lib/python3.10/dist-packages/usv_interfaces/msg/_nav_radar_target_array.py'...
[8.940s] Compiling '/home/cczh/temp-code/ground_truth_sim/install/usv_interfaces/local/lib/python3.10/dist-packages/usv_interfaces/msg/_operation_mode.py'...
[8.940s] Compiling '/home/cczh/temp-code/ground_truth_sim/install/usv_interfaces/local/lib/python3.10/dist-packages/usv_interfaces/msg/_vessel_state.py'...
[8.940s] Compiling '/home/cczh/temp-code/ground_truth_sim/install/usv_interfaces/local/lib/python3.10/dist-packages/usv_interfaces/msg/_vision_detection.py'...
[8.940s] Compiling '/home/cczh/temp-code/ground_truth_sim/install/usv_interfaces/local/lib/python3.10/dist-packages/usv_interfaces/msg/_vision_detection_array.py'...
[8.940s] Listing '/home/cczh/temp-code/ground_truth_sim/install/usv_interfaces/local/lib/python3.10/dist-packages/usv_interfaces/srv'...
[8.940s] Compiling '/home/cczh/temp-code/ground_truth_sim/install/usv_interfaces/local/lib/python3.10/dist-packages/usv_interfaces/srv/__init__.py'...
[8.940s] Compiling '/home/cczh/temp-code/ground_truth_sim/install/usv_interfaces/local/lib/python3.10/dist-packages/usv_interfaces/srv/_control_device.py'...
[8.942s] -- Installing: /home/cczh/temp-code/ground_truth_sim/install/usv_interfaces/lib/libusv_interfaces__rosidl_generator_py.so
[8.943s] -- Set runtime path of "/home/cczh/temp-code/ground_truth_sim/install/usv_interfaces/lib/libusv_interfaces__rosidl_generator_py.so" to ""
[8.943s] -- Installing: /home/cczh/temp-code/ground_truth_sim/install/usv_interfaces/share/usv_interfaces/cmake/export_usv_interfaces__rosidl_generator_cExport.cmake
[8.943s] -- Installing: /home/cczh/temp-code/ground_truth_sim/install/usv_interfaces/share/usv_interfaces/cmake/export_usv_interfaces__rosidl_generator_cExport-noconfig.cmake
[8.943s] -- Installing: /home/cczh/temp-code/ground_truth_sim/install/usv_interfaces/share/usv_interfaces/cmake/export_usv_interfaces__rosidl_typesupport_fastrtps_cExport.cmake
[8.943s] -- Installing: /home/cczh/temp-code/ground_truth_sim/install/usv_interfaces/share/usv_interfaces/cmake/export_usv_interfaces__rosidl_typesupport_fastrtps_cExport-noconfig.cmake
[8.944s] -- Installing: /home/cczh/temp-code/ground_truth_sim/install/usv_interfaces/share/usv_interfaces/cmake/export_usv_interfaces__rosidl_generator_cppExport.cmake
[8.944s] -- Installing: /home/cczh/temp-code/ground_truth_sim/install/usv_interfaces/share/usv_interfaces/cmake/export_usv_interfaces__rosidl_typesupport_fastrtps_cppExport.cmake
[8.944s] -- Installing: /home/cczh/temp-code/ground_truth_sim/install/usv_interfaces/share/usv_interfaces/cmake/export_usv_interfaces__rosidl_typesupport_fastrtps_cppExport-noconfig.cmake
[8.944s] -- Installing: /home/cczh/temp-code/ground_truth_sim/install/usv_interfaces/share/usv_interfaces/cmake/usv_interfaces__rosidl_typesupport_introspection_cExport.cmake
[8.944s] -- Installing: /home/cczh/temp-code/ground_truth_sim/install/usv_interfaces/share/usv_interfaces/cmake/usv_interfaces__rosidl_typesupport_introspection_cExport-noconfig.cmake
[8.944s] -- Installing: /home/cczh/temp-code/ground_truth_sim/install/usv_interfaces/share/usv_interfaces/cmake/usv_interfaces__rosidl_typesupport_cExport.cmake
[8.944s] -- Installing: /home/cczh/temp-code/ground_truth_sim/install/usv_interfaces/share/usv_interfaces/cmake/usv_interfaces__rosidl_typesupport_cExport-noconfig.cmake
[8.944s] -- Installing: /home/cczh/temp-code/ground_truth_sim/install/usv_interfaces/share/usv_interfaces/cmake/usv_interfaces__rosidl_typesupport_introspection_cppExport.cmake
[8.944s] -- Installing: /home/cczh/temp-code/ground_truth_sim/install/usv_interfaces/share/usv_interfaces/cmake/usv_interfaces__rosidl_typesupport_introspection_cppExport-noconfig.cmake
[8.944s] -- Installing: /home/cczh/temp-code/ground_truth_sim/install/usv_interfaces/share/usv_interfaces/cmake/usv_interfaces__rosidl_typesupport_cppExport.cmake
[8.944s] -- Installing: /home/cczh/temp-code/ground_truth_sim/install/usv_interfaces/share/usv_interfaces/cmake/usv_interfaces__rosidl_typesupport_cppExport-noconfig.cmake
[8.944s] -- Installing: /home/cczh/temp-code/ground_truth_sim/install/usv_interfaces/share/usv_interfaces/cmake/export_usv_interfaces__rosidl_generator_pyExport.cmake
[8.944s] -- Installing: /home/cczh/temp-code/ground_truth_sim/install/usv_interfaces/share/usv_interfaces/cmake/export_usv_interfaces__rosidl_generator_pyExport-noconfig.cmake
[8.946s] Invoked command in '/home/cczh/temp-code/ground_truth_sim/build/usv_interfaces' returned '0': CMAKE_PREFIX_PATH=/home/cczh/temp-code/ground_truth_sim/src/usv_fusion_new/install/usv_fusion_new:/opt/ros/humble /usr/bin/cmake --install /home/cczh/temp-code/ground_truth_sim/build/usv_interfaces
