[0.045s] DEBUG:colcon:Command line arguments: ['/usr/bin/colcon', 'build', '--packages-select', 'usv_interfaces', 'usv_event_fusion', 'ground_truth_sim']
[0.045s] DEBUG:colcon:Parsed command line arguments: Namespace(log_base=None, log_level=None, verb_name='build', build_base='build', install_base='install', merge_install=False, symlink_install=False, test_result_base=None, continue_on_error=False, executor='parallel', parallel_workers=32, event_handlers=None, ignore_user_meta=False, metas=['./colcon.meta'], base_paths=['.'], packages_ignore=None, packages_ignore_regex=None, paths=None, packages_up_to=None, packages_up_to_regex=None, packages_above=None, packages_above_and_dependencies=None, packages_above_depth=None, packages_select_by_dep=None, packages_skip_by_dep=None, packages_skip_up_to=None, packages_select_build_failed=False, packages_skip_build_finished=False, packages_select_test_failures=False, packages_skip_test_passed=False, packages_select=['usv_interfaces', 'usv_event_fusion', 'ground_truth_sim'], packages_skip=None, packages_select_regex=None, packages_skip_regex=None, packages_start=None, packages_end=None, allow_overriding=[], cmake_args=None, cmake_target=None, cmake_target_skip_unavailable=False, cmake_clean_cache=False, cmake_clean_first=False, cmake_force_configure=False, ament_cmake_args=None, catkin_cmake_args=None, catkin_skip_building_tests=False, verb_parser=<colcon_defaults.argument_parser.defaults.DefaultArgumentsDecorator object at 0x734d54277970>, verb_extension=<colcon_core.verb.build.BuildVerb object at 0x734d54277460>, main=<bound method BuildVerb.main of <colcon_core.verb.build.BuildVerb object at 0x734d54277460>>)
[0.063s] Level 1:colcon.colcon_core.package_discovery:discover_packages(colcon_meta) check parameters
[0.063s] Level 1:colcon.colcon_core.package_discovery:discover_packages(recursive) check parameters
[0.063s] Level 1:colcon.colcon_core.package_discovery:discover_packages(ignore) check parameters
[0.063s] Level 1:colcon.colcon_core.package_discovery:discover_packages(path) check parameters
[0.063s] Level 1:colcon.colcon_core.package_discovery:discover_packages(colcon_meta) discover
[0.063s] Level 1:colcon.colcon_core.package_discovery:discover_packages(recursive) discover
[0.063s] INFO:colcon.colcon_core.package_discovery:Crawling recursively for packages in '/home/cczh/temp-code/ground_truth_sim'
[0.063s] Level 1:colcon.colcon_core.package_identification:_identify(.) by extensions ['ignore', 'ignore_ament_install']
[0.063s] Level 1:colcon.colcon_core.package_identification:_identify(.) by extension 'ignore'
[0.063s] Level 1:colcon.colcon_core.package_identification:_identify(.) by extension 'ignore_ament_install'
[0.063s] Level 1:colcon.colcon_core.package_identification:_identify(.) by extensions ['colcon_pkg']
[0.063s] Level 1:colcon.colcon_core.package_identification:_identify(.) by extension 'colcon_pkg'
[0.063s] Level 1:colcon.colcon_core.package_identification:_identify(.) by extensions ['colcon_meta']
[0.063s] Level 1:colcon.colcon_core.package_identification:_identify(.) by extension 'colcon_meta'
[0.063s] Level 1:colcon.colcon_core.package_identification:_identify(.) by extensions ['ros']
[0.063s] Level 1:colcon.colcon_core.package_identification:_identify(.) by extension 'ros'
[0.070s] Level 1:colcon.colcon_core.package_identification:_identify(.) by extensions ['cmake', 'python']
[0.070s] Level 1:colcon.colcon_core.package_identification:_identify(.) by extension 'cmake'
[0.070s] Level 1:colcon.colcon_core.package_identification:_identify(.) by extension 'python'
[0.070s] Level 1:colcon.colcon_core.package_identification:_identify(.) by extensions ['python_setup_py']
[0.070s] Level 1:colcon.colcon_core.package_identification:_identify(.) by extension 'python_setup_py'
[0.071s] Level 1:colcon.colcon_core.package_identification:_identify(build) by extensions ['ignore', 'ignore_ament_install']
[0.071s] Level 1:colcon.colcon_core.package_identification:_identify(build) by extension 'ignore'
[0.071s] Level 1:colcon.colcon_core.package_identification:_identify(build) ignored
[0.071s] Level 1:colcon.colcon_core.package_identification:_identify(docs) by extensions ['ignore', 'ignore_ament_install']
[0.071s] Level 1:colcon.colcon_core.package_identification:_identify(docs) by extension 'ignore'
[0.071s] Level 1:colcon.colcon_core.package_identification:_identify(docs) by extension 'ignore_ament_install'
[0.071s] Level 1:colcon.colcon_core.package_identification:_identify(docs) by extensions ['colcon_pkg']
[0.071s] Level 1:colcon.colcon_core.package_identification:_identify(docs) by extension 'colcon_pkg'
[0.071s] Level 1:colcon.colcon_core.package_identification:_identify(docs) by extensions ['colcon_meta']
[0.071s] Level 1:colcon.colcon_core.package_identification:_identify(docs) by extension 'colcon_meta'
[0.071s] Level 1:colcon.colcon_core.package_identification:_identify(docs) by extensions ['ros']
[0.071s] Level 1:colcon.colcon_core.package_identification:_identify(docs) by extension 'ros'
[0.071s] Level 1:colcon.colcon_core.package_identification:_identify(docs) by extensions ['cmake', 'python']
[0.071s] Level 1:colcon.colcon_core.package_identification:_identify(docs) by extension 'cmake'
[0.071s] Level 1:colcon.colcon_core.package_identification:_identify(docs) by extension 'python'
[0.071s] Level 1:colcon.colcon_core.package_identification:_identify(docs) by extensions ['python_setup_py']
[0.071s] Level 1:colcon.colcon_core.package_identification:_identify(docs) by extension 'python_setup_py'
[0.071s] Level 1:colcon.colcon_core.package_identification:_identify(install) by extensions ['ignore', 'ignore_ament_install']
[0.071s] Level 1:colcon.colcon_core.package_identification:_identify(install) by extension 'ignore'
[0.071s] Level 1:colcon.colcon_core.package_identification:_identify(install) ignored
[0.071s] Level 1:colcon.colcon_core.package_identification:_identify(log) by extensions ['ignore', 'ignore_ament_install']
[0.071s] Level 1:colcon.colcon_core.package_identification:_identify(log) by extension 'ignore'
[0.071s] Level 1:colcon.colcon_core.package_identification:_identify(log) ignored
[0.071s] Level 1:colcon.colcon_core.package_identification:_identify(scripts) by extensions ['ignore', 'ignore_ament_install']
[0.071s] Level 1:colcon.colcon_core.package_identification:_identify(scripts) by extension 'ignore'
[0.071s] Level 1:colcon.colcon_core.package_identification:_identify(scripts) by extension 'ignore_ament_install'
[0.071s] Level 1:colcon.colcon_core.package_identification:_identify(scripts) by extensions ['colcon_pkg']
[0.071s] Level 1:colcon.colcon_core.package_identification:_identify(scripts) by extension 'colcon_pkg'
[0.071s] Level 1:colcon.colcon_core.package_identification:_identify(scripts) by extensions ['colcon_meta']
[0.071s] Level 1:colcon.colcon_core.package_identification:_identify(scripts) by extension 'colcon_meta'
[0.071s] Level 1:colcon.colcon_core.package_identification:_identify(scripts) by extensions ['ros']
[0.071s] Level 1:colcon.colcon_core.package_identification:_identify(scripts) by extension 'ros'
[0.071s] Level 1:colcon.colcon_core.package_identification:_identify(scripts) by extensions ['cmake', 'python']
[0.071s] Level 1:colcon.colcon_core.package_identification:_identify(scripts) by extension 'cmake'
[0.071s] Level 1:colcon.colcon_core.package_identification:_identify(scripts) by extension 'python'
[0.071s] Level 1:colcon.colcon_core.package_identification:_identify(scripts) by extensions ['python_setup_py']
[0.071s] Level 1:colcon.colcon_core.package_identification:_identify(scripts) by extension 'python_setup_py'
[0.071s] Level 1:colcon.colcon_core.package_identification:_identify(src) by extensions ['ignore', 'ignore_ament_install']
[0.071s] Level 1:colcon.colcon_core.package_identification:_identify(src) by extension 'ignore'
[0.071s] Level 1:colcon.colcon_core.package_identification:_identify(src) by extension 'ignore_ament_install'
[0.071s] Level 1:colcon.colcon_core.package_identification:_identify(src) by extensions ['colcon_pkg']
[0.071s] Level 1:colcon.colcon_core.package_identification:_identify(src) by extension 'colcon_pkg'
[0.071s] Level 1:colcon.colcon_core.package_identification:_identify(src) by extensions ['colcon_meta']
[0.071s] Level 1:colcon.colcon_core.package_identification:_identify(src) by extension 'colcon_meta'
[0.071s] Level 1:colcon.colcon_core.package_identification:_identify(src) by extensions ['ros']
[0.071s] Level 1:colcon.colcon_core.package_identification:_identify(src) by extension 'ros'
[0.071s] Level 1:colcon.colcon_core.package_identification:_identify(src) by extensions ['cmake', 'python']
[0.071s] Level 1:colcon.colcon_core.package_identification:_identify(src) by extension 'cmake'
[0.071s] Level 1:colcon.colcon_core.package_identification:_identify(src) by extension 'python'
[0.071s] Level 1:colcon.colcon_core.package_identification:_identify(src) by extensions ['python_setup_py']
[0.072s] Level 1:colcon.colcon_core.package_identification:_identify(src) by extension 'python_setup_py'
[0.072s] Level 1:colcon.colcon_core.package_identification:_identify(src/percision_sim) by extensions ['ignore', 'ignore_ament_install']
[0.072s] Level 1:colcon.colcon_core.package_identification:_identify(src/percision_sim) by extension 'ignore'
[0.072s] Level 1:colcon.colcon_core.package_identification:_identify(src/percision_sim) by extension 'ignore_ament_install'
[0.072s] Level 1:colcon.colcon_core.package_identification:_identify(src/percision_sim) by extensions ['colcon_pkg']
[0.072s] Level 1:colcon.colcon_core.package_identification:_identify(src/percision_sim) by extension 'colcon_pkg'
[0.072s] Level 1:colcon.colcon_core.package_identification:_identify(src/percision_sim) by extensions ['colcon_meta']
[0.072s] Level 1:colcon.colcon_core.package_identification:_identify(src/percision_sim) by extension 'colcon_meta'
[0.072s] Level 1:colcon.colcon_core.package_identification:_identify(src/percision_sim) by extensions ['ros']
[0.072s] Level 1:colcon.colcon_core.package_identification:_identify(src/percision_sim) by extension 'ros'
[0.073s] DEBUG:colcon.colcon_core.package_identification:Package 'src/percision_sim' with type 'ros.ament_python' and name 'percision_sim'
[0.073s] Level 1:colcon.colcon_core.package_identification:_identify(src/sim) by extensions ['ignore', 'ignore_ament_install']
[0.073s] Level 1:colcon.colcon_core.package_identification:_identify(src/sim) by extension 'ignore'
[0.073s] Level 1:colcon.colcon_core.package_identification:_identify(src/sim) by extension 'ignore_ament_install'
[0.073s] Level 1:colcon.colcon_core.package_identification:_identify(src/sim) by extensions ['colcon_pkg']
[0.073s] Level 1:colcon.colcon_core.package_identification:_identify(src/sim) by extension 'colcon_pkg'
[0.073s] Level 1:colcon.colcon_core.package_identification:_identify(src/sim) by extensions ['colcon_meta']
[0.073s] Level 1:colcon.colcon_core.package_identification:_identify(src/sim) by extension 'colcon_meta'
[0.073s] Level 1:colcon.colcon_core.package_identification:_identify(src/sim) by extensions ['ros']
[0.073s] Level 1:colcon.colcon_core.package_identification:_identify(src/sim) by extension 'ros'
[0.074s] DEBUG:colcon.colcon_core.package_identification:Package 'src/sim' with type 'ros.ament_python' and name 'ground_truth_sim'
[0.074s] Level 1:colcon.colcon_core.package_identification:_identify(src/usv_event_fusion) by extensions ['ignore', 'ignore_ament_install']
[0.074s] Level 1:colcon.colcon_core.package_identification:_identify(src/usv_event_fusion) by extension 'ignore'
[0.074s] Level 1:colcon.colcon_core.package_identification:_identify(src/usv_event_fusion) by extension 'ignore_ament_install'
[0.074s] Level 1:colcon.colcon_core.package_identification:_identify(src/usv_event_fusion) by extensions ['colcon_pkg']
[0.074s] Level 1:colcon.colcon_core.package_identification:_identify(src/usv_event_fusion) by extension 'colcon_pkg'
[0.074s] Level 1:colcon.colcon_core.package_identification:_identify(src/usv_event_fusion) by extensions ['colcon_meta']
[0.074s] Level 1:colcon.colcon_core.package_identification:_identify(src/usv_event_fusion) by extension 'colcon_meta'
[0.074s] Level 1:colcon.colcon_core.package_identification:_identify(src/usv_event_fusion) by extensions ['ros']
[0.074s] Level 1:colcon.colcon_core.package_identification:_identify(src/usv_event_fusion) by extension 'ros'
[0.074s] DEBUG:colcon.colcon_core.package_identification:Package 'src/usv_event_fusion' with type 'ros.ament_python' and name 'usv_event_fusion'
[0.074s] Level 1:colcon.colcon_core.package_identification:_identify(src/usv_interfaces) by extensions ['ignore', 'ignore_ament_install']
[0.074s] Level 1:colcon.colcon_core.package_identification:_identify(src/usv_interfaces) by extension 'ignore'
[0.074s] Level 1:colcon.colcon_core.package_identification:_identify(src/usv_interfaces) by extension 'ignore_ament_install'
[0.074s] Level 1:colcon.colcon_core.package_identification:_identify(src/usv_interfaces) by extensions ['colcon_pkg']
[0.074s] Level 1:colcon.colcon_core.package_identification:_identify(src/usv_interfaces) by extension 'colcon_pkg'
[0.074s] Level 1:colcon.colcon_core.package_identification:_identify(src/usv_interfaces) by extensions ['colcon_meta']
[0.074s] Level 1:colcon.colcon_core.package_identification:_identify(src/usv_interfaces) by extension 'colcon_meta'
[0.075s] Level 1:colcon.colcon_core.package_identification:_identify(src/usv_interfaces) by extensions ['ros']
[0.075s] Level 1:colcon.colcon_core.package_identification:_identify(src/usv_interfaces) by extension 'ros'
[0.075s] DEBUG:colcon.colcon_core.package_identification:Package 'src/usv_interfaces' with type 'ros.ament_cmake' and name 'usv_interfaces'
[0.075s] Level 1:colcon.colcon_core.package_discovery:discover_packages(recursive) using defaults
[0.075s] Level 1:colcon.colcon_core.package_discovery:discover_packages(ignore) discover
[0.075s] Level 1:colcon.colcon_core.package_discovery:discover_packages(ignore) using defaults
[0.075s] Level 1:colcon.colcon_core.package_discovery:discover_packages(path) discover
[0.075s] Level 1:colcon.colcon_core.package_discovery:discover_packages(path) using defaults
[0.084s] INFO:colcon.colcon_core.package_selection:Skipping not selected package 'percision_sim' in 'src/percision_sim'
[0.085s] Level 1:colcon.colcon_core.package_discovery:discover_packages(prefix_path) check parameters
[0.085s] Level 1:colcon.colcon_core.package_discovery:discover_packages(prefix_path) discover
[0.086s] DEBUG:colcon.colcon_installed_package_information.package_discovery:Found 366 installed packages in /opt/ros/humble
[0.086s] Level 1:colcon.colcon_core.package_discovery:discover_packages(prefix_path) using defaults
[0.105s] Level 5:colcon.colcon_core.verb:set package 'usv_interfaces' build argument 'cmake_args' from command line to 'None'
[0.105s] Level 5:colcon.colcon_core.verb:set package 'usv_interfaces' build argument 'cmake_target' from command line to 'None'
[0.105s] Level 5:colcon.colcon_core.verb:set package 'usv_interfaces' build argument 'cmake_target_skip_unavailable' from command line to 'False'
[0.105s] Level 5:colcon.colcon_core.verb:set package 'usv_interfaces' build argument 'cmake_clean_cache' from command line to 'False'
[0.105s] Level 5:colcon.colcon_core.verb:set package 'usv_interfaces' build argument 'cmake_clean_first' from command line to 'False'
[0.105s] Level 5:colcon.colcon_core.verb:set package 'usv_interfaces' build argument 'cmake_force_configure' from command line to 'False'
[0.105s] Level 5:colcon.colcon_core.verb:set package 'usv_interfaces' build argument 'ament_cmake_args' from command line to 'None'
[0.105s] Level 5:colcon.colcon_core.verb:set package 'usv_interfaces' build argument 'catkin_cmake_args' from command line to 'None'
[0.105s] Level 5:colcon.colcon_core.verb:set package 'usv_interfaces' build argument 'catkin_skip_building_tests' from command line to 'False'
[0.105s] DEBUG:colcon.colcon_core.verb:Building package 'usv_interfaces' with the following arguments: {'ament_cmake_args': None, 'build_base': '/home/cczh/temp-code/ground_truth_sim/build/usv_interfaces', 'catkin_cmake_args': None, 'catkin_skip_building_tests': False, 'cmake_args': None, 'cmake_clean_cache': False, 'cmake_clean_first': False, 'cmake_force_configure': False, 'cmake_target': None, 'cmake_target_skip_unavailable': False, 'install_base': '/home/cczh/temp-code/ground_truth_sim/install/usv_interfaces', 'merge_install': False, 'path': '/home/cczh/temp-code/ground_truth_sim/src/usv_interfaces', 'symlink_install': False, 'test_result_base': None}
[0.105s] Level 5:colcon.colcon_core.verb:set package 'usv_event_fusion' build argument 'cmake_args' from command line to 'None'
[0.105s] Level 5:colcon.colcon_core.verb:set package 'usv_event_fusion' build argument 'cmake_target' from command line to 'None'
[0.105s] Level 5:colcon.colcon_core.verb:set package 'usv_event_fusion' build argument 'cmake_target_skip_unavailable' from command line to 'False'
[0.105s] Level 5:colcon.colcon_core.verb:set package 'usv_event_fusion' build argument 'cmake_clean_cache' from command line to 'False'
[0.105s] Level 5:colcon.colcon_core.verb:set package 'usv_event_fusion' build argument 'cmake_clean_first' from command line to 'False'
[0.105s] Level 5:colcon.colcon_core.verb:set package 'usv_event_fusion' build argument 'cmake_force_configure' from command line to 'False'
[0.105s] Level 5:colcon.colcon_core.verb:set package 'usv_event_fusion' build argument 'ament_cmake_args' from command line to 'None'
[0.105s] Level 5:colcon.colcon_core.verb:set package 'usv_event_fusion' build argument 'catkin_cmake_args' from command line to 'None'
[0.105s] Level 5:colcon.colcon_core.verb:set package 'usv_event_fusion' build argument 'catkin_skip_building_tests' from command line to 'False'
[0.105s] DEBUG:colcon.colcon_core.verb:Building package 'usv_event_fusion' with the following arguments: {'ament_cmake_args': None, 'build_base': '/home/cczh/temp-code/ground_truth_sim/build/usv_event_fusion', 'catkin_cmake_args': None, 'catkin_skip_building_tests': False, 'cmake_args': None, 'cmake_clean_cache': False, 'cmake_clean_first': False, 'cmake_force_configure': False, 'cmake_target': None, 'cmake_target_skip_unavailable': False, 'install_base': '/home/cczh/temp-code/ground_truth_sim/install/usv_event_fusion', 'merge_install': False, 'path': '/home/cczh/temp-code/ground_truth_sim/src/usv_event_fusion', 'symlink_install': False, 'test_result_base': None}
[0.105s] Level 5:colcon.colcon_core.verb:set package 'ground_truth_sim' build argument 'cmake_args' from command line to 'None'
[0.105s] Level 5:colcon.colcon_core.verb:set package 'ground_truth_sim' build argument 'cmake_target' from command line to 'None'
[0.105s] Level 5:colcon.colcon_core.verb:set package 'ground_truth_sim' build argument 'cmake_target_skip_unavailable' from command line to 'False'
[0.105s] Level 5:colcon.colcon_core.verb:set package 'ground_truth_sim' build argument 'cmake_clean_cache' from command line to 'False'
[0.105s] Level 5:colcon.colcon_core.verb:set package 'ground_truth_sim' build argument 'cmake_clean_first' from command line to 'False'
[0.105s] Level 5:colcon.colcon_core.verb:set package 'ground_truth_sim' build argument 'cmake_force_configure' from command line to 'False'
[0.105s] Level 5:colcon.colcon_core.verb:set package 'ground_truth_sim' build argument 'ament_cmake_args' from command line to 'None'
[0.105s] Level 5:colcon.colcon_core.verb:set package 'ground_truth_sim' build argument 'catkin_cmake_args' from command line to 'None'
[0.105s] Level 5:colcon.colcon_core.verb:set package 'ground_truth_sim' build argument 'catkin_skip_building_tests' from command line to 'False'
[0.105s] DEBUG:colcon.colcon_core.verb:Building package 'ground_truth_sim' with the following arguments: {'ament_cmake_args': None, 'build_base': '/home/cczh/temp-code/ground_truth_sim/build/ground_truth_sim', 'catkin_cmake_args': None, 'catkin_skip_building_tests': False, 'cmake_args': None, 'cmake_clean_cache': False, 'cmake_clean_first': False, 'cmake_force_configure': False, 'cmake_target': None, 'cmake_target_skip_unavailable': False, 'install_base': '/home/cczh/temp-code/ground_truth_sim/install/ground_truth_sim', 'merge_install': False, 'path': '/home/cczh/temp-code/ground_truth_sim/src/sim', 'symlink_install': False, 'test_result_base': None}
[0.105s] INFO:colcon.colcon_core.executor:Executing jobs using 'parallel' executor
[0.106s] DEBUG:colcon.colcon_parallel_executor.executor.parallel:run_until_complete
[0.106s] INFO:colcon.colcon_ros.task.ament_cmake.build:Building ROS package in '/home/cczh/temp-code/ground_truth_sim/src/usv_interfaces' with build type 'ament_cmake'
[0.106s] INFO:colcon.colcon_cmake.task.cmake.build:Building CMake package in '/home/cczh/temp-code/ground_truth_sim/src/usv_interfaces'
[0.107s] INFO:colcon.colcon_core.plugin_system:Skipping extension 'colcon_core.shell.bat': Not used on non-Windows systems
[0.107s] INFO:colcon.colcon_core.shell:Skip shell extension 'powershell' for command environment: Not usable outside of PowerShell
[0.107s] DEBUG:colcon.colcon_core.shell:Skip shell extension 'dsv' for command environment
[0.111s] DEBUG:colcon.colcon_core.event_handler.log_command:Invoking command in '/home/cczh/temp-code/ground_truth_sim/build/usv_interfaces': CMAKE_PREFIX_PATH=/opt/ros/humble /usr/bin/cmake /home/cczh/temp-code/ground_truth_sim/src/usv_interfaces -DCMAKE_INSTALL_PREFIX=/home/cczh/temp-code/ground_truth_sim/install/usv_interfaces
[1.436s] DEBUG:colcon.colcon_core.event_handler.log_command:Invoked command in '/home/cczh/temp-code/ground_truth_sim/build/usv_interfaces' returned '0': CMAKE_PREFIX_PATH=/opt/ros/humble /usr/bin/cmake /home/cczh/temp-code/ground_truth_sim/src/usv_interfaces -DCMAKE_INSTALL_PREFIX=/home/cczh/temp-code/ground_truth_sim/install/usv_interfaces
[1.437s] DEBUG:colcon.colcon_core.event_handler.log_command:Invoking command in '/home/cczh/temp-code/ground_truth_sim/build/usv_interfaces': CMAKE_PREFIX_PATH=/opt/ros/humble /usr/bin/cmake --build /home/cczh/temp-code/ground_truth_sim/build/usv_interfaces -- -j32 -l32
[6.514s] DEBUG:colcon.colcon_core.event_handler.log_command:Invoked command in '/home/cczh/temp-code/ground_truth_sim/build/usv_interfaces' returned '0': CMAKE_PREFIX_PATH=/opt/ros/humble /usr/bin/cmake --build /home/cczh/temp-code/ground_truth_sim/build/usv_interfaces -- -j32 -l32
[6.523s] DEBUG:colcon.colcon_core.event_handler.log_command:Invoking command in '/home/cczh/temp-code/ground_truth_sim/build/usv_interfaces': CMAKE_PREFIX_PATH=/opt/ros/humble /usr/bin/cmake --install /home/cczh/temp-code/ground_truth_sim/build/usv_interfaces
[6.615s] Level 1:colcon.colcon_core.environment:create_environment_scripts_only(usv_interfaces)
[6.615s] DEBUG:colcon.colcon_core.event_handler.log_command:Invoked command in '/home/cczh/temp-code/ground_truth_sim/build/usv_interfaces' returned '0': CMAKE_PREFIX_PATH=/opt/ros/humble /usr/bin/cmake --install /home/cczh/temp-code/ground_truth_sim/build/usv_interfaces
[6.617s] Level 1:colcon.colcon_core.environment:checking '/home/cczh/temp-code/ground_truth_sim/install/usv_interfaces' for CMake module files
[6.618s] Level 1:colcon.colcon_core.environment:checking '/home/cczh/temp-code/ground_truth_sim/install/usv_interfaces' for CMake config files
[6.618s] Level 1:colcon.colcon_core.shell:create_environment_hook('usv_interfaces', 'cmake_prefix_path')
[6.618s] INFO:colcon.colcon_core.shell:Creating environment hook '/home/cczh/temp-code/ground_truth_sim/install/usv_interfaces/share/usv_interfaces/hook/cmake_prefix_path.ps1'
[6.618s] INFO:colcon.colcon_core.shell:Creating environment descriptor '/home/cczh/temp-code/ground_truth_sim/install/usv_interfaces/share/usv_interfaces/hook/cmake_prefix_path.dsv'
[6.619s] INFO:colcon.colcon_core.shell:Creating environment hook '/home/cczh/temp-code/ground_truth_sim/install/usv_interfaces/share/usv_interfaces/hook/cmake_prefix_path.sh'
[6.619s] Level 1:colcon.colcon_core.environment:checking '/home/cczh/temp-code/ground_truth_sim/install/usv_interfaces/lib'
[6.619s] Level 1:colcon.colcon_core.shell:create_environment_hook('usv_interfaces', 'ld_library_path_lib')
[6.620s] INFO:colcon.colcon_core.shell:Creating environment hook '/home/cczh/temp-code/ground_truth_sim/install/usv_interfaces/share/usv_interfaces/hook/ld_library_path_lib.ps1'
[6.620s] INFO:colcon.colcon_core.shell:Creating environment descriptor '/home/cczh/temp-code/ground_truth_sim/install/usv_interfaces/share/usv_interfaces/hook/ld_library_path_lib.dsv'
[6.620s] INFO:colcon.colcon_core.shell:Creating environment hook '/home/cczh/temp-code/ground_truth_sim/install/usv_interfaces/share/usv_interfaces/hook/ld_library_path_lib.sh'
[6.620s] Level 1:colcon.colcon_core.environment:checking '/home/cczh/temp-code/ground_truth_sim/install/usv_interfaces/bin'
[6.620s] Level 1:colcon.colcon_core.environment:checking '/home/cczh/temp-code/ground_truth_sim/install/usv_interfaces/lib/pkgconfig/usv_interfaces.pc'
[6.620s] Level 1:colcon.colcon_core.environment:checking '/home/cczh/temp-code/ground_truth_sim/install/usv_interfaces/lib/python3.10/site-packages'
[6.621s] Level 1:colcon.colcon_core.environment:checking '/home/cczh/temp-code/ground_truth_sim/install/usv_interfaces/bin'
[6.621s] INFO:colcon.colcon_core.shell:Creating package script '/home/cczh/temp-code/ground_truth_sim/install/usv_interfaces/share/usv_interfaces/package.ps1'
[6.622s] INFO:colcon.colcon_core.shell:Creating package descriptor '/home/cczh/temp-code/ground_truth_sim/install/usv_interfaces/share/usv_interfaces/package.dsv'
[6.622s] INFO:colcon.colcon_core.shell:Creating package script '/home/cczh/temp-code/ground_truth_sim/install/usv_interfaces/share/usv_interfaces/package.sh'
[6.623s] INFO:colcon.colcon_core.shell:Creating package script '/home/cczh/temp-code/ground_truth_sim/install/usv_interfaces/share/usv_interfaces/package.bash'
[6.623s] INFO:colcon.colcon_core.shell:Creating package script '/home/cczh/temp-code/ground_truth_sim/install/usv_interfaces/share/usv_interfaces/package.zsh'
[6.624s] Level 1:colcon.colcon_core.environment:create_file_with_runtime_dependencies(/home/cczh/temp-code/ground_truth_sim/install/usv_interfaces/share/colcon-core/packages/usv_interfaces)
[6.624s] Level 1:colcon.colcon_core.environment:create_environment_scripts_only(usv_interfaces)
[6.625s] Level 1:colcon.colcon_core.environment:checking '/home/cczh/temp-code/ground_truth_sim/install/usv_interfaces' for CMake module files
[6.625s] Level 1:colcon.colcon_core.environment:checking '/home/cczh/temp-code/ground_truth_sim/install/usv_interfaces' for CMake config files
[6.625s] Level 1:colcon.colcon_core.shell:create_environment_hook('usv_interfaces', 'cmake_prefix_path')
[6.625s] INFO:colcon.colcon_core.shell:Creating environment hook '/home/cczh/temp-code/ground_truth_sim/install/usv_interfaces/share/usv_interfaces/hook/cmake_prefix_path.ps1'
[6.626s] INFO:colcon.colcon_core.shell:Creating environment descriptor '/home/cczh/temp-code/ground_truth_sim/install/usv_interfaces/share/usv_interfaces/hook/cmake_prefix_path.dsv'
[6.626s] INFO:colcon.colcon_core.shell:Creating environment hook '/home/cczh/temp-code/ground_truth_sim/install/usv_interfaces/share/usv_interfaces/hook/cmake_prefix_path.sh'
[6.626s] Level 1:colcon.colcon_core.environment:checking '/home/cczh/temp-code/ground_truth_sim/install/usv_interfaces/lib'
[6.627s] Level 1:colcon.colcon_core.shell:create_environment_hook('usv_interfaces', 'ld_library_path_lib')
[6.627s] INFO:colcon.colcon_core.shell:Creating environment hook '/home/cczh/temp-code/ground_truth_sim/install/usv_interfaces/share/usv_interfaces/hook/ld_library_path_lib.ps1'
[6.627s] INFO:colcon.colcon_core.shell:Creating environment descriptor '/home/cczh/temp-code/ground_truth_sim/install/usv_interfaces/share/usv_interfaces/hook/ld_library_path_lib.dsv'
[6.627s] INFO:colcon.colcon_core.shell:Creating environment hook '/home/cczh/temp-code/ground_truth_sim/install/usv_interfaces/share/usv_interfaces/hook/ld_library_path_lib.sh'
[6.628s] Level 1:colcon.colcon_core.environment:checking '/home/cczh/temp-code/ground_truth_sim/install/usv_interfaces/bin'
[6.628s] Level 1:colcon.colcon_core.environment:checking '/home/cczh/temp-code/ground_truth_sim/install/usv_interfaces/lib/pkgconfig/usv_interfaces.pc'
[6.628s] Level 1:colcon.colcon_core.environment:checking '/home/cczh/temp-code/ground_truth_sim/install/usv_interfaces/lib/python3.10/site-packages'
[6.628s] Level 1:colcon.colcon_core.environment:checking '/home/cczh/temp-code/ground_truth_sim/install/usv_interfaces/bin'
[6.628s] INFO:colcon.colcon_core.shell:Creating package script '/home/cczh/temp-code/ground_truth_sim/install/usv_interfaces/share/usv_interfaces/package.ps1'
[6.629s] INFO:colcon.colcon_core.shell:Creating package descriptor '/home/cczh/temp-code/ground_truth_sim/install/usv_interfaces/share/usv_interfaces/package.dsv'
[6.629s] INFO:colcon.colcon_core.shell:Creating package script '/home/cczh/temp-code/ground_truth_sim/install/usv_interfaces/share/usv_interfaces/package.sh'
[6.629s] INFO:colcon.colcon_core.shell:Creating package script '/home/cczh/temp-code/ground_truth_sim/install/usv_interfaces/share/usv_interfaces/package.bash'
[6.630s] INFO:colcon.colcon_core.shell:Creating package script '/home/cczh/temp-code/ground_truth_sim/install/usv_interfaces/share/usv_interfaces/package.zsh'
[6.630s] Level 1:colcon.colcon_core.environment:create_file_with_runtime_dependencies(/home/cczh/temp-code/ground_truth_sim/install/usv_interfaces/share/colcon-core/packages/usv_interfaces)
[6.630s] INFO:colcon.colcon_ros.task.ament_python.build:Building ROS package in '/home/cczh/temp-code/ground_truth_sim/src/usv_event_fusion' with build type 'ament_python'
[6.630s] Level 1:colcon.colcon_core.shell:create_environment_hook('usv_event_fusion', 'ament_prefix_path')
[6.630s] INFO:colcon.colcon_core.shell:Creating environment hook '/home/cczh/temp-code/ground_truth_sim/install/usv_event_fusion/share/usv_event_fusion/hook/ament_prefix_path.ps1'
[6.631s] INFO:colcon.colcon_core.shell:Creating environment descriptor '/home/cczh/temp-code/ground_truth_sim/install/usv_event_fusion/share/usv_event_fusion/hook/ament_prefix_path.dsv'
[6.631s] INFO:colcon.colcon_core.shell:Creating environment hook '/home/cczh/temp-code/ground_truth_sim/install/usv_event_fusion/share/usv_event_fusion/hook/ament_prefix_path.sh'
[6.631s] INFO:colcon.colcon_core.shell:Skip shell extension 'powershell' for command environment: Not usable outside of PowerShell
[6.632s] DEBUG:colcon.colcon_core.shell:Skip shell extension 'dsv' for command environment
[6.739s] INFO:colcon.colcon_core.task.python.build:Building Python package in '/home/cczh/temp-code/ground_truth_sim/src/usv_event_fusion'
[6.740s] INFO:colcon.colcon_core.shell:Skip shell extension 'powershell' for command environment: Not usable outside of PowerShell
[6.740s] DEBUG:colcon.colcon_core.shell:Skip shell extension 'dsv' for command environment
[6.991s] DEBUG:colcon.colcon_core.event_handler.log_command:Invoking command in '/home/cczh/temp-code/ground_truth_sim/src/usv_event_fusion': AMENT_PREFIX_PATH=/home/cczh/temp-code/ground_truth_sim/install/usv_interfaces:${AMENT_PREFIX_PATH} CMAKE_PREFIX_PATH=/home/cczh/temp-code/ground_truth_sim/install/usv_interfaces LD_LIBRARY_PATH=/home/cczh/temp-code/ground_truth_sim/install/usv_interfaces/lib:${LD_LIBRARY_PATH} PYTHONPATH=/home/cczh/temp-code/ground_truth_sim/build/usv_event_fusion/prefix_override:/usr/lib/python3/dist-packages/colcon_core/task/python/colcon_distutils_commands:/home/cczh/temp-code/ground_truth_sim/install/usv_event_fusion/lib/python3.10/site-packages:/home/cczh/temp-code/ground_truth_sim/install/usv_interfaces/local/lib/python3.10/dist-packages:${PYTHONPATH} /usr/bin/python3 -W ignore:setup.py install is deprecated -W ignore:easy_install command is deprecated setup.py egg_info --egg-base ../../build/usv_event_fusion build --build-base /home/cczh/temp-code/ground_truth_sim/build/usv_event_fusion/build install --record /home/cczh/temp-code/ground_truth_sim/build/usv_event_fusion/install.log --single-version-externally-managed install_data
[7.218s] Level 1:colcon.colcon_core.environment:checking '/home/cczh/temp-code/ground_truth_sim/install/usv_event_fusion' for CMake module files
[7.219s] DEBUG:colcon.colcon_core.event_handler.log_command:Invoked command in '/home/cczh/temp-code/ground_truth_sim/src/usv_event_fusion' returned '0': AMENT_PREFIX_PATH=/home/cczh/temp-code/ground_truth_sim/install/usv_interfaces:${AMENT_PREFIX_PATH} CMAKE_PREFIX_PATH=/home/cczh/temp-code/ground_truth_sim/install/usv_interfaces LD_LIBRARY_PATH=/home/cczh/temp-code/ground_truth_sim/install/usv_interfaces/lib:${LD_LIBRARY_PATH} PYTHONPATH=/home/cczh/temp-code/ground_truth_sim/build/usv_event_fusion/prefix_override:/usr/lib/python3/dist-packages/colcon_core/task/python/colcon_distutils_commands:/home/cczh/temp-code/ground_truth_sim/install/usv_event_fusion/lib/python3.10/site-packages:/home/cczh/temp-code/ground_truth_sim/install/usv_interfaces/local/lib/python3.10/dist-packages:${PYTHONPATH} /usr/bin/python3 -W ignore:setup.py install is deprecated -W ignore:easy_install command is deprecated setup.py egg_info --egg-base ../../build/usv_event_fusion build --build-base /home/cczh/temp-code/ground_truth_sim/build/usv_event_fusion/build install --record /home/cczh/temp-code/ground_truth_sim/build/usv_event_fusion/install.log --single-version-externally-managed install_data
[7.219s] Level 1:colcon.colcon_core.environment:checking '/home/cczh/temp-code/ground_truth_sim/install/usv_event_fusion' for CMake config files
[7.219s] Level 1:colcon.colcon_core.environment:checking '/home/cczh/temp-code/ground_truth_sim/install/usv_event_fusion/lib'
[7.219s] Level 1:colcon.colcon_core.environment:checking '/home/cczh/temp-code/ground_truth_sim/install/usv_event_fusion/bin'
[7.219s] Level 1:colcon.colcon_core.environment:checking '/home/cczh/temp-code/ground_truth_sim/install/usv_event_fusion/lib/pkgconfig/usv_event_fusion.pc'
[7.219s] Level 1:colcon.colcon_core.environment:checking '/home/cczh/temp-code/ground_truth_sim/install/usv_event_fusion/lib/python3.10/site-packages'
[7.219s] Level 1:colcon.colcon_core.shell:create_environment_hook('usv_event_fusion', 'pythonpath')
[7.219s] INFO:colcon.colcon_core.shell:Creating environment hook '/home/cczh/temp-code/ground_truth_sim/install/usv_event_fusion/share/usv_event_fusion/hook/pythonpath.ps1'
[7.220s] INFO:colcon.colcon_core.shell:Creating environment descriptor '/home/cczh/temp-code/ground_truth_sim/install/usv_event_fusion/share/usv_event_fusion/hook/pythonpath.dsv'
[7.220s] INFO:colcon.colcon_core.shell:Creating environment hook '/home/cczh/temp-code/ground_truth_sim/install/usv_event_fusion/share/usv_event_fusion/hook/pythonpath.sh'
[7.220s] Level 1:colcon.colcon_core.environment:checking '/home/cczh/temp-code/ground_truth_sim/install/usv_event_fusion/bin'
[7.220s] Level 1:colcon.colcon_core.environment:create_environment_scripts_only(usv_event_fusion)
[7.220s] INFO:colcon.colcon_core.shell:Creating package script '/home/cczh/temp-code/ground_truth_sim/install/usv_event_fusion/share/usv_event_fusion/package.ps1'
[7.220s] INFO:colcon.colcon_core.shell:Creating package descriptor '/home/cczh/temp-code/ground_truth_sim/install/usv_event_fusion/share/usv_event_fusion/package.dsv'
[7.221s] INFO:colcon.colcon_core.shell:Creating package script '/home/cczh/temp-code/ground_truth_sim/install/usv_event_fusion/share/usv_event_fusion/package.sh'
[7.221s] INFO:colcon.colcon_core.shell:Creating package script '/home/cczh/temp-code/ground_truth_sim/install/usv_event_fusion/share/usv_event_fusion/package.bash'
[7.221s] INFO:colcon.colcon_core.shell:Creating package script '/home/cczh/temp-code/ground_truth_sim/install/usv_event_fusion/share/usv_event_fusion/package.zsh'
[7.221s] Level 1:colcon.colcon_core.environment:create_file_with_runtime_dependencies(/home/cczh/temp-code/ground_truth_sim/install/usv_event_fusion/share/colcon-core/packages/usv_event_fusion)
[7.221s] INFO:colcon.colcon_ros.task.ament_python.build:Building ROS package in '/home/cczh/temp-code/ground_truth_sim/src/sim' with build type 'ament_python'
[7.221s] Level 1:colcon.colcon_core.shell:create_environment_hook('ground_truth_sim', 'ament_prefix_path')
[7.221s] INFO:colcon.colcon_core.shell:Creating environment hook '/home/cczh/temp-code/ground_truth_sim/install/ground_truth_sim/share/ground_truth_sim/hook/ament_prefix_path.ps1'
[7.222s] INFO:colcon.colcon_core.shell:Creating environment descriptor '/home/cczh/temp-code/ground_truth_sim/install/ground_truth_sim/share/ground_truth_sim/hook/ament_prefix_path.dsv'
[7.222s] INFO:colcon.colcon_core.shell:Creating environment hook '/home/cczh/temp-code/ground_truth_sim/install/ground_truth_sim/share/ground_truth_sim/hook/ament_prefix_path.sh'
[7.222s] INFO:colcon.colcon_core.shell:Skip shell extension 'powershell' for command environment: Not usable outside of PowerShell
[7.222s] DEBUG:colcon.colcon_core.shell:Skip shell extension 'dsv' for command environment
[7.326s] INFO:colcon.colcon_core.task.python.build:Building Python package in '/home/cczh/temp-code/ground_truth_sim/src/sim'
[7.326s] INFO:colcon.colcon_core.shell:Skip shell extension 'powershell' for command environment: Not usable outside of PowerShell
[7.327s] DEBUG:colcon.colcon_core.shell:Skip shell extension 'dsv' for command environment
[7.580s] DEBUG:colcon.colcon_core.event_handler.log_command:Invoking command in '/home/cczh/temp-code/ground_truth_sim/src/sim': AMENT_PREFIX_PATH=/home/cczh/temp-code/ground_truth_sim/install/usv_event_fusion:/home/cczh/temp-code/ground_truth_sim/install/usv_interfaces:${AMENT_PREFIX_PATH} CMAKE_PREFIX_PATH=/home/cczh/temp-code/ground_truth_sim/install/usv_interfaces LD_LIBRARY_PATH=/home/cczh/temp-code/ground_truth_sim/install/usv_interfaces/lib:${LD_LIBRARY_PATH} PYTHONPATH=/home/cczh/temp-code/ground_truth_sim/build/ground_truth_sim/prefix_override:/usr/lib/python3/dist-packages/colcon_core/task/python/colcon_distutils_commands:/home/cczh/temp-code/ground_truth_sim/install/ground_truth_sim/lib/python3.10/site-packages:/home/cczh/temp-code/ground_truth_sim/install/usv_event_fusion/lib/python3.10/site-packages:/home/cczh/temp-code/ground_truth_sim/install/usv_interfaces/local/lib/python3.10/dist-packages:${PYTHONPATH} /usr/bin/python3 -W ignore:setup.py install is deprecated -W ignore:easy_install command is deprecated setup.py egg_info --egg-base ../../build/ground_truth_sim build --build-base /home/cczh/temp-code/ground_truth_sim/build/ground_truth_sim/build install --record /home/cczh/temp-code/ground_truth_sim/build/ground_truth_sim/install.log --single-version-externally-managed install_data
[7.802s] Level 1:colcon.colcon_core.environment:checking '/home/cczh/temp-code/ground_truth_sim/install/ground_truth_sim' for CMake module files
[7.802s] DEBUG:colcon.colcon_core.event_handler.log_command:Invoked command in '/home/cczh/temp-code/ground_truth_sim/src/sim' returned '0': AMENT_PREFIX_PATH=/home/cczh/temp-code/ground_truth_sim/install/usv_event_fusion:/home/cczh/temp-code/ground_truth_sim/install/usv_interfaces:${AMENT_PREFIX_PATH} CMAKE_PREFIX_PATH=/home/cczh/temp-code/ground_truth_sim/install/usv_interfaces LD_LIBRARY_PATH=/home/cczh/temp-code/ground_truth_sim/install/usv_interfaces/lib:${LD_LIBRARY_PATH} PYTHONPATH=/home/cczh/temp-code/ground_truth_sim/build/ground_truth_sim/prefix_override:/usr/lib/python3/dist-packages/colcon_core/task/python/colcon_distutils_commands:/home/cczh/temp-code/ground_truth_sim/install/ground_truth_sim/lib/python3.10/site-packages:/home/cczh/temp-code/ground_truth_sim/install/usv_event_fusion/lib/python3.10/site-packages:/home/cczh/temp-code/ground_truth_sim/install/usv_interfaces/local/lib/python3.10/dist-packages:${PYTHONPATH} /usr/bin/python3 -W ignore:setup.py install is deprecated -W ignore:easy_install command is deprecated setup.py egg_info --egg-base ../../build/ground_truth_sim build --build-base /home/cczh/temp-code/ground_truth_sim/build/ground_truth_sim/build install --record /home/cczh/temp-code/ground_truth_sim/build/ground_truth_sim/install.log --single-version-externally-managed install_data
[7.803s] Level 1:colcon.colcon_core.environment:checking '/home/cczh/temp-code/ground_truth_sim/install/ground_truth_sim' for CMake config files
[7.803s] Level 1:colcon.colcon_core.environment:checking '/home/cczh/temp-code/ground_truth_sim/install/ground_truth_sim/lib'
[7.803s] Level 1:colcon.colcon_core.environment:checking '/home/cczh/temp-code/ground_truth_sim/install/ground_truth_sim/bin'
[7.803s] Level 1:colcon.colcon_core.environment:checking '/home/cczh/temp-code/ground_truth_sim/install/ground_truth_sim/lib/pkgconfig/ground_truth_sim.pc'
[7.803s] Level 1:colcon.colcon_core.environment:checking '/home/cczh/temp-code/ground_truth_sim/install/ground_truth_sim/lib/python3.10/site-packages'
[7.803s] Level 1:colcon.colcon_core.shell:create_environment_hook('ground_truth_sim', 'pythonpath')
[7.804s] INFO:colcon.colcon_core.shell:Creating environment hook '/home/cczh/temp-code/ground_truth_sim/install/ground_truth_sim/share/ground_truth_sim/hook/pythonpath.ps1'
[7.804s] INFO:colcon.colcon_core.shell:Creating environment descriptor '/home/cczh/temp-code/ground_truth_sim/install/ground_truth_sim/share/ground_truth_sim/hook/pythonpath.dsv'
[7.804s] INFO:colcon.colcon_core.shell:Creating environment hook '/home/cczh/temp-code/ground_truth_sim/install/ground_truth_sim/share/ground_truth_sim/hook/pythonpath.sh'
[7.805s] Level 1:colcon.colcon_core.environment:checking '/home/cczh/temp-code/ground_truth_sim/install/ground_truth_sim/bin'
[7.805s] Level 1:colcon.colcon_core.environment:create_environment_scripts_only(ground_truth_sim)
[7.805s] INFO:colcon.colcon_core.shell:Creating package script '/home/cczh/temp-code/ground_truth_sim/install/ground_truth_sim/share/ground_truth_sim/package.ps1'
[7.805s] INFO:colcon.colcon_core.shell:Creating package descriptor '/home/cczh/temp-code/ground_truth_sim/install/ground_truth_sim/share/ground_truth_sim/package.dsv'
[7.805s] INFO:colcon.colcon_core.shell:Creating package script '/home/cczh/temp-code/ground_truth_sim/install/ground_truth_sim/share/ground_truth_sim/package.sh'
[7.806s] INFO:colcon.colcon_core.shell:Creating package script '/home/cczh/temp-code/ground_truth_sim/install/ground_truth_sim/share/ground_truth_sim/package.bash'
[7.806s] INFO:colcon.colcon_core.shell:Creating package script '/home/cczh/temp-code/ground_truth_sim/install/ground_truth_sim/share/ground_truth_sim/package.zsh'
[7.806s] Level 1:colcon.colcon_core.environment:create_file_with_runtime_dependencies(/home/cczh/temp-code/ground_truth_sim/install/ground_truth_sim/share/colcon-core/packages/ground_truth_sim)
[7.806s] DEBUG:colcon.colcon_parallel_executor.executor.parallel:closing loop
[7.806s] DEBUG:colcon.colcon_parallel_executor.executor.parallel:loop closed
[7.806s] DEBUG:colcon.colcon_parallel_executor.executor.parallel:run_until_complete finished with '0'
[7.806s] DEBUG:colcon.colcon_core.event_reactor:joining thread
[7.809s] INFO:colcon.colcon_core.plugin_system:Skipping extension 'colcon_notification.desktop_notification.terminal_notifier': Not used on non-Darwin systems
[7.809s] INFO:colcon.colcon_core.plugin_system:Skipping extension 'colcon_notification.desktop_notification.win32': Not used on non-Windows systems
[7.809s] INFO:colcon.colcon_notification.desktop_notification:Sending desktop notification using 'notify2'
[7.814s] DEBUG:colcon.colcon_core.event_reactor:joined thread
[7.814s] INFO:colcon.colcon_core.shell:Creating prefix script '/home/cczh/temp-code/ground_truth_sim/install/local_setup.ps1'
[7.815s] INFO:colcon.colcon_core.shell:Creating prefix util module '/home/cczh/temp-code/ground_truth_sim/install/_local_setup_util_ps1.py'
[7.815s] INFO:colcon.colcon_core.shell:Creating prefix chain script '/home/cczh/temp-code/ground_truth_sim/install/setup.ps1'
[7.816s] INFO:colcon.colcon_core.shell:Creating prefix script '/home/cczh/temp-code/ground_truth_sim/install/local_setup.sh'
[7.816s] INFO:colcon.colcon_core.shell:Creating prefix util module '/home/cczh/temp-code/ground_truth_sim/install/_local_setup_util_sh.py'
[7.816s] INFO:colcon.colcon_core.shell:Creating prefix chain script '/home/cczh/temp-code/ground_truth_sim/install/setup.sh'
[7.816s] INFO:colcon.colcon_core.shell:Creating prefix script '/home/cczh/temp-code/ground_truth_sim/install/local_setup.bash'
[7.817s] INFO:colcon.colcon_core.shell:Creating prefix chain script '/home/cczh/temp-code/ground_truth_sim/install/setup.bash'
[7.817s] INFO:colcon.colcon_core.shell:Creating prefix script '/home/cczh/temp-code/ground_truth_sim/install/local_setup.zsh'
[7.817s] INFO:colcon.colcon_core.shell:Creating prefix chain script '/home/cczh/temp-code/ground_truth_sim/install/setup.zsh'
