running egg_info
writing ../../build/ground_truth_sim/ground_truth_sim.egg-info/PKG-INFO
writing dependency_links to ../../build/ground_truth_sim/ground_truth_sim.egg-info/dependency_links.txt
writing entry points to ../../build/ground_truth_sim/ground_truth_sim.egg-info/entry_points.txt
writing requirements to ../../build/ground_truth_sim/ground_truth_sim.egg-info/requires.txt
writing top-level names to ../../build/ground_truth_sim/ground_truth_sim.egg-info/top_level.txt
reading manifest file '../../build/ground_truth_sim/ground_truth_sim.egg-info/SOURCES.txt'
writing manifest file '../../build/ground_truth_sim/ground_truth_sim.egg-info/SOURCES.txt'
running build
running build_py
copying ground_truth_sim/__init__.py -> /home/cczh/temp-code/ground_truth_sim/build/ground_truth_sim/build/lib/ground_truth_sim
copying ground_truth_sim/ground_truth_node.py -> /home/cczh/temp-code/ground_truth_sim/build/ground_truth_sim/build/lib/ground_truth_sim
copying ground_truth_sim/static_tf_broadcaster.py -> /home/cczh/temp-code/ground_truth_sim/build/ground_truth_sim/build/lib/ground_truth_sim
copying ground_truth_sim/ctrv.py -> /home/cczh/temp-code/ground_truth_sim/build/ground_truth_sim/build/lib/ground_truth_sim
copying ground_truth_sim/range_overlay_node.py -> /home/cczh/temp-code/ground_truth_sim/build/ground_truth_sim/build/lib/ground_truth_sim
running install
running install_lib
running install_data
copying resource/ground_truth_sim -> /home/cczh/temp-code/ground_truth_sim/install/ground_truth_sim/share/ament_index/resource_index/packages
copying package.xml -> /home/cczh/temp-code/ground_truth_sim/install/ground_truth_sim/share/ground_truth_sim
copying rviz/ground_truth_view.rviz -> /home/cczh/temp-code/ground_truth_sim/install/ground_truth_sim/share/ground_truth_sim/rviz
copying rviz/ground_truth_only.rviz -> /home/cczh/temp-code/ground_truth_sim/install/ground_truth_sim/share/ground_truth_sim/rviz
copying config/ground_truth_params.yaml -> /home/cczh/temp-code/ground_truth_sim/install/ground_truth_sim/share/ground_truth_sim/config
copying config/range_overlay_params.yaml -> /home/cczh/temp-code/ground_truth_sim/install/ground_truth_sim/share/ground_truth_sim/config
copying launch/ground_truth_sim.launch.py -> /home/cczh/temp-code/ground_truth_sim/install/ground_truth_sim/share/ground_truth_sim/launch
copying launch/full_stack_sim.launch.py -> /home/cczh/temp-code/ground_truth_sim/install/ground_truth_sim/share/ground_truth_sim/launch
running install_egg_info
removing '/home/cczh/temp-code/ground_truth_sim/install/ground_truth_sim/lib/python3.10/site-packages/ground_truth_sim-0.1.0-py3.10.egg-info' (and everything under it)
Copying ../../build/ground_truth_sim/ground_truth_sim.egg-info to /home/cczh/temp-code/ground_truth_sim/install/ground_truth_sim/lib/python3.10/site-packages/ground_truth_sim-0.1.0-py3.10.egg-info
running install_scripts
Installing ground_truth_node script to /home/cczh/temp-code/ground_truth_sim/install/ground_truth_sim/lib/ground_truth_sim
Installing range_overlay_node script to /home/cczh/temp-code/ground_truth_sim/install/ground_truth_sim/lib/ground_truth_sim
Installing static_tf_broadcaster script to /home/cczh/temp-code/ground_truth_sim/install/ground_truth_sim/lib/ground_truth_sim
writing list of installed files to '/home/cczh/temp-code/ground_truth_sim/build/ground_truth_sim/install.log'
