[0.358s] Invoking command in '/home/cczh/temp-code/ground_truth_sim/src/sim': AMENT_PREFIX_PATH=/home/cczh/temp-code/ground_truth_sim/install/usv_event_fusion:/home/cczh/temp-code/ground_truth_sim/install/usv_interfaces:${AMENT_PREFIX_PATH} CMAKE_PREFIX_PATH=/home/cczh/temp-code/ground_truth_sim/install/usv_interfaces LD_LIBRARY_PATH=/home/cczh/temp-code/ground_truth_sim/install/usv_interfaces/lib:${LD_LIBRARY_PATH} PYTHONPATH=/home/cczh/temp-code/ground_truth_sim/build/ground_truth_sim/prefix_override:/usr/lib/python3/dist-packages/colcon_core/task/python/colcon_distutils_commands:/home/cczh/temp-code/ground_truth_sim/install/ground_truth_sim/lib/python3.10/site-packages:/home/cczh/temp-code/ground_truth_sim/install/usv_event_fusion/lib/python3.10/site-packages:/home/cczh/temp-code/ground_truth_sim/install/usv_interfaces/local/lib/python3.10/dist-packages:${PYTHONPATH} /usr/bin/python3 -W ignore:setup.py install is deprecated -W ignore:easy_install command is deprecated setup.py egg_info --egg-base ../../build/ground_truth_sim build --build-base /home/cczh/temp-code/ground_truth_sim/build/ground_truth_sim/build install --record /home/cczh/temp-code/ground_truth_sim/build/ground_truth_sim/install.log --single-version-externally-managed install_data
[0.469s] running egg_info
[0.475s] writing ../../build/ground_truth_sim/ground_truth_sim.egg-info/PKG-INFO
[0.475s] writing dependency_links to ../../build/ground_truth_sim/ground_truth_sim.egg-info/dependency_links.txt
[0.476s] writing entry points to ../../build/ground_truth_sim/ground_truth_sim.egg-info/entry_points.txt
[0.476s] writing requirements to ../../build/ground_truth_sim/ground_truth_sim.egg-info/requires.txt
[0.476s] writing top-level names to ../../build/ground_truth_sim/ground_truth_sim.egg-info/top_level.txt
[0.489s] reading manifest file '../../build/ground_truth_sim/ground_truth_sim.egg-info/SOURCES.txt'
[0.490s] writing manifest file '../../build/ground_truth_sim/ground_truth_sim.egg-info/SOURCES.txt'
[0.490s] running build
[0.490s] running build_py
[0.490s] copying ground_truth_sim/__init__.py -> /home/cczh/temp-code/ground_truth_sim/build/ground_truth_sim/build/lib/ground_truth_sim
[0.490s] copying ground_truth_sim/ground_truth_node.py -> /home/cczh/temp-code/ground_truth_sim/build/ground_truth_sim/build/lib/ground_truth_sim
[0.490s] copying ground_truth_sim/static_tf_broadcaster.py -> /home/cczh/temp-code/ground_truth_sim/build/ground_truth_sim/build/lib/ground_truth_sim
[0.490s] copying ground_truth_sim/ctrv.py -> /home/cczh/temp-code/ground_truth_sim/build/ground_truth_sim/build/lib/ground_truth_sim
[0.490s] copying ground_truth_sim/range_overlay_node.py -> /home/cczh/temp-code/ground_truth_sim/build/ground_truth_sim/build/lib/ground_truth_sim
[0.490s] running install
[0.493s] running install_lib
[0.500s] copying /home/cczh/temp-code/ground_truth_sim/build/ground_truth_sim/build/lib/ground_truth_sim/ground_truth_node.py -> /home/cczh/temp-code/ground_truth_sim/install/ground_truth_sim/lib/python3.10/site-packages/ground_truth_sim
[0.500s] byte-compiling /home/cczh/temp-code/ground_truth_sim/install/ground_truth_sim/lib/python3.10/site-packages/ground_truth_sim/ground_truth_node.py to ground_truth_node.cpython-310.pyc
[0.501s] running install_data
[0.501s] copying resource/ground_truth_sim -> /home/cczh/temp-code/ground_truth_sim/install/ground_truth_sim/share/ament_index/resource_index/packages
[0.501s] copying package.xml -> /home/cczh/temp-code/ground_truth_sim/install/ground_truth_sim/share/ground_truth_sim
[0.502s] copying rviz/ground_truth_view.rviz -> /home/cczh/temp-code/ground_truth_sim/install/ground_truth_sim/share/ground_truth_sim/rviz
[0.502s] copying rviz/ground_truth_only.rviz -> /home/cczh/temp-code/ground_truth_sim/install/ground_truth_sim/share/ground_truth_sim/rviz
[0.502s] copying rviz/three_sensor_fusion_view.rviz -> /home/cczh/temp-code/ground_truth_sim/install/ground_truth_sim/share/ground_truth_sim/rviz
[0.502s] copying config/ground_truth_params.yaml -> /home/cczh/temp-code/ground_truth_sim/install/ground_truth_sim/share/ground_truth_sim/config
[0.502s] copying config/range_overlay_params.yaml -> /home/cczh/temp-code/ground_truth_sim/install/ground_truth_sim/share/ground_truth_sim/config
[0.502s] copying config/three_sensor_overlay_params.yaml -> /home/cczh/temp-code/ground_truth_sim/install/ground_truth_sim/share/ground_truth_sim/config
[0.502s] copying launch/ground_truth_sim.launch.py -> /home/cczh/temp-code/ground_truth_sim/install/ground_truth_sim/share/ground_truth_sim/launch
[0.502s] copying launch/full_stack_sim.launch.py -> /home/cczh/temp-code/ground_truth_sim/install/ground_truth_sim/share/ground_truth_sim/launch
[0.502s] copying launch/three_sensor_fusion_sim.launch.py -> /home/cczh/temp-code/ground_truth_sim/install/ground_truth_sim/share/ground_truth_sim/launch
[0.502s] running install_egg_info
[0.509s] removing '/home/cczh/temp-code/ground_truth_sim/install/ground_truth_sim/lib/python3.10/site-packages/ground_truth_sim-0.1.0-py3.10.egg-info' (and everything under it)
[0.510s] Copying ../../build/ground_truth_sim/ground_truth_sim.egg-info to /home/cczh/temp-code/ground_truth_sim/install/ground_truth_sim/lib/python3.10/site-packages/ground_truth_sim-0.1.0-py3.10.egg-info
[0.510s] running install_scripts
[0.568s] Installing ground_truth_node script to /home/cczh/temp-code/ground_truth_sim/install/ground_truth_sim/lib/ground_truth_sim
[0.568s] Installing range_overlay_node script to /home/cczh/temp-code/ground_truth_sim/install/ground_truth_sim/lib/ground_truth_sim
[0.569s] Installing static_tf_broadcaster script to /home/cczh/temp-code/ground_truth_sim/install/ground_truth_sim/lib/ground_truth_sim
[0.569s] writing list of installed files to '/home/cczh/temp-code/ground_truth_sim/build/ground_truth_sim/install.log'
[0.580s] Invoked command in '/home/cczh/temp-code/ground_truth_sim/src/sim' returned '0': AMENT_PREFIX_PATH=/home/cczh/temp-code/ground_truth_sim/install/usv_event_fusion:/home/cczh/temp-code/ground_truth_sim/install/usv_interfaces:${AMENT_PREFIX_PATH} CMAKE_PREFIX_PATH=/home/cczh/temp-code/ground_truth_sim/install/usv_interfaces LD_LIBRARY_PATH=/home/cczh/temp-code/ground_truth_sim/install/usv_interfaces/lib:${LD_LIBRARY_PATH} PYTHONPATH=/home/cczh/temp-code/ground_truth_sim/build/ground_truth_sim/prefix_override:/usr/lib/python3/dist-packages/colcon_core/task/python/colcon_distutils_commands:/home/cczh/temp-code/ground_truth_sim/install/ground_truth_sim/lib/python3.10/site-packages:/home/cczh/temp-code/ground_truth_sim/install/usv_event_fusion/lib/python3.10/site-packages:/home/cczh/temp-code/ground_truth_sim/install/usv_interfaces/local/lib/python3.10/dist-packages:${PYTHONPATH} /usr/bin/python3 -W ignore:setup.py install is deprecated -W ignore:easy_install command is deprecated setup.py egg_info --egg-base ../../build/ground_truth_sim build --build-base /home/cczh/temp-code/ground_truth_sim/build/ground_truth_sim/build install --record /home/cczh/temp-code/ground_truth_sim/build/ground_truth_sim/install.log --single-version-externally-managed install_data
