[0.046s] DEBUG:colcon:Command line arguments: ['/usr/bin/colcon', 'build']
[0.046s] DEBUG:colcon:Parsed command line arguments: Namespace(log_base=None, log_level=None, verb_name='build', build_base='build', install_base='install', merge_install=False, symlink_install=False, test_result_base=None, continue_on_error=False, executor='parallel', parallel_workers=32, event_handlers=None, ignore_user_meta=False, metas=['./colcon.meta'], base_paths=['.'], packages_ignore=None, packages_ignore_regex=None, paths=None, packages_up_to=None, packages_up_to_regex=None, packages_above=None, packages_above_and_dependencies=None, packages_above_depth=None, packages_select_by_dep=None, packages_skip_by_dep=None, packages_skip_up_to=None, packages_select_build_failed=False, packages_skip_build_finished=False, packages_select_test_failures=False, packages_skip_test_passed=False, packages_select=None, packages_skip=None, packages_select_regex=None, packages_skip_regex=None, packages_start=None, packages_end=None, allow_overriding=[], cmake_args=None, cmake_target=None, cmake_target_skip_unavailable=False, cmake_clean_cache=False, cmake_clean_first=False, cmake_force_configure=False, ament_cmake_args=None, catkin_cmake_args=None, catkin_skip_building_tests=False, verb_parser=<colcon_defaults.argument_parser.defaults.DefaultArgumentsDecorator object at 0x7429ba5a8160>, verb_extension=<colcon_core.verb.build.BuildVerb object at 0x7429ba57bc10>, main=<bound method BuildVerb.main of <colcon_core.verb.build.BuildVerb object at 0x7429ba57bc10>>)
[0.064s] Level 1:colcon.colcon_core.package_discovery:discover_packages(colcon_meta) check parameters
[0.064s] Level 1:colcon.colcon_core.package_discovery:discover_packages(recursive) check parameters
[0.064s] Level 1:colcon.colcon_core.package_discovery:discover_packages(ignore) check parameters
[0.064s] Level 1:colcon.colcon_core.package_discovery:discover_packages(path) check parameters
[0.064s] Level 1:colcon.colcon_core.package_discovery:discover_packages(colcon_meta) discover
[0.064s] Level 1:colcon.colcon_core.package_discovery:discover_packages(recursive) discover
[0.064s] INFO:colcon.colcon_core.package_discovery:Crawling recursively for packages in '/home/cczh/temp-code/ground_truth_sim'
[0.064s] Level 1:colcon.colcon_core.package_identification:_identify(.) by extensions ['ignore', 'ignore_ament_install']
[0.064s] Level 1:colcon.colcon_core.package_identification:_identify(.) by extension 'ignore'
[0.064s] Level 1:colcon.colcon_core.package_identification:_identify(.) by extension 'ignore_ament_install'
[0.064s] Level 1:colcon.colcon_core.package_identification:_identify(.) by extensions ['colcon_pkg']
[0.064s] Level 1:colcon.colcon_core.package_identification:_identify(.) by extension 'colcon_pkg'
[0.064s] Level 1:colcon.colcon_core.package_identification:_identify(.) by extensions ['colcon_meta']
[0.064s] Level 1:colcon.colcon_core.package_identification:_identify(.) by extension 'colcon_meta'
[0.064s] Level 1:colcon.colcon_core.package_identification:_identify(.) by extensions ['ros']
[0.064s] Level 1:colcon.colcon_core.package_identification:_identify(.) by extension 'ros'
[0.071s] Level 1:colcon.colcon_core.package_identification:_identify(.) by extensions ['cmake', 'python']
[0.071s] Level 1:colcon.colcon_core.package_identification:_identify(.) by extension 'cmake'
[0.071s] Level 1:colcon.colcon_core.package_identification:_identify(.) by extension 'python'
[0.071s] Level 1:colcon.colcon_core.package_identification:_identify(.) by extensions ['python_setup_py']
[0.071s] Level 1:colcon.colcon_core.package_identification:_identify(.) by extension 'python_setup_py'
[0.071s] Level 1:colcon.colcon_core.package_identification:_identify(build) by extensions ['ignore', 'ignore_ament_install']
[0.071s] Level 1:colcon.colcon_core.package_identification:_identify(build) by extension 'ignore'
[0.071s] Level 1:colcon.colcon_core.package_identification:_identify(build) ignored
[0.071s] Level 1:colcon.colcon_core.package_identification:_identify(docs) by extensions ['ignore', 'ignore_ament_install']
[0.071s] Level 1:colcon.colcon_core.package_identification:_identify(docs) by extension 'ignore'
[0.071s] Level 1:colcon.colcon_core.package_identification:_identify(docs) by extension 'ignore_ament_install'
[0.071s] Level 1:colcon.colcon_core.package_identification:_identify(docs) by extensions ['colcon_pkg']
[0.071s] Level 1:colcon.colcon_core.package_identification:_identify(docs) by extension 'colcon_pkg'
[0.071s] Level 1:colcon.colcon_core.package_identification:_identify(docs) by extensions ['colcon_meta']
[0.071s] Level 1:colcon.colcon_core.package_identification:_identify(docs) by extension 'colcon_meta'
[0.071s] Level 1:colcon.colcon_core.package_identification:_identify(docs) by extensions ['ros']
[0.071s] Level 1:colcon.colcon_core.package_identification:_identify(docs) by extension 'ros'
[0.071s] Level 1:colcon.colcon_core.package_identification:_identify(docs) by extensions ['cmake', 'python']
[0.071s] Level 1:colcon.colcon_core.package_identification:_identify(docs) by extension 'cmake'
[0.071s] Level 1:colcon.colcon_core.package_identification:_identify(docs) by extension 'python'
[0.071s] Level 1:colcon.colcon_core.package_identification:_identify(docs) by extensions ['python_setup_py']
[0.071s] Level 1:colcon.colcon_core.package_identification:_identify(docs) by extension 'python_setup_py'
[0.071s] Level 1:colcon.colcon_core.package_identification:_identify(install) by extensions ['ignore', 'ignore_ament_install']
[0.071s] Level 1:colcon.colcon_core.package_identification:_identify(install) by extension 'ignore'
[0.071s] Level 1:colcon.colcon_core.package_identification:_identify(install) ignored
[0.071s] Level 1:colcon.colcon_core.package_identification:_identify(log) by extensions ['ignore', 'ignore_ament_install']
[0.071s] Level 1:colcon.colcon_core.package_identification:_identify(log) by extension 'ignore'
[0.071s] Level 1:colcon.colcon_core.package_identification:_identify(log) ignored
[0.071s] Level 1:colcon.colcon_core.package_identification:_identify(scripts) by extensions ['ignore', 'ignore_ament_install']
[0.072s] Level 1:colcon.colcon_core.package_identification:_identify(scripts) by extension 'ignore'
[0.072s] Level 1:colcon.colcon_core.package_identification:_identify(scripts) by extension 'ignore_ament_install'
[0.072s] Level 1:colcon.colcon_core.package_identification:_identify(scripts) by extensions ['colcon_pkg']
[0.072s] Level 1:colcon.colcon_core.package_identification:_identify(scripts) by extension 'colcon_pkg'
[0.072s] Level 1:colcon.colcon_core.package_identification:_identify(scripts) by extensions ['colcon_meta']
[0.072s] Level 1:colcon.colcon_core.package_identification:_identify(scripts) by extension 'colcon_meta'
[0.072s] Level 1:colcon.colcon_core.package_identification:_identify(scripts) by extensions ['ros']
[0.072s] Level 1:colcon.colcon_core.package_identification:_identify(scripts) by extension 'ros'
[0.072s] Level 1:colcon.colcon_core.package_identification:_identify(scripts) by extensions ['cmake', 'python']
[0.072s] Level 1:colcon.colcon_core.package_identification:_identify(scripts) by extension 'cmake'
[0.072s] Level 1:colcon.colcon_core.package_identification:_identify(scripts) by extension 'python'
[0.072s] Level 1:colcon.colcon_core.package_identification:_identify(scripts) by extensions ['python_setup_py']
[0.072s] Level 1:colcon.colcon_core.package_identification:_identify(scripts) by extension 'python_setup_py'
[0.072s] Level 1:colcon.colcon_core.package_identification:_identify(src) by extensions ['ignore', 'ignore_ament_install']
[0.072s] Level 1:colcon.colcon_core.package_identification:_identify(src) by extension 'ignore'
[0.072s] Level 1:colcon.colcon_core.package_identification:_identify(src) by extension 'ignore_ament_install'
[0.072s] Level 1:colcon.colcon_core.package_identification:_identify(src) by extensions ['colcon_pkg']
[0.072s] Level 1:colcon.colcon_core.package_identification:_identify(src) by extension 'colcon_pkg'
[0.072s] Level 1:colcon.colcon_core.package_identification:_identify(src) by extensions ['colcon_meta']
[0.072s] Level 1:colcon.colcon_core.package_identification:_identify(src) by extension 'colcon_meta'
[0.072s] Level 1:colcon.colcon_core.package_identification:_identify(src) by extensions ['ros']
[0.072s] Level 1:colcon.colcon_core.package_identification:_identify(src) by extension 'ros'
[0.072s] Level 1:colcon.colcon_core.package_identification:_identify(src) by extensions ['cmake', 'python']
[0.072s] Level 1:colcon.colcon_core.package_identification:_identify(src) by extension 'cmake'
[0.072s] Level 1:colcon.colcon_core.package_identification:_identify(src) by extension 'python'
[0.072s] Level 1:colcon.colcon_core.package_identification:_identify(src) by extensions ['python_setup_py']
[0.072s] Level 1:colcon.colcon_core.package_identification:_identify(src) by extension 'python_setup_py'
[0.072s] Level 1:colcon.colcon_core.package_identification:_identify(src/percision_sim) by extensions ['ignore', 'ignore_ament_install']
[0.072s] Level 1:colcon.colcon_core.package_identification:_identify(src/percision_sim) by extension 'ignore'
[0.072s] Level 1:colcon.colcon_core.package_identification:_identify(src/percision_sim) by extension 'ignore_ament_install'
[0.072s] Level 1:colcon.colcon_core.package_identification:_identify(src/percision_sim) by extensions ['colcon_pkg']
[0.072s] Level 1:colcon.colcon_core.package_identification:_identify(src/percision_sim) by extension 'colcon_pkg'
[0.072s] Level 1:colcon.colcon_core.package_identification:_identify(src/percision_sim) by extensions ['colcon_meta']
[0.072s] Level 1:colcon.colcon_core.package_identification:_identify(src/percision_sim) by extension 'colcon_meta'
[0.072s] Level 1:colcon.colcon_core.package_identification:_identify(src/percision_sim) by extensions ['ros']
[0.072s] Level 1:colcon.colcon_core.package_identification:_identify(src/percision_sim) by extension 'ros'
[0.073s] DEBUG:colcon.colcon_core.package_identification:Package 'src/percision_sim' with type 'ros.ament_python' and name 'percision_sim'
[0.073s] Level 1:colcon.colcon_core.package_identification:_identify(src/sim) by extensions ['ignore', 'ignore_ament_install']
[0.073s] Level 1:colcon.colcon_core.package_identification:_identify(src/sim) by extension 'ignore'
[0.073s] Level 1:colcon.colcon_core.package_identification:_identify(src/sim) by extension 'ignore_ament_install'
[0.073s] Level 1:colcon.colcon_core.package_identification:_identify(src/sim) by extensions ['colcon_pkg']
[0.073s] Level 1:colcon.colcon_core.package_identification:_identify(src/sim) by extension 'colcon_pkg'
[0.073s] Level 1:colcon.colcon_core.package_identification:_identify(src/sim) by extensions ['colcon_meta']
[0.074s] Level 1:colcon.colcon_core.package_identification:_identify(src/sim) by extension 'colcon_meta'
[0.074s] Level 1:colcon.colcon_core.package_identification:_identify(src/sim) by extensions ['ros']
[0.074s] Level 1:colcon.colcon_core.package_identification:_identify(src/sim) by extension 'ros'
[0.074s] DEBUG:colcon.colcon_core.package_identification:Package 'src/sim' with type 'ros.ament_python' and name 'ground_truth_sim'
[0.074s] Level 1:colcon.colcon_core.package_identification:_identify(src/usv_event_fusion) by extensions ['ignore', 'ignore_ament_install']
[0.074s] Level 1:colcon.colcon_core.package_identification:_identify(src/usv_event_fusion) by extension 'ignore'
[0.074s] Level 1:colcon.colcon_core.package_identification:_identify(src/usv_event_fusion) by extension 'ignore_ament_install'
[0.074s] Level 1:colcon.colcon_core.package_identification:_identify(src/usv_event_fusion) by extensions ['colcon_pkg']
[0.074s] Level 1:colcon.colcon_core.package_identification:_identify(src/usv_event_fusion) by extension 'colcon_pkg'
[0.074s] Level 1:colcon.colcon_core.package_identification:_identify(src/usv_event_fusion) by extensions ['colcon_meta']
[0.074s] Level 1:colcon.colcon_core.package_identification:_identify(src/usv_event_fusion) by extension 'colcon_meta'
[0.074s] Level 1:colcon.colcon_core.package_identification:_identify(src/usv_event_fusion) by extensions ['ros']
[0.074s] Level 1:colcon.colcon_core.package_identification:_identify(src/usv_event_fusion) by extension 'ros'
[0.075s] DEBUG:colcon.colcon_core.package_identification:Package 'src/usv_event_fusion' with type 'ros.ament_python' and name 'usv_event_fusion'
[0.075s] Level 1:colcon.colcon_core.package_identification:_identify(src/usv_fusion) by extensions ['ignore', 'ignore_ament_install']
[0.075s] Level 1:colcon.colcon_core.package_identification:_identify(src/usv_fusion) by extension 'ignore'
[0.075s] Level 1:colcon.colcon_core.package_identification:_identify(src/usv_fusion) by extension 'ignore_ament_install'
[0.075s] Level 1:colcon.colcon_core.package_identification:_identify(src/usv_fusion) by extensions ['colcon_pkg']
[0.075s] Level 1:colcon.colcon_core.package_identification:_identify(src/usv_fusion) by extension 'colcon_pkg'
[0.075s] Level 1:colcon.colcon_core.package_identification:_identify(src/usv_fusion) by extensions ['colcon_meta']
[0.075s] Level 1:colcon.colcon_core.package_identification:_identify(src/usv_fusion) by extension 'colcon_meta'
[0.075s] Level 1:colcon.colcon_core.package_identification:_identify(src/usv_fusion) by extensions ['ros']
[0.075s] Level 1:colcon.colcon_core.package_identification:_identify(src/usv_fusion) by extension 'ros'
[0.075s] DEBUG:colcon.colcon_core.package_identification:Package 'src/usv_fusion' with type 'ros.ament_python' and name 'usv_fusion'
[0.075s] Level 1:colcon.colcon_core.package_identification:_identify(src/usv_interfaces) by extensions ['ignore', 'ignore_ament_install']
[0.075s] Level 1:colcon.colcon_core.package_identification:_identify(src/usv_interfaces) by extension 'ignore'
[0.075s] Level 1:colcon.colcon_core.package_identification:_identify(src/usv_interfaces) by extension 'ignore_ament_install'
[0.075s] Level 1:colcon.colcon_core.package_identification:_identify(src/usv_interfaces) by extensions ['colcon_pkg']
[0.075s] Level 1:colcon.colcon_core.package_identification:_identify(src/usv_interfaces) by extension 'colcon_pkg'
[0.075s] Level 1:colcon.colcon_core.package_identification:_identify(src/usv_interfaces) by extensions ['colcon_meta']
[0.075s] Level 1:colcon.colcon_core.package_identification:_identify(src/usv_interfaces) by extension 'colcon_meta'
[0.075s] Level 1:colcon.colcon_core.package_identification:_identify(src/usv_interfaces) by extensions ['ros']
[0.076s] Level 1:colcon.colcon_core.package_identification:_identify(src/usv_interfaces) by extension 'ros'
[0.076s] DEBUG:colcon.colcon_core.package_identification:Package 'src/usv_interfaces' with type 'ros.ament_cmake' and name 'usv_interfaces'
[0.076s] Level 1:colcon.colcon_core.package_discovery:discover_packages(recursive) using defaults
[0.076s] Level 1:colcon.colcon_core.package_discovery:discover_packages(ignore) discover
[0.076s] Level 1:colcon.colcon_core.package_discovery:discover_packages(ignore) using defaults
[0.076s] Level 1:colcon.colcon_core.package_discovery:discover_packages(path) discover
[0.076s] Level 1:colcon.colcon_core.package_discovery:discover_packages(path) using defaults
[0.086s] Level 1:colcon.colcon_core.package_discovery:discover_packages(prefix_path) check parameters
[0.086s] Level 1:colcon.colcon_core.package_discovery:discover_packages(prefix_path) discover
[0.086s] DEBUG:colcon.colcon_installed_package_information.package_discovery:Found 5 installed packages in /home/cczh/temp-code/ground_truth_sim/install
[0.087s] DEBUG:colcon.colcon_installed_package_information.package_discovery:Found 366 installed packages in /opt/ros/humble
[0.088s] Level 1:colcon.colcon_core.package_discovery:discover_packages(prefix_path) using defaults
[0.107s] Level 5:colcon.colcon_core.verb:set package 'usv_interfaces' build argument 'cmake_args' from command line to 'None'
[0.107s] Level 5:colcon.colcon_core.verb:set package 'usv_interfaces' build argument 'cmake_target' from command line to 'None'
[0.107s] Level 5:colcon.colcon_core.verb:set package 'usv_interfaces' build argument 'cmake_target_skip_unavailable' from command line to 'False'
[0.107s] Level 5:colcon.colcon_core.verb:set package 'usv_interfaces' build argument 'cmake_clean_cache' from command line to 'False'
[0.107s] Level 5:colcon.colcon_core.verb:set package 'usv_interfaces' build argument 'cmake_clean_first' from command line to 'False'
[0.107s] Level 5:colcon.colcon_core.verb:set package 'usv_interfaces' build argument 'cmake_force_configure' from command line to 'False'
[0.107s] Level 5:colcon.colcon_core.verb:set package 'usv_interfaces' build argument 'ament_cmake_args' from command line to 'None'
[0.107s] Level 5:colcon.colcon_core.verb:set package 'usv_interfaces' build argument 'catkin_cmake_args' from command line to 'None'
[0.107s] Level 5:colcon.colcon_core.verb:set package 'usv_interfaces' build argument 'catkin_skip_building_tests' from command line to 'False'
[0.107s] DEBUG:colcon.colcon_core.verb:Building package 'usv_interfaces' with the following arguments: {'ament_cmake_args': None, 'build_base': '/home/cczh/temp-code/ground_truth_sim/build/usv_interfaces', 'catkin_cmake_args': None, 'catkin_skip_building_tests': False, 'cmake_args': None, 'cmake_clean_cache': False, 'cmake_clean_first': False, 'cmake_force_configure': False, 'cmake_target': None, 'cmake_target_skip_unavailable': False, 'install_base': '/home/cczh/temp-code/ground_truth_sim/install/usv_interfaces', 'merge_install': False, 'path': '/home/cczh/temp-code/ground_truth_sim/src/usv_interfaces', 'symlink_install': False, 'test_result_base': None}
[0.107s] Level 5:colcon.colcon_core.verb:set package 'percision_sim' build argument 'cmake_args' from command line to 'None'
[0.107s] Level 5:colcon.colcon_core.verb:set package 'percision_sim' build argument 'cmake_target' from command line to 'None'
[0.107s] Level 5:colcon.colcon_core.verb:set package 'percision_sim' build argument 'cmake_target_skip_unavailable' from command line to 'False'
[0.107s] Level 5:colcon.colcon_core.verb:set package 'percision_sim' build argument 'cmake_clean_cache' from command line to 'False'
[0.107s] Level 5:colcon.colcon_core.verb:set package 'percision_sim' build argument 'cmake_clean_first' from command line to 'False'
[0.107s] Level 5:colcon.colcon_core.verb:set package 'percision_sim' build argument 'cmake_force_configure' from command line to 'False'
[0.107s] Level 5:colcon.colcon_core.verb:set package 'percision_sim' build argument 'ament_cmake_args' from command line to 'None'
[0.107s] Level 5:colcon.colcon_core.verb:set package 'percision_sim' build argument 'catkin_cmake_args' from command line to 'None'
[0.107s] Level 5:colcon.colcon_core.verb:set package 'percision_sim' build argument 'catkin_skip_building_tests' from command line to 'False'
[0.107s] DEBUG:colcon.colcon_core.verb:Building package 'percision_sim' with the following arguments: {'ament_cmake_args': None, 'build_base': '/home/cczh/temp-code/ground_truth_sim/build/percision_sim', 'catkin_cmake_args': None, 'catkin_skip_building_tests': False, 'cmake_args': None, 'cmake_clean_cache': False, 'cmake_clean_first': False, 'cmake_force_configure': False, 'cmake_target': None, 'cmake_target_skip_unavailable': False, 'install_base': '/home/cczh/temp-code/ground_truth_sim/install/percision_sim', 'merge_install': False, 'path': '/home/cczh/temp-code/ground_truth_sim/src/percision_sim', 'symlink_install': False, 'test_result_base': None}
[0.107s] Level 5:colcon.colcon_core.verb:set package 'usv_event_fusion' build argument 'cmake_args' from command line to 'None'
[0.107s] Level 5:colcon.colcon_core.verb:set package 'usv_event_fusion' build argument 'cmake_target' from command line to 'None'
[0.107s] Level 5:colcon.colcon_core.verb:set package 'usv_event_fusion' build argument 'cmake_target_skip_unavailable' from command line to 'False'
[0.107s] Level 5:colcon.colcon_core.verb:set package 'usv_event_fusion' build argument 'cmake_clean_cache' from command line to 'False'
[0.107s] Level 5:colcon.colcon_core.verb:set package 'usv_event_fusion' build argument 'cmake_clean_first' from command line to 'False'
[0.107s] Level 5:colcon.colcon_core.verb:set package 'usv_event_fusion' build argument 'cmake_force_configure' from command line to 'False'
[0.107s] Level 5:colcon.colcon_core.verb:set package 'usv_event_fusion' build argument 'ament_cmake_args' from command line to 'None'
[0.107s] Level 5:colcon.colcon_core.verb:set package 'usv_event_fusion' build argument 'catkin_cmake_args' from command line to 'None'
[0.107s] Level 5:colcon.colcon_core.verb:set package 'usv_event_fusion' build argument 'catkin_skip_building_tests' from command line to 'False'
[0.107s] DEBUG:colcon.colcon_core.verb:Building package 'usv_event_fusion' with the following arguments: {'ament_cmake_args': None, 'build_base': '/home/cczh/temp-code/ground_truth_sim/build/usv_event_fusion', 'catkin_cmake_args': None, 'catkin_skip_building_tests': False, 'cmake_args': None, 'cmake_clean_cache': False, 'cmake_clean_first': False, 'cmake_force_configure': False, 'cmake_target': None, 'cmake_target_skip_unavailable': False, 'install_base': '/home/cczh/temp-code/ground_truth_sim/install/usv_event_fusion', 'merge_install': False, 'path': '/home/cczh/temp-code/ground_truth_sim/src/usv_event_fusion', 'symlink_install': False, 'test_result_base': None}
[0.107s] Level 5:colcon.colcon_core.verb:set package 'usv_fusion' build argument 'cmake_args' from command line to 'None'
[0.107s] Level 5:colcon.colcon_core.verb:set package 'usv_fusion' build argument 'cmake_target' from command line to 'None'
[0.107s] Level 5:colcon.colcon_core.verb:set package 'usv_fusion' build argument 'cmake_target_skip_unavailable' from command line to 'False'
[0.107s] Level 5:colcon.colcon_core.verb:set package 'usv_fusion' build argument 'cmake_clean_cache' from command line to 'False'
[0.107s] Level 5:colcon.colcon_core.verb:set package 'usv_fusion' build argument 'cmake_clean_first' from command line to 'False'
[0.107s] Level 5:colcon.colcon_core.verb:set package 'usv_fusion' build argument 'cmake_force_configure' from command line to 'False'
[0.107s] Level 5:colcon.colcon_core.verb:set package 'usv_fusion' build argument 'ament_cmake_args' from command line to 'None'
[0.107s] Level 5:colcon.colcon_core.verb:set package 'usv_fusion' build argument 'catkin_cmake_args' from command line to 'None'
[0.107s] Level 5:colcon.colcon_core.verb:set package 'usv_fusion' build argument 'catkin_skip_building_tests' from command line to 'False'
[0.107s] DEBUG:colcon.colcon_core.verb:Building package 'usv_fusion' with the following arguments: {'ament_cmake_args': None, 'build_base': '/home/cczh/temp-code/ground_truth_sim/build/usv_fusion', 'catkin_cmake_args': None, 'catkin_skip_building_tests': False, 'cmake_args': None, 'cmake_clean_cache': False, 'cmake_clean_first': False, 'cmake_force_configure': False, 'cmake_target': None, 'cmake_target_skip_unavailable': False, 'install_base': '/home/cczh/temp-code/ground_truth_sim/install/usv_fusion', 'merge_install': False, 'path': '/home/cczh/temp-code/ground_truth_sim/src/usv_fusion', 'symlink_install': False, 'test_result_base': None}
[0.107s] Level 5:colcon.colcon_core.verb:set package 'ground_truth_sim' build argument 'cmake_args' from command line to 'None'
[0.107s] Level 5:colcon.colcon_core.verb:set package 'ground_truth_sim' build argument 'cmake_target' from command line to 'None'
[0.107s] Level 5:colcon.colcon_core.verb:set package 'ground_truth_sim' build argument 'cmake_target_skip_unavailable' from command line to 'False'
[0.107s] Level 5:colcon.colcon_core.verb:set package 'ground_truth_sim' build argument 'cmake_clean_cache' from command line to 'False'
[0.107s] Level 5:colcon.colcon_core.verb:set package 'ground_truth_sim' build argument 'cmake_clean_first' from command line to 'False'
[0.107s] Level 5:colcon.colcon_core.verb:set package 'ground_truth_sim' build argument 'cmake_force_configure' from command line to 'False'
[0.107s] Level 5:colcon.colcon_core.verb:set package 'ground_truth_sim' build argument 'ament_cmake_args' from command line to 'None'
[0.107s] Level 5:colcon.colcon_core.verb:set package 'ground_truth_sim' build argument 'catkin_cmake_args' from command line to 'None'
[0.107s] Level 5:colcon.colcon_core.verb:set package 'ground_truth_sim' build argument 'catkin_skip_building_tests' from command line to 'False'
[0.107s] DEBUG:colcon.colcon_core.verb:Building package 'ground_truth_sim' with the following arguments: {'ament_cmake_args': None, 'build_base': '/home/cczh/temp-code/ground_truth_sim/build/ground_truth_sim', 'catkin_cmake_args': None, 'catkin_skip_building_tests': False, 'cmake_args': None, 'cmake_clean_cache': False, 'cmake_clean_first': False, 'cmake_force_configure': False, 'cmake_target': None, 'cmake_target_skip_unavailable': False, 'install_base': '/home/cczh/temp-code/ground_truth_sim/install/ground_truth_sim', 'merge_install': False, 'path': '/home/cczh/temp-code/ground_truth_sim/src/sim', 'symlink_install': False, 'test_result_base': None}
[0.108s] INFO:colcon.colcon_core.executor:Executing jobs using 'parallel' executor
[0.108s] DEBUG:colcon.colcon_parallel_executor.executor.parallel:run_until_complete
[0.108s] INFO:colcon.colcon_ros.task.ament_cmake.build:Building ROS package in '/home/cczh/temp-code/ground_truth_sim/src/usv_interfaces' with build type 'ament_cmake'
[0.108s] INFO:colcon.colcon_cmake.task.cmake.build:Building CMake package in '/home/cczh/temp-code/ground_truth_sim/src/usv_interfaces'
[0.109s] INFO:colcon.colcon_core.plugin_system:Skipping extension 'colcon_core.shell.bat': Not used on non-Windows systems
[0.109s] INFO:colcon.colcon_core.shell:Skip shell extension 'powershell' for command environment: Not usable outside of PowerShell
[0.109s] DEBUG:colcon.colcon_core.shell:Skip shell extension 'dsv' for command environment
[0.115s] DEBUG:colcon.colcon_core.event_handler.log_command:Invoking command in '/home/cczh/temp-code/ground_truth_sim/build/usv_interfaces': CMAKE_PREFIX_PATH=${CMAKE_PREFIX_PATH}:/home/cczh/temp-code/ground_truth_sim/install/usv_fusion:/home/cczh/temp-code/ground_truth_sim/install/ground_truth_sim:/home/cczh/temp-code/ground_truth_sim/install/usv_event_fusion:/home/cczh/temp-code/ground_truth_sim/install/percision_sim:/opt/ros/humble /usr/bin/cmake --build /home/cczh/temp-code/ground_truth_sim/build/usv_interfaces -- -j32 -l32
[0.348s] DEBUG:colcon.colcon_core.event_handler.log_command:Invoked command in '/home/cczh/temp-code/ground_truth_sim/build/usv_interfaces' returned '0': CMAKE_PREFIX_PATH=${CMAKE_PREFIX_PATH}:/home/cczh/temp-code/ground_truth_sim/install/usv_fusion:/home/cczh/temp-code/ground_truth_sim/install/ground_truth_sim:/home/cczh/temp-code/ground_truth_sim/install/usv_event_fusion:/home/cczh/temp-code/ground_truth_sim/install/percision_sim:/opt/ros/humble /usr/bin/cmake --build /home/cczh/temp-code/ground_truth_sim/build/usv_interfaces -- -j32 -l32
[0.356s] DEBUG:colcon.colcon_core.event_handler.log_command:Invoking command in '/home/cczh/temp-code/ground_truth_sim/build/usv_interfaces': CMAKE_PREFIX_PATH=${CMAKE_PREFIX_PATH}:/home/cczh/temp-code/ground_truth_sim/install/usv_fusion:/home/cczh/temp-code/ground_truth_sim/install/ground_truth_sim:/home/cczh/temp-code/ground_truth_sim/install/usv_event_fusion:/home/cczh/temp-code/ground_truth_sim/install/percision_sim:/opt/ros/humble /usr/bin/cmake --install /home/cczh/temp-code/ground_truth_sim/build/usv_interfaces
[0.404s] Level 1:colcon.colcon_core.environment:create_environment_scripts_only(usv_interfaces)
[0.404s] DEBUG:colcon.colcon_core.event_handler.log_command:Invoked command in '/home/cczh/temp-code/ground_truth_sim/build/usv_interfaces' returned '0': CMAKE_PREFIX_PATH=${CMAKE_PREFIX_PATH}:/home/cczh/temp-code/ground_truth_sim/install/usv_fusion:/home/cczh/temp-code/ground_truth_sim/install/ground_truth_sim:/home/cczh/temp-code/ground_truth_sim/install/usv_event_fusion:/home/cczh/temp-code/ground_truth_sim/install/percision_sim:/opt/ros/humble /usr/bin/cmake --install /home/cczh/temp-code/ground_truth_sim/build/usv_interfaces
[0.405s] Level 1:colcon.colcon_core.environment:checking '/home/cczh/temp-code/ground_truth_sim/install/usv_interfaces' for CMake module files
[0.405s] Level 1:colcon.colcon_core.environment:checking '/home/cczh/temp-code/ground_truth_sim/install/usv_interfaces' for CMake config files
[0.405s] Level 1:colcon.colcon_core.shell:create_environment_hook('usv_interfaces', 'cmake_prefix_path')
[0.405s] INFO:colcon.colcon_core.shell:Creating environment hook '/home/cczh/temp-code/ground_truth_sim/install/usv_interfaces/share/usv_interfaces/hook/cmake_prefix_path.ps1'
[0.406s] INFO:colcon.colcon_core.shell:Creating environment descriptor '/home/cczh/temp-code/ground_truth_sim/install/usv_interfaces/share/usv_interfaces/hook/cmake_prefix_path.dsv'
[0.406s] INFO:colcon.colcon_core.shell:Creating environment hook '/home/cczh/temp-code/ground_truth_sim/install/usv_interfaces/share/usv_interfaces/hook/cmake_prefix_path.sh'
[0.406s] Level 1:colcon.colcon_core.environment:checking '/home/cczh/temp-code/ground_truth_sim/install/usv_interfaces/lib'
[0.406s] Level 1:colcon.colcon_core.shell:create_environment_hook('usv_interfaces', 'ld_library_path_lib')
[0.407s] INFO:colcon.colcon_core.shell:Creating environment hook '/home/cczh/temp-code/ground_truth_sim/install/usv_interfaces/share/usv_interfaces/hook/ld_library_path_lib.ps1'
[0.407s] INFO:colcon.colcon_core.shell:Creating environment descriptor '/home/cczh/temp-code/ground_truth_sim/install/usv_interfaces/share/usv_interfaces/hook/ld_library_path_lib.dsv'
[0.407s] INFO:colcon.colcon_core.shell:Creating environment hook '/home/cczh/temp-code/ground_truth_sim/install/usv_interfaces/share/usv_interfaces/hook/ld_library_path_lib.sh'
[0.407s] Level 1:colcon.colcon_core.environment:checking '/home/cczh/temp-code/ground_truth_sim/install/usv_interfaces/bin'
[0.407s] Level 1:colcon.colcon_core.environment:checking '/home/cczh/temp-code/ground_truth_sim/install/usv_interfaces/lib/pkgconfig/usv_interfaces.pc'
[0.407s] Level 1:colcon.colcon_core.environment:checking '/home/cczh/temp-code/ground_truth_sim/install/usv_interfaces/lib/python3.10/site-packages'
[0.407s] Level 1:colcon.colcon_core.environment:checking '/home/cczh/temp-code/ground_truth_sim/install/usv_interfaces/bin'
[0.408s] INFO:colcon.colcon_core.shell:Creating package script '/home/cczh/temp-code/ground_truth_sim/install/usv_interfaces/share/usv_interfaces/package.ps1'
[0.408s] INFO:colcon.colcon_core.shell:Creating package descriptor '/home/cczh/temp-code/ground_truth_sim/install/usv_interfaces/share/usv_interfaces/package.dsv'
[0.409s] INFO:colcon.colcon_core.shell:Creating package script '/home/cczh/temp-code/ground_truth_sim/install/usv_interfaces/share/usv_interfaces/package.sh'
[0.409s] INFO:colcon.colcon_core.shell:Creating package script '/home/cczh/temp-code/ground_truth_sim/install/usv_interfaces/share/usv_interfaces/package.bash'
[0.409s] INFO:colcon.colcon_core.shell:Creating package script '/home/cczh/temp-code/ground_truth_sim/install/usv_interfaces/share/usv_interfaces/package.zsh'
[0.410s] Level 1:colcon.colcon_core.environment:create_file_with_runtime_dependencies(/home/cczh/temp-code/ground_truth_sim/install/usv_interfaces/share/colcon-core/packages/usv_interfaces)
[0.410s] Level 1:colcon.colcon_core.environment:create_environment_scripts_only(usv_interfaces)
[0.410s] Level 1:colcon.colcon_core.environment:checking '/home/cczh/temp-code/ground_truth_sim/install/usv_interfaces' for CMake module files
[0.411s] Level 1:colcon.colcon_core.environment:checking '/home/cczh/temp-code/ground_truth_sim/install/usv_interfaces' for CMake config files
[0.411s] Level 1:colcon.colcon_core.shell:create_environment_hook('usv_interfaces', 'cmake_prefix_path')
[0.411s] INFO:colcon.colcon_core.shell:Creating environment hook '/home/cczh/temp-code/ground_truth_sim/install/usv_interfaces/share/usv_interfaces/hook/cmake_prefix_path.ps1'
[0.411s] INFO:colcon.colcon_core.shell:Creating environment descriptor '/home/cczh/temp-code/ground_truth_sim/install/usv_interfaces/share/usv_interfaces/hook/cmake_prefix_path.dsv'
[0.412s] INFO:colcon.colcon_core.shell:Creating environment hook '/home/cczh/temp-code/ground_truth_sim/install/usv_interfaces/share/usv_interfaces/hook/cmake_prefix_path.sh'
[0.412s] Level 1:colcon.colcon_core.environment:checking '/home/cczh/temp-code/ground_truth_sim/install/usv_interfaces/lib'
[0.412s] Level 1:colcon.colcon_core.shell:create_environment_hook('usv_interfaces', 'ld_library_path_lib')
[0.412s] INFO:colcon.colcon_core.shell:Creating environment hook '/home/cczh/temp-code/ground_truth_sim/install/usv_interfaces/share/usv_interfaces/hook/ld_library_path_lib.ps1'
[0.413s] INFO:colcon.colcon_core.shell:Creating environment descriptor '/home/cczh/temp-code/ground_truth_sim/install/usv_interfaces/share/usv_interfaces/hook/ld_library_path_lib.dsv'
[0.413s] INFO:colcon.colcon_core.shell:Creating environment hook '/home/cczh/temp-code/ground_truth_sim/install/usv_interfaces/share/usv_interfaces/hook/ld_library_path_lib.sh'
[0.413s] Level 1:colcon.colcon_core.environment:checking '/home/cczh/temp-code/ground_truth_sim/install/usv_interfaces/bin'
[0.413s] Level 1:colcon.colcon_core.environment:checking '/home/cczh/temp-code/ground_truth_sim/install/usv_interfaces/lib/pkgconfig/usv_interfaces.pc'
[0.413s] Level 1:colcon.colcon_core.environment:checking '/home/cczh/temp-code/ground_truth_sim/install/usv_interfaces/lib/python3.10/site-packages'
[0.414s] Level 1:colcon.colcon_core.environment:checking '/home/cczh/temp-code/ground_truth_sim/install/usv_interfaces/bin'
[0.414s] INFO:colcon.colcon_core.shell:Creating package script '/home/cczh/temp-code/ground_truth_sim/install/usv_interfaces/share/usv_interfaces/package.ps1'
[0.414s] INFO:colcon.colcon_core.shell:Creating package descriptor '/home/cczh/temp-code/ground_truth_sim/install/usv_interfaces/share/usv_interfaces/package.dsv'
[0.415s] INFO:colcon.colcon_core.shell:Creating package script '/home/cczh/temp-code/ground_truth_sim/install/usv_interfaces/share/usv_interfaces/package.sh'
[0.415s] INFO:colcon.colcon_core.shell:Creating package script '/home/cczh/temp-code/ground_truth_sim/install/usv_interfaces/share/usv_interfaces/package.bash'
[0.415s] INFO:colcon.colcon_core.shell:Creating package script '/home/cczh/temp-code/ground_truth_sim/install/usv_interfaces/share/usv_interfaces/package.zsh'
[0.415s] Level 1:colcon.colcon_core.environment:create_file_with_runtime_dependencies(/home/cczh/temp-code/ground_truth_sim/install/usv_interfaces/share/colcon-core/packages/usv_interfaces)
[0.416s] INFO:colcon.colcon_ros.task.ament_python.build:Building ROS package in '/home/cczh/temp-code/ground_truth_sim/src/usv_event_fusion' with build type 'ament_python'
[0.416s] Level 1:colcon.colcon_core.shell:create_environment_hook('usv_event_fusion', 'ament_prefix_path')
[0.416s] INFO:colcon.colcon_core.shell:Creating environment hook '/home/cczh/temp-code/ground_truth_sim/install/usv_event_fusion/share/usv_event_fusion/hook/ament_prefix_path.ps1'
[0.416s] INFO:colcon.colcon_core.shell:Creating environment descriptor '/home/cczh/temp-code/ground_truth_sim/install/usv_event_fusion/share/usv_event_fusion/hook/ament_prefix_path.dsv'
[0.416s] INFO:colcon.colcon_core.shell:Creating environment hook '/home/cczh/temp-code/ground_truth_sim/install/usv_event_fusion/share/usv_event_fusion/hook/ament_prefix_path.sh'
[0.417s] INFO:colcon.colcon_core.shell:Skip shell extension 'powershell' for command environment: Not usable outside of PowerShell
[0.417s] DEBUG:colcon.colcon_core.shell:Skip shell extension 'dsv' for command environment
[0.419s] INFO:colcon.colcon_ros.task.ament_python.build:Building ROS package in '/home/cczh/temp-code/ground_truth_sim/src/percision_sim' with build type 'ament_python'
[0.419s] Level 1:colcon.colcon_core.shell:create_environment_hook('percision_sim', 'ament_prefix_path')
[0.419s] INFO:colcon.colcon_core.shell:Creating environment hook '/home/cczh/temp-code/ground_truth_sim/install/percision_sim/share/percision_sim/hook/ament_prefix_path.ps1'
[0.419s] INFO:colcon.colcon_core.shell:Creating environment descriptor '/home/cczh/temp-code/ground_truth_sim/install/percision_sim/share/percision_sim/hook/ament_prefix_path.dsv'
[0.419s] INFO:colcon.colcon_core.shell:Creating environment hook '/home/cczh/temp-code/ground_truth_sim/install/percision_sim/share/percision_sim/hook/ament_prefix_path.sh'
[0.419s] INFO:colcon.colcon_core.shell:Skip shell extension 'powershell' for command environment: Not usable outside of PowerShell
[0.419s] DEBUG:colcon.colcon_core.shell:Skip shell extension 'dsv' for command environment
[0.421s] INFO:colcon.colcon_ros.task.ament_python.build:Building ROS package in '/home/cczh/temp-code/ground_truth_sim/src/usv_fusion' with build type 'ament_python'
[0.421s] Level 1:colcon.colcon_core.shell:create_environment_hook('usv_fusion', 'ament_prefix_path')
[0.421s] INFO:colcon.colcon_core.shell:Creating environment hook '/home/cczh/temp-code/ground_truth_sim/install/usv_fusion/share/usv_fusion/hook/ament_prefix_path.ps1'
[0.421s] INFO:colcon.colcon_core.shell:Creating environment descriptor '/home/cczh/temp-code/ground_truth_sim/install/usv_fusion/share/usv_fusion/hook/ament_prefix_path.dsv'
[0.421s] INFO:colcon.colcon_core.shell:Creating environment hook '/home/cczh/temp-code/ground_truth_sim/install/usv_fusion/share/usv_fusion/hook/ament_prefix_path.sh'
[0.422s] INFO:colcon.colcon_core.shell:Skip shell extension 'powershell' for command environment: Not usable outside of PowerShell
[0.422s] DEBUG:colcon.colcon_core.shell:Skip shell extension 'dsv' for command environment
[0.526s] INFO:colcon.colcon_core.task.python.build:Building Python package in '/home/cczh/temp-code/ground_truth_sim/src/usv_event_fusion'
[0.526s] INFO:colcon.colcon_core.shell:Skip shell extension 'powershell' for command environment: Not usable outside of PowerShell
[0.526s] DEBUG:colcon.colcon_core.shell:Skip shell extension 'dsv' for command environment
[0.630s] INFO:colcon.colcon_core.task.python.build:Building Python package in '/home/cczh/temp-code/ground_truth_sim/src/percision_sim'
[0.630s] INFO:colcon.colcon_core.shell:Skip shell extension 'powershell' for command environment: Not usable outside of PowerShell
[0.630s] DEBUG:colcon.colcon_core.shell:Skip shell extension 'dsv' for command environment
[0.736s] INFO:colcon.colcon_core.task.python.build:Building Python package in '/home/cczh/temp-code/ground_truth_sim/src/usv_fusion'
[0.736s] INFO:colcon.colcon_core.shell:Skip shell extension 'powershell' for command environment: Not usable outside of PowerShell
[0.736s] DEBUG:colcon.colcon_core.shell:Skip shell extension 'dsv' for command environment
[0.988s] DEBUG:colcon.colcon_core.event_handler.log_command:Invoking command in '/home/cczh/temp-code/ground_truth_sim/src/usv_event_fusion': PYTHONPATH=/home/cczh/temp-code/ground_truth_sim/build/usv_event_fusion/prefix_override:/usr/lib/python3/dist-packages/colcon_core/task/python/colcon_distutils_commands:/home/cczh/temp-code/ground_truth_sim/install/usv_event_fusion/lib/python3.10/site-packages:${PYTHONPATH} /usr/bin/python3 -W ignore:setup.py install is deprecated -W ignore:easy_install command is deprecated setup.py egg_info --egg-base ../../build/usv_event_fusion build --build-base /home/cczh/temp-code/ground_truth_sim/build/usv_event_fusion/build install --record /home/cczh/temp-code/ground_truth_sim/build/usv_event_fusion/install.log --single-version-externally-managed install_data
[0.990s] DEBUG:colcon.colcon_core.event_handler.log_command:Invoking command in '/home/cczh/temp-code/ground_truth_sim/src/usv_fusion': PYTHONPATH=/home/cczh/temp-code/ground_truth_sim/build/usv_fusion/prefix_override:/usr/lib/python3/dist-packages/colcon_core/task/python/colcon_distutils_commands:/home/cczh/temp-code/ground_truth_sim/install/usv_fusion/lib/python3.10/site-packages:${PYTHONPATH} /usr/bin/python3 -W ignore:setup.py install is deprecated -W ignore:easy_install command is deprecated setup.py egg_info --egg-base ../../build/usv_fusion build --build-base /home/cczh/temp-code/ground_truth_sim/build/usv_fusion/build install --record /home/cczh/temp-code/ground_truth_sim/build/usv_fusion/install.log --single-version-externally-managed install_data
[1.001s] DEBUG:colcon.colcon_core.event_handler.log_command:Invoking command in '/home/cczh/temp-code/ground_truth_sim/src/percision_sim': PYTHONPATH=/home/cczh/temp-code/ground_truth_sim/build/percision_sim/prefix_override:/usr/lib/python3/dist-packages/colcon_core/task/python/colcon_distutils_commands:/home/cczh/temp-code/ground_truth_sim/install/percision_sim/lib/python3.10/site-packages:${PYTHONPATH} /usr/bin/python3 -W ignore:setup.py install is deprecated -W ignore:easy_install command is deprecated setup.py egg_info --egg-base ../../build/percision_sim build --build-base /home/cczh/temp-code/ground_truth_sim/build/percision_sim/build install --record /home/cczh/temp-code/ground_truth_sim/build/percision_sim/install.log --single-version-externally-managed install_data
[1.211s] Level 1:colcon.colcon_core.environment:checking '/home/cczh/temp-code/ground_truth_sim/install/usv_event_fusion' for CMake module files
[1.212s] DEBUG:colcon.colcon_core.event_handler.log_command:Invoked command in '/home/cczh/temp-code/ground_truth_sim/src/usv_event_fusion' returned '0': PYTHONPATH=/home/cczh/temp-code/ground_truth_sim/build/usv_event_fusion/prefix_override:/usr/lib/python3/dist-packages/colcon_core/task/python/colcon_distutils_commands:/home/cczh/temp-code/ground_truth_sim/install/usv_event_fusion/lib/python3.10/site-packages:${PYTHONPATH} /usr/bin/python3 -W ignore:setup.py install is deprecated -W ignore:easy_install command is deprecated setup.py egg_info --egg-base ../../build/usv_event_fusion build --build-base /home/cczh/temp-code/ground_truth_sim/build/usv_event_fusion/build install --record /home/cczh/temp-code/ground_truth_sim/build/usv_event_fusion/install.log --single-version-externally-managed install_data
[1.212s] Level 1:colcon.colcon_core.environment:checking '/home/cczh/temp-code/ground_truth_sim/install/usv_event_fusion' for CMake config files
[1.212s] Level 1:colcon.colcon_core.environment:checking '/home/cczh/temp-code/ground_truth_sim/install/usv_event_fusion/lib'
[1.212s] Level 1:colcon.colcon_core.environment:checking '/home/cczh/temp-code/ground_truth_sim/install/usv_event_fusion/bin'
[1.213s] Level 1:colcon.colcon_core.environment:checking '/home/cczh/temp-code/ground_truth_sim/install/usv_event_fusion/lib/pkgconfig/usv_event_fusion.pc'
[1.213s] Level 1:colcon.colcon_core.environment:checking '/home/cczh/temp-code/ground_truth_sim/install/usv_event_fusion/lib/python3.10/site-packages'
[1.213s] Level 1:colcon.colcon_core.shell:create_environment_hook('usv_event_fusion', 'pythonpath')
[1.213s] INFO:colcon.colcon_core.shell:Creating environment hook '/home/cczh/temp-code/ground_truth_sim/install/usv_event_fusion/share/usv_event_fusion/hook/pythonpath.ps1'
[1.213s] INFO:colcon.colcon_core.shell:Creating environment descriptor '/home/cczh/temp-code/ground_truth_sim/install/usv_event_fusion/share/usv_event_fusion/hook/pythonpath.dsv'
[1.214s] INFO:colcon.colcon_core.shell:Creating environment hook '/home/cczh/temp-code/ground_truth_sim/install/usv_event_fusion/share/usv_event_fusion/hook/pythonpath.sh'
[1.214s] Level 1:colcon.colcon_core.environment:checking '/home/cczh/temp-code/ground_truth_sim/install/usv_event_fusion/bin'
[1.214s] Level 1:colcon.colcon_core.environment:create_environment_scripts_only(usv_event_fusion)
[1.214s] INFO:colcon.colcon_core.shell:Creating package script '/home/cczh/temp-code/ground_truth_sim/install/usv_event_fusion/share/usv_event_fusion/package.ps1'
[1.215s] INFO:colcon.colcon_core.shell:Creating package descriptor '/home/cczh/temp-code/ground_truth_sim/install/usv_event_fusion/share/usv_event_fusion/package.dsv'
[1.215s] INFO:colcon.colcon_core.shell:Creating package script '/home/cczh/temp-code/ground_truth_sim/install/usv_event_fusion/share/usv_event_fusion/package.sh'
[1.215s] INFO:colcon.colcon_core.shell:Creating package script '/home/cczh/temp-code/ground_truth_sim/install/usv_event_fusion/share/usv_event_fusion/package.bash'
[1.216s] INFO:colcon.colcon_core.shell:Creating package script '/home/cczh/temp-code/ground_truth_sim/install/usv_event_fusion/share/usv_event_fusion/package.zsh'
[1.216s] Level 1:colcon.colcon_core.environment:create_file_with_runtime_dependencies(/home/cczh/temp-code/ground_truth_sim/install/usv_event_fusion/share/colcon-core/packages/usv_event_fusion)
[1.216s] INFO:colcon.colcon_ros.task.ament_python.build:Building ROS package in '/home/cczh/temp-code/ground_truth_sim/src/sim' with build type 'ament_python'
[1.216s] Level 1:colcon.colcon_core.shell:create_environment_hook('ground_truth_sim', 'ament_prefix_path')
[1.216s] INFO:colcon.colcon_core.shell:Creating environment hook '/home/cczh/temp-code/ground_truth_sim/install/ground_truth_sim/share/ground_truth_sim/hook/ament_prefix_path.ps1'
[1.217s] INFO:colcon.colcon_core.shell:Creating environment descriptor '/home/cczh/temp-code/ground_truth_sim/install/ground_truth_sim/share/ground_truth_sim/hook/ament_prefix_path.dsv'
[1.217s] INFO:colcon.colcon_core.shell:Creating environment hook '/home/cczh/temp-code/ground_truth_sim/install/ground_truth_sim/share/ground_truth_sim/hook/ament_prefix_path.sh'
[1.218s] INFO:colcon.colcon_core.shell:Skip shell extension 'powershell' for command environment: Not usable outside of PowerShell
[1.218s] DEBUG:colcon.colcon_core.shell:Skip shell extension 'dsv' for command environment
[1.223s] Level 1:colcon.colcon_core.environment:checking '/home/cczh/temp-code/ground_truth_sim/install/usv_fusion' for CMake module files
[1.223s] DEBUG:colcon.colcon_core.event_handler.log_command:Invoked command in '/home/cczh/temp-code/ground_truth_sim/src/usv_fusion' returned '0': PYTHONPATH=/home/cczh/temp-code/ground_truth_sim/build/usv_fusion/prefix_override:/usr/lib/python3/dist-packages/colcon_core/task/python/colcon_distutils_commands:/home/cczh/temp-code/ground_truth_sim/install/usv_fusion/lib/python3.10/site-packages:${PYTHONPATH} /usr/bin/python3 -W ignore:setup.py install is deprecated -W ignore:easy_install command is deprecated setup.py egg_info --egg-base ../../build/usv_fusion build --build-base /home/cczh/temp-code/ground_truth_sim/build/usv_fusion/build install --record /home/cczh/temp-code/ground_truth_sim/build/usv_fusion/install.log --single-version-externally-managed install_data
[1.224s] Level 1:colcon.colcon_core.environment:checking '/home/cczh/temp-code/ground_truth_sim/install/usv_fusion' for CMake config files
[1.224s] Level 1:colcon.colcon_core.environment:checking '/home/cczh/temp-code/ground_truth_sim/install/usv_fusion/lib'
[1.224s] Level 1:colcon.colcon_core.environment:checking '/home/cczh/temp-code/ground_truth_sim/install/usv_fusion/bin'
[1.224s] Level 1:colcon.colcon_core.environment:checking '/home/cczh/temp-code/ground_truth_sim/install/usv_fusion/lib/pkgconfig/usv_fusion.pc'
[1.224s] Level 1:colcon.colcon_core.environment:checking '/home/cczh/temp-code/ground_truth_sim/install/usv_fusion/lib/python3.10/site-packages'
[1.224s] Level 1:colcon.colcon_core.shell:create_environment_hook('usv_fusion', 'pythonpath')
[1.225s] INFO:colcon.colcon_core.shell:Creating environment hook '/home/cczh/temp-code/ground_truth_sim/install/usv_fusion/share/usv_fusion/hook/pythonpath.ps1'
[1.225s] INFO:colcon.colcon_core.shell:Creating environment descriptor '/home/cczh/temp-code/ground_truth_sim/install/usv_fusion/share/usv_fusion/hook/pythonpath.dsv'
[1.225s] INFO:colcon.colcon_core.shell:Creating environment hook '/home/cczh/temp-code/ground_truth_sim/install/usv_fusion/share/usv_fusion/hook/pythonpath.sh'
[1.226s] Level 1:colcon.colcon_core.environment:checking '/home/cczh/temp-code/ground_truth_sim/install/usv_fusion/bin'
[1.226s] Level 1:colcon.colcon_core.environment:create_environment_scripts_only(usv_fusion)
[1.226s] INFO:colcon.colcon_core.shell:Creating package script '/home/cczh/temp-code/ground_truth_sim/install/usv_fusion/share/usv_fusion/package.ps1'
[1.226s] INFO:colcon.colcon_core.shell:Creating package descriptor '/home/cczh/temp-code/ground_truth_sim/install/usv_fusion/share/usv_fusion/package.dsv'
[1.227s] INFO:colcon.colcon_core.shell:Creating package script '/home/cczh/temp-code/ground_truth_sim/install/usv_fusion/share/usv_fusion/package.sh'
[1.227s] INFO:colcon.colcon_core.shell:Creating package script '/home/cczh/temp-code/ground_truth_sim/install/usv_fusion/share/usv_fusion/package.bash'
[1.227s] INFO:colcon.colcon_core.shell:Creating package script '/home/cczh/temp-code/ground_truth_sim/install/usv_fusion/share/usv_fusion/package.zsh'
[1.227s] Level 1:colcon.colcon_core.environment:create_file_with_runtime_dependencies(/home/cczh/temp-code/ground_truth_sim/install/usv_fusion/share/colcon-core/packages/usv_fusion)
[1.332s] INFO:colcon.colcon_core.task.python.build:Building Python package in '/home/cczh/temp-code/ground_truth_sim/src/sim'
[1.333s] INFO:colcon.colcon_core.shell:Skip shell extension 'powershell' for command environment: Not usable outside of PowerShell
[1.333s] DEBUG:colcon.colcon_core.shell:Skip shell extension 'dsv' for command environment
[1.335s] Level 1:colcon.colcon_core.environment:checking '/home/cczh/temp-code/ground_truth_sim/install/percision_sim' for CMake module files
[1.335s] DEBUG:colcon.colcon_core.event_handler.log_command:Invoked command in '/home/cczh/temp-code/ground_truth_sim/src/percision_sim' returned '0': PYTHONPATH=/home/cczh/temp-code/ground_truth_sim/build/percision_sim/prefix_override:/usr/lib/python3/dist-packages/colcon_core/task/python/colcon_distutils_commands:/home/cczh/temp-code/ground_truth_sim/install/percision_sim/lib/python3.10/site-packages:${PYTHONPATH} /usr/bin/python3 -W ignore:setup.py install is deprecated -W ignore:easy_install command is deprecated setup.py egg_info --egg-base ../../build/percision_sim build --build-base /home/cczh/temp-code/ground_truth_sim/build/percision_sim/build install --record /home/cczh/temp-code/ground_truth_sim/build/percision_sim/install.log --single-version-externally-managed install_data
[1.335s] Level 1:colcon.colcon_core.environment:checking '/home/cczh/temp-code/ground_truth_sim/install/percision_sim' for CMake config files
[1.335s] Level 1:colcon.colcon_core.environment:checking '/home/cczh/temp-code/ground_truth_sim/install/percision_sim/lib'
[1.335s] Level 1:colcon.colcon_core.environment:checking '/home/cczh/temp-code/ground_truth_sim/install/percision_sim/bin'
[1.335s] Level 1:colcon.colcon_core.environment:checking '/home/cczh/temp-code/ground_truth_sim/install/percision_sim/lib/pkgconfig/percision_sim.pc'
[1.335s] Level 1:colcon.colcon_core.environment:checking '/home/cczh/temp-code/ground_truth_sim/install/percision_sim/lib/python3.10/site-packages'
[1.335s] Level 1:colcon.colcon_core.shell:create_environment_hook('percision_sim', 'pythonpath')
[1.336s] INFO:colcon.colcon_core.shell:Creating environment hook '/home/cczh/temp-code/ground_truth_sim/install/percision_sim/share/percision_sim/hook/pythonpath.ps1'
[1.336s] INFO:colcon.colcon_core.shell:Creating environment descriptor '/home/cczh/temp-code/ground_truth_sim/install/percision_sim/share/percision_sim/hook/pythonpath.dsv'
[1.336s] INFO:colcon.colcon_core.shell:Creating environment hook '/home/cczh/temp-code/ground_truth_sim/install/percision_sim/share/percision_sim/hook/pythonpath.sh'
[1.336s] Level 1:colcon.colcon_core.environment:checking '/home/cczh/temp-code/ground_truth_sim/install/percision_sim/bin'
[1.336s] Level 1:colcon.colcon_core.environment:create_environment_scripts_only(percision_sim)
[1.336s] INFO:colcon.colcon_core.shell:Creating package script '/home/cczh/temp-code/ground_truth_sim/install/percision_sim/share/percision_sim/package.ps1'
[1.337s] INFO:colcon.colcon_core.shell:Creating package descriptor '/home/cczh/temp-code/ground_truth_sim/install/percision_sim/share/percision_sim/package.dsv'
[1.337s] INFO:colcon.colcon_core.shell:Creating package script '/home/cczh/temp-code/ground_truth_sim/install/percision_sim/share/percision_sim/package.sh'
[1.337s] INFO:colcon.colcon_core.shell:Creating package script '/home/cczh/temp-code/ground_truth_sim/install/percision_sim/share/percision_sim/package.bash'
[1.337s] INFO:colcon.colcon_core.shell:Creating package script '/home/cczh/temp-code/ground_truth_sim/install/percision_sim/share/percision_sim/package.zsh'
[1.337s] Level 1:colcon.colcon_core.environment:create_file_with_runtime_dependencies(/home/cczh/temp-code/ground_truth_sim/install/percision_sim/share/colcon-core/packages/percision_sim)
[1.587s] DEBUG:colcon.colcon_core.event_handler.log_command:Invoking command in '/home/cczh/temp-code/ground_truth_sim/src/sim': AMENT_PREFIX_PATH=/home/cczh/temp-code/ground_truth_sim/install/usv_event_fusion:/home/cczh/temp-code/ground_truth_sim/install/usv_fusion:/home/cczh/temp-code/ground_truth_sim/install/ground_truth_sim:/home/cczh/temp-code/ground_truth_sim/install/percision_sim:/home/cczh/temp-code/ground_truth_sim/install/usv_interfaces:/opt/ros/humble PYTHONPATH=/home/cczh/temp-code/ground_truth_sim/build/ground_truth_sim/prefix_override:/usr/lib/python3/dist-packages/colcon_core/task/python/colcon_distutils_commands:/home/cczh/temp-code/ground_truth_sim/install/ground_truth_sim/lib/python3.10/site-packages:/home/cczh/temp-code/ground_truth_sim/install/usv_event_fusion/lib/python3.10/site-packages:/home/cczh/temp-code/ground_truth_sim/install/usv_fusion/lib/python3.10/site-packages:/home/cczh/temp-code/ground_truth_sim/install/ground_truth_sim/lib/python3.10/site-packages:/home/cczh/temp-code/ground_truth_sim/install/percision_sim/lib/python3.10/site-packages:/home/cczh/temp-code/ground_truth_sim/install/usv_interfaces/local/lib/python3.10/dist-packages:/opt/ros/humble/lib/python3.10/site-packages:/opt/ros/humble/local/lib/python3.10/dist-packages /usr/bin/python3 -W ignore:setup.py install is deprecated -W ignore:easy_install command is deprecated setup.py egg_info --egg-base ../../build/ground_truth_sim build --build-base /home/cczh/temp-code/ground_truth_sim/build/ground_truth_sim/build install --record /home/cczh/temp-code/ground_truth_sim/build/ground_truth_sim/install.log --single-version-externally-managed install_data
[1.806s] Level 1:colcon.colcon_core.environment:checking '/home/cczh/temp-code/ground_truth_sim/install/ground_truth_sim' for CMake module files
[1.806s] DEBUG:colcon.colcon_core.event_handler.log_command:Invoked command in '/home/cczh/temp-code/ground_truth_sim/src/sim' returned '0': AMENT_PREFIX_PATH=/home/cczh/temp-code/ground_truth_sim/install/usv_event_fusion:/home/cczh/temp-code/ground_truth_sim/install/usv_fusion:/home/cczh/temp-code/ground_truth_sim/install/ground_truth_sim:/home/cczh/temp-code/ground_truth_sim/install/percision_sim:/home/cczh/temp-code/ground_truth_sim/install/usv_interfaces:/opt/ros/humble PYTHONPATH=/home/cczh/temp-code/ground_truth_sim/build/ground_truth_sim/prefix_override:/usr/lib/python3/dist-packages/colcon_core/task/python/colcon_distutils_commands:/home/cczh/temp-code/ground_truth_sim/install/ground_truth_sim/lib/python3.10/site-packages:/home/cczh/temp-code/ground_truth_sim/install/usv_event_fusion/lib/python3.10/site-packages:/home/cczh/temp-code/ground_truth_sim/install/usv_fusion/lib/python3.10/site-packages:/home/cczh/temp-code/ground_truth_sim/install/ground_truth_sim/lib/python3.10/site-packages:/home/cczh/temp-code/ground_truth_sim/install/percision_sim/lib/python3.10/site-packages:/home/cczh/temp-code/ground_truth_sim/install/usv_interfaces/local/lib/python3.10/dist-packages:/opt/ros/humble/lib/python3.10/site-packages:/opt/ros/humble/local/lib/python3.10/dist-packages /usr/bin/python3 -W ignore:setup.py install is deprecated -W ignore:easy_install command is deprecated setup.py egg_info --egg-base ../../build/ground_truth_sim build --build-base /home/cczh/temp-code/ground_truth_sim/build/ground_truth_sim/build install --record /home/cczh/temp-code/ground_truth_sim/build/ground_truth_sim/install.log --single-version-externally-managed install_data
[1.807s] Level 1:colcon.colcon_core.environment:checking '/home/cczh/temp-code/ground_truth_sim/install/ground_truth_sim' for CMake config files
[1.807s] Level 1:colcon.colcon_core.environment:checking '/home/cczh/temp-code/ground_truth_sim/install/ground_truth_sim/lib'
[1.807s] Level 1:colcon.colcon_core.environment:checking '/home/cczh/temp-code/ground_truth_sim/install/ground_truth_sim/bin'
[1.807s] Level 1:colcon.colcon_core.environment:checking '/home/cczh/temp-code/ground_truth_sim/install/ground_truth_sim/lib/pkgconfig/ground_truth_sim.pc'
[1.807s] Level 1:colcon.colcon_core.environment:checking '/home/cczh/temp-code/ground_truth_sim/install/ground_truth_sim/lib/python3.10/site-packages'
[1.807s] Level 1:colcon.colcon_core.shell:create_environment_hook('ground_truth_sim', 'pythonpath')
[1.808s] INFO:colcon.colcon_core.shell:Creating environment hook '/home/cczh/temp-code/ground_truth_sim/install/ground_truth_sim/share/ground_truth_sim/hook/pythonpath.ps1'
[1.808s] INFO:colcon.colcon_core.shell:Creating environment descriptor '/home/cczh/temp-code/ground_truth_sim/install/ground_truth_sim/share/ground_truth_sim/hook/pythonpath.dsv'
[1.808s] INFO:colcon.colcon_core.shell:Creating environment hook '/home/cczh/temp-code/ground_truth_sim/install/ground_truth_sim/share/ground_truth_sim/hook/pythonpath.sh'
[1.809s] Level 1:colcon.colcon_core.environment:checking '/home/cczh/temp-code/ground_truth_sim/install/ground_truth_sim/bin'
[1.809s] Level 1:colcon.colcon_core.environment:create_environment_scripts_only(ground_truth_sim)
[1.809s] INFO:colcon.colcon_core.shell:Creating package script '/home/cczh/temp-code/ground_truth_sim/install/ground_truth_sim/share/ground_truth_sim/package.ps1'
[1.809s] INFO:colcon.colcon_core.shell:Creating package descriptor '/home/cczh/temp-code/ground_truth_sim/install/ground_truth_sim/share/ground_truth_sim/package.dsv'
[1.810s] INFO:colcon.colcon_core.shell:Creating package script '/home/cczh/temp-code/ground_truth_sim/install/ground_truth_sim/share/ground_truth_sim/package.sh'
[1.810s] INFO:colcon.colcon_core.shell:Creating package script '/home/cczh/temp-code/ground_truth_sim/install/ground_truth_sim/share/ground_truth_sim/package.bash'
[1.810s] INFO:colcon.colcon_core.shell:Creating package script '/home/cczh/temp-code/ground_truth_sim/install/ground_truth_sim/share/ground_truth_sim/package.zsh'
[1.810s] Level 1:colcon.colcon_core.environment:create_file_with_runtime_dependencies(/home/cczh/temp-code/ground_truth_sim/install/ground_truth_sim/share/colcon-core/packages/ground_truth_sim)
[1.811s] DEBUG:colcon.colcon_parallel_executor.executor.parallel:closing loop
[1.811s] DEBUG:colcon.colcon_parallel_executor.executor.parallel:loop closed
[1.811s] DEBUG:colcon.colcon_parallel_executor.executor.parallel:run_until_complete finished with '0'
[1.811s] DEBUG:colcon.colcon_core.event_reactor:joining thread
[1.818s] INFO:colcon.colcon_core.plugin_system:Skipping extension 'colcon_notification.desktop_notification.terminal_notifier': Not used on non-Darwin systems
[1.818s] INFO:colcon.colcon_core.plugin_system:Skipping extension 'colcon_notification.desktop_notification.win32': Not used on non-Windows systems
[1.818s] INFO:colcon.colcon_notification.desktop_notification:Sending desktop notification using 'notify2'
[1.828s] DEBUG:colcon.colcon_core.event_reactor:joined thread
[1.829s] INFO:colcon.colcon_core.shell:Creating prefix script '/home/cczh/temp-code/ground_truth_sim/install/local_setup.ps1'
[1.829s] INFO:colcon.colcon_core.shell:Creating prefix util module '/home/cczh/temp-code/ground_truth_sim/install/_local_setup_util_ps1.py'
[1.830s] INFO:colcon.colcon_core.shell:Creating prefix chain script '/home/cczh/temp-code/ground_truth_sim/install/setup.ps1'
[1.830s] INFO:colcon.colcon_core.shell:Creating prefix script '/home/cczh/temp-code/ground_truth_sim/install/local_setup.sh'
[1.830s] INFO:colcon.colcon_core.shell:Creating prefix util module '/home/cczh/temp-code/ground_truth_sim/install/_local_setup_util_sh.py'
[1.831s] INFO:colcon.colcon_core.shell:Creating prefix chain script '/home/cczh/temp-code/ground_truth_sim/install/setup.sh'
[1.831s] INFO:colcon.colcon_core.shell:Creating prefix script '/home/cczh/temp-code/ground_truth_sim/install/local_setup.bash'
[1.831s] INFO:colcon.colcon_core.shell:Creating prefix chain script '/home/cczh/temp-code/ground_truth_sim/install/setup.bash'
[1.832s] INFO:colcon.colcon_core.shell:Creating prefix script '/home/cczh/temp-code/ground_truth_sim/install/local_setup.zsh'
[1.832s] INFO:colcon.colcon_core.shell:Creating prefix chain script '/home/cczh/temp-code/ground_truth_sim/install/setup.zsh'
