[0.580s] Invoking command in '/home/cczh/temp-code/ground_truth_sim/build/ground_truth_sim': AMENT_PREFIX_PATH=/home/cczh/temp-code/ground_truth_sim/install/usv_interfaces:${AMENT_PREFIX_PATH} CMAKE_PREFIX_PATH=/home/cczh/temp-code/ground_truth_sim/install/usv_interfaces LD_LIBRARY_PATH=/home/cczh/temp-code/ground_truth_sim/install/usv_interfaces/lib:${LD_LIBRARY_PATH} PYTHONPATH=/home/cczh/temp-code/ground_truth_sim/build/ground_truth_sim/prefix_override:/usr/lib/python3/dist-packages/colcon_core/task/python/colcon_distutils_commands:/home/cczh/temp-code/ground_truth_sim/install/ground_truth_sim/lib/python3.10/site-packages:/home/cczh/temp-code/ground_truth_sim/install/usv_interfaces/local/lib/python3.10/dist-packages:${PYTHONPATH} /usr/bin/python3 -W ignore:setup.py install is deprecated -W ignore:easy_install command is deprecated setup.py develop --editable --build-directory /home/cczh/temp-code/ground_truth_sim/build/ground_truth_sim/build --no-deps symlink_data
[0.705s] running develop
[0.780s] running egg_info
[0.781s] creating ground_truth_sim.egg-info
[0.781s] writing manifest file 'ground_truth_sim.egg-info/SOURCES.txt'
[0.782s] writing manifest file 'ground_truth_sim.egg-info/SOURCES.txt'
[0.782s] running build_ext
[0.783s] running symlink_data
[0.783s] creating /home/cczh/temp-code/ground_truth_sim/install/ground_truth_sim/share/ament_index
[0.783s] creating /home/cczh/temp-code/ground_truth_sim/install/ground_truth_sim/share/ament_index/resource_index
[0.783s] creating /home/cczh/temp-code/ground_truth_sim/install/ground_truth_sim/share/ament_index/resource_index/packages
[0.783s] symbolically linking /home/cczh/temp-code/ground_truth_sim/build/ground_truth_sim/resource/ground_truth_sim -> /home/cczh/temp-code/ground_truth_sim/install/ground_truth_sim/share/ament_index/resource_index/packages
[0.783s] symbolically linking /home/cczh/temp-code/ground_truth_sim/build/ground_truth_sim/package.xml -> /home/cczh/temp-code/ground_truth_sim/install/ground_truth_sim/share/ground_truth_sim
[0.783s] creating /home/cczh/temp-code/ground_truth_sim/install/ground_truth_sim/share/ground_truth_sim/rviz
[0.784s] symbolically linking /home/cczh/temp-code/ground_truth_sim/build/ground_truth_sim/rviz/ground_truth_view.rviz -> /home/cczh/temp-code/ground_truth_sim/install/ground_truth_sim/share/ground_truth_sim/rviz
[0.784s] creating /home/cczh/temp-code/ground_truth_sim/install/ground_truth_sim/share/ground_truth_sim/launch
[0.784s] symbolically linking /home/cczh/temp-code/ground_truth_sim/build/ground_truth_sim/launch/ground_truth_sim.launch.py -> /home/cczh/temp-code/ground_truth_sim/install/ground_truth_sim/share/ground_truth_sim/launch
[0.784s] creating /home/cczh/temp-code/ground_truth_sim/install/ground_truth_sim/share/ground_truth_sim/config
[0.784s] symbolically linking /home/cczh/temp-code/ground_truth_sim/build/ground_truth_sim/config/ground_truth_params.yaml -> /home/cczh/temp-code/ground_truth_sim/install/ground_truth_sim/share/ground_truth_sim/config
[0.798s] Invoked command in '/home/cczh/temp-code/ground_truth_sim/build/ground_truth_sim' returned '0': AMENT_PREFIX_PATH=/home/cczh/temp-code/ground_truth_sim/install/usv_interfaces:${AMENT_PREFIX_PATH} CMAKE_PREFIX_PATH=/home/cczh/temp-code/ground_truth_sim/install/usv_interfaces LD_LIBRARY_PATH=/home/cczh/temp-code/ground_truth_sim/install/usv_interfaces/lib:${LD_LIBRARY_PATH} PYTHONPATH=/home/cczh/temp-code/ground_truth_sim/build/ground_truth_sim/prefix_override:/usr/lib/python3/dist-packages/colcon_core/task/python/colcon_distutils_commands:/home/cczh/temp-code/ground_truth_sim/install/ground_truth_sim/lib/python3.10/site-packages:/home/cczh/temp-code/ground_truth_sim/install/usv_interfaces/local/lib/python3.10/dist-packages:${PYTHONPATH} /usr/bin/python3 -W ignore:setup.py install is deprecated -W ignore:easy_install command is deprecated setup.py develop --editable --build-directory /home/cczh/temp-code/ground_truth_sim/build/ground_truth_sim/build --no-deps symlink_data
