[0.373s] Invoking command in '/home/cczh/temp-code/ground_truth_sim/src/usv_fusion': PYTHONPATH=/home/cczh/temp-code/ground_truth_sim/build/usv_fusion/prefix_override:/usr/lib/python3/dist-packages/colcon_core/task/python/colcon_distutils_commands:/home/cczh/temp-code/ground_truth_sim/install/usv_fusion/lib/python3.10/site-packages:${PYTHONPATH} /usr/bin/python3 -W ignore:setup.py install is deprecated -W ignore:easy_install command is deprecated setup.py egg_info --egg-base ../../build/usv_fusion build --build-base /home/cczh/temp-code/ground_truth_sim/build/usv_fusion/build install --record /home/cczh/temp-code/ground_truth_sim/build/usv_fusion/install.log --single-version-externally-managed install_data
[0.485s] running egg_info
[0.485s] creating ../../build/usv_fusion/usv_fusion.egg-info
[0.491s] writing ../../build/usv_fusion/usv_fusion.egg-info/PKG-INFO
[0.491s] writing dependency_links to ../../build/usv_fusion/usv_fusion.egg-info/dependency_links.txt
[0.491s] writing entry points to ../../build/usv_fusion/usv_fusion.egg-info/entry_points.txt
[0.492s] writing requirements to ../../build/usv_fusion/usv_fusion.egg-info/requires.txt
[0.492s] writing top-level names to ../../build/usv_fusion/usv_fusion.egg-info/top_level.txt
[0.492s] writing manifest file '../../build/usv_fusion/usv_fusion.egg-info/SOURCES.txt'
[0.506s] reading manifest file '../../build/usv_fusion/usv_fusion.egg-info/SOURCES.txt'
[0.506s] writing manifest file '../../build/usv_fusion/usv_fusion.egg-info/SOURCES.txt'
[0.506s] running build
[0.506s] running build_py
[0.506s] creating /home/cczh/temp-code/ground_truth_sim/build/usv_fusion/build
[0.506s] creating /home/cczh/temp-code/ground_truth_sim/build/usv_fusion/build/lib
[0.506s] creating /home/cczh/temp-code/ground_truth_sim/build/usv_fusion/build/lib/usv_fusion
[0.506s] copying usv_fusion/__init__.py -> /home/cczh/temp-code/ground_truth_sim/build/usv_fusion/build/lib/usv_fusion
[0.506s] copying usv_fusion/association_fusion.py -> /home/cczh/temp-code/ground_truth_sim/build/usv_fusion/build/lib/usv_fusion
[0.506s] copying usv_fusion/sensor_fusion_node.py -> /home/cczh/temp-code/ground_truth_sim/build/usv_fusion/build/lib/usv_fusion
[0.506s] copying usv_fusion/vision_cluster.py -> /home/cczh/temp-code/ground_truth_sim/build/usv_fusion/build/lib/usv_fusion
[0.506s] copying usv_fusion/history_io.py -> /home/cczh/temp-code/ground_truth_sim/build/usv_fusion/build/lib/usv_fusion
[0.506s] running install
[0.509s] running install_lib
[0.516s] creating /home/cczh/temp-code/ground_truth_sim/install/usv_fusion/lib/python3.10/site-packages/usv_fusion
[0.516s] copying /home/cczh/temp-code/ground_truth_sim/build/usv_fusion/build/lib/usv_fusion/__init__.py -> /home/cczh/temp-code/ground_truth_sim/install/usv_fusion/lib/python3.10/site-packages/usv_fusion
[0.516s] copying /home/cczh/temp-code/ground_truth_sim/build/usv_fusion/build/lib/usv_fusion/association_fusion.py -> /home/cczh/temp-code/ground_truth_sim/install/usv_fusion/lib/python3.10/site-packages/usv_fusion
[0.516s] copying /home/cczh/temp-code/ground_truth_sim/build/usv_fusion/build/lib/usv_fusion/sensor_fusion_node.py -> /home/cczh/temp-code/ground_truth_sim/install/usv_fusion/lib/python3.10/site-packages/usv_fusion
[0.516s] copying /home/cczh/temp-code/ground_truth_sim/build/usv_fusion/build/lib/usv_fusion/vision_cluster.py -> /home/cczh/temp-code/ground_truth_sim/install/usv_fusion/lib/python3.10/site-packages/usv_fusion
[0.516s] copying /home/cczh/temp-code/ground_truth_sim/build/usv_fusion/build/lib/usv_fusion/history_io.py -> /home/cczh/temp-code/ground_truth_sim/install/usv_fusion/lib/python3.10/site-packages/usv_fusion
[0.516s] byte-compiling /home/cczh/temp-code/ground_truth_sim/install/usv_fusion/lib/python3.10/site-packages/usv_fusion/__init__.py to __init__.cpython-310.pyc
[0.516s] byte-compiling /home/cczh/temp-code/ground_truth_sim/install/usv_fusion/lib/python3.10/site-packages/usv_fusion/association_fusion.py to association_fusion.cpython-310.pyc
[0.518s] byte-compiling /home/cczh/temp-code/ground_truth_sim/install/usv_fusion/lib/python3.10/site-packages/usv_fusion/sensor_fusion_node.py to sensor_fusion_node.cpython-310.pyc
[0.520s] byte-compiling /home/cczh/temp-code/ground_truth_sim/install/usv_fusion/lib/python3.10/site-packages/usv_fusion/vision_cluster.py to vision_cluster.cpython-310.pyc
[0.521s] byte-compiling /home/cczh/temp-code/ground_truth_sim/install/usv_fusion/lib/python3.10/site-packages/usv_fusion/history_io.py to history_io.cpython-310.pyc
[0.521s] running install_data
[0.521s] creating /home/cczh/temp-code/ground_truth_sim/install/usv_fusion/share/ament_index
[0.521s] creating /home/cczh/temp-code/ground_truth_sim/install/usv_fusion/share/ament_index/resource_index
[0.521s] creating /home/cczh/temp-code/ground_truth_sim/install/usv_fusion/share/ament_index/resource_index/packages
[0.521s] copying resource/usv_fusion -> /home/cczh/temp-code/ground_truth_sim/install/usv_fusion/share/ament_index/resource_index/packages
[0.521s] copying package.xml -> /home/cczh/temp-code/ground_truth_sim/install/usv_fusion/share/usv_fusion
[0.521s] copying README.md -> /home/cczh/temp-code/ground_truth_sim/install/usv_fusion/share/usv_fusion
[0.521s] creating /home/cczh/temp-code/ground_truth_sim/install/usv_fusion/share/usv_fusion/config
[0.522s] copying config/fusion_params.yaml -> /home/cczh/temp-code/ground_truth_sim/install/usv_fusion/share/usv_fusion/config
[0.522s] creating /home/cczh/temp-code/ground_truth_sim/install/usv_fusion/share/usv_fusion/launch
[0.522s] copying launch/fusion.launch.py -> /home/cczh/temp-code/ground_truth_sim/install/usv_fusion/share/usv_fusion/launch
[0.522s] running install_egg_info
[0.529s] Copying ../../build/usv_fusion/usv_fusion.egg-info to /home/cczh/temp-code/ground_truth_sim/install/usv_fusion/lib/python3.10/site-packages/usv_fusion-0.1.0-py3.10.egg-info
[0.529s] running install_scripts
[0.588s] Installing sensor_fusion_node script to /home/cczh/temp-code/ground_truth_sim/install/usv_fusion/lib/usv_fusion
[0.588s] writing list of installed files to '/home/cczh/temp-code/ground_truth_sim/build/usv_fusion/install.log'
[0.600s] Invoked command in '/home/cczh/temp-code/ground_truth_sim/src/usv_fusion' returned '0': PYTHONPATH=/home/cczh/temp-code/ground_truth_sim/build/usv_fusion/prefix_override:/usr/lib/python3/dist-packages/colcon_core/task/python/colcon_distutils_commands:/home/cczh/temp-code/ground_truth_sim/install/usv_fusion/lib/python3.10/site-packages:${PYTHONPATH} /usr/bin/python3 -W ignore:setup.py install is deprecated -W ignore:easy_install command is deprecated setup.py egg_info --egg-base ../../build/usv_fusion build --build-base /home/cczh/temp-code/ground_truth_sim/build/usv_fusion/build install --record /home/cczh/temp-code/ground_truth_sim/build/usv_fusion/install.log --single-version-externally-managed install_data
