[0.572s] Invoking command in '/home/cczh/temp-code/ground_truth_sim/src/usv_event_fusion': PYTHONPATH=/home/cczh/temp-code/ground_truth_sim/build/usv_event_fusion/prefix_override:/usr/lib/python3/dist-packages/colcon_core/task/python/colcon_distutils_commands:/home/cczh/temp-code/ground_truth_sim/install/usv_event_fusion/lib/python3.10/site-packages:${PYTHONPATH} /usr/bin/python3 -W ignore:setup.py install is deprecated -W ignore:easy_install command is deprecated setup.py egg_info --egg-base ../../build/usv_event_fusion build --build-base /home/cczh/temp-code/ground_truth_sim/build/usv_event_fusion/build install --record /home/cczh/temp-code/ground_truth_sim/build/usv_event_fusion/install.log --single-version-externally-managed install_data
[0.683s] running egg_info
[0.690s] writing ../../build/usv_event_fusion/usv_event_fusion.egg-info/PKG-INFO
[0.690s] writing dependency_links to ../../build/usv_event_fusion/usv_event_fusion.egg-info/dependency_links.txt
[0.690s] writing entry points to ../../build/usv_event_fusion/usv_event_fusion.egg-info/entry_points.txt
[0.690s] writing requirements to ../../build/usv_event_fusion/usv_event_fusion.egg-info/requires.txt
[0.690s] writing top-level names to ../../build/usv_event_fusion/usv_event_fusion.egg-info/top_level.txt
[0.704s] reading manifest file '../../build/usv_event_fusion/usv_event_fusion.egg-info/SOURCES.txt'
[0.705s] writing manifest file '../../build/usv_event_fusion/usv_event_fusion.egg-info/SOURCES.txt'
[0.705s] running build
[0.705s] running build_py
[0.705s] copying usv_event_fusion/__init__.py -> /home/cczh/temp-code/ground_truth_sim/build/usv_event_fusion/build/lib/usv_event_fusion
[0.705s] copying usv_event_fusion/association_contract.py -> /home/cczh/temp-code/ground_truth_sim/build/usv_event_fusion/build/lib/usv_event_fusion
[0.705s] copying usv_event_fusion/motion_model.py -> /home/cczh/temp-code/ground_truth_sim/build/usv_event_fusion/build/lib/usv_event_fusion
[0.705s] copying usv_event_fusion/filters.py -> /home/cczh/temp-code/ground_truth_sim/build/usv_event_fusion/build/lib/usv_event_fusion
[0.705s] copying usv_event_fusion/sensor_models.py -> /home/cczh/temp-code/ground_truth_sim/build/usv_event_fusion/build/lib/usv_event_fusion
[0.705s] copying usv_event_fusion/track_state.py -> /home/cczh/temp-code/ground_truth_sim/build/usv_event_fusion/build/lib/usv_event_fusion
[0.705s] copying usv_event_fusion/association.py -> /home/cczh/temp-code/ground_truth_sim/build/usv_event_fusion/build/lib/usv_event_fusion
[0.705s] copying usv_event_fusion/fusion_engine.py -> /home/cczh/temp-code/ground_truth_sim/build/usv_event_fusion/build/lib/usv_event_fusion
[0.705s] copying usv_event_fusion/event_fusion_node.py -> /home/cczh/temp-code/ground_truth_sim/build/usv_event_fusion/build/lib/usv_event_fusion
[0.705s] copying usv_event_fusion/jpda.py -> /home/cczh/temp-code/ground_truth_sim/build/usv_event_fusion/build/lib/usv_event_fusion
[0.705s] copying usv_event_fusion/association_metrics.py -> /home/cczh/temp-code/ground_truth_sim/build/usv_event_fusion/build/lib/usv_event_fusion
[0.705s] copying usv_event_fusion/fusion_diagnostics.py -> /home/cczh/temp-code/ground_truth_sim/build/usv_event_fusion/build/lib/usv_event_fusion
[0.705s] copying usv_event_fusion/track_uuid.py -> /home/cczh/temp-code/ground_truth_sim/build/usv_event_fusion/build/lib/usv_event_fusion
[0.705s] copying usv_event_fusion/track_overlap.py -> /home/cczh/temp-code/ground_truth_sim/build/usv_event_fusion/build/lib/usv_event_fusion
[0.706s] running install
[0.708s] running install_lib
[0.715s] running install_data
[0.715s] copying resource/usv_event_fusion -> /home/cczh/temp-code/ground_truth_sim/install/usv_event_fusion/share/ament_index/resource_index/packages
[0.715s] copying package.xml -> /home/cczh/temp-code/ground_truth_sim/install/usv_event_fusion/share/usv_event_fusion
[0.715s] copying README.md -> /home/cczh/temp-code/ground_truth_sim/install/usv_event_fusion/share/usv_event_fusion
[0.715s] copying docs/usv_event_fusion_algorithm_reference.md -> /home/cczh/temp-code/ground_truth_sim/install/usv_event_fusion/share/usv_event_fusion/docs
[0.715s] copying config/event_fusion_io.yaml -> /home/cczh/temp-code/ground_truth_sim/install/usv_event_fusion/share/usv_event_fusion/config
[0.715s] copying config/event_fusion_algorithm.yaml -> /home/cczh/temp-code/ground_truth_sim/install/usv_event_fusion/share/usv_event_fusion/config
[0.715s] copying config/event_fusion_params.yaml -> /home/cczh/temp-code/ground_truth_sim/install/usv_event_fusion/share/usv_event_fusion/config
[0.716s] copying config/event_fusion_three_sensor_io.yaml -> /home/cczh/temp-code/ground_truth_sim/install/usv_event_fusion/share/usv_event_fusion/config
[0.716s] copying launch/event_fusion.launch.py -> /home/cczh/temp-code/ground_truth_sim/install/usv_event_fusion/share/usv_event_fusion/launch
[0.716s] running install_egg_info
[0.723s] removing '/home/cczh/temp-code/ground_truth_sim/install/usv_event_fusion/lib/python3.10/site-packages/usv_event_fusion-0.1.0-py3.10.egg-info' (and everything under it)
[0.723s] Copying ../../build/usv_event_fusion/usv_event_fusion.egg-info to /home/cczh/temp-code/ground_truth_sim/install/usv_event_fusion/lib/python3.10/site-packages/usv_event_fusion-0.1.0-py3.10.egg-info
[0.723s] running install_scripts
[0.782s] Installing event_fusion_node script to /home/cczh/temp-code/ground_truth_sim/install/usv_event_fusion/lib/usv_event_fusion
[0.782s] writing list of installed files to '/home/cczh/temp-code/ground_truth_sim/build/usv_event_fusion/install.log'
[0.795s] Invoked command in '/home/cczh/temp-code/ground_truth_sim/src/usv_event_fusion' returned '0': PYTHONPATH=/home/cczh/temp-code/ground_truth_sim/build/usv_event_fusion/prefix_override:/usr/lib/python3/dist-packages/colcon_core/task/python/colcon_distutils_commands:/home/cczh/temp-code/ground_truth_sim/install/usv_event_fusion/lib/python3.10/site-packages:${PYTHONPATH} /usr/bin/python3 -W ignore:setup.py install is deprecated -W ignore:easy_install command is deprecated setup.py egg_info --egg-base ../../build/usv_event_fusion build --build-base /home/cczh/temp-code/ground_truth_sim/build/usv_event_fusion/build install --record /home/cczh/temp-code/ground_truth_sim/build/usv_event_fusion/install.log --single-version-externally-managed install_data
