-- Found ament_cmake: 1.3.13 (/opt/ros/humble/share/ament_cmake/cmake)
-- Override CMake install command with custom implementation using symlinks instead of copying resources
-- Found std_msgs: 4.9.1 (/opt/ros/humble/share/std_msgs/cmake)
-- Found rosidl_generator_c: 3.1.8 (/opt/ros/humble/share/rosidl_generator_c/cmake)
-- Found rosidl_adapter: 3.1.8 (/opt/ros/humble/share/rosidl_adapter/cmake)
-- Found rosidl_generator_cpp: 3.1.8 (/opt/ros/humble/share/rosidl_generator_cpp/cmake)
-- Using all available rosidl_typesupport_c: rosidl_typesupport_fastrtps_c;rosidl_typesupport_introspection_c
-- Using all available rosidl_typesupport_cpp: rosidl_typesupport_fastrtps_cpp;rosidl_typesupport_introspection_cpp
-- Found geometry_msgs: 4.9.1 (/opt/ros/humble/share/geometry_msgs/cmake)
-- Found nav_msgs: 4.9.1 (/opt/ros/humble/share/nav_msgs/cmake)
-- Found rosidl_default_generators: 1.2.0 (/opt/ros/humble/share/rosidl_default_generators/cmake)
-- Found ament_cmake_ros: 0.10.0 (/opt/ros/humble/share/ament_cmake_ros/cmake)
-- Using all available rosidl_typesupport_c: rosidl_typesupport_fastrtps_c;rosidl_typesupport_introspection_c
-- Using all available rosidl_typesupport_cpp: rosidl_typesupport_fastrtps_cpp;rosidl_typesupport_introspection_cpp
-- Found python_cmake_module: 0.10.0 (/opt/ros/humble/share/python_cmake_module/cmake)
-- Using PYTHON_EXECUTABLE: /usr/bin/python3
-- Using PYTHON_INCLUDE_DIRS: /usr/include/python3.10
-- Using PYTHON_LIBRARIES: /usr/lib/x86_64-linux-gnu/libpython3.10.so
-- Configuring done
-- Generating done
-- Build files have been written to: /home/cczh/temp-code/ground_truth_sim/build/usv_interfaces
[35m[1mConsolidate compiler generated dependencies of target usv_interfaces__rosidl_generator_c[0m
[  0%] Built target usv_interfaces__cpp
[ 12%] Built target usv_interfaces__rosidl_generator_c
[ 12%] Built target ament_cmake_python_symlink_usv_interfaces
[35m[1mConsolidate compiler generated dependencies of target usv_interfaces__rosidl_typesupport_cpp[0m
[35m[1mConsolidate compiler generated dependencies of target usv_interfaces__rosidl_typesupport_introspection_cpp[0m
[35m[1mConsolidate compiler generated dependencies of target usv_interfaces__rosidl_typesupport_fastrtps_cpp[0m
[35m[1mConsolidate compiler generated dependencies of target usv_interfaces__rosidl_typesupport_c[0m
[35m[1mConsolidate compiler generated dependencies of target usv_interfaces__rosidl_typesupport_introspection_c[0m
[35m[1mConsolidate compiler generated dependencies of target usv_interfaces__rosidl_typesupport_fastrtps_c[0m
[ 33%] Built target usv_interfaces__rosidl_typesupport_c
[ 48%] Built target usv_interfaces__rosidl_typesupport_introspection_cpp
[ 48%] Built target usv_interfaces__rosidl_typesupport_cpp
[ 60%] Built target usv_interfaces__rosidl_typesupport_fastrtps_cpp
[ 72%] Built target usv_interfaces__rosidl_typesupport_introspection_c
[ 84%] Built target usv_interfaces__rosidl_typesupport_fastrtps_c
[ 84%] Built target usv_interfaces
[ 85%] Built target usv_interfaces__py
[35m[1mConsolidate compiler generated dependencies of target usv_interfaces__rosidl_generator_py[0m
[ 96%] Built target usv_interfaces__rosidl_generator_py
[35m[1mConsolidate compiler generated dependencies of target usv_interfaces__rosidl_typesupport_fastrtps_c__pyext[0m
[35m[1mConsolidate compiler generated dependencies of target usv_interfaces__rosidl_typesupport_introspection_c__pyext[0m
[35m[1mConsolidate compiler generated dependencies of target usv_interfaces__rosidl_typesupport_c__pyext[0m
[ 97%] Built target usv_interfaces__rosidl_typesupport_fastrtps_c__pyext
[ 99%] Built target usv_interfaces__rosidl_typesupport_introspection_c__pyext
[100%] Built target usv_interfaces__rosidl_typesupport_c__pyext
running egg_info
writing manifest file 'usv_interfaces.egg-info/SOURCES.txt'
[100%] Built target ament_cmake_python_build_usv_interfaces_egg
-- Install configuration: ""
-- Execute custom install script
-- Up-to-date symlink: /home/cczh/temp-code/ground_truth_sim/install/usv_interfaces/share/ament_index/resource_index/rosidl_interfaces/usv_interfaces
-- Up-to-date symlink: /home/cczh/temp-code/ground_truth_sim/install/usv_interfaces/include/usv_interfaces/usv_interfaces/action/detail/execute_mission__functions.h
-- Up-to-date symlink: /home/cczh/temp-code/ground_truth_sim/install/usv_interfaces/include/usv_interfaces/usv_interfaces/action/detail/execute_mission__struct.h
-- Up-to-date symlink: /home/cczh/temp-code/ground_truth_sim/install/usv_interfaces/include/usv_interfaces/usv_interfaces/action/detail/execute_mission__type_support.h
-- Up-to-date symlink: /home/cczh/temp-code/ground_truth_sim/install/usv_interfaces/include/usv_interfaces/usv_interfaces/action/execute_mission.h
-- Up-to-date symlink: /home/cczh/temp-code/ground_truth_sim/install/usv_interfaces/include/usv_interfaces/usv_interfaces/msg/ais_track.h
-- Up-to-date symlink: /home/cczh/temp-code/ground_truth_sim/install/usv_interfaces/include/usv_interfaces/usv_interfaces/msg/ais_track_array.h
-- Up-to-date symlink: /home/cczh/temp-code/ground_truth_sim/install/usv_interfaces/include/usv_interfaces/usv_interfaces/msg/control_deviation.h
-- Up-to-date symlink: /home/cczh/temp-code/ground_truth_sim/install/usv_interfaces/include/usv_interfaces/usv_interfaces/msg/detail/ais_track__functions.h
-- Up-to-date symlink: /home/cczh/temp-code/ground_truth_sim/install/usv_interfaces/include/usv_interfaces/usv_interfaces/msg/detail/ais_track__struct.h
-- Up-to-date symlink: /home/cczh/temp-code/ground_truth_sim/install/usv_interfaces/include/usv_interfaces/usv_interfaces/msg/detail/ais_track__type_support.h
-- Up-to-date symlink: /home/cczh/temp-code/ground_truth_sim/install/usv_interfaces/include/usv_interfaces/usv_interfaces/msg/detail/ais_track_array__functions.h
-- Up-to-date symlink: /home/cczh/temp-code/ground_truth_sim/install/usv_interfaces/include/usv_interfaces/usv_interfaces/msg/detail/ais_track_array__struct.h
-- Up-to-date symlink: /home/cczh/temp-code/ground_truth_sim/install/usv_interfaces/include/usv_interfaces/usv_interfaces/msg/detail/ais_track_array__type_support.h
-- Up-to-date symlink: /home/cczh/temp-code/ground_truth_sim/install/usv_interfaces/include/usv_interfaces/usv_interfaces/msg/detail/control_deviation__functions.h
-- Up-to-date symlink: /home/cczh/temp-code/ground_truth_sim/install/usv_interfaces/include/usv_interfaces/usv_interfaces/msg/detail/control_deviation__struct.h
-- Up-to-date symlink: /home/cczh/temp-code/ground_truth_sim/install/usv_interfaces/include/usv_interfaces/usv_interfaces/msg/detail/control_deviation__type_support.h
-- Up-to-date symlink: /home/cczh/temp-code/ground_truth_sim/install/usv_interfaces/include/usv_interfaces/usv_interfaces/msg/detail/global_track__functions.h
-- Up-to-date symlink: /home/cczh/temp-code/ground_truth_sim/install/usv_interfaces/include/usv_interfaces/usv_interfaces/msg/detail/global_track__struct.h
-- Up-to-date symlink: /home/cczh/temp-code/ground_truth_sim/install/usv_interfaces/include/usv_interfaces/usv_interfaces/msg/detail/global_track__type_support.h
-- Up-to-date symlink: /home/cczh/temp-code/ground_truth_sim/install/usv_interfaces/include/usv_interfaces/usv_interfaces/msg/detail/global_track_array__functions.h
-- Up-to-date symlink: /home/cczh/temp-code/ground_truth_sim/install/usv_interfaces/include/usv_interfaces/usv_interfaces/msg/detail/global_track_array__struct.h
-- Up-to-date symlink: /home/cczh/temp-code/ground_truth_sim/install/usv_interfaces/include/usv_interfaces/usv_interfaces/msg/detail/global_track_array__type_support.h
-- Up-to-date symlink: /home/cczh/temp-code/ground_truth_sim/install/usv_interfaces/include/usv_interfaces/usv_interfaces/msg/detail/mmwave_target__functions.h
-- Up-to-date symlink: /home/cczh/temp-code/ground_truth_sim/install/usv_interfaces/include/usv_interfaces/usv_interfaces/msg/detail/mmwave_target__struct.h
-- Up-to-date symlink: /home/cczh/temp-code/ground_truth_sim/install/usv_interfaces/include/usv_interfaces/usv_interfaces/msg/detail/mmwave_target__type_support.h
-- Up-to-date symlink: /home/cczh/temp-code/ground_truth_sim/install/usv_interfaces/include/usv_interfaces/usv_interfaces/msg/detail/mmwave_target_array__functions.h
-- Up-to-date symlink: /home/cczh/temp-code/ground_truth_sim/install/usv_interfaces/include/usv_interfaces/usv_interfaces/msg/detail/mmwave_target_array__struct.h
-- Up-to-date symlink: /home/cczh/temp-code/ground_truth_sim/install/usv_interfaces/include/usv_interfaces/usv_interfaces/msg/detail/mmwave_target_array__type_support.h
-- Up-to-date symlink: /home/cczh/temp-code/ground_truth_sim/install/usv_interfaces/include/usv_interfaces/usv_interfaces/msg/detail/nav_radar_target__functions.h
-- Up-to-date symlink: /home/cczh/temp-code/ground_truth_sim/install/usv_interfaces/include/usv_interfaces/usv_interfaces/msg/detail/nav_radar_target__struct.h
-- Up-to-date symlink: /home/cczh/temp-code/ground_truth_sim/install/usv_interfaces/include/usv_interfaces/usv_interfaces/msg/detail/nav_radar_target__type_support.h
-- Up-to-date symlink: /home/cczh/temp-code/ground_truth_sim/install/usv_interfaces/include/usv_interfaces/usv_interfaces/msg/detail/nav_radar_target_array__functions.h
-- Up-to-date symlink: /home/cczh/temp-code/ground_truth_sim/install/usv_interfaces/include/usv_interfaces/usv_interfaces/msg/detail/nav_radar_target_array__struct.h
-- Up-to-date symlink: /home/cczh/temp-code/ground_truth_sim/install/usv_interfaces/include/usv_interfaces/usv_interfaces/msg/detail/nav_radar_target_array__type_support.h
-- Up-to-date symlink: /home/cczh/temp-code/ground_truth_sim/install/usv_interfaces/include/usv_interfaces/usv_interfaces/msg/detail/operation_mode__functions.h
-- Up-to-date symlink: /home/cczh/temp-code/ground_truth_sim/install/usv_interfaces/include/usv_interfaces/usv_interfaces/msg/detail/operation_mode__struct.h
-- Up-to-date symlink: /home/cczh/temp-code/ground_truth_sim/install/usv_interfaces/include/usv_interfaces/usv_interfaces/msg/detail/operation_mode__type_support.h
-- Up-to-date symlink: /home/cczh/temp-code/ground_truth_sim/install/usv_interfaces/include/usv_interfaces/usv_interfaces/msg/detail/vessel_state__functions.h
-- Up-to-date symlink: /home/cczh/temp-code/ground_truth_sim/install/usv_interfaces/include/usv_interfaces/usv_interfaces/msg/detail/vessel_state__struct.h
-- Up-to-date symlink: /home/cczh/temp-code/ground_truth_sim/install/usv_interfaces/include/usv_interfaces/usv_interfaces/msg/detail/vessel_state__type_support.h
-- Up-to-date symlink: /home/cczh/temp-code/ground_truth_sim/install/usv_interfaces/include/usv_interfaces/usv_interfaces/msg/detail/vision_detection__functions.h
-- Up-to-date symlink: /home/cczh/temp-code/ground_truth_sim/install/usv_interfaces/include/usv_interfaces/usv_interfaces/msg/detail/vision_detection__struct.h
-- Up-to-date symlink: /home/cczh/temp-code/ground_truth_sim/install/usv_interfaces/include/usv_interfaces/usv_interfaces/msg/detail/vision_detection__type_support.h
-- Up-to-date symlink: /home/cczh/temp-code/ground_truth_sim/install/usv_interfaces/include/usv_interfaces/usv_interfaces/msg/detail/vision_detection_array__functions.h
-- Up-to-date symlink: /home/cczh/temp-code/ground_truth_sim/install/usv_interfaces/include/usv_interfaces/usv_interfaces/msg/detail/vision_detection_array__struct.h
-- Up-to-date symlink: /home/cczh/temp-code/ground_truth_sim/install/usv_interfaces/include/usv_interfaces/usv_interfaces/msg/detail/vision_detection_array__type_support.h
-- Up-to-date symlink: /home/cczh/temp-code/ground_truth_sim/install/usv_interfaces/include/usv_interfaces/usv_interfaces/msg/global_track.h
-- Up-to-date symlink: /home/cczh/temp-code/ground_truth_sim/install/usv_interfaces/include/usv_interfaces/usv_interfaces/msg/global_track_array.h
-- Up-to-date symlink: /home/cczh/temp-code/ground_truth_sim/install/usv_interfaces/include/usv_interfaces/usv_interfaces/msg/mmwave_target.h
-- Up-to-date symlink: /home/cczh/temp-code/ground_truth_sim/install/usv_interfaces/include/usv_interfaces/usv_interfaces/msg/mmwave_target_array.h
-- Up-to-date symlink: /home/cczh/temp-code/ground_truth_sim/install/usv_interfaces/include/usv_interfaces/usv_interfaces/msg/nav_radar_target.h
-- Up-to-date symlink: /home/cczh/temp-code/ground_truth_sim/install/usv_interfaces/include/usv_interfaces/usv_interfaces/msg/nav_radar_target_array.h
-- Up-to-date symlink: /home/cczh/temp-code/ground_truth_sim/install/usv_interfaces/include/usv_interfaces/usv_interfaces/msg/operation_mode.h
-- Up-to-date symlink: /home/cczh/temp-code/ground_truth_sim/install/usv_interfaces/include/usv_interfaces/usv_interfaces/msg/rosidl_generator_c__visibility_control.h
-- Up-to-date symlink: /home/cczh/temp-code/ground_truth_sim/install/usv_interfaces/include/usv_interfaces/usv_interfaces/msg/vessel_state.h
-- Up-to-date symlink: /home/cczh/temp-code/ground_truth_sim/install/usv_interfaces/include/usv_interfaces/usv_interfaces/msg/vision_detection.h
-- Up-to-date symlink: /home/cczh/temp-code/ground_truth_sim/install/usv_interfaces/include/usv_interfaces/usv_interfaces/msg/vision_detection_array.h
-- Up-to-date symlink: /home/cczh/temp-code/ground_truth_sim/install/usv_interfaces/include/usv_interfaces/usv_interfaces/srv/control_device.h
-- Up-to-date symlink: /home/cczh/temp-code/ground_truth_sim/install/usv_interfaces/include/usv_interfaces/usv_interfaces/srv/detail/control_device__functions.h
-- Up-to-date symlink: /home/cczh/temp-code/ground_truth_sim/install/usv_interfaces/include/usv_interfaces/usv_interfaces/srv/detail/control_device__struct.h
-- Up-to-date symlink: /home/cczh/temp-code/ground_truth_sim/install/usv_interfaces/include/usv_interfaces/usv_interfaces/srv/detail/control_device__type_support.h
-- Up-to-date symlink: /home/cczh/temp-code/ground_truth_sim/install/usv_interfaces/share/usv_interfaces/environment/library_path.sh
-- Up-to-date symlink: /home/cczh/temp-code/ground_truth_sim/install/usv_interfaces/share/usv_interfaces/environment/library_path.dsv
-- Up-to-date symlink: /home/cczh/temp-code/ground_truth_sim/install/usv_interfaces/include/usv_interfaces/usv_interfaces/action/detail/execute_mission__rosidl_typesupport_fastrtps_c.h
-- Up-to-date symlink: /home/cczh/temp-code/ground_truth_sim/install/usv_interfaces/include/usv_interfaces/usv_interfaces/msg/detail/ais_track__rosidl_typesupport_fastrtps_c.h
-- Up-to-date symlink: /home/cczh/temp-code/ground_truth_sim/install/usv_interfaces/include/usv_interfaces/usv_interfaces/msg/detail/ais_track_array__rosidl_typesupport_fastrtps_c.h
-- Up-to-date symlink: /home/cczh/temp-code/ground_truth_sim/install/usv_interfaces/include/usv_interfaces/usv_interfaces/msg/detail/control_deviation__rosidl_typesupport_fastrtps_c.h
-- Up-to-date symlink: /home/cczh/temp-code/ground_truth_sim/install/usv_interfaces/include/usv_interfaces/usv_interfaces/msg/detail/global_track__rosidl_typesupport_fastrtps_c.h
-- Up-to-date symlink: /home/cczh/temp-code/ground_truth_sim/install/usv_interfaces/include/usv_interfaces/usv_interfaces/msg/detail/global_track_array__rosidl_typesupport_fastrtps_c.h
-- Up-to-date symlink: /home/cczh/temp-code/ground_truth_sim/install/usv_interfaces/include/usv_interfaces/usv_interfaces/msg/detail/mmwave_target__rosidl_typesupport_fastrtps_c.h
-- Up-to-date symlink: /home/cczh/temp-code/ground_truth_sim/install/usv_interfaces/include/usv_interfaces/usv_interfaces/msg/detail/mmwave_target_array__rosidl_typesupport_fastrtps_c.h
-- Up-to-date symlink: /home/cczh/temp-code/ground_truth_sim/install/usv_interfaces/include/usv_interfaces/usv_interfaces/msg/detail/nav_radar_target__rosidl_typesupport_fastrtps_c.h
-- Up-to-date symlink: /home/cczh/temp-code/ground_truth_sim/install/usv_interfaces/include/usv_interfaces/usv_interfaces/msg/detail/nav_radar_target_array__rosidl_typesupport_fastrtps_c.h
-- Up-to-date symlink: /home/cczh/temp-code/ground_truth_sim/install/usv_interfaces/include/usv_interfaces/usv_interfaces/msg/detail/operation_mode__rosidl_typesupport_fastrtps_c.h
-- Up-to-date symlink: /home/cczh/temp-code/ground_truth_sim/install/usv_interfaces/include/usv_interfaces/usv_interfaces/msg/detail/vessel_state__rosidl_typesupport_fastrtps_c.h
-- Up-to-date symlink: /home/cczh/temp-code/ground_truth_sim/install/usv_interfaces/include/usv_interfaces/usv_interfaces/msg/detail/vision_detection__rosidl_typesupport_fastrtps_c.h
-- Up-to-date symlink: /home/cczh/temp-code/ground_truth_sim/install/usv_interfaces/include/usv_interfaces/usv_interfaces/msg/detail/vision_detection_array__rosidl_typesupport_fastrtps_c.h
-- Up-to-date symlink: /home/cczh/temp-code/ground_truth_sim/install/usv_interfaces/include/usv_interfaces/usv_interfaces/msg/rosidl_typesupport_fastrtps_c__visibility_control.h
-- Up-to-date symlink: /home/cczh/temp-code/ground_truth_sim/install/usv_interfaces/include/usv_interfaces/usv_interfaces/srv/detail/control_device__rosidl_typesupport_fastrtps_c.h
-- Up-to-date symlink: /home/cczh/temp-code/ground_truth_sim/install/usv_interfaces/include/usv_interfaces/usv_interfaces/action/detail/execute_mission__builder.hpp
-- Up-to-date symlink: /home/cczh/temp-code/ground_truth_sim/install/usv_interfaces/include/usv_interfaces/usv_interfaces/action/detail/execute_mission__struct.hpp
-- Up-to-date symlink: /home/cczh/temp-code/ground_truth_sim/install/usv_interfaces/include/usv_interfaces/usv_interfaces/action/detail/execute_mission__traits.hpp
-- Up-to-date symlink: /home/cczh/temp-code/ground_truth_sim/install/usv_interfaces/include/usv_interfaces/usv_interfaces/action/detail/execute_mission__type_support.hpp
-- Up-to-date symlink: /home/cczh/temp-code/ground_truth_sim/install/usv_interfaces/include/usv_interfaces/usv_interfaces/action/execute_mission.hpp
-- Up-to-date symlink: /home/cczh/temp-code/ground_truth_sim/install/usv_interfaces/include/usv_interfaces/usv_interfaces/msg/ais_track.hpp
-- Up-to-date symlink: /home/cczh/temp-code/ground_truth_sim/install/usv_interfaces/include/usv_interfaces/usv_interfaces/msg/ais_track_array.hpp
-- Up-to-date symlink: /home/cczh/temp-code/ground_truth_sim/install/usv_interfaces/include/usv_interfaces/usv_interfaces/msg/control_deviation.hpp
-- Up-to-date symlink: /home/cczh/temp-code/ground_truth_sim/install/usv_interfaces/include/usv_interfaces/usv_interfaces/msg/detail/ais_track__builder.hpp
-- Up-to-date symlink: /home/cczh/temp-code/ground_truth_sim/install/usv_interfaces/include/usv_interfaces/usv_interfaces/msg/detail/ais_track__struct.hpp
-- Up-to-date symlink: /home/cczh/temp-code/ground_truth_sim/install/usv_interfaces/include/usv_interfaces/usv_interfaces/msg/detail/ais_track__traits.hpp
-- Up-to-date symlink: /home/cczh/temp-code/ground_truth_sim/install/usv_interfaces/include/usv_interfaces/usv_interfaces/msg/detail/ais_track__type_support.hpp
-- Up-to-date symlink: /home/cczh/temp-code/ground_truth_sim/install/usv_interfaces/include/usv_interfaces/usv_interfaces/msg/detail/ais_track_array__builder.hpp
-- Up-to-date symlink: /home/cczh/temp-code/ground_truth_sim/install/usv_interfaces/include/usv_interfaces/usv_interfaces/msg/detail/ais_track_array__struct.hpp
-- Up-to-date symlink: /home/cczh/temp-code/ground_truth_sim/install/usv_interfaces/include/usv_interfaces/usv_interfaces/msg/detail/ais_track_array__traits.hpp
-- Up-to-date symlink: /home/cczh/temp-code/ground_truth_sim/install/usv_interfaces/include/usv_interfaces/usv_interfaces/msg/detail/ais_track_array__type_support.hpp
-- Up-to-date symlink: /home/cczh/temp-code/ground_truth_sim/install/usv_interfaces/include/usv_interfaces/usv_interfaces/msg/detail/control_deviation__builder.hpp
-- Up-to-date symlink: /home/cczh/temp-code/ground_truth_sim/install/usv_interfaces/include/usv_interfaces/usv_interfaces/msg/detail/control_deviation__struct.hpp
-- Up-to-date symlink: /home/cczh/temp-code/ground_truth_sim/install/usv_interfaces/include/usv_interfaces/usv_interfaces/msg/detail/control_deviation__traits.hpp
-- Up-to-date symlink: /home/cczh/temp-code/ground_truth_sim/install/usv_interfaces/include/usv_interfaces/usv_interfaces/msg/detail/control_deviation__type_support.hpp
-- Up-to-date symlink: /home/cczh/temp-code/ground_truth_sim/install/usv_interfaces/include/usv_interfaces/usv_interfaces/msg/detail/global_track__builder.hpp
-- Up-to-date symlink: /home/cczh/temp-code/ground_truth_sim/install/usv_interfaces/include/usv_interfaces/usv_interfaces/msg/detail/global_track__struct.hpp
-- Up-to-date symlink: /home/cczh/temp-code/ground_truth_sim/install/usv_interfaces/include/usv_interfaces/usv_interfaces/msg/detail/global_track__traits.hpp
-- Up-to-date symlink: /home/cczh/temp-code/ground_truth_sim/install/usv_interfaces/include/usv_interfaces/usv_interfaces/msg/detail/global_track__type_support.hpp
-- Up-to-date symlink: /home/cczh/temp-code/ground_truth_sim/install/usv_interfaces/include/usv_interfaces/usv_interfaces/msg/detail/global_track_array__builder.hpp
-- Up-to-date symlink: /home/cczh/temp-code/ground_truth_sim/install/usv_interfaces/include/usv_interfaces/usv_interfaces/msg/detail/global_track_array__struct.hpp
-- Up-to-date symlink: /home/cczh/temp-code/ground_truth_sim/install/usv_interfaces/include/usv_interfaces/usv_interfaces/msg/detail/global_track_array__traits.hpp
-- Up-to-date symlink: /home/cczh/temp-code/ground_truth_sim/install/usv_interfaces/include/usv_interfaces/usv_interfaces/msg/detail/global_track_array__type_support.hpp
-- Up-to-date symlink: /home/cczh/temp-code/ground_truth_sim/install/usv_interfaces/include/usv_interfaces/usv_interfaces/msg/detail/mmwave_target__builder.hpp
-- Up-to-date symlink: /home/cczh/temp-code/ground_truth_sim/install/usv_interfaces/include/usv_interfaces/usv_interfaces/msg/detail/mmwave_target__struct.hpp
-- Up-to-date symlink: /home/cczh/temp-code/ground_truth_sim/install/usv_interfaces/include/usv_interfaces/usv_interfaces/msg/detail/mmwave_target__traits.hpp
-- Up-to-date symlink: /home/cczh/temp-code/ground_truth_sim/install/usv_interfaces/include/usv_interfaces/usv_interfaces/msg/detail/mmwave_target__type_support.hpp
-- Up-to-date symlink: /home/cczh/temp-code/ground_truth_sim/install/usv_interfaces/include/usv_interfaces/usv_interfaces/msg/detail/mmwave_target_array__builder.hpp
-- Up-to-date symlink: /home/cczh/temp-code/ground_truth_sim/install/usv_interfaces/include/usv_interfaces/usv_interfaces/msg/detail/mmwave_target_array__struct.hpp
-- Up-to-date symlink: /home/cczh/temp-code/ground_truth_sim/install/usv_interfaces/include/usv_interfaces/usv_interfaces/msg/detail/mmwave_target_array__traits.hpp
-- Up-to-date symlink: /home/cczh/temp-code/ground_truth_sim/install/usv_interfaces/include/usv_interfaces/usv_interfaces/msg/detail/mmwave_target_array__type_support.hpp
-- Up-to-date symlink: /home/cczh/temp-code/ground_truth_sim/install/usv_interfaces/include/usv_interfaces/usv_interfaces/msg/detail/nav_radar_target__builder.hpp
-- Up-to-date symlink: /home/cczh/temp-code/ground_truth_sim/install/usv_interfaces/include/usv_interfaces/usv_interfaces/msg/detail/nav_radar_target__struct.hpp
-- Up-to-date symlink: /home/cczh/temp-code/ground_truth_sim/install/usv_interfaces/include/usv_interfaces/usv_interfaces/msg/detail/nav_radar_target__traits.hpp
-- Up-to-date symlink: /home/cczh/temp-code/ground_truth_sim/install/usv_interfaces/include/usv_interfaces/usv_interfaces/msg/detail/nav_radar_target__type_support.hpp
-- Up-to-date symlink: /home/cczh/temp-code/ground_truth_sim/install/usv_interfaces/include/usv_interfaces/usv_interfaces/msg/detail/nav_radar_target_array__builder.hpp
-- Up-to-date symlink: /home/cczh/temp-code/ground_truth_sim/install/usv_interfaces/include/usv_interfaces/usv_interfaces/msg/detail/nav_radar_target_array__struct.hpp
-- Up-to-date symlink: /home/cczh/temp-code/ground_truth_sim/install/usv_interfaces/include/usv_interfaces/usv_interfaces/msg/detail/nav_radar_target_array__traits.hpp
-- Up-to-date symlink: /home/cczh/temp-code/ground_truth_sim/install/usv_interfaces/include/usv_interfaces/usv_interfaces/msg/detail/nav_radar_target_array__type_support.hpp
-- Up-to-date symlink: /home/cczh/temp-code/ground_truth_sim/install/usv_interfaces/include/usv_interfaces/usv_interfaces/msg/detail/operation_mode__builder.hpp
-- Up-to-date symlink: /home/cczh/temp-code/ground_truth_sim/install/usv_interfaces/include/usv_interfaces/usv_interfaces/msg/detail/operation_mode__struct.hpp
-- Up-to-date symlink: /home/cczh/temp-code/ground_truth_sim/install/usv_interfaces/include/usv_interfaces/usv_interfaces/msg/detail/operation_mode__traits.hpp
-- Up-to-date symlink: /home/cczh/temp-code/ground_truth_sim/install/usv_interfaces/include/usv_interfaces/usv_interfaces/msg/detail/operation_mode__type_support.hpp
-- Up-to-date symlink: /home/cczh/temp-code/ground_truth_sim/install/usv_interfaces/include/usv_interfaces/usv_interfaces/msg/detail/vessel_state__builder.hpp
-- Up-to-date symlink: /home/cczh/temp-code/ground_truth_sim/install/usv_interfaces/include/usv_interfaces/usv_interfaces/msg/detail/vessel_state__struct.hpp
-- Up-to-date symlink: /home/cczh/temp-code/ground_truth_sim/install/usv_interfaces/include/usv_interfaces/usv_interfaces/msg/detail/vessel_state__traits.hpp
-- Up-to-date symlink: /home/cczh/temp-code/ground_truth_sim/install/usv_interfaces/include/usv_interfaces/usv_interfaces/msg/detail/vessel_state__type_support.hpp
-- Up-to-date symlink: /home/cczh/temp-code/ground_truth_sim/install/usv_interfaces/include/usv_interfaces/usv_interfaces/msg/detail/vision_detection__builder.hpp
-- Up-to-date symlink: /home/cczh/temp-code/ground_truth_sim/install/usv_interfaces/include/usv_interfaces/usv_interfaces/msg/detail/vision_detection__struct.hpp
-- Up-to-date symlink: /home/cczh/temp-code/ground_truth_sim/install/usv_interfaces/include/usv_interfaces/usv_interfaces/msg/detail/vision_detection__traits.hpp
-- Up-to-date symlink: /home/cczh/temp-code/ground_truth_sim/install/usv_interfaces/include/usv_interfaces/usv_interfaces/msg/detail/vision_detection__type_support.hpp
-- Up-to-date symlink: /home/cczh/temp-code/ground_truth_sim/install/usv_interfaces/include/usv_interfaces/usv_interfaces/msg/detail/vision_detection_array__builder.hpp
-- Up-to-date symlink: /home/cczh/temp-code/ground_truth_sim/install/usv_interfaces/include/usv_interfaces/usv_interfaces/msg/detail/vision_detection_array__struct.hpp
-- Up-to-date symlink: /home/cczh/temp-code/ground_truth_sim/install/usv_interfaces/include/usv_interfaces/usv_interfaces/msg/detail/vision_detection_array__traits.hpp
-- Up-to-date symlink: /home/cczh/temp-code/ground_truth_sim/install/usv_interfaces/include/usv_interfaces/usv_interfaces/msg/detail/vision_detection_array__type_support.hpp
-- Up-to-date symlink: /home/cczh/temp-code/ground_truth_sim/install/usv_interfaces/include/usv_interfaces/usv_interfaces/msg/global_track.hpp
-- Up-to-date symlink: /home/cczh/temp-code/ground_truth_sim/install/usv_interfaces/include/usv_interfaces/usv_interfaces/msg/global_track_array.hpp
-- Up-to-date symlink: /home/cczh/temp-code/ground_truth_sim/install/usv_interfaces/include/usv_interfaces/usv_interfaces/msg/mmwave_target.hpp
-- Up-to-date symlink: /home/cczh/temp-code/ground_truth_sim/install/usv_interfaces/include/usv_interfaces/usv_interfaces/msg/mmwave_target_array.hpp
-- Up-to-date symlink: /home/cczh/temp-code/ground_truth_sim/install/usv_interfaces/include/usv_interfaces/usv_interfaces/msg/nav_radar_target.hpp
-- Up-to-date symlink: /home/cczh/temp-code/ground_truth_sim/install/usv_interfaces/include/usv_interfaces/usv_interfaces/msg/nav_radar_target_array.hpp
-- Up-to-date symlink: /home/cczh/temp-code/ground_truth_sim/install/usv_interfaces/include/usv_interfaces/usv_interfaces/msg/operation_mode.hpp
-- Up-to-date symlink: /home/cczh/temp-code/ground_truth_sim/install/usv_interfaces/include/usv_interfaces/usv_interfaces/msg/rosidl_generator_cpp__visibility_control.hpp
-- Up-to-date symlink: /home/cczh/temp-code/ground_truth_sim/install/usv_interfaces/include/usv_interfaces/usv_interfaces/msg/vessel_state.hpp
-- Up-to-date symlink: /home/cczh/temp-code/ground_truth_sim/install/usv_interfaces/include/usv_interfaces/usv_interfaces/msg/vision_detection.hpp
-- Up-to-date symlink: /home/cczh/temp-code/ground_truth_sim/install/usv_interfaces/include/usv_interfaces/usv_interfaces/msg/vision_detection_array.hpp
-- Up-to-date symlink: /home/cczh/temp-code/ground_truth_sim/install/usv_interfaces/include/usv_interfaces/usv_interfaces/srv/control_device.hpp
-- Up-to-date symlink: /home/cczh/temp-code/ground_truth_sim/install/usv_interfaces/include/usv_interfaces/usv_interfaces/srv/detail/control_device__builder.hpp
-- Up-to-date symlink: /home/cczh/temp-code/ground_truth_sim/install/usv_interfaces/include/usv_interfaces/usv_interfaces/srv/detail/control_device__struct.hpp
-- Up-to-date symlink: /home/cczh/temp-code/ground_truth_sim/install/usv_interfaces/include/usv_interfaces/usv_interfaces/srv/detail/control_device__traits.hpp
-- Up-to-date symlink: /home/cczh/temp-code/ground_truth_sim/install/usv_interfaces/include/usv_interfaces/usv_interfaces/srv/detail/control_device__type_support.hpp
-- Up-to-date symlink: /home/cczh/temp-code/ground_truth_sim/install/usv_interfaces/include/usv_interfaces/usv_interfaces/action/detail/execute_mission__rosidl_typesupport_fastrtps_cpp.hpp
-- Up-to-date symlink: /home/cczh/temp-code/ground_truth_sim/install/usv_interfaces/include/usv_interfaces/usv_interfaces/msg/detail/ais_track__rosidl_typesupport_fastrtps_cpp.hpp
-- Up-to-date symlink: /home/cczh/temp-code/ground_truth_sim/install/usv_interfaces/include/usv_interfaces/usv_interfaces/msg/detail/ais_track_array__rosidl_typesupport_fastrtps_cpp.hpp
-- Up-to-date symlink: /home/cczh/temp-code/ground_truth_sim/install/usv_interfaces/include/usv_interfaces/usv_interfaces/msg/detail/control_deviation__rosidl_typesupport_fastrtps_cpp.hpp
-- Up-to-date symlink: /home/cczh/temp-code/ground_truth_sim/install/usv_interfaces/include/usv_interfaces/usv_interfaces/msg/detail/global_track__rosidl_typesupport_fastrtps_cpp.hpp
-- Up-to-date symlink: /home/cczh/temp-code/ground_truth_sim/install/usv_interfaces/include/usv_interfaces/usv_interfaces/msg/detail/global_track_array__rosidl_typesupport_fastrtps_cpp.hpp
-- Up-to-date symlink: /home/cczh/temp-code/ground_truth_sim/install/usv_interfaces/include/usv_interfaces/usv_interfaces/msg/detail/mmwave_target__rosidl_typesupport_fastrtps_cpp.hpp
-- Up-to-date symlink: /home/cczh/temp-code/ground_truth_sim/install/usv_interfaces/include/usv_interfaces/usv_interfaces/msg/detail/mmwave_target_array__rosidl_typesupport_fastrtps_cpp.hpp
-- Up-to-date symlink: /home/cczh/temp-code/ground_truth_sim/install/usv_interfaces/include/usv_interfaces/usv_interfaces/msg/detail/nav_radar_target__rosidl_typesupport_fastrtps_cpp.hpp
-- Up-to-date symlink: /home/cczh/temp-code/ground_truth_sim/install/usv_interfaces/include/usv_interfaces/usv_interfaces/msg/detail/nav_radar_target_array__rosidl_typesupport_fastrtps_cpp.hpp
-- Up-to-date symlink: /home/cczh/temp-code/ground_truth_sim/install/usv_interfaces/include/usv_interfaces/usv_interfaces/msg/detail/operation_mode__rosidl_typesupport_fastrtps_cpp.hpp
-- Up-to-date symlink: /home/cczh/temp-code/ground_truth_sim/install/usv_interfaces/include/usv_interfaces/usv_interfaces/msg/detail/vessel_state__rosidl_typesupport_fastrtps_cpp.hpp
-- Up-to-date symlink: /home/cczh/temp-code/ground_truth_sim/install/usv_interfaces/include/usv_interfaces/usv_interfaces/msg/detail/vision_detection__rosidl_typesupport_fastrtps_cpp.hpp
-- Up-to-date symlink: /home/cczh/temp-code/ground_truth_sim/install/usv_interfaces/include/usv_interfaces/usv_interfaces/msg/detail/vision_detection_array__rosidl_typesupport_fastrtps_cpp.hpp
-- Up-to-date symlink: /home/cczh/temp-code/ground_truth_sim/install/usv_interfaces/include/usv_interfaces/usv_interfaces/msg/rosidl_typesupport_fastrtps_cpp__visibility_control.h
-- Up-to-date symlink: /home/cczh/temp-code/ground_truth_sim/install/usv_interfaces/include/usv_interfaces/usv_interfaces/srv/detail/control_device__rosidl_typesupport_fastrtps_cpp.hpp
-- Up-to-date symlink: /home/cczh/temp-code/ground_truth_sim/install/usv_interfaces/include/usv_interfaces/usv_interfaces/action/detail/execute_mission__rosidl_typesupport_introspection_c.h
-- Up-to-date symlink: /home/cczh/temp-code/ground_truth_sim/install/usv_interfaces/include/usv_interfaces/usv_interfaces/msg/detail/ais_track__rosidl_typesupport_introspection_c.h
-- Up-to-date symlink: /home/cczh/temp-code/ground_truth_sim/install/usv_interfaces/include/usv_interfaces/usv_interfaces/msg/detail/ais_track_array__rosidl_typesupport_introspection_c.h
-- Up-to-date symlink: /home/cczh/temp-code/ground_truth_sim/install/usv_interfaces/include/usv_interfaces/usv_interfaces/msg/detail/control_deviation__rosidl_typesupport_introspection_c.h
-- Up-to-date symlink: /home/cczh/temp-code/ground_truth_sim/install/usv_interfaces/include/usv_interfaces/usv_interfaces/msg/detail/global_track__rosidl_typesupport_introspection_c.h
-- Up-to-date symlink: /home/cczh/temp-code/ground_truth_sim/install/usv_interfaces/include/usv_interfaces/usv_interfaces/msg/detail/global_track_array__rosidl_typesupport_introspection_c.h
-- Up-to-date symlink: /home/cczh/temp-code/ground_truth_sim/install/usv_interfaces/include/usv_interfaces/usv_interfaces/msg/detail/mmwave_target__rosidl_typesupport_introspection_c.h
-- Up-to-date symlink: /home/cczh/temp-code/ground_truth_sim/install/usv_interfaces/include/usv_interfaces/usv_interfaces/msg/detail/mmwave_target_array__rosidl_typesupport_introspection_c.h
-- Up-to-date symlink: /home/cczh/temp-code/ground_truth_sim/install/usv_interfaces/include/usv_interfaces/usv_interfaces/msg/detail/nav_radar_target__rosidl_typesupport_introspection_c.h
-- Up-to-date symlink: /home/cczh/temp-code/ground_truth_sim/install/usv_interfaces/include/usv_interfaces/usv_interfaces/msg/detail/nav_radar_target_array__rosidl_typesupport_introspection_c.h
-- Up-to-date symlink: /home/cczh/temp-code/ground_truth_sim/install/usv_interfaces/include/usv_interfaces/usv_interfaces/msg/detail/operation_mode__rosidl_typesupport_introspection_c.h
-- Up-to-date symlink: /home/cczh/temp-code/ground_truth_sim/install/usv_interfaces/include/usv_interfaces/usv_interfaces/msg/detail/vessel_state__rosidl_typesupport_introspection_c.h
-- Up-to-date symlink: /home/cczh/temp-code/ground_truth_sim/install/usv_interfaces/include/usv_interfaces/usv_interfaces/msg/detail/vision_detection__rosidl_typesupport_introspection_c.h
-- Up-to-date symlink: /home/cczh/temp-code/ground_truth_sim/install/usv_interfaces/include/usv_interfaces/usv_interfaces/msg/detail/vision_detection_array__rosidl_typesupport_introspection_c.h
-- Up-to-date symlink: /home/cczh/temp-code/ground_truth_sim/install/usv_interfaces/include/usv_interfaces/usv_interfaces/msg/rosidl_typesupport_introspection_c__visibility_control.h
-- Up-to-date symlink: /home/cczh/temp-code/ground_truth_sim/install/usv_interfaces/include/usv_interfaces/usv_interfaces/srv/detail/control_device__rosidl_typesupport_introspection_c.h
-- Up-to-date symlink: /home/cczh/temp-code/ground_truth_sim/install/usv_interfaces/include/usv_interfaces/usv_interfaces/action/detail/execute_mission__rosidl_typesupport_introspection_cpp.hpp
-- Up-to-date symlink: /home/cczh/temp-code/ground_truth_sim/install/usv_interfaces/include/usv_interfaces/usv_interfaces/msg/detail/ais_track__rosidl_typesupport_introspection_cpp.hpp
-- Up-to-date symlink: /home/cczh/temp-code/ground_truth_sim/install/usv_interfaces/include/usv_interfaces/usv_interfaces/msg/detail/ais_track_array__rosidl_typesupport_introspection_cpp.hpp
-- Up-to-date symlink: /home/cczh/temp-code/ground_truth_sim/install/usv_interfaces/include/usv_interfaces/usv_interfaces/msg/detail/control_deviation__rosidl_typesupport_introspection_cpp.hpp
-- Up-to-date symlink: /home/cczh/temp-code/ground_truth_sim/install/usv_interfaces/include/usv_interfaces/usv_interfaces/msg/detail/global_track__rosidl_typesupport_introspection_cpp.hpp
-- Up-to-date symlink: /home/cczh/temp-code/ground_truth_sim/install/usv_interfaces/include/usv_interfaces/usv_interfaces/msg/detail/global_track_array__rosidl_typesupport_introspection_cpp.hpp
-- Up-to-date symlink: /home/cczh/temp-code/ground_truth_sim/install/usv_interfaces/include/usv_interfaces/usv_interfaces/msg/detail/mmwave_target__rosidl_typesupport_introspection_cpp.hpp
-- Up-to-date symlink: /home/cczh/temp-code/ground_truth_sim/install/usv_interfaces/include/usv_interfaces/usv_interfaces/msg/detail/mmwave_target_array__rosidl_typesupport_introspection_cpp.hpp
-- Up-to-date symlink: /home/cczh/temp-code/ground_truth_sim/install/usv_interfaces/include/usv_interfaces/usv_interfaces/msg/detail/nav_radar_target__rosidl_typesupport_introspection_cpp.hpp
-- Up-to-date symlink: /home/cczh/temp-code/ground_truth_sim/install/usv_interfaces/include/usv_interfaces/usv_interfaces/msg/detail/nav_radar_target_array__rosidl_typesupport_introspection_cpp.hpp
-- Up-to-date symlink: /home/cczh/temp-code/ground_truth_sim/install/usv_interfaces/include/usv_interfaces/usv_interfaces/msg/detail/operation_mode__rosidl_typesupport_introspection_cpp.hpp
-- Up-to-date symlink: /home/cczh/temp-code/ground_truth_sim/install/usv_interfaces/include/usv_interfaces/usv_interfaces/msg/detail/vessel_state__rosidl_typesupport_introspection_cpp.hpp
-- Up-to-date symlink: /home/cczh/temp-code/ground_truth_sim/install/usv_interfaces/include/usv_interfaces/usv_interfaces/msg/detail/vision_detection__rosidl_typesupport_introspection_cpp.hpp
-- Up-to-date symlink: /home/cczh/temp-code/ground_truth_sim/install/usv_interfaces/include/usv_interfaces/usv_interfaces/msg/detail/vision_detection_array__rosidl_typesupport_introspection_cpp.hpp
-- Up-to-date symlink: /home/cczh/temp-code/ground_truth_sim/install/usv_interfaces/include/usv_interfaces/usv_interfaces/srv/detail/control_device__rosidl_typesupport_introspection_cpp.hpp
-- Up-to-date symlink: /home/cczh/temp-code/ground_truth_sim/install/usv_interfaces/share/usv_interfaces/environment/pythonpath.sh
-- Up-to-date symlink: /home/cczh/temp-code/ground_truth_sim/install/usv_interfaces/share/usv_interfaces/environment/pythonpath.dsv
-- Up-to-date symlink: /home/cczh/temp-code/ground_truth_sim/install/usv_interfaces/local/lib/python3.10/dist-packages/usv_interfaces-0.1.0-py3.10.egg-info/PKG-INFO
-- Up-to-date symlink: /home/cczh/temp-code/ground_truth_sim/install/usv_interfaces/local/lib/python3.10/dist-packages/usv_interfaces-0.1.0-py3.10.egg-info/SOURCES.txt
-- Up-to-date symlink: /home/cczh/temp-code/ground_truth_sim/install/usv_interfaces/local/lib/python3.10/dist-packages/usv_interfaces-0.1.0-py3.10.egg-info/dependency_links.txt
-- Up-to-date symlink: /home/cczh/temp-code/ground_truth_sim/install/usv_interfaces/local/lib/python3.10/dist-packages/usv_interfaces-0.1.0-py3.10.egg-info/top_level.txt
-- Up-to-date symlink: /home/cczh/temp-code/ground_truth_sim/install/usv_interfaces/local/lib/python3.10/dist-packages/usv_interfaces/__init__.py
-- Up-to-date symlink: /home/cczh/temp-code/ground_truth_sim/install/usv_interfaces/local/lib/python3.10/dist-packages/usv_interfaces/_usv_interfaces_s.ep.rosidl_typesupport_c.c
-- Up-to-date symlink: /home/cczh/temp-code/ground_truth_sim/install/usv_interfaces/local/lib/python3.10/dist-packages/usv_interfaces/_usv_interfaces_s.ep.rosidl_typesupport_fastrtps_c.c
-- Up-to-date symlink: /home/cczh/temp-code/ground_truth_sim/install/usv_interfaces/local/lib/python3.10/dist-packages/usv_interfaces/_usv_interfaces_s.ep.rosidl_typesupport_introspection_c.c
-- Up-to-date symlink: /home/cczh/temp-code/ground_truth_sim/install/usv_interfaces/local/lib/python3.10/dist-packages/usv_interfaces/action/__init__.py
-- Up-to-date symlink: /home/cczh/temp-code/ground_truth_sim/install/usv_interfaces/local/lib/python3.10/dist-packages/usv_interfaces/action/_execute_mission.py
-- Up-to-date symlink: /home/cczh/temp-code/ground_truth_sim/install/usv_interfaces/local/lib/python3.10/dist-packages/usv_interfaces/action/_execute_mission_s.c
-- Up-to-date symlink: /home/cczh/temp-code/ground_truth_sim/install/usv_interfaces/local/lib/python3.10/dist-packages/usv_interfaces/libusv_interfaces__rosidl_generator_py.so
-- Up-to-date symlink: /home/cczh/temp-code/ground_truth_sim/install/usv_interfaces/local/lib/python3.10/dist-packages/usv_interfaces/msg/__init__.py
-- Up-to-date symlink: /home/cczh/temp-code/ground_truth_sim/install/usv_interfaces/local/lib/python3.10/dist-packages/usv_interfaces/msg/_ais_track.py
-- Up-to-date symlink: /home/cczh/temp-code/ground_truth_sim/install/usv_interfaces/local/lib/python3.10/dist-packages/usv_interfaces/msg/_ais_track_array.py
-- Up-to-date symlink: /home/cczh/temp-code/ground_truth_sim/install/usv_interfaces/local/lib/python3.10/dist-packages/usv_interfaces/msg/_ais_track_array_s.c
-- Up-to-date symlink: /home/cczh/temp-code/ground_truth_sim/install/usv_interfaces/local/lib/python3.10/dist-packages/usv_interfaces/msg/_ais_track_s.c
-- Up-to-date symlink: /home/cczh/temp-code/ground_truth_sim/install/usv_interfaces/local/lib/python3.10/dist-packages/usv_interfaces/msg/_control_deviation.py
-- Up-to-date symlink: /home/cczh/temp-code/ground_truth_sim/install/usv_interfaces/local/lib/python3.10/dist-packages/usv_interfaces/msg/_control_deviation_s.c
-- Up-to-date symlink: /home/cczh/temp-code/ground_truth_sim/install/usv_interfaces/local/lib/python3.10/dist-packages/usv_interfaces/msg/_global_track.py
-- Up-to-date symlink: /home/cczh/temp-code/ground_truth_sim/install/usv_interfaces/local/lib/python3.10/dist-packages/usv_interfaces/msg/_global_track_array.py
-- Up-to-date symlink: /home/cczh/temp-code/ground_truth_sim/install/usv_interfaces/local/lib/python3.10/dist-packages/usv_interfaces/msg/_global_track_array_s.c
-- Up-to-date symlink: /home/cczh/temp-code/ground_truth_sim/install/usv_interfaces/local/lib/python3.10/dist-packages/usv_interfaces/msg/_global_track_s.c
-- Up-to-date symlink: /home/cczh/temp-code/ground_truth_sim/install/usv_interfaces/local/lib/python3.10/dist-packages/usv_interfaces/msg/_mmwave_target.py
-- Up-to-date symlink: /home/cczh/temp-code/ground_truth_sim/install/usv_interfaces/local/lib/python3.10/dist-packages/usv_interfaces/msg/_mmwave_target_array.py
-- Up-to-date symlink: /home/cczh/temp-code/ground_truth_sim/install/usv_interfaces/local/lib/python3.10/dist-packages/usv_interfaces/msg/_mmwave_target_array_s.c
-- Up-to-date symlink: /home/cczh/temp-code/ground_truth_sim/install/usv_interfaces/local/lib/python3.10/dist-packages/usv_interfaces/msg/_mmwave_target_s.c
-- Up-to-date symlink: /home/cczh/temp-code/ground_truth_sim/install/usv_interfaces/local/lib/python3.10/dist-packages/usv_interfaces/msg/_nav_radar_target.py
-- Up-to-date symlink: /home/cczh/temp-code/ground_truth_sim/install/usv_interfaces/local/lib/python3.10/dist-packages/usv_interfaces/msg/_nav_radar_target_array.py
-- Up-to-date symlink: /home/cczh/temp-code/ground_truth_sim/install/usv_interfaces/local/lib/python3.10/dist-packages/usv_interfaces/msg/_nav_radar_target_array_s.c
-- Up-to-date symlink: /home/cczh/temp-code/ground_truth_sim/install/usv_interfaces/local/lib/python3.10/dist-packages/usv_interfaces/msg/_nav_radar_target_s.c
-- Up-to-date symlink: /home/cczh/temp-code/ground_truth_sim/install/usv_interfaces/local/lib/python3.10/dist-packages/usv_interfaces/msg/_operation_mode.py
-- Up-to-date symlink: /home/cczh/temp-code/ground_truth_sim/install/usv_interfaces/local/lib/python3.10/dist-packages/usv_interfaces/msg/_operation_mode_s.c
-- Up-to-date symlink: /home/cczh/temp-code/ground_truth_sim/install/usv_interfaces/local/lib/python3.10/dist-packages/usv_interfaces/msg/_vessel_state.py
-- Up-to-date symlink: /home/cczh/temp-code/ground_truth_sim/install/usv_interfaces/local/lib/python3.10/dist-packages/usv_interfaces/msg/_vessel_state_s.c
-- Up-to-date symlink: /home/cczh/temp-code/ground_truth_sim/install/usv_interfaces/local/lib/python3.10/dist-packages/usv_interfaces/msg/_vision_detection.py
-- Up-to-date symlink: /home/cczh/temp-code/ground_truth_sim/install/usv_interfaces/local/lib/python3.10/dist-packages/usv_interfaces/msg/_vision_detection_array.py
-- Up-to-date symlink: /home/cczh/temp-code/ground_truth_sim/install/usv_interfaces/local/lib/python3.10/dist-packages/usv_interfaces/msg/_vision_detection_array_s.c
-- Up-to-date symlink: /home/cczh/temp-code/ground_truth_sim/install/usv_interfaces/local/lib/python3.10/dist-packages/usv_interfaces/msg/_vision_detection_s.c
-- Up-to-date symlink: /home/cczh/temp-code/ground_truth_sim/install/usv_interfaces/local/lib/python3.10/dist-packages/usv_interfaces/srv/__init__.py
-- Up-to-date symlink: /home/cczh/temp-code/ground_truth_sim/install/usv_interfaces/local/lib/python3.10/dist-packages/usv_interfaces/srv/_control_device.py
-- Up-to-date symlink: /home/cczh/temp-code/ground_truth_sim/install/usv_interfaces/local/lib/python3.10/dist-packages/usv_interfaces/srv/_control_device_s.c
-- Up-to-date symlink: /home/cczh/temp-code/ground_truth_sim/install/usv_interfaces/local/lib/python3.10/dist-packages/usv_interfaces/usv_interfaces_s__rosidl_typesupport_c.cpython-310-x86_64-linux-gnu.so
-- Up-to-date symlink: /home/cczh/temp-code/ground_truth_sim/install/usv_interfaces/local/lib/python3.10/dist-packages/usv_interfaces/usv_interfaces_s__rosidl_typesupport_fastrtps_c.cpython-310-x86_64-linux-gnu.so
-- Up-to-date symlink: /home/cczh/temp-code/ground_truth_sim/install/usv_interfaces/local/lib/python3.10/dist-packages/usv_interfaces/usv_interfaces_s__rosidl_typesupport_introspection_c.cpython-310-x86_64-linux-gnu.so
-- Up-to-date symlink: /home/cczh/temp-code/ground_truth_sim/install/usv_interfaces/local/lib/python3.10/dist-packages/usv_interfaces/usv_interfaces_s__rosidl_typesupport_fastrtps_c.cpython-310-x86_64-linux-gnu.so
-- Up-to-date symlink: /home/cczh/temp-code/ground_truth_sim/install/usv_interfaces/local/lib/python3.10/dist-packages/usv_interfaces/usv_interfaces_s__rosidl_typesupport_introspection_c.cpython-310-x86_64-linux-gnu.so
-- Up-to-date symlink: /home/cczh/temp-code/ground_truth_sim/install/usv_interfaces/local/lib/python3.10/dist-packages/usv_interfaces/usv_interfaces_s__rosidl_typesupport_c.cpython-310-x86_64-linux-gnu.so
-- Up-to-date symlink: /home/cczh/temp-code/ground_truth_sim/install/usv_interfaces/share/usv_interfaces/msg/ControlDeviation.idl
-- Up-to-date symlink: /home/cczh/temp-code/ground_truth_sim/install/usv_interfaces/share/usv_interfaces/msg/OperationMode.idl
-- Up-to-date symlink: /home/cczh/temp-code/ground_truth_sim/install/usv_interfaces/share/usv_interfaces/msg/VisionDetection.idl
-- Up-to-date symlink: /home/cczh/temp-code/ground_truth_sim/install/usv_interfaces/share/usv_interfaces/msg/VisionDetectionArray.idl
-- Up-to-date symlink: /home/cczh/temp-code/ground_truth_sim/install/usv_interfaces/share/usv_interfaces/msg/MmwaveTarget.idl
-- Up-to-date symlink: /home/cczh/temp-code/ground_truth_sim/install/usv_interfaces/share/usv_interfaces/msg/MmwaveTargetArray.idl
-- Up-to-date symlink: /home/cczh/temp-code/ground_truth_sim/install/usv_interfaces/share/usv_interfaces/msg/NavRadarTarget.idl
-- Up-to-date symlink: /home/cczh/temp-code/ground_truth_sim/install/usv_interfaces/share/usv_interfaces/msg/NavRadarTargetArray.idl
-- Up-to-date symlink: /home/cczh/temp-code/ground_truth_sim/install/usv_interfaces/share/usv_interfaces/msg/AISTrack.idl
-- Up-to-date symlink: /home/cczh/temp-code/ground_truth_sim/install/usv_interfaces/share/usv_interfaces/msg/AISTrackArray.idl
-- Up-to-date symlink: /home/cczh/temp-code/ground_truth_sim/install/usv_interfaces/share/usv_interfaces/msg/GlobalTrack.idl
-- Up-to-date symlink: /home/cczh/temp-code/ground_truth_sim/install/usv_interfaces/share/usv_interfaces/msg/GlobalTrackArray.idl
-- Up-to-date symlink: /home/cczh/temp-code/ground_truth_sim/install/usv_interfaces/share/usv_interfaces/msg/VesselState.idl
-- Up-to-date symlink: /home/cczh/temp-code/ground_truth_sim/install/usv_interfaces/share/usv_interfaces/srv/ControlDevice.idl
-- Up-to-date symlink: /home/cczh/temp-code/ground_truth_sim/install/usv_interfaces/share/usv_interfaces/action/ExecuteMission.idl
-- Up-to-date symlink: /home/cczh/temp-code/ground_truth_sim/install/usv_interfaces/share/usv_interfaces/msg/ControlDeviation.msg
-- Up-to-date symlink: /home/cczh/temp-code/ground_truth_sim/install/usv_interfaces/share/usv_interfaces/msg/OperationMode.msg
-- Up-to-date symlink: /home/cczh/temp-code/ground_truth_sim/install/usv_interfaces/share/usv_interfaces/msg/VisionDetection.msg
-- Up-to-date symlink: /home/cczh/temp-code/ground_truth_sim/install/usv_interfaces/share/usv_interfaces/msg/VisionDetectionArray.msg
-- Up-to-date symlink: /home/cczh/temp-code/ground_truth_sim/install/usv_interfaces/share/usv_interfaces/msg/MmwaveTarget.msg
-- Up-to-date symlink: /home/cczh/temp-code/ground_truth_sim/install/usv_interfaces/share/usv_interfaces/msg/MmwaveTargetArray.msg
-- Up-to-date symlink: /home/cczh/temp-code/ground_truth_sim/install/usv_interfaces/share/usv_interfaces/msg/NavRadarTarget.msg
-- Up-to-date symlink: /home/cczh/temp-code/ground_truth_sim/install/usv_interfaces/share/usv_interfaces/msg/NavRadarTargetArray.msg
-- Up-to-date symlink: /home/cczh/temp-code/ground_truth_sim/install/usv_interfaces/share/usv_interfaces/msg/AISTrack.msg
-- Up-to-date symlink: /home/cczh/temp-code/ground_truth_sim/install/usv_interfaces/share/usv_interfaces/msg/AISTrackArray.msg
-- Up-to-date symlink: /home/cczh/temp-code/ground_truth_sim/install/usv_interfaces/share/usv_interfaces/msg/GlobalTrack.msg
-- Up-to-date symlink: /home/cczh/temp-code/ground_truth_sim/install/usv_interfaces/share/usv_interfaces/msg/GlobalTrackArray.msg
-- Up-to-date symlink: /home/cczh/temp-code/ground_truth_sim/install/usv_interfaces/share/usv_interfaces/msg/VesselState.msg
-- Up-to-date symlink: /home/cczh/temp-code/ground_truth_sim/install/usv_interfaces/share/usv_interfaces/srv/ControlDevice.srv
-- Up-to-date symlink: /home/cczh/temp-code/ground_truth_sim/install/usv_interfaces/share/usv_interfaces/srv/ControlDevice_Request.msg
-- Up-to-date symlink: /home/cczh/temp-code/ground_truth_sim/install/usv_interfaces/share/usv_interfaces/srv/ControlDevice_Response.msg
-- Up-to-date symlink: /home/cczh/temp-code/ground_truth_sim/install/usv_interfaces/share/usv_interfaces/action/ExecuteMission.action
-- Up-to-date symlink: /home/cczh/temp-code/ground_truth_sim/install/usv_interfaces/include/usv_interfaces/topics.hpp
-- Up-to-date symlink: /home/cczh/temp-code/ground_truth_sim/install/usv_interfaces/share/ament_index/resource_index/package_run_dependencies/usv_interfaces
-- Up-to-date symlink: /home/cczh/temp-code/ground_truth_sim/install/usv_interfaces/share/ament_index/resource_index/parent_prefix_path/usv_interfaces
-- Up-to-date symlink: /home/cczh/temp-code/ground_truth_sim/install/usv_interfaces/share/usv_interfaces/environment/ament_prefix_path.sh
-- Up-to-date symlink: /home/cczh/temp-code/ground_truth_sim/install/usv_interfaces/share/usv_interfaces/environment/ament_prefix_path.dsv
-- Up-to-date symlink: /home/cczh/temp-code/ground_truth_sim/install/usv_interfaces/share/usv_interfaces/environment/path.sh
-- Up-to-date symlink: /home/cczh/temp-code/ground_truth_sim/install/usv_interfaces/share/usv_interfaces/environment/path.dsv
-- Up-to-date symlink: /home/cczh/temp-code/ground_truth_sim/install/usv_interfaces/share/usv_interfaces/local_setup.bash
-- Up-to-date symlink: /home/cczh/temp-code/ground_truth_sim/install/usv_interfaces/share/usv_interfaces/local_setup.sh
-- Up-to-date symlink: /home/cczh/temp-code/ground_truth_sim/install/usv_interfaces/share/usv_interfaces/local_setup.zsh
-- Up-to-date symlink: /home/cczh/temp-code/ground_truth_sim/install/usv_interfaces/share/usv_interfaces/local_setup.dsv
-- Symlinking: /home/cczh/temp-code/ground_truth_sim/install/usv_interfaces/share/usv_interfaces/package.dsv
-- Up-to-date symlink: /home/cczh/temp-code/ground_truth_sim/install/usv_interfaces/share/ament_index/resource_index/packages/usv_interfaces
-- Up-to-date symlink: /home/cczh/temp-code/ground_truth_sim/install/usv_interfaces/share/usv_interfaces/cmake/rosidl_cmake-extras.cmake
-- Up-to-date symlink: /home/cczh/temp-code/ground_truth_sim/install/usv_interfaces/share/usv_interfaces/cmake/ament_cmake_export_dependencies-extras.cmake
-- Up-to-date symlink: /home/cczh/temp-code/ground_truth_sim/install/usv_interfaces/share/usv_interfaces/cmake/ament_cmake_export_include_directories-extras.cmake
-- Up-to-date symlink: /home/cczh/temp-code/ground_truth_sim/install/usv_interfaces/share/usv_interfaces/cmake/ament_cmake_export_libraries-extras.cmake
-- Up-to-date symlink: /home/cczh/temp-code/ground_truth_sim/install/usv_interfaces/share/usv_interfaces/cmake/ament_cmake_export_targets-extras.cmake
-- Up-to-date symlink: /home/cczh/temp-code/ground_truth_sim/install/usv_interfaces/share/usv_interfaces/cmake/rosidl_cmake_export_typesupport_targets-extras.cmake
-- Up-to-date symlink: /home/cczh/temp-code/ground_truth_sim/install/usv_interfaces/share/usv_interfaces/cmake/rosidl_cmake_export_typesupport_libraries-extras.cmake
-- Up-to-date symlink: /home/cczh/temp-code/ground_truth_sim/install/usv_interfaces/share/usv_interfaces/cmake/usv_interfacesConfig.cmake
-- Up-to-date symlink: /home/cczh/temp-code/ground_truth_sim/install/usv_interfaces/share/usv_interfaces/cmake/usv_interfacesConfig-version.cmake
-- Up-to-date symlink: /home/cczh/temp-code/ground_truth_sim/install/usv_interfaces/share/usv_interfaces/package.xml
-- Up-to-date: /home/cczh/temp-code/ground_truth_sim/install/usv_interfaces/lib/libusv_interfaces__rosidl_generator_c.so
-- Up-to-date: /home/cczh/temp-code/ground_truth_sim/install/usv_interfaces/lib/libusv_interfaces__rosidl_typesupport_fastrtps_c.so
-- Up-to-date: /home/cczh/temp-code/ground_truth_sim/install/usv_interfaces/lib/libusv_interfaces__rosidl_typesupport_fastrtps_cpp.so
-- Up-to-date: /home/cczh/temp-code/ground_truth_sim/install/usv_interfaces/lib/libusv_interfaces__rosidl_typesupport_introspection_c.so
-- Up-to-date: /home/cczh/temp-code/ground_truth_sim/install/usv_interfaces/lib/libusv_interfaces__rosidl_typesupport_c.so
-- Up-to-date: /home/cczh/temp-code/ground_truth_sim/install/usv_interfaces/lib/libusv_interfaces__rosidl_typesupport_introspection_cpp.so
-- Up-to-date: /home/cczh/temp-code/ground_truth_sim/install/usv_interfaces/lib/libusv_interfaces__rosidl_typesupport_cpp.so
Listing '/home/cczh/temp-code/ground_truth_sim/install/usv_interfaces/local/lib/python3.10/dist-packages/usv_interfaces'...
Compiling '/home/cczh/temp-code/ground_truth_sim/install/usv_interfaces/local/lib/python3.10/dist-packages/usv_interfaces/__init__.py'...
Listing '/home/cczh/temp-code/ground_truth_sim/install/usv_interfaces/local/lib/python3.10/dist-packages/usv_interfaces/action'...
Listing '/home/cczh/temp-code/ground_truth_sim/install/usv_interfaces/local/lib/python3.10/dist-packages/usv_interfaces/msg'...
Listing '/home/cczh/temp-code/ground_truth_sim/install/usv_interfaces/local/lib/python3.10/dist-packages/usv_interfaces/srv'...
-- Up-to-date: /home/cczh/temp-code/ground_truth_sim/install/usv_interfaces/lib/libusv_interfaces__rosidl_generator_py.so
-- Up-to-date: /home/cczh/temp-code/ground_truth_sim/install/usv_interfaces/share/usv_interfaces/cmake/export_usv_interfaces__rosidl_generator_cExport.cmake
-- Up-to-date: /home/cczh/temp-code/ground_truth_sim/install/usv_interfaces/share/usv_interfaces/cmake/export_usv_interfaces__rosidl_generator_cExport-noconfig.cmake
-- Up-to-date: /home/cczh/temp-code/ground_truth_sim/install/usv_interfaces/share/usv_interfaces/cmake/export_usv_interfaces__rosidl_typesupport_fastrtps_cExport.cmake
-- Up-to-date: /home/cczh/temp-code/ground_truth_sim/install/usv_interfaces/share/usv_interfaces/cmake/export_usv_interfaces__rosidl_typesupport_fastrtps_cExport-noconfig.cmake
-- Up-to-date: /home/cczh/temp-code/ground_truth_sim/install/usv_interfaces/share/usv_interfaces/cmake/export_usv_interfaces__rosidl_generator_cppExport.cmake
-- Up-to-date: /home/cczh/temp-code/ground_truth_sim/install/usv_interfaces/share/usv_interfaces/cmake/export_usv_interfaces__rosidl_typesupport_fastrtps_cppExport.cmake
-- Up-to-date: /home/cczh/temp-code/ground_truth_sim/install/usv_interfaces/share/usv_interfaces/cmake/export_usv_interfaces__rosidl_typesupport_fastrtps_cppExport-noconfig.cmake
-- Up-to-date: /home/cczh/temp-code/ground_truth_sim/install/usv_interfaces/share/usv_interfaces/cmake/usv_interfaces__rosidl_typesupport_introspection_cExport.cmake
-- Up-to-date: /home/cczh/temp-code/ground_truth_sim/install/usv_interfaces/share/usv_interfaces/cmake/usv_interfaces__rosidl_typesupport_introspection_cExport-noconfig.cmake
-- Up-to-date: /home/cczh/temp-code/ground_truth_sim/install/usv_interfaces/share/usv_interfaces/cmake/usv_interfaces__rosidl_typesupport_cExport.cmake
-- Up-to-date: /home/cczh/temp-code/ground_truth_sim/install/usv_interfaces/share/usv_interfaces/cmake/usv_interfaces__rosidl_typesupport_cExport-noconfig.cmake
-- Up-to-date: /home/cczh/temp-code/ground_truth_sim/install/usv_interfaces/share/usv_interfaces/cmake/usv_interfaces__rosidl_typesupport_introspection_cppExport.cmake
-- Up-to-date: /home/cczh/temp-code/ground_truth_sim/install/usv_interfaces/share/usv_interfaces/cmake/usv_interfaces__rosidl_typesupport_introspection_cppExport-noconfig.cmake
-- Up-to-date: /home/cczh/temp-code/ground_truth_sim/install/usv_interfaces/share/usv_interfaces/cmake/usv_interfaces__rosidl_typesupport_cppExport.cmake
-- Up-to-date: /home/cczh/temp-code/ground_truth_sim/install/usv_interfaces/share/usv_interfaces/cmake/usv_interfaces__rosidl_typesupport_cppExport-noconfig.cmake
-- Up-to-date: /home/cczh/temp-code/ground_truth_sim/install/usv_interfaces/share/usv_interfaces/cmake/export_usv_interfaces__rosidl_generator_pyExport.cmake
-- Up-to-date: /home/cczh/temp-code/ground_truth_sim/install/usv_interfaces/share/usv_interfaces/cmake/export_usv_interfaces__rosidl_generator_pyExport-noconfig.cmake
