[0.000000] (-) TimerEvent: {}
[0.000114] (-) JobUnselected: {'identifier': 'ground_truth_sim'}
[0.000227] (-) JobUnselected: {'identifier': 'percision_sim'}
[0.000381] (-) JobUnselected: {'identifier': 'usv_event_fusion'}
[0.000412] (-) JobUnselected: {'identifier': 'usv_interfaces'}
[0.000432] (usv_fusion) JobQueued: {'identifier': 'usv_fusion', 'dependencies': OrderedDict([('usv_interfaces', '/home/cczh/temp-code/ground_truth_sim/install/usv_interfaces')])}
[0.000479] (usv_fusion) JobStarted: {'identifier': 'usv_fusion'}
[0.099900] (-) TimerEvent: {}
[0.200065] (-) TimerEvent: {}
[0.300225] (-) TimerEvent: {}
[0.373101] (usv_fusion) Command: {'cmd': ['/usr/bin/python3', '-W', 'ignore:setup.py install is deprecated', '-W', 'ignore:easy_install command is deprecated', 'setup.py', 'egg_info', '--egg-base', '../../build/usv_fusion', 'build', '--build-base', '/home/cczh/temp-code/ground_truth_sim/build/usv_fusion/build', 'install', '--record', '/home/cczh/temp-code/ground_truth_sim/build/usv_fusion/install.log', '--single-version-externally-managed', 'install_data'], 'cwd': '/home/cczh/temp-code/ground_truth_sim/src/usv_fusion', 'env': {'GJS_DEBUG_TOPICS': 'JS ERROR;JS LOG', 'LESSOPEN': '| /usr/bin/lesspipe %s', 'LIBRARY_PATH': ':/home/cczh/.conan/data/gflags/2.2.2/_/_/package/436415cd601349a78e76cb8d3a315de4f148cb81/lib:/home/cczh/.conan/data/glog/0.6.0/_/_/package/dd3c9e0dd79522c7df25a63d555c80dfef332d06/lib:/home/cczh/.conan/data/osqp/0.6.3/_/_/package/1748639999ed79b998e4fe4a6d292ed8e874736a/lib:/home/cczh/.conan/data/libunwind/1.8.0/_/_/package/44dff75f9514a6928d83190fa78afc0f88280907/lib:/home/cczh/.conan/data/opencv/3.4.20/_/_/package/22e99dec1e5cf5a835d80dc4ed64921c56b5a87f/lib:/home/cczh/.conan/data/jasper/4.0.0/_/_/package/517901d833a9a267b710e05c0be8108be37fdec6/lib:/home/cczh/.conan/data/openexr/2.5.7/_/_/package/cc324b705b000062cf52a757993f8a02d932c921/lib:/home/cczh/.conan/data/libdeflate/1.19/_/_/package/1748639999ed79b998e4fe4a6d292ed8e874736a/lib:/home/cczh/.conan/data/libwebp/1.3.2/_/_/package/de93e367baf5165f0369b97e6227d4c8b789217d/lib:/home/cczh/.conan/data/gflags/2.2.2/_/_/package/436415cd601349a78e76cb8d3a315de4f148cb81/lib:/home/cczh/.conan/data/glog/0.6.0/_/_/package/dd3c9e0dd79522c7df25a63d555c80dfef332d06/lib:/home/cczh/.conan/data/osqp/0.6.3/_/_/package/1748639999ed79b998e4fe4a6d292ed8e874736a/lib:/home/cczh/.conan/data/libunwind/1.8.0/_/_/package/44dff75f9514a6928d83190fa78afc0f88280907/lib:/home/cczh/.conan/data/opencv/3.4.20/_/_/package/22e99dec1e5cf5a835d80dc4ed64921c56b5a87f/lib:/home/cczh/.conan/data/jasper/4.0.0/_/_/package/517901d833a9a267b710e05c0be8108be37fdec6/lib:/home/cczh/.conan/data/openexr/2.5.7/_/_/package/cc324b705b000062cf52a757993f8a02d932c921/lib:/home/cczh/.conan/data/libdeflate/1.19/_/_/package/1748639999ed79b998e4fe4a6d292ed8e874736a/lib:/home/cczh/.conan/data/libwebp/1.3.2/_/_/package/de93e367baf5165f0369b97e6227d4c8b789217d/lib', 'VSCODE_CWD': '/home/cczh', 'CURSOR_EXTENSION_HOST_ROLE': 'agent-exec', 'VSCODE_ESM_ENTRYPOINT': 'vs/workbench/api/node/extensionHostProcess', 'HTTPS_PROXY': 'https://127.0.0.1:7897', 'USER': 'cczh', 'LC_TIME': 'mn_MN', 'VSCODE_NLS_CONFIG': '{"userLocale":"zh-cn","osLocale":"en-us","resolvedLanguage":"zh-cn","defaultMessagesFile":"/usr/share/cursor/resources/app/out/nls.messages.json","languagePack":{"translationsConfigFile":"/home/cczh/.config/Cursor/clp/260f1e75be0cfbabbd36f02f327e4f1d.zh-cn/tcf.json","messagesFile":"/home/cczh/.config/Cursor/clp/260f1e75be0cfbabbd36f02f327e4f1d.zh-cn/aac81804b986d739acab348ed96b8bea6e83cc50/nls.messages.json","corruptMarkerFile":"/home/cczh/.config/Cursor/clp/260f1e75be0cfbabbd36f02f327e4f1d.zh-cn/corrupted.info"},"locale":"zh-cn","availableLanguages":{"*":"zh-cn"},"_languagePackId":"260f1e75be0cfbabbd36f02f327e4f1d.zh-cn","_languagePackSupport":true,"_translationsConfigFile":"/home/cczh/.config/Cursor/clp/260f1e75be0cfbabbd36f02f327e4f1d.zh-cn/tcf.json","_cacheRoot":"/home/cczh/.config/Cursor/clp/260f1e75be0cfbabbd36f02f327e4f1d.zh-cn","_resolvedLanguagePackCoreLocation":"/home/cczh/.config/Cursor/clp/260f1e75be0cfbabbd36f02f327e4f1d.zh-cn/aac81804b986d739acab348ed96b8bea6e83cc50","_corruptedFile":"/home/cczh/.config/Cursor/clp/260f1e75be0cfbabbd36f02f327e4f1d.zh-cn/corrupted.info"}', 'VSCODE_HANDLES_UNCAUGHT_ERRORS': 'true', 'XDG_SESSION_TYPE': 'x11', 'SHLVL': '0', 'LD_LIBRARY_PATH': '/home/cczh/temp-code/ground_truth_sim/install/usv_interfaces/lib:/usr/local/cuda-12.4/lib64:/usr/local/cuda-12.4/lib64:/opt/ros/humble/opt/rviz_ogre_vendor/lib:/opt/ros/humble/lib/x86_64-linux-gnu:/opt/ros/humble/lib:/home/cczh/.conan/data/gflags/2.2.2/_/_/package/436415cd601349a78e76cb8d3a315de4f148cb81/lib:/home/cczh/.conan/data/glog/0.6.0/_/_/package/dd3c9e0dd79522c7df25a63d555c80dfef332d06/lib:/home/cczh/.conan/data/osqp/0.6.3/_/_/package/1748639999ed79b998e4fe4a6d292ed8e874736a/lib:/home/cczh/.conan/data/libunwind/1.8.0/_/_/package/44dff75f9514a6928d83190fa78afc0f88280907/lib:/home/cczh/.conan/data/opencv/3.4.20/_/_/package/22e99dec1e5cf5a835d80dc4ed64921c56b5a87f/lib:/home/cczh/.conan/data/jasper/4.0.0/_/_/package/517901d833a9a267b710e05c0be8108be37fdec6/lib:/home/cczh/.conan/data/openexr/2.5.7/_/_/package/cc324b705b000062cf52a757993f8a02d932c921/lib:/home/cczh/.conan/data/libdeflate/1.19/_/_/package/1748639999ed79b998e4fe4a6d292ed8e874736a/lib:/home/cczh/.conan/data/libwebp/1.3.2/_/_/package/de93e367baf5165f0369b97e6227d4c8b789217d/lib:/home/cczh/.conan/data/gflags/2.2.2/_/_/package/436415cd601349a78e76cb8d3a315de4f148cb81/lib:/home/cczh/.conan/data/glog/0.6.0/_/_/package/dd3c9e0dd79522c7df25a63d555c80dfef332d06/lib:/home/cczh/.conan/data/osqp/0.6.3/_/_/package/1748639999ed79b998e4fe4a6d292ed8e874736a/lib:/home/cczh/.conan/data/libunwind/1.8.0/_/_/package/44dff75f9514a6928d83190fa78afc0f88280907/lib:/home/cczh/.conan/data/opencv/3.4.20/_/_/package/22e99dec1e5cf5a835d80dc4ed64921c56b5a87f/lib:/home/cczh/.conan/data/jasper/4.0.0/_/_/package/517901d833a9a267b710e05c0be8108be37fdec6/lib:/home/cczh/.conan/data/openexr/2.5.7/_/_/package/cc324b705b000062cf52a757993f8a02d932c921/lib:/home/cczh/.conan/data/libdeflate/1.19/_/_/package/1748639999ed79b998e4fe4a6d292ed8e874736a/lib:/home/cczh/.conan/data/libwebp/1.3.2/_/_/package/de93e367baf5165f0369b97e6227d4c8b789217d/lib', 'HOME': '/home/cczh', 'CHROME_DESKTOP': 'cursor.desktop', 'OLDPWD': '/home/cczh/temp-code/ground_truth_sim', 'DESKTOP_SESSION': 'ubuntu', 'VSCODE_IPC_HOOK': '/run/user/1000/vscode-66a8685d-3.5.-main.sock', 'GIO_LAUNCHED_DESKTOP_FILE': '/usr/share/applications/cursor.desktop', 'ROS_PYTHON_VERSION': '3', 'GNOME_SHELL_SESSION_MODE': 'ubuntu', 'GTK_MODULES': 'gail:atk-bridge', 'LC_MONETARY': 'mn_MN', 'CURSOR_WORKSPACE_LABEL': 'ground_truth_sim', 'MANAGERPID': '2409', 'SYSTEMD_EXEC_PID': '2906', 'NO_COLOR': '1', 'DBUS_SESSION_BUS_ADDRESS': 'unix:path=/run/user/1000/bus', 'GIO_LAUNCHED_DESKTOP_FILE_PID': '471602', 'VSCODE_CRASH_REPORTER_PROCESS_TYPE': 'extensionHost', 'MANDATORY_PATH': '/usr/share/gconf/ubuntu.mandatory.path', 'COLCON_PREFIX_PATH': '/home/cczh/temp-code/ground_truth_sim/install', 'ROS_DISTRO': 'humble', 'GTK_IM_MODULE': 'fcitx', 'LOGNAME': 'cczh', 'FORCE_COLOR': '0', 'JOURNAL_STREAM': '8:11495', '_': '/usr/bin/colcon', 'ROS_VERSION': '2', 'CURSOR_LAYOUT': 'unifiedAgent', 'XDG_SESSION_CLASS': 'user', 'DEFAULTS_PATH': '/usr/share/gconf/ubuntu.default.path', 'USERNAME': 'cczh', 'TERM': 'dumb', 'GNOME_DESKTOP_SESSION_ID': 'this-is-deprecated', 'FC_FONTATIONS': '1', 'ROS_LOCALHOST_ONLY': '0', 'WINDOWPATH': '2', 'PATH': '/home/cczh/USV_ROS/src/usv_simulation/third_party/ardupilot/Tools/autotest:/usr/lib/ccache:/home/cczh/ardupilot/Tools/autotest:/opt/gcc-arm-none-eabi-10-2020-q4-major/bin:/home/cczh/.local/bin:/usr/local/cuda-12.4/bin:/usr/share/cursor/resources/app/resources/helpers:/home/cczh/USV_ROS/src/usv_simulation/third_party/ardupilot/Tools/autotest:/usr/lib/ccache:/home/cczh/ardupilot/Tools/autotest:/opt/gcc-arm-none-eabi-10-2020-q4-major/bin:/home/cczh/.local/bin:/usr/local/cuda-12.4/bin:/opt/ros/humble/bin:/home/cczh/USV_ROS/src/usv_simulation/third_party/ardupilot/Tools/autotest:/usr/lib/ccache:/home/cczh/ardupilot/Tools/autotest:/opt/gcc-arm-none-eabi-10-2020-q4-major/bin:/home/cczh/.local/bin:/usr/local/sbin:/usr/local/bin:/usr/sbin:/usr/bin:/sbin:/bin:/usr/games:/usr/local/games:/snap/bin:/snap/bin', 'SESSION_MANAGER': 'local/cczh-MS-7D25:@/tmp/.ICE-unix/2878,unix/cczh-MS-7D25:/tmp/.ICE-unix/2878', 'INVOCATION_ID': '9da77a68e811474298cb9925a175f33b', 'XDG_MENU_PREFIX': 'gnome-', 'LC_ADDRESS': 'mn_MN', 'VSCODE_PROCESS_TITLE': 'extension-host (agent-exec) ground_truth_sim [3-30]', 'XDG_RUNTIME_DIR': '/run/user/1000', 'GDK_BACKEND': 'x11', 'CURSOR_AGENT': '1', 'DISPLAY': ':1', 'LANG': 'en_US.UTF-8', 'XDG_CURRENT_DESKTOP': 'ubuntu:GNOME', 'LC_TELEPHONE': 'mn_MN', 'XMODIFIERS': '@im=fcitx', 'XDG_SESSION_DESKTOP': 'ubuntu', 'XAUTHORITY': '/run/user/1000/gdm/Xauthority', 'LS_COLORS': '', 'SSH_AGENT_LAUNCHER': 'gnome-keyring', 'SSH_AUTH_SOCK': '/run/user/1000/keyring/ssh', 'AMENT_PREFIX_PATH': '/home/cczh/temp-code/ground_truth_sim/install/ground_truth_sim:/home/cczh/temp-code/ground_truth_sim/install/usv_event_fusion:/home/cczh/temp-code/ground_truth_sim/install/percision_sim:/home/cczh/temp-code/ground_truth_sim/install/usv_interfaces:/opt/ros/humble', 'SHELL': '/bin/bash', 'LC_NAME': 'mn_MN', 'QT_ACCESSIBILITY': '1', 'GDMSESSION': 'ubuntu', 'LESSCLOSE': '/usr/bin/lesspipe %s %s', 'LC_MEASUREMENT': 'mn_MN', 'GPG_AGENT_INFO': '/run/user/1000/gnupg/S.gpg-agent:0:1', 'GJS_DEBUG_OUTPUT': 'stderr', 'LC_IDENTIFICATION': 'mn_MN', 'GZ_VERSION': 'Harmonic', 'QT_IM_MODULE': 'fcitx', 'PWD': '/home/cczh/temp-code/ground_truth_sim/build/usv_fusion', 'XDG_CONFIG_DIRS': '/etc/xdg/xdg-ubuntu:/etc/xdg', 'VSCODE_CODE_CACHE_PATH': '/home/cczh/.config/Cursor/CachedData/aac81804b986d739acab348ed96b8bea6e83cc50', 'CLUTTER_IM_MODULE': 'xim', 'XDG_DATA_DIRS': '/usr/share/ubuntu:/usr/share/gnome:/usr/local/share/:/usr/share/:/var/lib/snapd/desktop', 'PYTHONPATH': '/home/cczh/temp-code/ground_truth_sim/build/usv_fusion/prefix_override:/usr/lib/python3/dist-packages/colcon_core/task/python/colcon_distutils_commands:/home/cczh/temp-code/ground_truth_sim/install/usv_fusion/lib/python3.10/site-packages:/home/cczh/temp-code/ground_truth_sim/install/ground_truth_sim/lib/python3.10/site-packages:/home/cczh/temp-code/ground_truth_sim/install/usv_event_fusion/lib/python3.10/site-packages:/home/cczh/temp-code/ground_truth_sim/install/percision_sim/lib/python3.10/site-packages:/home/cczh/temp-code/ground_truth_sim/install/usv_interfaces/local/lib/python3.10/dist-packages:/opt/ros/humble/lib/python3.10/site-packages:/opt/ros/humble/local/lib/python3.10/dist-packages', 'HTTP_PROXY': 'http://127.0.0.1:7897', 'LC_NUMERIC': 'mn_MN', 'LC_PAPER': 'mn_MN', 'COLCON': '1', '_ZO_DOCTOR': '0', 'CMAKE_PREFIX_PATH': '/home/cczh/temp-code/ground_truth_sim/install/usv_interfaces', 'VSCODE_PID': '471602'}, 'shell': False}
[0.400289] (-) TimerEvent: {}
[0.485126] (usv_fusion) StdoutLine: {'line': b'running egg_info\n'}
[0.485254] (usv_fusion) StdoutLine: {'line': b'creating ../../build/usv_fusion/usv_fusion.egg-info\n'}
[0.491622] (usv_fusion) StdoutLine: {'line': b'writing ../../build/usv_fusion/usv_fusion.egg-info/PKG-INFO\n'}
[0.491864] (usv_fusion) StdoutLine: {'line': b'writing dependency_links to ../../build/usv_fusion/usv_fusion.egg-info/dependency_links.txt\n'}
[0.491924] (usv_fusion) StdoutLine: {'line': b'writing entry points to ../../build/usv_fusion/usv_fusion.egg-info/entry_points.txt\n'}
[0.491991] (usv_fusion) StdoutLine: {'line': b'writing requirements to ../../build/usv_fusion/usv_fusion.egg-info/requires.txt\n'}
[0.492042] (usv_fusion) StdoutLine: {'line': b'writing top-level names to ../../build/usv_fusion/usv_fusion.egg-info/top_level.txt\n'}
[0.492066] (usv_fusion) StdoutLine: {'line': b"writing manifest file '../../build/usv_fusion/usv_fusion.egg-info/SOURCES.txt'\n"}
[0.500344] (-) TimerEvent: {}
[0.505943] (usv_fusion) StdoutLine: {'line': b"reading manifest file '../../build/usv_fusion/usv_fusion.egg-info/SOURCES.txt'\n"}
[0.506329] (usv_fusion) StdoutLine: {'line': b"writing manifest file '../../build/usv_fusion/usv_fusion.egg-info/SOURCES.txt'\n"}
[0.506391] (usv_fusion) StdoutLine: {'line': b'running build\n'}
[0.506416] (usv_fusion) StdoutLine: {'line': b'running build_py\n'}
[0.506457] (usv_fusion) StdoutLine: {'line': b'creating /home/cczh/temp-code/ground_truth_sim/build/usv_fusion/build\n'}
[0.506500] (usv_fusion) StdoutLine: {'line': b'creating /home/cczh/temp-code/ground_truth_sim/build/usv_fusion/build/lib\n'}
[0.506554] (usv_fusion) StdoutLine: {'line': b'creating /home/cczh/temp-code/ground_truth_sim/build/usv_fusion/build/lib/usv_fusion\n'}
[0.506577] (usv_fusion) StdoutLine: {'line': b'copying usv_fusion/__init__.py -> /home/cczh/temp-code/ground_truth_sim/build/usv_fusion/build/lib/usv_fusion\n'}
[0.506618] (usv_fusion) StdoutLine: {'line': b'copying usv_fusion/association_fusion.py -> /home/cczh/temp-code/ground_truth_sim/build/usv_fusion/build/lib/usv_fusion\n'}
[0.506659] (usv_fusion) StdoutLine: {'line': b'copying usv_fusion/sensor_fusion_node.py -> /home/cczh/temp-code/ground_truth_sim/build/usv_fusion/build/lib/usv_fusion\n'}
[0.506708] (usv_fusion) StdoutLine: {'line': b'copying usv_fusion/vision_cluster.py -> /home/cczh/temp-code/ground_truth_sim/build/usv_fusion/build/lib/usv_fusion\n'}
[0.506747] (usv_fusion) StdoutLine: {'line': b'copying usv_fusion/history_io.py -> /home/cczh/temp-code/ground_truth_sim/build/usv_fusion/build/lib/usv_fusion\n'}
[0.506858] (usv_fusion) StdoutLine: {'line': b'running install\n'}
[0.509396] (usv_fusion) StdoutLine: {'line': b'running install_lib\n'}
[0.516324] (usv_fusion) StdoutLine: {'line': b'creating /home/cczh/temp-code/ground_truth_sim/install/usv_fusion/lib/python3.10/site-packages/usv_fusion\n'}
[0.516372] (usv_fusion) StdoutLine: {'line': b'copying /home/cczh/temp-code/ground_truth_sim/build/usv_fusion/build/lib/usv_fusion/__init__.py -> /home/cczh/temp-code/ground_truth_sim/install/usv_fusion/lib/python3.10/site-packages/usv_fusion\n'}
[0.516423] (usv_fusion) StdoutLine: {'line': b'copying /home/cczh/temp-code/ground_truth_sim/build/usv_fusion/build/lib/usv_fusion/association_fusion.py -> /home/cczh/temp-code/ground_truth_sim/install/usv_fusion/lib/python3.10/site-packages/usv_fusion\n'}
[0.516474] (usv_fusion) StdoutLine: {'line': b'copying /home/cczh/temp-code/ground_truth_sim/build/usv_fusion/build/lib/usv_fusion/sensor_fusion_node.py -> /home/cczh/temp-code/ground_truth_sim/install/usv_fusion/lib/python3.10/site-packages/usv_fusion\n'}
[0.516548] (usv_fusion) StdoutLine: {'line': b'copying /home/cczh/temp-code/ground_truth_sim/build/usv_fusion/build/lib/usv_fusion/vision_cluster.py -> /home/cczh/temp-code/ground_truth_sim/install/usv_fusion/lib/python3.10/site-packages/usv_fusion\n'}
[0.516590] (usv_fusion) StdoutLine: {'line': b'copying /home/cczh/temp-code/ground_truth_sim/build/usv_fusion/build/lib/usv_fusion/history_io.py -> /home/cczh/temp-code/ground_truth_sim/install/usv_fusion/lib/python3.10/site-packages/usv_fusion\n'}
[0.516827] (usv_fusion) StdoutLine: {'line': b'byte-compiling /home/cczh/temp-code/ground_truth_sim/install/usv_fusion/lib/python3.10/site-packages/usv_fusion/__init__.py to __init__.cpython-310.pyc\n'}
[0.516939] (usv_fusion) StdoutLine: {'line': b'byte-compiling /home/cczh/temp-code/ground_truth_sim/install/usv_fusion/lib/python3.10/site-packages/usv_fusion/association_fusion.py to association_fusion.cpython-310.pyc\n'}
[0.518775] (usv_fusion) StdoutLine: {'line': b'byte-compiling /home/cczh/temp-code/ground_truth_sim/install/usv_fusion/lib/python3.10/site-packages/usv_fusion/sensor_fusion_node.py to sensor_fusion_node.cpython-310.pyc\n'}
[0.520720] (usv_fusion) StdoutLine: {'line': b'byte-compiling /home/cczh/temp-code/ground_truth_sim/install/usv_fusion/lib/python3.10/site-packages/usv_fusion/vision_cluster.py to vision_cluster.cpython-310.pyc\n'}
[0.521121] (usv_fusion) StdoutLine: {'line': b'byte-compiling /home/cczh/temp-code/ground_truth_sim/install/usv_fusion/lib/python3.10/site-packages/usv_fusion/history_io.py to history_io.cpython-310.pyc\n'}
[0.521409] (usv_fusion) StdoutLine: {'line': b'running install_data\n'}
[0.521490] (usv_fusion) StdoutLine: {'line': b'creating /home/cczh/temp-code/ground_truth_sim/install/usv_fusion/share/ament_index\n'}
[0.521603] (usv_fusion) StdoutLine: {'line': b'creating /home/cczh/temp-code/ground_truth_sim/install/usv_fusion/share/ament_index/resource_index\n'}
[0.521702] (usv_fusion) StdoutLine: {'line': b'creating /home/cczh/temp-code/ground_truth_sim/install/usv_fusion/share/ament_index/resource_index/packages\n'}
[0.521781] (usv_fusion) StdoutLine: {'line': b'copying resource/usv_fusion -> /home/cczh/temp-code/ground_truth_sim/install/usv_fusion/share/ament_index/resource_index/packages\n'}
[0.521846] (usv_fusion) StdoutLine: {'line': b'copying package.xml -> /home/cczh/temp-code/ground_truth_sim/install/usv_fusion/share/usv_fusion\n'}
[0.521897] (usv_fusion) StdoutLine: {'line': b'copying README.md -> /home/cczh/temp-code/ground_truth_sim/install/usv_fusion/share/usv_fusion\n'}
[0.521956] (usv_fusion) StdoutLine: {'line': b'creating /home/cczh/temp-code/ground_truth_sim/install/usv_fusion/share/usv_fusion/config\n'}
[0.522005] (usv_fusion) StdoutLine: {'line': b'copying config/fusion_params.yaml -> /home/cczh/temp-code/ground_truth_sim/install/usv_fusion/share/usv_fusion/config\n'}
[0.522080] (usv_fusion) StdoutLine: {'line': b'creating /home/cczh/temp-code/ground_truth_sim/install/usv_fusion/share/usv_fusion/launch\n'}
[0.522128] (usv_fusion) StdoutLine: {'line': b'copying launch/fusion.launch.py -> /home/cczh/temp-code/ground_truth_sim/install/usv_fusion/share/usv_fusion/launch\n'}
[0.522154] (usv_fusion) StdoutLine: {'line': b'running install_egg_info\n'}
[0.529575] (usv_fusion) StdoutLine: {'line': b'Copying ../../build/usv_fusion/usv_fusion.egg-info to /home/cczh/temp-code/ground_truth_sim/install/usv_fusion/lib/python3.10/site-packages/usv_fusion-0.1.0-py3.10.egg-info\n'}
[0.529831] (usv_fusion) StdoutLine: {'line': b'running install_scripts\n'}
[0.588719] (usv_fusion) StdoutLine: {'line': b'Installing sensor_fusion_node script to /home/cczh/temp-code/ground_truth_sim/install/usv_fusion/lib/usv_fusion\n'}
[0.588851] (usv_fusion) StdoutLine: {'line': b"writing list of installed files to '/home/cczh/temp-code/ground_truth_sim/build/usv_fusion/install.log'\n"}
[0.600428] (-) TimerEvent: {}
[0.600766] (usv_fusion) CommandEnded: {'returncode': 0}
[0.607660] (usv_fusion) JobEnded: {'identifier': 'usv_fusion', 'rc': 0}
[0.607928] (-) EventReactorShutdown: {}
