/home/cczh/temp-code/ground_truth_sim/install/usv_fusion_new/lib/python3.10/site-packages/usv_fusion_new/local_fusion_node.py
/home/cczh/temp-code/ground_truth_sim/install/usv_fusion_new/lib/python3.10/site-packages/usv_fusion_new/tracker.py
/home/cczh/temp-code/ground_truth_sim/install/usv_fusion_new/lib/python3.10/site-packages/usv_fusion_new/global_fusion_node.py
/home/cczh/temp-code/ground_truth_sim/install/usv_fusion_new/lib/python3.10/site-packages/usv_fusion_new/global_tracker.py
/home/cczh/temp-code/ground_truth_sim/install/usv_fusion_new/lib/python3.10/site-packages/usv_fusion_new/__init__.py
/home/cczh/temp-code/ground_truth_sim/install/usv_fusion_new/lib/python3.10/site-packages/usv_fusion_new/global_viz_node.py
/home/cczh/temp-code/ground_truth_sim/install/usv_fusion_new/lib/python3.10/site-packages/usv_fusion_new/__pycache__/local_fusion_node.cpython-310.pyc
/home/cczh/temp-code/ground_truth_sim/install/usv_fusion_new/lib/python3.10/site-packages/usv_fusion_new/__pycache__/tracker.cpython-310.pyc
/home/cczh/temp-code/ground_truth_sim/install/usv_fusion_new/lib/python3.10/site-packages/usv_fusion_new/__pycache__/global_fusion_node.cpython-310.pyc
/home/cczh/temp-code/ground_truth_sim/install/usv_fusion_new/lib/python3.10/site-packages/usv_fusion_new/__pycache__/global_tracker.cpython-310.pyc
/home/cczh/temp-code/ground_truth_sim/install/usv_fusion_new/lib/python3.10/site-packages/usv_fusion_new/__pycache__/__init__.cpython-310.pyc
/home/cczh/temp-code/ground_truth_sim/install/usv_fusion_new/lib/python3.10/site-packages/usv_fusion_new/__pycache__/global_viz_node.cpython-310.pyc
/home/cczh/temp-code/ground_truth_sim/install/usv_fusion_new/share/ament_index/resource_index/packages/usv_fusion_new
/home/cczh/temp-code/ground_truth_sim/install/usv_fusion_new/share/usv_fusion_new/package.xml
/home/cczh/temp-code/ground_truth_sim/install/usv_fusion_new/share/usv_fusion_new/launch/fusion_system.launch.py
/home/cczh/temp-code/ground_truth_sim/install/usv_fusion_new/share/usv_fusion_new/rviz/fusion_view.rviz
/home/cczh/temp-code/ground_truth_sim/install/usv_fusion_new/lib/python3.10/site-packages/usv_fusion_new-0.0.0-py3.10.egg-info/PKG-INFO
/home/cczh/temp-code/ground_truth_sim/install/usv_fusion_new/lib/python3.10/site-packages/usv_fusion_new-0.0.0-py3.10.egg-info/zip-safe
/home/cczh/temp-code/ground_truth_sim/install/usv_fusion_new/lib/python3.10/site-packages/usv_fusion_new-0.0.0-py3.10.egg-info/dependency_links.txt
/home/cczh/temp-code/ground_truth_sim/install/usv_fusion_new/lib/python3.10/site-packages/usv_fusion_new-0.0.0-py3.10.egg-info/entry_points.txt
/home/cczh/temp-code/ground_truth_sim/install/usv_fusion_new/lib/python3.10/site-packages/usv_fusion_new-0.0.0-py3.10.egg-info/requires.txt
/home/cczh/temp-code/ground_truth_sim/install/usv_fusion_new/lib/python3.10/site-packages/usv_fusion_new-0.0.0-py3.10.egg-info/top_level.txt
/home/cczh/temp-code/ground_truth_sim/install/usv_fusion_new/lib/python3.10/site-packages/usv_fusion_new-0.0.0-py3.10.egg-info/SOURCES.txt
/home/cczh/temp-code/ground_truth_sim/install/usv_fusion_new/lib/usv_fusion_new/global_fusion_node
/home/cczh/temp-code/ground_truth_sim/install/usv_fusion_new/lib/usv_fusion_new/global_viz_node
/home/cczh/temp-code/ground_truth_sim/install/usv_fusion_new/lib/usv_fusion_new/local_fusion_node
