running develop
running egg_info
writing manifest file '../../build/ground_truth_sim/ground_truth_sim.egg-info/SOURCES.txt'
running build
running build_py
creating /home/cczh/temp-code/ground_truth_sim/build/ground_truth_sim/build
creating /home/cczh/temp-code/ground_truth_sim/build/ground_truth_sim/build/lib
creating /home/cczh/temp-code/ground_truth_sim/build/ground_truth_sim/build/lib/ground_truth_sim
copying ground_truth_sim/__init__.py -> /home/cczh/temp-code/ground_truth_sim/build/ground_truth_sim/build/lib/ground_truth_sim
copying ground_truth_sim/ground_truth_node.py -> /home/cczh/temp-code/ground_truth_sim/build/ground_truth_sim/build/lib/ground_truth_sim
copying ground_truth_sim/static_tf_broadcaster.py -> /home/cczh/temp-code/ground_truth_sim/build/ground_truth_sim/build/lib/ground_truth_sim
running install
running install_lib
creating /home/cczh/temp-code/ground_truth_sim/install/ground_truth_sim/lib/python3.10/site-packages/ground_truth_sim
copying /home/cczh/temp-code/ground_truth_sim/build/ground_truth_sim/build/lib/ground_truth_sim/__init__.py -> /home/cczh/temp-code/ground_truth_sim/install/ground_truth_sim/lib/python3.10/site-packages/ground_truth_sim
copying /home/cczh/temp-code/ground_truth_sim/build/ground_truth_sim/build/lib/ground_truth_sim/ground_truth_node.py -> /home/cczh/temp-code/ground_truth_sim/install/ground_truth_sim/lib/python3.10/site-packages/ground_truth_sim
copying /home/cczh/temp-code/ground_truth_sim/build/ground_truth_sim/build/lib/ground_truth_sim/static_tf_broadcaster.py -> /home/cczh/temp-code/ground_truth_sim/install/ground_truth_sim/lib/python3.10/site-packages/ground_truth_sim
byte-compiling /home/cczh/temp-code/ground_truth_sim/install/ground_truth_sim/lib/python3.10/site-packages/ground_truth_sim/__init__.py to __init__.cpython-310.pyc
byte-compiling /home/cczh/temp-code/ground_truth_sim/install/ground_truth_sim/lib/python3.10/site-packages/ground_truth_sim/ground_truth_node.py to ground_truth_node.cpython-310.pyc
byte-compiling /home/cczh/temp-code/ground_truth_sim/install/ground_truth_sim/lib/python3.10/site-packages/ground_truth_sim/static_tf_broadcaster.py to static_tf_broadcaster.cpython-310.pyc
running install_data
copying resource/ground_truth_sim -> /home/cczh/temp-code/ground_truth_sim/install/ground_truth_sim/share/ament_index/resource_index/packages
copying package.xml -> /home/cczh/temp-code/ground_truth_sim/install/ground_truth_sim/share/ground_truth_sim
copying rviz/ground_truth_view.rviz -> /home/cczh/temp-code/ground_truth_sim/install/ground_truth_sim/share/ground_truth_sim/rviz
copying launch/ground_truth_sim.launch.py -> /home/cczh/temp-code/ground_truth_sim/install/ground_truth_sim/share/ground_truth_sim/launch
copying config/ground_truth_params.yaml -> /home/cczh/temp-code/ground_truth_sim/install/ground_truth_sim/share/ground_truth_sim/config
running install_egg_info
Copying ../../build/ground_truth_sim/ground_truth_sim.egg-info to /home/cczh/temp-code/ground_truth_sim/install/ground_truth_sim/lib/python3.10/site-packages/ground_truth_sim-0.1.0-py3.10.egg-info
running install_scripts
writing list of installed files to '/home/cczh/temp-code/ground_truth_sim/build/ground_truth_sim/install.log'
