running egg_info
creating ../../build/usv_event_fusion/usv_event_fusion.egg-info
writing ../../build/usv_event_fusion/usv_event_fusion.egg-info/PKG-INFO
writing dependency_links to ../../build/usv_event_fusion/usv_event_fusion.egg-info/dependency_links.txt
writing entry points to ../../build/usv_event_fusion/usv_event_fusion.egg-info/entry_points.txt
writing requirements to ../../build/usv_event_fusion/usv_event_fusion.egg-info/requires.txt
writing top-level names to ../../build/usv_event_fusion/usv_event_fusion.egg-info/top_level.txt
writing manifest file '../../build/usv_event_fusion/usv_event_fusion.egg-info/SOURCES.txt'
reading manifest file '../../build/usv_event_fusion/usv_event_fusion.egg-info/SOURCES.txt'
writing manifest file '../../build/usv_event_fusion/usv_event_fusion.egg-info/SOURCES.txt'
running build
running build_py
creating /home/cczh/temp-code/ground_truth_sim/build/usv_event_fusion/build
creating /home/cczh/temp-code/ground_truth_sim/build/usv_event_fusion/build/lib
creating /home/cczh/temp-code/ground_truth_sim/build/usv_event_fusion/build/lib/usv_event_fusion
copying usv_event_fusion/__init__.py -> /home/cczh/temp-code/ground_truth_sim/build/usv_event_fusion/build/lib/usv_event_fusion
copying usv_event_fusion/association_contract.py -> /home/cczh/temp-code/ground_truth_sim/build/usv_event_fusion/build/lib/usv_event_fusion
copying usv_event_fusion/motion_model.py -> /home/cczh/temp-code/ground_truth_sim/build/usv_event_fusion/build/lib/usv_event_fusion
copying usv_event_fusion/filters.py -> /home/cczh/temp-code/ground_truth_sim/build/usv_event_fusion/build/lib/usv_event_fusion
copying usv_event_fusion/sensor_models.py -> /home/cczh/temp-code/ground_truth_sim/build/usv_event_fusion/build/lib/usv_event_fusion
copying usv_event_fusion/track_state.py -> /home/cczh/temp-code/ground_truth_sim/build/usv_event_fusion/build/lib/usv_event_fusion
copying usv_event_fusion/association.py -> /home/cczh/temp-code/ground_truth_sim/build/usv_event_fusion/build/lib/usv_event_fusion
copying usv_event_fusion/fusion_engine.py -> /home/cczh/temp-code/ground_truth_sim/build/usv_event_fusion/build/lib/usv_event_fusion
copying usv_event_fusion/event_fusion_node.py -> /home/cczh/temp-code/ground_truth_sim/build/usv_event_fusion/build/lib/usv_event_fusion
copying usv_event_fusion/jpda.py -> /home/cczh/temp-code/ground_truth_sim/build/usv_event_fusion/build/lib/usv_event_fusion
copying usv_event_fusion/association_metrics.py -> /home/cczh/temp-code/ground_truth_sim/build/usv_event_fusion/build/lib/usv_event_fusion
copying usv_event_fusion/fusion_diagnostics.py -> /home/cczh/temp-code/ground_truth_sim/build/usv_event_fusion/build/lib/usv_event_fusion
running install
running install_lib
creating /home/cczh/temp-code/ground_truth_sim/install/usv_event_fusion/lib/python3.10/site-packages/usv_event_fusion
copying /home/cczh/temp-code/ground_truth_sim/build/usv_event_fusion/build/lib/usv_event_fusion/__init__.py -> /home/cczh/temp-code/ground_truth_sim/install/usv_event_fusion/lib/python3.10/site-packages/usv_event_fusion
copying /home/cczh/temp-code/ground_truth_sim/build/usv_event_fusion/build/lib/usv_event_fusion/association_contract.py -> /home/cczh/temp-code/ground_truth_sim/install/usv_event_fusion/lib/python3.10/site-packages/usv_event_fusion
copying /home/cczh/temp-code/ground_truth_sim/build/usv_event_fusion/build/lib/usv_event_fusion/motion_model.py -> /home/cczh/temp-code/ground_truth_sim/install/usv_event_fusion/lib/python3.10/site-packages/usv_event_fusion
copying /home/cczh/temp-code/ground_truth_sim/build/usv_event_fusion/build/lib/usv_event_fusion/filters.py -> /home/cczh/temp-code/ground_truth_sim/install/usv_event_fusion/lib/python3.10/site-packages/usv_event_fusion
copying /home/cczh/temp-code/ground_truth_sim/build/usv_event_fusion/build/lib/usv_event_fusion/sensor_models.py -> /home/cczh/temp-code/ground_truth_sim/install/usv_event_fusion/lib/python3.10/site-packages/usv_event_fusion
copying /home/cczh/temp-code/ground_truth_sim/build/usv_event_fusion/build/lib/usv_event_fusion/track_state.py -> /home/cczh/temp-code/ground_truth_sim/install/usv_event_fusion/lib/python3.10/site-packages/usv_event_fusion
copying /home/cczh/temp-code/ground_truth_sim/build/usv_event_fusion/build/lib/usv_event_fusion/association.py -> /home/cczh/temp-code/ground_truth_sim/install/usv_event_fusion/lib/python3.10/site-packages/usv_event_fusion
copying /home/cczh/temp-code/ground_truth_sim/build/usv_event_fusion/build/lib/usv_event_fusion/fusion_engine.py -> /home/cczh/temp-code/ground_truth_sim/install/usv_event_fusion/lib/python3.10/site-packages/usv_event_fusion
copying /home/cczh/temp-code/ground_truth_sim/build/usv_event_fusion/build/lib/usv_event_fusion/event_fusion_node.py -> /home/cczh/temp-code/ground_truth_sim/install/usv_event_fusion/lib/python3.10/site-packages/usv_event_fusion
copying /home/cczh/temp-code/ground_truth_sim/build/usv_event_fusion/build/lib/usv_event_fusion/jpda.py -> /home/cczh/temp-code/ground_truth_sim/install/usv_event_fusion/lib/python3.10/site-packages/usv_event_fusion
copying /home/cczh/temp-code/ground_truth_sim/build/usv_event_fusion/build/lib/usv_event_fusion/association_metrics.py -> /home/cczh/temp-code/ground_truth_sim/install/usv_event_fusion/lib/python3.10/site-packages/usv_event_fusion
copying /home/cczh/temp-code/ground_truth_sim/build/usv_event_fusion/build/lib/usv_event_fusion/fusion_diagnostics.py -> /home/cczh/temp-code/ground_truth_sim/install/usv_event_fusion/lib/python3.10/site-packages/usv_event_fusion
byte-compiling /home/cczh/temp-code/ground_truth_sim/install/usv_event_fusion/lib/python3.10/site-packages/usv_event_fusion/__init__.py to __init__.cpython-310.pyc
byte-compiling /home/cczh/temp-code/ground_truth_sim/install/usv_event_fusion/lib/python3.10/site-packages/usv_event_fusion/association_contract.py to association_contract.cpython-310.pyc
byte-compiling /home/cczh/temp-code/ground_truth_sim/install/usv_event_fusion/lib/python3.10/site-packages/usv_event_fusion/motion_model.py to motion_model.cpython-310.pyc
byte-compiling /home/cczh/temp-code/ground_truth_sim/install/usv_event_fusion/lib/python3.10/site-packages/usv_event_fusion/filters.py to filters.cpython-310.pyc
byte-compiling /home/cczh/temp-code/ground_truth_sim/install/usv_event_fusion/lib/python3.10/site-packages/usv_event_fusion/sensor_models.py to sensor_models.cpython-310.pyc
byte-compiling /home/cczh/temp-code/ground_truth_sim/install/usv_event_fusion/lib/python3.10/site-packages/usv_event_fusion/track_state.py to track_state.cpython-310.pyc
byte-compiling /home/cczh/temp-code/ground_truth_sim/install/usv_event_fusion/lib/python3.10/site-packages/usv_event_fusion/association.py to association.cpython-310.pyc
byte-compiling /home/cczh/temp-code/ground_truth_sim/install/usv_event_fusion/lib/python3.10/site-packages/usv_event_fusion/fusion_engine.py to fusion_engine.cpython-310.pyc
byte-compiling /home/cczh/temp-code/ground_truth_sim/install/usv_event_fusion/lib/python3.10/site-packages/usv_event_fusion/event_fusion_node.py to event_fusion_node.cpython-310.pyc
byte-compiling /home/cczh/temp-code/ground_truth_sim/install/usv_event_fusion/lib/python3.10/site-packages/usv_event_fusion/jpda.py to jpda.cpython-310.pyc
byte-compiling /home/cczh/temp-code/ground_truth_sim/install/usv_event_fusion/lib/python3.10/site-packages/usv_event_fusion/association_metrics.py to association_metrics.cpython-310.pyc
byte-compiling /home/cczh/temp-code/ground_truth_sim/install/usv_event_fusion/lib/python3.10/site-packages/usv_event_fusion/fusion_diagnostics.py to fusion_diagnostics.cpython-310.pyc
running install_data
creating /home/cczh/temp-code/ground_truth_sim/install/usv_event_fusion/share/ament_index
creating /home/cczh/temp-code/ground_truth_sim/install/usv_event_fusion/share/ament_index/resource_index
creating /home/cczh/temp-code/ground_truth_sim/install/usv_event_fusion/share/ament_index/resource_index/packages
copying resource/usv_event_fusion -> /home/cczh/temp-code/ground_truth_sim/install/usv_event_fusion/share/ament_index/resource_index/packages
copying package.xml -> /home/cczh/temp-code/ground_truth_sim/install/usv_event_fusion/share/usv_event_fusion
copying README.md -> /home/cczh/temp-code/ground_truth_sim/install/usv_event_fusion/share/usv_event_fusion
creating /home/cczh/temp-code/ground_truth_sim/install/usv_event_fusion/share/usv_event_fusion/docs
copying docs/usv_event_fusion_algorithm_reference.md -> /home/cczh/temp-code/ground_truth_sim/install/usv_event_fusion/share/usv_event_fusion/docs
creating /home/cczh/temp-code/ground_truth_sim/install/usv_event_fusion/share/usv_event_fusion/config
copying config/event_fusion_io.yaml -> /home/cczh/temp-code/ground_truth_sim/install/usv_event_fusion/share/usv_event_fusion/config
copying config/event_fusion_algorithm.yaml -> /home/cczh/temp-code/ground_truth_sim/install/usv_event_fusion/share/usv_event_fusion/config
copying config/event_fusion_params.yaml -> /home/cczh/temp-code/ground_truth_sim/install/usv_event_fusion/share/usv_event_fusion/config
creating /home/cczh/temp-code/ground_truth_sim/install/usv_event_fusion/share/usv_event_fusion/launch
copying launch/event_fusion.launch.py -> /home/cczh/temp-code/ground_truth_sim/install/usv_event_fusion/share/usv_event_fusion/launch
running install_egg_info
Copying ../../build/usv_event_fusion/usv_event_fusion.egg-info to /home/cczh/temp-code/ground_truth_sim/install/usv_event_fusion/lib/python3.10/site-packages/usv_event_fusion-0.1.0-py3.10.egg-info
running install_scripts
Installing event_fusion_node script to /home/cczh/temp-code/ground_truth_sim/install/usv_event_fusion/lib/usv_event_fusion
writing list of installed files to '/home/cczh/temp-code/ground_truth_sim/build/usv_event_fusion/install.log'
