[0.465s] Invoking command in '/home/cczh/temp-code/ground_truth_sim/src/usv_event_fusion': PYTHONPATH=/home/cczh/temp-code/ground_truth_sim/build/usv_event_fusion/prefix_override:/usr/lib/python3/dist-packages/colcon_core/task/python/colcon_distutils_commands:/home/cczh/temp-code/ground_truth_sim/install/usv_event_fusion/lib/python3.10/site-packages:${PYTHONPATH} /usr/bin/python3 -W ignore:setup.py install is deprecated -W ignore:easy_install command is deprecated setup.py egg_info --egg-base ../../build/usv_event_fusion build --build-base /home/cczh/temp-code/ground_truth_sim/build/usv_event_fusion/build install --record /home/cczh/temp-code/ground_truth_sim/build/usv_event_fusion/install.log --single-version-externally-managed install_data
[0.572s] running egg_info
[0.572s] creating ../../build/usv_event_fusion/usv_event_fusion.egg-info
[0.579s] writing ../../build/usv_event_fusion/usv_event_fusion.egg-info/PKG-INFO
[0.579s] writing dependency_links to ../../build/usv_event_fusion/usv_event_fusion.egg-info/dependency_links.txt
[0.579s] writing entry points to ../../build/usv_event_fusion/usv_event_fusion.egg-info/entry_points.txt
[0.579s] writing requirements to ../../build/usv_event_fusion/usv_event_fusion.egg-info/requires.txt
[0.579s] writing top-level names to ../../build/usv_event_fusion/usv_event_fusion.egg-info/top_level.txt
[0.579s] writing manifest file '../../build/usv_event_fusion/usv_event_fusion.egg-info/SOURCES.txt'
[0.593s] reading manifest file '../../build/usv_event_fusion/usv_event_fusion.egg-info/SOURCES.txt'
[0.593s] writing manifest file '../../build/usv_event_fusion/usv_event_fusion.egg-info/SOURCES.txt'
[0.593s] running build
[0.593s] running build_py
[0.593s] creating /home/cczh/temp-code/ground_truth_sim/build/usv_event_fusion/build
[0.593s] creating /home/cczh/temp-code/ground_truth_sim/build/usv_event_fusion/build/lib
[0.593s] creating /home/cczh/temp-code/ground_truth_sim/build/usv_event_fusion/build/lib/usv_event_fusion
[0.593s] copying usv_event_fusion/__init__.py -> /home/cczh/temp-code/ground_truth_sim/build/usv_event_fusion/build/lib/usv_event_fusion
[0.593s] copying usv_event_fusion/association_contract.py -> /home/cczh/temp-code/ground_truth_sim/build/usv_event_fusion/build/lib/usv_event_fusion
[0.593s] copying usv_event_fusion/motion_model.py -> /home/cczh/temp-code/ground_truth_sim/build/usv_event_fusion/build/lib/usv_event_fusion
[0.594s] copying usv_event_fusion/filters.py -> /home/cczh/temp-code/ground_truth_sim/build/usv_event_fusion/build/lib/usv_event_fusion
[0.594s] copying usv_event_fusion/sensor_models.py -> /home/cczh/temp-code/ground_truth_sim/build/usv_event_fusion/build/lib/usv_event_fusion
[0.594s] copying usv_event_fusion/track_state.py -> /home/cczh/temp-code/ground_truth_sim/build/usv_event_fusion/build/lib/usv_event_fusion
[0.594s] copying usv_event_fusion/association.py -> /home/cczh/temp-code/ground_truth_sim/build/usv_event_fusion/build/lib/usv_event_fusion
[0.594s] copying usv_event_fusion/fusion_engine.py -> /home/cczh/temp-code/ground_truth_sim/build/usv_event_fusion/build/lib/usv_event_fusion
[0.594s] copying usv_event_fusion/event_fusion_node.py -> /home/cczh/temp-code/ground_truth_sim/build/usv_event_fusion/build/lib/usv_event_fusion
[0.594s] copying usv_event_fusion/jpda.py -> /home/cczh/temp-code/ground_truth_sim/build/usv_event_fusion/build/lib/usv_event_fusion
[0.594s] copying usv_event_fusion/association_metrics.py -> /home/cczh/temp-code/ground_truth_sim/build/usv_event_fusion/build/lib/usv_event_fusion
[0.594s] copying usv_event_fusion/fusion_diagnostics.py -> /home/cczh/temp-code/ground_truth_sim/build/usv_event_fusion/build/lib/usv_event_fusion
[0.594s] running install
[0.597s] running install_lib
[0.604s] creating /home/cczh/temp-code/ground_truth_sim/install/usv_event_fusion/lib/python3.10/site-packages/usv_event_fusion
[0.604s] copying /home/cczh/temp-code/ground_truth_sim/build/usv_event_fusion/build/lib/usv_event_fusion/__init__.py -> /home/cczh/temp-code/ground_truth_sim/install/usv_event_fusion/lib/python3.10/site-packages/usv_event_fusion
[0.604s] copying /home/cczh/temp-code/ground_truth_sim/build/usv_event_fusion/build/lib/usv_event_fusion/association_contract.py -> /home/cczh/temp-code/ground_truth_sim/install/usv_event_fusion/lib/python3.10/site-packages/usv_event_fusion
[0.604s] copying /home/cczh/temp-code/ground_truth_sim/build/usv_event_fusion/build/lib/usv_event_fusion/motion_model.py -> /home/cczh/temp-code/ground_truth_sim/install/usv_event_fusion/lib/python3.10/site-packages/usv_event_fusion
[0.604s] copying /home/cczh/temp-code/ground_truth_sim/build/usv_event_fusion/build/lib/usv_event_fusion/filters.py -> /home/cczh/temp-code/ground_truth_sim/install/usv_event_fusion/lib/python3.10/site-packages/usv_event_fusion
[0.604s] copying /home/cczh/temp-code/ground_truth_sim/build/usv_event_fusion/build/lib/usv_event_fusion/sensor_models.py -> /home/cczh/temp-code/ground_truth_sim/install/usv_event_fusion/lib/python3.10/site-packages/usv_event_fusion
[0.604s] copying /home/cczh/temp-code/ground_truth_sim/build/usv_event_fusion/build/lib/usv_event_fusion/track_state.py -> /home/cczh/temp-code/ground_truth_sim/install/usv_event_fusion/lib/python3.10/site-packages/usv_event_fusion
[0.604s] copying /home/cczh/temp-code/ground_truth_sim/build/usv_event_fusion/build/lib/usv_event_fusion/association.py -> /home/cczh/temp-code/ground_truth_sim/install/usv_event_fusion/lib/python3.10/site-packages/usv_event_fusion
[0.604s] copying /home/cczh/temp-code/ground_truth_sim/build/usv_event_fusion/build/lib/usv_event_fusion/fusion_engine.py -> /home/cczh/temp-code/ground_truth_sim/install/usv_event_fusion/lib/python3.10/site-packages/usv_event_fusion
[0.604s] copying /home/cczh/temp-code/ground_truth_sim/build/usv_event_fusion/build/lib/usv_event_fusion/event_fusion_node.py -> /home/cczh/temp-code/ground_truth_sim/install/usv_event_fusion/lib/python3.10/site-packages/usv_event_fusion
[0.604s] copying /home/cczh/temp-code/ground_truth_sim/build/usv_event_fusion/build/lib/usv_event_fusion/jpda.py -> /home/cczh/temp-code/ground_truth_sim/install/usv_event_fusion/lib/python3.10/site-packages/usv_event_fusion
[0.604s] copying /home/cczh/temp-code/ground_truth_sim/build/usv_event_fusion/build/lib/usv_event_fusion/association_metrics.py -> /home/cczh/temp-code/ground_truth_sim/install/usv_event_fusion/lib/python3.10/site-packages/usv_event_fusion
[0.604s] copying /home/cczh/temp-code/ground_truth_sim/build/usv_event_fusion/build/lib/usv_event_fusion/fusion_diagnostics.py -> /home/cczh/temp-code/ground_truth_sim/install/usv_event_fusion/lib/python3.10/site-packages/usv_event_fusion
[0.605s] byte-compiling /home/cczh/temp-code/ground_truth_sim/install/usv_event_fusion/lib/python3.10/site-packages/usv_event_fusion/__init__.py to __init__.cpython-310.pyc
[0.605s] byte-compiling /home/cczh/temp-code/ground_truth_sim/install/usv_event_fusion/lib/python3.10/site-packages/usv_event_fusion/association_contract.py to association_contract.cpython-310.pyc
[0.605s] byte-compiling /home/cczh/temp-code/ground_truth_sim/install/usv_event_fusion/lib/python3.10/site-packages/usv_event_fusion/motion_model.py to motion_model.cpython-310.pyc
[0.605s] byte-compiling /home/cczh/temp-code/ground_truth_sim/install/usv_event_fusion/lib/python3.10/site-packages/usv_event_fusion/filters.py to filters.cpython-310.pyc
[0.606s] byte-compiling /home/cczh/temp-code/ground_truth_sim/install/usv_event_fusion/lib/python3.10/site-packages/usv_event_fusion/sensor_models.py to sensor_models.cpython-310.pyc
[0.607s] byte-compiling /home/cczh/temp-code/ground_truth_sim/install/usv_event_fusion/lib/python3.10/site-packages/usv_event_fusion/track_state.py to track_state.cpython-310.pyc
[0.607s] byte-compiling /home/cczh/temp-code/ground_truth_sim/install/usv_event_fusion/lib/python3.10/site-packages/usv_event_fusion/association.py to association.cpython-310.pyc
[0.607s] byte-compiling /home/cczh/temp-code/ground_truth_sim/install/usv_event_fusion/lib/python3.10/site-packages/usv_event_fusion/fusion_engine.py to fusion_engine.cpython-310.pyc
[0.610s] byte-compiling /home/cczh/temp-code/ground_truth_sim/install/usv_event_fusion/lib/python3.10/site-packages/usv_event_fusion/event_fusion_node.py to event_fusion_node.cpython-310.pyc
[0.611s] byte-compiling /home/cczh/temp-code/ground_truth_sim/install/usv_event_fusion/lib/python3.10/site-packages/usv_event_fusion/jpda.py to jpda.cpython-310.pyc
[0.612s] byte-compiling /home/cczh/temp-code/ground_truth_sim/install/usv_event_fusion/lib/python3.10/site-packages/usv_event_fusion/association_metrics.py to association_metrics.cpython-310.pyc
[0.612s] byte-compiling /home/cczh/temp-code/ground_truth_sim/install/usv_event_fusion/lib/python3.10/site-packages/usv_event_fusion/fusion_diagnostics.py to fusion_diagnostics.cpython-310.pyc
[0.613s] running install_data
[0.613s] creating /home/cczh/temp-code/ground_truth_sim/install/usv_event_fusion/share/ament_index
[0.613s] creating /home/cczh/temp-code/ground_truth_sim/install/usv_event_fusion/share/ament_index/resource_index
[0.613s] creating /home/cczh/temp-code/ground_truth_sim/install/usv_event_fusion/share/ament_index/resource_index/packages
[0.613s] copying resource/usv_event_fusion -> /home/cczh/temp-code/ground_truth_sim/install/usv_event_fusion/share/ament_index/resource_index/packages
[0.613s] copying package.xml -> /home/cczh/temp-code/ground_truth_sim/install/usv_event_fusion/share/usv_event_fusion
[0.613s] copying README.md -> /home/cczh/temp-code/ground_truth_sim/install/usv_event_fusion/share/usv_event_fusion
[0.613s] creating /home/cczh/temp-code/ground_truth_sim/install/usv_event_fusion/share/usv_event_fusion/docs
[0.613s] copying docs/usv_event_fusion_algorithm_reference.md -> /home/cczh/temp-code/ground_truth_sim/install/usv_event_fusion/share/usv_event_fusion/docs
[0.613s] creating /home/cczh/temp-code/ground_truth_sim/install/usv_event_fusion/share/usv_event_fusion/config
[0.613s] copying config/event_fusion_io.yaml -> /home/cczh/temp-code/ground_truth_sim/install/usv_event_fusion/share/usv_event_fusion/config
[0.613s] copying config/event_fusion_algorithm.yaml -> /home/cczh/temp-code/ground_truth_sim/install/usv_event_fusion/share/usv_event_fusion/config
[0.613s] copying config/event_fusion_params.yaml -> /home/cczh/temp-code/ground_truth_sim/install/usv_event_fusion/share/usv_event_fusion/config
[0.613s] creating /home/cczh/temp-code/ground_truth_sim/install/usv_event_fusion/share/usv_event_fusion/launch
[0.613s] copying launch/event_fusion.launch.py -> /home/cczh/temp-code/ground_truth_sim/install/usv_event_fusion/share/usv_event_fusion/launch
[0.614s] running install_egg_info
[0.621s] Copying ../../build/usv_event_fusion/usv_event_fusion.egg-info to /home/cczh/temp-code/ground_truth_sim/install/usv_event_fusion/lib/python3.10/site-packages/usv_event_fusion-0.1.0-py3.10.egg-info
[0.621s] running install_scripts
[0.678s] Installing event_fusion_node script to /home/cczh/temp-code/ground_truth_sim/install/usv_event_fusion/lib/usv_event_fusion
[0.678s] writing list of installed files to '/home/cczh/temp-code/ground_truth_sim/build/usv_event_fusion/install.log'
[0.692s] Invoked command in '/home/cczh/temp-code/ground_truth_sim/src/usv_event_fusion' returned '0': PYTHONPATH=/home/cczh/temp-code/ground_truth_sim/build/usv_event_fusion/prefix_override:/usr/lib/python3/dist-packages/colcon_core/task/python/colcon_distutils_commands:/home/cczh/temp-code/ground_truth_sim/install/usv_event_fusion/lib/python3.10/site-packages:${PYTHONPATH} /usr/bin/python3 -W ignore:setup.py install is deprecated -W ignore:easy_install command is deprecated setup.py egg_info --egg-base ../../build/usv_event_fusion build --build-base /home/cczh/temp-code/ground_truth_sim/build/usv_event_fusion/build install --record /home/cczh/temp-code/ground_truth_sim/build/usv_event_fusion/install.log --single-version-externally-managed install_data
